Loading vocab...
token_vocab: 3525, post_vocab: 168, pos_vocab: 46, dep_vocab: 41, pol_vocab: 3
cuda memory allocated: 5078016
n_trainable_params: 202983, n_nontrainable_params: 1057200
training arguments:
>>> model_name: text-gt
>>> dataset: laptop
>>> optimizer: <class 'torch.optim.adam.Adam'>
>>> initializer: <function xavier_uniform_ at 0x7fe6ccf023a0>
>>> learning_rate: 0.001
>>> num_epoch: 50
>>> batch_size: 16
>>> log_step: 5
>>> embed_dim: 300
>>> post_dim: 60
>>> pos_dim: 30
>>> deprel_dim: 30
>>> hidden_dim: 60
>>> num_layers: 5
>>> polarities_dim: 3
>>> input_dropout: 0.7
>>> lower: True
>>> directed: False
>>> add_self_loop: True
>>> bidirect: True
>>> rnn_hidden: 60
>>> rnn_layers: 1
>>> rnn_dropout: 0.1
>>> max_length: 85
>>> device: cuda:0
>>> seed: 1000
>>> weight_decay: 0.0001
>>> vocab_dir: ./dataset/Laptops_corenlp
>>> pad_id: 0
>>> graph_conv_type: gcn
>>> graph_conv_attention_heads: 4
>>> graph_conv_attn_dropout: 0.0
>>> ffn_dropout: 0.4
>>> attention_heads: 4
>>> attn_dropout: 0.1
>>> norm: ln
>>> max_position: 9
>>> finetune_weight_decay: 0.01
>>> scheduler: none
>>> warmup: 2
>>> cuda: 0
>>> pretrained_bert_name: bert-base-uncased
>>> adam_epsilon: 1e-08
>>> bert_dim: 768
>>> bert_dropout: 0.3
>>> bert_lr: 2e-05
>>> model_class: <class 'models.text_gt.TextGT'>
>>> dataset_file: {'train': './dataset/Laptops_corenlp/train.json', 'test': './dataset/Laptops_corenlp/test.json'}
>>> inputs_cols: ['text', 'aspect', 'pos', 'head', 'deprel', 'post', 'mask', 'length', 'adj']
>>> post_size: 168
>>> pos_size: 46
>>> deprel_size: 41
>>>>>>>>>>>>>>>>>>>>>>>>>>>>>>>>>>>>>>>>>>>>>>>>>>>>>>>>>>>>
epoch: 0
>> saved: ./state_dict/text-gt_laptop_acc_0.2864_f1_0.2580
loss: 1.3718, acc: 0.4375, test_acc: 0.2864, f1: 0.2580
>> saved: ./state_dict/text-gt_laptop_acc_0.5269_f1_0.2376
loss: 1.6124, acc: 0.3438, test_acc: 0.5269, f1: 0.2376
loss: 1.2423, acc: 0.3958, test_acc: 0.2373, f1: 0.1608
loss: 1.6466, acc: 0.3906, test_acc: 0.3987, f1: 0.3912
>> saved: ./state_dict/text-gt_laptop_acc_0.5332_f1_0.2368
loss: 0.7407, acc: 0.4750, test_acc: 0.5332, f1: 0.2368
>> saved: ./state_dict/text-gt_laptop_acc_0.5348_f1_0.2422
loss: 1.1057, acc: 0.4896, test_acc: 0.5348, f1: 0.2422
loss: 1.4537, acc: 0.4911, test_acc: 0.4652, f1: 0.4258
loss: 1.2296, acc: 0.4922, test_acc: 0.3703, f1: 0.3247
loss: 1.1751, acc: 0.4931, test_acc: 0.5316, f1: 0.3177
loss: 1.5480, acc: 0.4813, test_acc: 0.5301, f1: 0.2457
loss: 1.3881, acc: 0.4659, test_acc: 0.2911, f1: 0.2193
loss: 1.3839, acc: 0.4583, test_acc: 0.2658, f1: 0.2008
loss: 1.1245, acc: 0.4567, test_acc: 0.5158, f1: 0.4502
loss: 0.9133, acc: 0.4732, test_acc: 0.5332, f1: 0.2319
loss: 0.9943, acc: 0.4792, test_acc: 0.4446, f1: 0.3308
loss: 1.2132, acc: 0.4688, test_acc: 0.3544, f1: 0.3370
>> saved: ./state_dict/text-gt_laptop_acc_0.5791_f1_0.4666
loss: 1.2516, acc: 0.4596, test_acc: 0.5791, f1: 0.4666
loss: 1.2194, acc: 0.4549, test_acc: 0.5411, f1: 0.3047
loss: 0.9476, acc: 0.4572, test_acc: 0.4146, f1: 0.3218
loss: 1.1377, acc: 0.4531, test_acc: 0.3528, f1: 0.2801
loss: 0.9424, acc: 0.4643, test_acc: 0.5506, f1: 0.3879
loss: 0.9480, acc: 0.4744, test_acc: 0.5475, f1: 0.3461
loss: 1.0244, acc: 0.4810, test_acc: 0.5522, f1: 0.4702
loss: 1.3184, acc: 0.4661, test_acc: 0.4494, f1: 0.3508
loss: 0.9189, acc: 0.4775, test_acc: 0.5316, f1: 0.3305
>> saved: ./state_dict/text-gt_laptop_acc_0.6028_f1_0.4823
loss: 1.2609, acc: 0.4760, test_acc: 0.6028, f1: 0.4823
>> saved: ./state_dict/text-gt_laptop_acc_0.6203_f1_0.4709
loss: 1.0007, acc: 0.4792, test_acc: 0.6203, f1: 0.4709
loss: 1.1808, acc: 0.4754, test_acc: 0.5364, f1: 0.2648
>>>>>>>>>>>>>>>>>>>>>>>>>>>>>>>>>>>>>>>>>>>>>>>>>>>>>>>>>>>>
epoch: 1
loss: 0.8468, acc: 0.5625, test_acc: 0.3861, f1: 0.3013
loss: 1.0707, acc: 0.5625, test_acc: 0.2642, f1: 0.1890
loss: 1.3771, acc: 0.4167, test_acc: 0.5459, f1: 0.3135
loss: 1.0330, acc: 0.4219, test_acc: 0.6060, f1: 0.4244
loss: 1.2058, acc: 0.4125, test_acc: 0.5965, f1: 0.5364
loss: 1.0106, acc: 0.4062, test_acc: 0.5222, f1: 0.4660
loss: 0.9523, acc: 0.4286, test_acc: 0.5380, f1: 0.2693
loss: 0.9614, acc: 0.4375, test_acc: 0.5396, f1: 0.3813
loss: 1.1498, acc: 0.4375, test_acc: 0.4003, f1: 0.3817
loss: 1.0138, acc: 0.4500, test_acc: 0.5744, f1: 0.4339
loss: 1.2087, acc: 0.4489, test_acc: 0.5411, f1: 0.2765
>> saved: ./state_dict/text-gt_laptop_acc_0.6282_f1_0.4814
loss: 1.2368, acc: 0.4271, test_acc: 0.6282, f1: 0.4814
loss: 1.0453, acc: 0.4327, test_acc: 0.5902, f1: 0.5508
loss: 0.9600, acc: 0.4420, test_acc: 0.5554, f1: 0.3790
loss: 1.5841, acc: 0.4375, test_acc: 0.5459, f1: 0.3250
loss: 1.1282, acc: 0.4453, test_acc: 0.5744, f1: 0.4670
loss: 1.1218, acc: 0.4449, test_acc: 0.4873, f1: 0.4813
loss: 0.8883, acc: 0.4514, test_acc: 0.5728, f1: 0.4939
loss: 0.8404, acc: 0.4539, test_acc: 0.5380, f1: 0.2657
loss: 0.9720, acc: 0.4594, test_acc: 0.5997, f1: 0.4885
loss: 1.0250, acc: 0.4583, test_acc: 0.5775, f1: 0.5132
loss: 0.7053, acc: 0.4716, test_acc: 0.4826, f1: 0.3752
loss: 0.8464, acc: 0.4810, test_acc: 0.5759, f1: 0.3937
loss: 0.8128, acc: 0.4896, test_acc: 0.5633, f1: 0.3627
loss: 0.7433, acc: 0.4950, test_acc: 0.5380, f1: 0.4046
loss: 0.8733, acc: 0.4976, test_acc: 0.6028, f1: 0.5466
loss: 0.7399, acc: 0.5046, test_acc: 0.5997, f1: 0.4824
loss: 0.7540, acc: 0.5134, test_acc: 0.5839, f1: 0.4627
loss: 0.8112, acc: 0.5172, test_acc: 0.5823, f1: 0.4129
>>>>>>>>>>>>>>>>>>>>>>>>>>>>>>>>>>>>>>>>>>>>>>>>>>>>>>>>>>>>
epoch: 2
loss: 0.8136, acc: 0.6250, test_acc: 0.5759, f1: 0.3793
loss: 0.9702, acc: 0.5312, test_acc: 0.5301, f1: 0.4481
loss: 1.0036, acc: 0.5208, test_acc: 0.5759, f1: 0.4550
loss: 0.8732, acc: 0.5312, test_acc: 0.6203, f1: 0.5314
loss: 0.7713, acc: 0.5625, test_acc: 0.6203, f1: 0.5153
loss: 0.8059, acc: 0.5729, test_acc: 0.6234, f1: 0.5552
loss: 0.8231, acc: 0.5982, test_acc: 0.5744, f1: 0.4740
loss: 0.4218, acc: 0.6328, test_acc: 0.5870, f1: 0.4004
loss: 1.1140, acc: 0.6181, test_acc: 0.5870, f1: 0.4183
loss: 1.6219, acc: 0.5938, test_acc: 0.5301, f1: 0.4041
>> saved: ./state_dict/text-gt_laptop_acc_0.6472_f1_0.5666
loss: 1.1499, acc: 0.5795, test_acc: 0.6472, f1: 0.5666
loss: 0.9404, acc: 0.5781, test_acc: 0.6266, f1: 0.5525
>> saved: ./state_dict/text-gt_laptop_acc_0.6566_f1_0.5811
loss: 0.6977, acc: 0.5913, test_acc: 0.6566, f1: 0.5811
loss: 1.0132, acc: 0.5893, test_acc: 0.6424, f1: 0.5547
loss: 1.2200, acc: 0.5750, test_acc: 0.6203, f1: 0.5409
loss: 0.8264, acc: 0.5781, test_acc: 0.6361, f1: 0.5647
>> saved: ./state_dict/text-gt_laptop_acc_0.6725_f1_0.6076
loss: 0.8843, acc: 0.5772, test_acc: 0.6725, f1: 0.6076
loss: 1.0278, acc: 0.5764, test_acc: 0.6677, f1: 0.5822
loss: 0.8047, acc: 0.5724, test_acc: 0.6693, f1: 0.5953
loss: 0.7848, acc: 0.5813, test_acc: 0.6646, f1: 0.5884
loss: 0.8862, acc: 0.5833, test_acc: 0.6313, f1: 0.5385
loss: 1.0767, acc: 0.5824, test_acc: 0.6013, f1: 0.4953
>> saved: ./state_dict/text-gt_laptop_acc_0.6741_f1_0.5949
loss: 0.8043, acc: 0.5815, test_acc: 0.6741, f1: 0.5949
loss: 0.9850, acc: 0.5833, test_acc: 0.6646, f1: 0.5868
loss: 0.9019, acc: 0.5825, test_acc: 0.6266, f1: 0.5485
loss: 0.7412, acc: 0.5865, test_acc: 0.6044, f1: 0.4439
loss: 1.0366, acc: 0.5880, test_acc: 0.5902, f1: 0.3961
loss: 0.9100, acc: 0.5871, test_acc: 0.6218, f1: 0.4850
>>>>>>>>>>>>>>>>>>>>>>>>>>>>>>>>>>>>>>>>>>>>>>>>>>>>>>>>>>>>
epoch: 3
loss: 0.7671, acc: 0.6875, test_acc: 0.6155, f1: 0.5914
>> saved: ./state_dict/text-gt_laptop_acc_0.6772_f1_0.6091
loss: 0.8837, acc: 0.6562, test_acc: 0.6772, f1: 0.6091
loss: 0.9006, acc: 0.6667, test_acc: 0.6598, f1: 0.5763
loss: 0.7933, acc: 0.6250, test_acc: 0.5538, f1: 0.4203
loss: 0.8506, acc: 0.6375, test_acc: 0.5823, f1: 0.4350
loss: 0.9238, acc: 0.6250, test_acc: 0.6171, f1: 0.4398
loss: 0.7803, acc: 0.6339, test_acc: 0.6582, f1: 0.5638
loss: 0.6097, acc: 0.6484, test_acc: 0.6218, f1: 0.5873
loss: 0.9286, acc: 0.6319, test_acc: 0.6487, f1: 0.6024
loss: 0.6009, acc: 0.6500, test_acc: 0.6472, f1: 0.5498
loss: 1.0872, acc: 0.6307, test_acc: 0.6661, f1: 0.5767
loss: 0.9465, acc: 0.6354, test_acc: 0.6171, f1: 0.5870
loss: 1.1835, acc: 0.6106, test_acc: 0.6092, f1: 0.5760
loss: 0.9052, acc: 0.5982, test_acc: 0.6582, f1: 0.5704
loss: 0.9344, acc: 0.6000, test_acc: 0.6282, f1: 0.4969
loss: 0.8981, acc: 0.6016, test_acc: 0.6646, f1: 0.5646
loss: 0.6528, acc: 0.6066, test_acc: 0.6709, f1: 0.5830
loss: 0.7895, acc: 0.6076, test_acc: 0.6725, f1: 0.5837
loss: 0.7455, acc: 0.6053, test_acc: 0.6582, f1: 0.5742
loss: 0.7136, acc: 0.6062, test_acc: 0.6646, f1: 0.5789
loss: 0.8287, acc: 0.6101, test_acc: 0.6598, f1: 0.5677
>> saved: ./state_dict/text-gt_laptop_acc_0.6915_f1_0.6315
loss: 0.6249, acc: 0.6193, test_acc: 0.6915, f1: 0.6315
loss: 0.7786, acc: 0.6196, test_acc: 0.6883, f1: 0.6326
loss: 0.7370, acc: 0.6172, test_acc: 0.6820, f1: 0.6094
>> saved: ./state_dict/text-gt_laptop_acc_0.6930_f1_0.6386
loss: 0.7678, acc: 0.6225, test_acc: 0.6930, f1: 0.6386
loss: 0.7186, acc: 0.6274, test_acc: 0.6883, f1: 0.6352
>> saved: ./state_dict/text-gt_laptop_acc_0.7041_f1_0.6438
loss: 1.1691, acc: 0.6250, test_acc: 0.7041, f1: 0.6438
loss: 1.0936, acc: 0.6183, test_acc: 0.6835, f1: 0.6084
loss: 0.7898, acc: 0.6185, test_acc: 0.6772, f1: 0.5908
>>>>>>>>>>>>>>>>>>>>>>>>>>>>>>>>>>>>>>>>>>>>>>>>>>>>>>>>>>>>
epoch: 4
loss: 0.9394, acc: 0.5000, test_acc: 0.6709, f1: 0.5737
loss: 0.7681, acc: 0.5625, test_acc: 0.7025, f1: 0.6338
>> saved: ./state_dict/text-gt_laptop_acc_0.7089_f1_0.6356
loss: 0.6331, acc: 0.6667, test_acc: 0.7089, f1: 0.6356
loss: 0.5604, acc: 0.7031, test_acc: 0.6741, f1: 0.5912
loss: 0.8744, acc: 0.6750, test_acc: 0.6566, f1: 0.5292
loss: 0.9162, acc: 0.6667, test_acc: 0.6472, f1: 0.5430
loss: 0.8604, acc: 0.6607, test_acc: 0.6899, f1: 0.6216
loss: 0.7667, acc: 0.6641, test_acc: 0.6503, f1: 0.5570
loss: 0.8035, acc: 0.6667, test_acc: 0.6551, f1: 0.5402
loss: 0.9086, acc: 0.6500, test_acc: 0.6123, f1: 0.5298
loss: 0.7381, acc: 0.6534, test_acc: 0.6630, f1: 0.6144
loss: 0.8632, acc: 0.6510, test_acc: 0.6978, f1: 0.6393
loss: 0.6354, acc: 0.6587, test_acc: 0.6883, f1: 0.6166
loss: 0.9829, acc: 0.6473, test_acc: 0.6899, f1: 0.6090
loss: 0.7714, acc: 0.6417, test_acc: 0.6835, f1: 0.5994
loss: 1.0505, acc: 0.6406, test_acc: 0.6994, f1: 0.6415
loss: 0.8643, acc: 0.6360, test_acc: 0.6741, f1: 0.6220
loss: 0.5397, acc: 0.6458, test_acc: 0.6820, f1: 0.6004
loss: 0.7446, acc: 0.6447, test_acc: 0.6709, f1: 0.5939
loss: 0.8227, acc: 0.6469, test_acc: 0.6835, f1: 0.6431
loss: 0.5153, acc: 0.6548, test_acc: 0.7057, f1: 0.6433
>> saved: ./state_dict/text-gt_laptop_acc_0.7136_f1_0.6562
loss: 0.7481, acc: 0.6562, test_acc: 0.7136, f1: 0.6562
loss: 1.2026, acc: 0.6440, test_acc: 0.5601, f1: 0.5054
loss: 0.8217, acc: 0.6406, test_acc: 0.6978, f1: 0.6476
loss: 0.6879, acc: 0.6400, test_acc: 0.6930, f1: 0.6207
loss: 0.7643, acc: 0.6394, test_acc: 0.7104, f1: 0.6538
loss: 0.6308, acc: 0.6412, test_acc: 0.5981, f1: 0.5450
loss: 0.7601, acc: 0.6429, test_acc: 0.6028, f1: 0.5469
>> saved: ./state_dict/text-gt_laptop_acc_0.7184_f1_0.6630
loss: 0.9751, acc: 0.6376, test_acc: 0.7184, f1: 0.6630
>>>>>>>>>>>>>>>>>>>>>>>>>>>>>>>>>>>>>>>>>>>>>>>>>>>>>>>>>>>>
epoch: 5
loss: 0.6514, acc: 0.8125, test_acc: 0.7009, f1: 0.6339
loss: 0.8247, acc: 0.6875, test_acc: 0.7104, f1: 0.6530
loss: 1.0496, acc: 0.6042, test_acc: 0.6329, f1: 0.5710
loss: 0.7893, acc: 0.6406, test_acc: 0.6946, f1: 0.6191
loss: 0.7564, acc: 0.6625, test_acc: 0.6820, f1: 0.5944
loss: 1.0710, acc: 0.6250, test_acc: 0.6915, f1: 0.6097
loss: 0.5744, acc: 0.6339, test_acc: 0.6962, f1: 0.6416
loss: 0.7157, acc: 0.6484, test_acc: 0.6915, f1: 0.6467
loss: 0.7376, acc: 0.6458, test_acc: 0.6962, f1: 0.6358
loss: 0.6611, acc: 0.6500, test_acc: 0.7025, f1: 0.6393
loss: 0.7971, acc: 0.6477, test_acc: 0.6978, f1: 0.6180
loss: 0.4687, acc: 0.6667, test_acc: 0.7073, f1: 0.6471
loss: 0.6645, acc: 0.6731, test_acc: 0.7168, f1: 0.6518
loss: 0.8487, acc: 0.6741, test_acc: 0.6994, f1: 0.6574
loss: 0.5464, acc: 0.6875, test_acc: 0.6994, f1: 0.6606
loss: 0.8303, acc: 0.6836, test_acc: 0.7057, f1: 0.6490
loss: 0.8869, acc: 0.6838, test_acc: 0.7168, f1: 0.6672
loss: 0.9462, acc: 0.6806, test_acc: 0.6962, f1: 0.6618
loss: 0.5851, acc: 0.6842, test_acc: 0.7057, f1: 0.6637
loss: 0.5414, acc: 0.6875, test_acc: 0.7057, f1: 0.6349
loss: 0.8711, acc: 0.6845, test_acc: 0.6851, f1: 0.5982
loss: 0.8476, acc: 0.6790, test_acc: 0.6994, f1: 0.6438
loss: 0.6963, acc: 0.6821, test_acc: 0.7025, f1: 0.6529
loss: 0.5494, acc: 0.6849, test_acc: 0.6835, f1: 0.5965
loss: 0.5655, acc: 0.6925, test_acc: 0.6820, f1: 0.6035
loss: 0.6317, acc: 0.6971, test_acc: 0.7136, f1: 0.6549
loss: 0.8086, acc: 0.6968, test_acc: 0.7073, f1: 0.6471
loss: 0.8339, acc: 0.6942, test_acc: 0.6994, f1: 0.6390
>>>>>>>>>>>>>>>>>>>>>>>>>>>>>>>>>>>>>>>>>>>>>>>>>>>>>>>>>>>>
epoch: 6
loss: 0.7943, acc: 0.6250, test_acc: 0.7041, f1: 0.6456
loss: 0.3372, acc: 0.7812, test_acc: 0.7009, f1: 0.6369
loss: 0.8779, acc: 0.7500, test_acc: 0.6820, f1: 0.6059
loss: 0.6125, acc: 0.7344, test_acc: 0.7057, f1: 0.6582
loss: 0.6145, acc: 0.7500, test_acc: 0.7073, f1: 0.6407
loss: 0.5490, acc: 0.7500, test_acc: 0.6867, f1: 0.6002
loss: 0.6793, acc: 0.7321, test_acc: 0.7184, f1: 0.6613
loss: 0.5545, acc: 0.7344, test_acc: 0.7073, f1: 0.6547
loss: 0.6197, acc: 0.7431, test_acc: 0.7152, f1: 0.6687
loss: 0.8282, acc: 0.7312, test_acc: 0.7184, f1: 0.6741
loss: 0.7977, acc: 0.7273, test_acc: 0.7104, f1: 0.6530
loss: 1.5275, acc: 0.6979, test_acc: 0.7089, f1: 0.6442
loss: 0.6048, acc: 0.7019, test_acc: 0.7041, f1: 0.6379
loss: 0.5892, acc: 0.7098, test_acc: 0.7136, f1: 0.6524
loss: 0.5914, acc: 0.7125, test_acc: 0.6978, f1: 0.6216
loss: 0.3485, acc: 0.7266, test_acc: 0.7073, f1: 0.6422
loss: 0.5966, acc: 0.7316, test_acc: 0.7168, f1: 0.6604
loss: 0.7989, acc: 0.7292, test_acc: 0.7136, f1: 0.6650
>> saved: ./state_dict/text-gt_laptop_acc_0.7231_f1_0.6687
loss: 0.6361, acc: 0.7336, test_acc: 0.7231, f1: 0.6687
loss: 0.3942, acc: 0.7438, test_acc: 0.7184, f1: 0.6623
loss: 0.6258, acc: 0.7500, test_acc: 0.6994, f1: 0.6386
loss: 0.6065, acc: 0.7472, test_acc: 0.7231, f1: 0.6713
loss: 0.8433, acc: 0.7391, test_acc: 0.7184, f1: 0.6609
loss: 0.6237, acc: 0.7396, test_acc: 0.6978, f1: 0.6618
loss: 0.8307, acc: 0.7325, test_acc: 0.7041, f1: 0.6601
loss: 0.7190, acc: 0.7332, test_acc: 0.7136, f1: 0.6593
loss: 0.7459, acc: 0.7315, test_acc: 0.6851, f1: 0.6306
loss: 0.6131, acc: 0.7321, test_acc: 0.6994, f1: 0.6405
loss: 0.6307, acc: 0.7328, test_acc: 0.7168, f1: 0.6591
>>>>>>>>>>>>>>>>>>>>>>>>>>>>>>>>>>>>>>>>>>>>>>>>>>>>>>>>>>>>
epoch: 7
loss: 0.7137, acc: 0.6875, test_acc: 0.7136, f1: 0.6640
>> saved: ./state_dict/text-gt_laptop_acc_0.7278_f1_0.6770
loss: 0.9964, acc: 0.5938, test_acc: 0.7278, f1: 0.6770
loss: 0.5760, acc: 0.6250, test_acc: 0.7168, f1: 0.6570
loss: 0.4716, acc: 0.6875, test_acc: 0.6851, f1: 0.5995
loss: 0.8139, acc: 0.6875, test_acc: 0.6962, f1: 0.6246
loss: 0.5421, acc: 0.7188, test_acc: 0.7184, f1: 0.6626
loss: 0.7947, acc: 0.7054, test_acc: 0.7168, f1: 0.6636
loss: 0.5124, acc: 0.7188, test_acc: 0.7057, f1: 0.6418
loss: 0.5448, acc: 0.7292, test_acc: 0.7025, f1: 0.6555
loss: 0.9160, acc: 0.7063, test_acc: 0.6946, f1: 0.6556
loss: 0.5973, acc: 0.7102, test_acc: 0.7120, f1: 0.6666
loss: 0.4572, acc: 0.7188, test_acc: 0.6962, f1: 0.6414
loss: 0.8151, acc: 0.7067, test_acc: 0.6867, f1: 0.6214
loss: 0.8840, acc: 0.7009, test_acc: 0.7041, f1: 0.6570
loss: 0.4374, acc: 0.7083, test_acc: 0.7104, f1: 0.6541
loss: 0.6434, acc: 0.7148, test_acc: 0.7089, f1: 0.6636
loss: 0.7612, acc: 0.7132, test_acc: 0.6962, f1: 0.6621
loss: 0.6832, acc: 0.7083, test_acc: 0.6978, f1: 0.6557
loss: 0.5971, acc: 0.7072, test_acc: 0.7104, f1: 0.6525
loss: 0.8001, acc: 0.7063, test_acc: 0.7057, f1: 0.6496
loss: 0.7949, acc: 0.7083, test_acc: 0.6994, f1: 0.6554
loss: 0.6425, acc: 0.7159, test_acc: 0.7120, f1: 0.6634
loss: 0.3575, acc: 0.7255, test_acc: 0.6709, f1: 0.5872
loss: 0.6650, acc: 0.7214, test_acc: 0.6646, f1: 0.5715
loss: 0.5361, acc: 0.7275, test_acc: 0.7057, f1: 0.6379
loss: 0.7806, acc: 0.7163, test_acc: 0.7152, f1: 0.6624
loss: 0.6935, acc: 0.7176, test_acc: 0.7199, f1: 0.6737
loss: 0.5448, acc: 0.7232, test_acc: 0.7199, f1: 0.6640
>>>>>>>>>>>>>>>>>>>>>>>>>>>>>>>>>>>>>>>>>>>>>>>>>>>>>>>>>>>>
epoch: 8
loss: 0.7928, acc: 0.7500, test_acc: 0.7025, f1: 0.6431
loss: 0.6415, acc: 0.7500, test_acc: 0.6835, f1: 0.6032
loss: 0.9683, acc: 0.7292, test_acc: 0.7104, f1: 0.6550
loss: 1.0651, acc: 0.7031, test_acc: 0.7025, f1: 0.6623
loss: 1.0574, acc: 0.6500, test_acc: 0.7215, f1: 0.6727
loss: 0.9446, acc: 0.6458, test_acc: 0.6867, f1: 0.6101
loss: 0.7751, acc: 0.6429, test_acc: 0.6582, f1: 0.5617
loss: 0.9529, acc: 0.6250, test_acc: 0.6646, f1: 0.5507
loss: 0.8602, acc: 0.6319, test_acc: 0.7009, f1: 0.6251
loss: 0.5645, acc: 0.6438, test_acc: 0.7104, f1: 0.6659
loss: 0.8532, acc: 0.6420, test_acc: 0.7120, f1: 0.6755
loss: 0.7446, acc: 0.6458, test_acc: 0.7057, f1: 0.6389
loss: 1.0930, acc: 0.6346, test_acc: 0.6741, f1: 0.5657
loss: 0.7627, acc: 0.6384, test_acc: 0.6756, f1: 0.5723
loss: 0.5444, acc: 0.6458, test_acc: 0.6851, f1: 0.6082
loss: 0.6610, acc: 0.6562, test_acc: 0.7231, f1: 0.6740
loss: 0.2482, acc: 0.6728, test_acc: 0.7215, f1: 0.6685
loss: 0.7730, acc: 0.6736, test_acc: 0.7215, f1: 0.6661
loss: 0.5549, acc: 0.6842, test_acc: 0.7152, f1: 0.6615
loss: 0.9620, acc: 0.6750, test_acc: 0.7168, f1: 0.6664
loss: 0.7621, acc: 0.6786, test_acc: 0.7278, f1: 0.6745
loss: 0.3658, acc: 0.6847, test_acc: 0.7041, f1: 0.6365
loss: 0.6168, acc: 0.6848, test_acc: 0.7184, f1: 0.6563
loss: 0.5735, acc: 0.6875, test_acc: 0.7278, f1: 0.6764
loss: 0.5176, acc: 0.6975, test_acc: 0.7073, f1: 0.6599
loss: 0.5524, acc: 0.6995, test_acc: 0.7136, f1: 0.6645
loss: 0.6811, acc: 0.6991, test_acc: 0.7057, f1: 0.6344
loss: 1.0010, acc: 0.6942, test_acc: 0.6930, f1: 0.6042
loss: 0.5443, acc: 0.7004, test_acc: 0.7073, f1: 0.6355
>>>>>>>>>>>>>>>>>>>>>>>>>>>>>>>>>>>>>>>>>>>>>>>>>>>>>>>>>>>>
epoch: 9
loss: 0.5438, acc: 0.8125, test_acc: 0.7184, f1: 0.6521
loss: 0.4760, acc: 0.8125, test_acc: 0.7009, f1: 0.6293
loss: 0.6844, acc: 0.7708, test_acc: 0.7184, f1: 0.6528
loss: 0.8499, acc: 0.7656, test_acc: 0.7120, f1: 0.6462
loss: 0.8580, acc: 0.7125, test_acc: 0.7136, f1: 0.6765
loss: 0.6446, acc: 0.7083, test_acc: 0.7104, f1: 0.6705
loss: 0.4417, acc: 0.7321, test_acc: 0.7136, f1: 0.6545
loss: 0.4592, acc: 0.7500, test_acc: 0.6930, f1: 0.6116
loss: 1.0832, acc: 0.7222, test_acc: 0.7089, f1: 0.6422
loss: 0.7943, acc: 0.7125, test_acc: 0.6725, f1: 0.6283
loss: 0.8091, acc: 0.7102, test_acc: 0.7025, f1: 0.6607
loss: 0.8755, acc: 0.7083, test_acc: 0.7199, f1: 0.6630
loss: 1.0018, acc: 0.6971, test_acc: 0.7168, f1: 0.6578
loss: 0.5725, acc: 0.7054, test_acc: 0.6915, f1: 0.6384
loss: 0.6134, acc: 0.7125, test_acc: 0.7120, f1: 0.6547
loss: 0.7129, acc: 0.7148, test_acc: 0.7199, f1: 0.6589
loss: 0.6227, acc: 0.7132, test_acc: 0.7136, f1: 0.6633
loss: 0.6088, acc: 0.7083, test_acc: 0.7231, f1: 0.6792
loss: 0.8267, acc: 0.7072, test_acc: 0.7168, f1: 0.6623
loss: 0.4371, acc: 0.7125, test_acc: 0.7199, f1: 0.6695
loss: 0.5783, acc: 0.7173, test_acc: 0.7199, f1: 0.6677
loss: 0.4259, acc: 0.7244, test_acc: 0.7025, f1: 0.6334
loss: 0.8703, acc: 0.7201, test_acc: 0.6899, f1: 0.6188
loss: 0.4968, acc: 0.7240, test_acc: 0.7104, f1: 0.6458
loss: 0.6709, acc: 0.7250, test_acc: 0.7215, f1: 0.6669
loss: 0.7004, acc: 0.7284, test_acc: 0.7231, f1: 0.6679
loss: 0.7982, acc: 0.7269, test_acc: 0.7184, f1: 0.6570
loss: 0.7230, acc: 0.7254, test_acc: 0.7184, f1: 0.6704
loss: 0.8273, acc: 0.7249, test_acc: 0.7168, f1: 0.6693
>>>>>>>>>>>>>>>>>>>>>>>>>>>>>>>>>>>>>>>>>>>>>>>>>>>>>>>>>>>>
epoch: 10
loss: 0.6983, acc: 0.7500, test_acc: 0.7199, f1: 0.6634
>> saved: ./state_dict/text-gt_laptop_acc_0.7373_f1_0.6873
loss: 0.6971, acc: 0.7188, test_acc: 0.7373, f1: 0.6873
loss: 0.6190, acc: 0.7292, test_acc: 0.7358, f1: 0.6897
>> saved: ./state_dict/text-gt_laptop_acc_0.7468_f1_0.6982
loss: 0.8642, acc: 0.7188, test_acc: 0.7468, f1: 0.6982
loss: 0.3046, acc: 0.7500, test_acc: 0.7199, f1: 0.6757
loss: 0.5416, acc: 0.7500, test_acc: 0.7184, f1: 0.6682
loss: 0.5946, acc: 0.7589, test_acc: 0.7152, f1: 0.6466
loss: 0.8500, acc: 0.7578, test_acc: 0.7421, f1: 0.6898
loss: 0.6470, acc: 0.7500, test_acc: 0.7247, f1: 0.6882
loss: 0.8429, acc: 0.7312, test_acc: 0.7231, f1: 0.6747
loss: 0.7294, acc: 0.7273, test_acc: 0.7041, f1: 0.6285
loss: 0.5591, acc: 0.7292, test_acc: 0.7041, f1: 0.6299
loss: 0.9986, acc: 0.7067, test_acc: 0.7168, f1: 0.6592
loss: 0.7102, acc: 0.7009, test_acc: 0.7184, f1: 0.6638
loss: 0.8402, acc: 0.7042, test_acc: 0.7025, f1: 0.6451
loss: 0.6330, acc: 0.7031, test_acc: 0.7136, f1: 0.6533
loss: 0.7713, acc: 0.6985, test_acc: 0.7199, f1: 0.6586
loss: 0.9333, acc: 0.6875, test_acc: 0.7215, f1: 0.6621
loss: 0.6327, acc: 0.6908, test_acc: 0.7421, f1: 0.6932
loss: 0.5922, acc: 0.6937, test_acc: 0.7342, f1: 0.6855
loss: 0.2690, acc: 0.7083, test_acc: 0.7089, f1: 0.6423
loss: 0.6359, acc: 0.7074, test_acc: 0.7041, f1: 0.6375
loss: 0.6724, acc: 0.7038, test_acc: 0.7278, f1: 0.6755
loss: 0.5791, acc: 0.7083, test_acc: 0.7310, f1: 0.6834
loss: 0.9484, acc: 0.7050, test_acc: 0.7231, f1: 0.6854
loss: 0.5733, acc: 0.7091, test_acc: 0.7009, f1: 0.6588
loss: 0.9334, acc: 0.6968, test_acc: 0.6978, f1: 0.6462
loss: 0.6591, acc: 0.6987, test_acc: 0.7421, f1: 0.7010
>>>>>>>>>>>>>>>>>>>>>>>>>>>>>>>>>>>>>>>>>>>>>>>>>>>>>>>>>>>>
epoch: 11
>> saved: ./state_dict/text-gt_laptop_acc_0.7500_f1_0.7083
loss: 0.3939, acc: 0.8750, test_acc: 0.7500, f1: 0.7083
loss: 0.7783, acc: 0.7188, test_acc: 0.7278, f1: 0.6858
loss: 0.8169, acc: 0.7292, test_acc: 0.7278, f1: 0.6725
loss: 0.7475, acc: 0.7188, test_acc: 0.7073, f1: 0.6340
loss: 0.3755, acc: 0.7500, test_acc: 0.7231, f1: 0.6566
loss: 0.5334, acc: 0.7500, test_acc: 0.7247, f1: 0.6814
loss: 0.6901, acc: 0.7411, test_acc: 0.7089, f1: 0.6760
loss: 0.7695, acc: 0.7422, test_acc: 0.7215, f1: 0.6803
loss: 0.4697, acc: 0.7569, test_acc: 0.7152, f1: 0.6529
loss: 0.5114, acc: 0.7625, test_acc: 0.6930, f1: 0.5955
loss: 0.9847, acc: 0.7500, test_acc: 0.6725, f1: 0.5679
loss: 0.7497, acc: 0.7396, test_acc: 0.7168, f1: 0.6627
loss: 0.5721, acc: 0.7404, test_acc: 0.7057, f1: 0.6699
loss: 0.6601, acc: 0.7455, test_acc: 0.7215, f1: 0.6794
loss: 0.8585, acc: 0.7375, test_acc: 0.7247, f1: 0.6696
loss: 0.8304, acc: 0.7305, test_acc: 0.7089, f1: 0.6423
loss: 0.6421, acc: 0.7243, test_acc: 0.7025, f1: 0.6487
loss: 0.6426, acc: 0.7257, test_acc: 0.7041, f1: 0.6671
loss: 0.7716, acc: 0.7237, test_acc: 0.6867, f1: 0.6490
loss: 0.4085, acc: 0.7312, test_acc: 0.7152, f1: 0.6569
loss: 0.7308, acc: 0.7351, test_acc: 0.7168, f1: 0.6520
loss: 0.7366, acc: 0.7301, test_acc: 0.7342, f1: 0.6888
loss: 0.3152, acc: 0.7391, test_acc: 0.7263, f1: 0.6886
loss: 0.9002, acc: 0.7370, test_acc: 0.7231, f1: 0.6784
loss: 0.9432, acc: 0.7300, test_acc: 0.7168, f1: 0.6534
loss: 0.5308, acc: 0.7332, test_acc: 0.7120, f1: 0.6476
loss: 0.3503, acc: 0.7407, test_acc: 0.7199, f1: 0.6672
loss: 0.7222, acc: 0.7433, test_acc: 0.7263, f1: 0.6849
loss: 0.7030, acc: 0.7435, test_acc: 0.7104, f1: 0.6721
>>>>>>>>>>>>>>>>>>>>>>>>>>>>>>>>>>>>>>>>>>>>>>>>>>>>>>>>>>>>
epoch: 12
loss: 0.6614, acc: 0.6875, test_acc: 0.6899, f1: 0.6298
loss: 0.4248, acc: 0.7500, test_acc: 0.7168, f1: 0.6570
loss: 0.8084, acc: 0.7500, test_acc: 0.7215, f1: 0.6646
loss: 0.3712, acc: 0.7969, test_acc: 0.7089, f1: 0.6579
loss: 0.5687, acc: 0.8000, test_acc: 0.6994, f1: 0.6291
loss: 0.7923, acc: 0.8021, test_acc: 0.7089, f1: 0.6431
loss: 0.7204, acc: 0.7768, test_acc: 0.7120, f1: 0.6546
loss: 0.4897, acc: 0.7812, test_acc: 0.7215, f1: 0.6711
loss: 1.0148, acc: 0.7500, test_acc: 0.7247, f1: 0.6755
loss: 0.5044, acc: 0.7562, test_acc: 0.7231, f1: 0.6863
loss: 0.7353, acc: 0.7557, test_acc: 0.7215, f1: 0.6785
loss: 0.4501, acc: 0.7604, test_acc: 0.7041, f1: 0.6334
loss: 0.6705, acc: 0.7500, test_acc: 0.7041, f1: 0.6505
loss: 0.5327, acc: 0.7589, test_acc: 0.7247, f1: 0.6797
loss: 0.8461, acc: 0.7542, test_acc: 0.7152, f1: 0.6608
loss: 0.7513, acc: 0.7539, test_acc: 0.7184, f1: 0.6657
loss: 0.5100, acc: 0.7537, test_acc: 0.7215, f1: 0.6796
loss: 0.5167, acc: 0.7500, test_acc: 0.7263, f1: 0.6894
loss: 0.7507, acc: 0.7401, test_acc: 0.6820, f1: 0.6288
loss: 0.3179, acc: 0.7500, test_acc: 0.6867, f1: 0.6287
loss: 0.9389, acc: 0.7411, test_acc: 0.7215, f1: 0.6710
loss: 0.9307, acc: 0.7358, test_acc: 0.7247, f1: 0.6724
loss: 0.3792, acc: 0.7391, test_acc: 0.7104, f1: 0.6679
loss: 0.8576, acc: 0.7422, test_acc: 0.7278, f1: 0.6873
loss: 1.0045, acc: 0.7375, test_acc: 0.7089, f1: 0.6512
loss: 0.4183, acc: 0.7380, test_acc: 0.7009, f1: 0.6207
loss: 0.7955, acc: 0.7315, test_acc: 0.6994, f1: 0.6189
loss: 0.4964, acc: 0.7366, test_acc: 0.7326, f1: 0.6895
>>>>>>>>>>>>>>>>>>>>>>>>>>>>>>>>>>>>>>>>>>>>>>>>>>>>>>>>>>>>
epoch: 13
loss: 0.6799, acc: 0.7500, test_acc: 0.7041, f1: 0.6768
loss: 0.6230, acc: 0.7500, test_acc: 0.7057, f1: 0.6671
loss: 0.7375, acc: 0.7292, test_acc: 0.7168, f1: 0.6639
loss: 0.4635, acc: 0.7656, test_acc: 0.7184, f1: 0.6627
loss: 0.4857, acc: 0.7625, test_acc: 0.7231, f1: 0.6771
loss: 0.7369, acc: 0.7604, test_acc: 0.7278, f1: 0.6882
loss: 0.5134, acc: 0.7768, test_acc: 0.7278, f1: 0.6892
loss: 0.4044, acc: 0.7812, test_acc: 0.7136, f1: 0.6701
loss: 0.5298, acc: 0.7708, test_acc: 0.7168, f1: 0.6656
loss: 0.7637, acc: 0.7688, test_acc: 0.7294, f1: 0.6832
loss: 0.9519, acc: 0.7557, test_acc: 0.7326, f1: 0.6851
loss: 0.8389, acc: 0.7500, test_acc: 0.7199, f1: 0.6615
loss: 1.0638, acc: 0.7356, test_acc: 0.7136, f1: 0.6594
loss: 0.6962, acc: 0.7321, test_acc: 0.7073, f1: 0.6614
loss: 0.8108, acc: 0.7250, test_acc: 0.7168, f1: 0.6797
loss: 0.5694, acc: 0.7305, test_acc: 0.7168, f1: 0.6580
loss: 0.6970, acc: 0.7316, test_acc: 0.6994, f1: 0.6295
loss: 0.6269, acc: 0.7326, test_acc: 0.7057, f1: 0.6382
loss: 0.4548, acc: 0.7368, test_acc: 0.7373, f1: 0.6901
loss: 0.5380, acc: 0.7406, test_acc: 0.7326, f1: 0.6906
loss: 0.7594, acc: 0.7351, test_acc: 0.7199, f1: 0.6764
loss: 0.4383, acc: 0.7386, test_acc: 0.7453, f1: 0.7018
loss: 0.5043, acc: 0.7418, test_acc: 0.7405, f1: 0.6943
loss: 0.5153, acc: 0.7448, test_acc: 0.7278, f1: 0.6876
loss: 0.5891, acc: 0.7475, test_acc: 0.7231, f1: 0.6817
loss: 0.6268, acc: 0.7500, test_acc: 0.7009, f1: 0.6272
loss: 0.6979, acc: 0.7500, test_acc: 0.6946, f1: 0.6067
loss: 0.9528, acc: 0.7478, test_acc: 0.7009, f1: 0.6232
loss: 0.7435, acc: 0.7435, test_acc: 0.7373, f1: 0.6972
>>>>>>>>>>>>>>>>>>>>>>>>>>>>>>>>>>>>>>>>>>>>>>>>>>>>>>>>>>>>
epoch: 14
loss: 0.6805, acc: 0.6875, test_acc: 0.7421, f1: 0.7009
>> saved: ./state_dict/text-gt_laptop_acc_0.7563_f1_0.7123
loss: 0.8354, acc: 0.5938, test_acc: 0.7563, f1: 0.7123
loss: 0.6058, acc: 0.6458, test_acc: 0.7231, f1: 0.6626
loss: 0.3850, acc: 0.7344, test_acc: 0.7152, f1: 0.6405
loss: 0.7321, acc: 0.7250, test_acc: 0.6915, f1: 0.6214
loss: 0.6606, acc: 0.7188, test_acc: 0.7310, f1: 0.6803
loss: 0.8668, acc: 0.7143, test_acc: 0.7421, f1: 0.7009
loss: 0.9091, acc: 0.6875, test_acc: 0.7231, f1: 0.6904
loss: 1.0205, acc: 0.6736, test_acc: 0.7373, f1: 0.6974
loss: 0.7911, acc: 0.6625, test_acc: 0.7231, f1: 0.6692
loss: 0.4227, acc: 0.6818, test_acc: 0.7168, f1: 0.6553
loss: 0.4310, acc: 0.6979, test_acc: 0.7199, f1: 0.6733
loss: 0.6251, acc: 0.6971, test_acc: 0.7247, f1: 0.6814
loss: 0.3900, acc: 0.7098, test_acc: 0.7215, f1: 0.6701
loss: 0.6983, acc: 0.7083, test_acc: 0.7373, f1: 0.6865
loss: 0.7020, acc: 0.7070, test_acc: 0.7342, f1: 0.6882
loss: 0.4185, acc: 0.7132, test_acc: 0.7263, f1: 0.6903
loss: 0.5406, acc: 0.7153, test_acc: 0.7358, f1: 0.6993
loss: 0.5405, acc: 0.7204, test_acc: 0.7389, f1: 0.6933
loss: 0.5962, acc: 0.7188, test_acc: 0.7152, f1: 0.6592
loss: 0.8091, acc: 0.7113, test_acc: 0.7152, f1: 0.6677
loss: 0.5014, acc: 0.7131, test_acc: 0.7199, f1: 0.6677
loss: 0.6584, acc: 0.7147, test_acc: 0.7184, f1: 0.6605
loss: 0.9824, acc: 0.7083, test_acc: 0.7120, f1: 0.6484
loss: 0.5953, acc: 0.7125, test_acc: 0.7453, f1: 0.6949
loss: 0.5825, acc: 0.7163, test_acc: 0.7358, f1: 0.6952
loss: 0.4720, acc: 0.7199, test_acc: 0.7168, f1: 0.6745
loss: 0.5647, acc: 0.7232, test_acc: 0.7184, f1: 0.6688
loss: 0.6813, acc: 0.7227, test_acc: 0.7263, f1: 0.6705
>>>>>>>>>>>>>>>>>>>>>>>>>>>>>>>>>>>>>>>>>>>>>>>>>>>>>>>>>>>>
epoch: 15
loss: 0.5679, acc: 0.7500, test_acc: 0.7326, f1: 0.6834
loss: 0.4920, acc: 0.7812, test_acc: 0.7421, f1: 0.6950
loss: 0.6725, acc: 0.7500, test_acc: 0.7389, f1: 0.6896
loss: 0.6071, acc: 0.7344, test_acc: 0.7358, f1: 0.6848
loss: 0.5736, acc: 0.7375, test_acc: 0.7215, f1: 0.6757
loss: 0.7688, acc: 0.7396, test_acc: 0.7358, f1: 0.6994
loss: 0.6040, acc: 0.7411, test_acc: 0.7532, f1: 0.7049
loss: 0.6980, acc: 0.7422, test_acc: 0.6930, f1: 0.6006
loss: 0.7910, acc: 0.7292, test_acc: 0.6994, f1: 0.6150
loss: 0.8639, acc: 0.7188, test_acc: 0.7278, f1: 0.6826
>> saved: ./state_dict/text-gt_laptop_acc_0.7595_f1_0.7204
loss: 0.6455, acc: 0.7159, test_acc: 0.7595, f1: 0.7204
loss: 0.6095, acc: 0.7188, test_acc: 0.7468, f1: 0.6913
loss: 0.7559, acc: 0.7115, test_acc: 0.7389, f1: 0.6940
loss: 0.6130, acc: 0.7054, test_acc: 0.7104, f1: 0.6401
loss: 0.6267, acc: 0.7083, test_acc: 0.6962, f1: 0.6003
loss: 0.4086, acc: 0.7188, test_acc: 0.6867, f1: 0.5889
loss: 1.0690, acc: 0.7132, test_acc: 0.7089, f1: 0.6417
loss: 0.6604, acc: 0.7083, test_acc: 0.7326, f1: 0.6859
loss: 0.4049, acc: 0.7138, test_acc: 0.7168, f1: 0.6689
loss: 0.4309, acc: 0.7219, test_acc: 0.7089, f1: 0.6530
loss: 0.7264, acc: 0.7202, test_acc: 0.7168, f1: 0.6490
loss: 0.5442, acc: 0.7273, test_acc: 0.7136, f1: 0.6490
loss: 0.4818, acc: 0.7283, test_acc: 0.7057, f1: 0.6433
loss: 0.6825, acc: 0.7266, test_acc: 0.7231, f1: 0.6637
loss: 0.5903, acc: 0.7275, test_acc: 0.7152, f1: 0.6504
loss: 0.6654, acc: 0.7284, test_acc: 0.7389, f1: 0.6825
loss: 0.5043, acc: 0.7315, test_acc: 0.7358, f1: 0.6910
loss: 0.6560, acc: 0.7299, test_acc: 0.7468, f1: 0.7136
>>>>>>>>>>>>>>>>>>>>>>>>>>>>>>>>>>>>>>>>>>>>>>>>>>>>>>>>>>>>
epoch: 16
loss: 0.6554, acc: 0.6875, test_acc: 0.7453, f1: 0.7137
loss: 0.5899, acc: 0.6875, test_acc: 0.7263, f1: 0.6855
loss: 0.9029, acc: 0.6875, test_acc: 0.7168, f1: 0.6560
loss: 0.6566, acc: 0.6875, test_acc: 0.7294, f1: 0.6801
loss: 0.4401, acc: 0.7000, test_acc: 0.7342, f1: 0.6962
loss: 0.3302, acc: 0.7292, test_acc: 0.7247, f1: 0.6901
loss: 0.9439, acc: 0.7143, test_acc: 0.7294, f1: 0.6897
loss: 0.4540, acc: 0.7266, test_acc: 0.7184, f1: 0.6613
loss: 0.4839, acc: 0.7292, test_acc: 0.7136, f1: 0.6546
loss: 0.8416, acc: 0.7125, test_acc: 0.7199, f1: 0.6652
loss: 0.4670, acc: 0.7102, test_acc: 0.7247, f1: 0.6836
loss: 0.9940, acc: 0.6875, test_acc: 0.7421, f1: 0.7047
loss: 0.6014, acc: 0.6923, test_acc: 0.7263, f1: 0.6713
loss: 0.9972, acc: 0.6964, test_acc: 0.7278, f1: 0.6752
loss: 0.5192, acc: 0.7042, test_acc: 0.7310, f1: 0.6867
loss: 0.7631, acc: 0.7031, test_acc: 0.7310, f1: 0.6755
loss: 0.7988, acc: 0.7022, test_acc: 0.7278, f1: 0.6789
loss: 0.5446, acc: 0.7014, test_acc: 0.7152, f1: 0.6649
loss: 0.4516, acc: 0.7072, test_acc: 0.7136, f1: 0.6611
loss: 0.6672, acc: 0.7063, test_acc: 0.7294, f1: 0.6832
loss: 0.7610, acc: 0.7024, test_acc: 0.7358, f1: 0.6823
loss: 0.4690, acc: 0.7102, test_acc: 0.7278, f1: 0.6841
loss: 0.8846, acc: 0.7038, test_acc: 0.7152, f1: 0.6865
loss: 0.7061, acc: 0.7031, test_acc: 0.7500, f1: 0.7130
>> saved: ./state_dict/text-gt_laptop_acc_0.7627_f1_0.7246
loss: 0.6388, acc: 0.7025, test_acc: 0.7627, f1: 0.7246
loss: 0.5997, acc: 0.7019, test_acc: 0.7484, f1: 0.7138
loss: 0.7392, acc: 0.7014, test_acc: 0.7294, f1: 0.6930
loss: 0.7012, acc: 0.7009, test_acc: 0.7421, f1: 0.7012
loss: 0.3995, acc: 0.7069, test_acc: 0.7389, f1: 0.6915
>>>>>>>>>>>>>>>>>>>>>>>>>>>>>>>>>>>>>>>>>>>>>>>>>>>>>>>>>>>>
epoch: 17
loss: 0.3758, acc: 0.8125, test_acc: 0.7104, f1: 0.6409
loss: 0.5530, acc: 0.7812, test_acc: 0.7104, f1: 0.6548
loss: 0.7120, acc: 0.7500, test_acc: 0.7152, f1: 0.6863
loss: 0.8261, acc: 0.7031, test_acc: 0.7278, f1: 0.6901
loss: 1.0173, acc: 0.6875, test_acc: 0.7358, f1: 0.6885
loss: 0.4851, acc: 0.7083, test_acc: 0.6946, f1: 0.6174
loss: 0.5346, acc: 0.7054, test_acc: 0.6946, f1: 0.6104
loss: 1.2114, acc: 0.6797, test_acc: 0.6978, f1: 0.6163
loss: 0.5068, acc: 0.6944, test_acc: 0.7247, f1: 0.6677
loss: 0.4655, acc: 0.7125, test_acc: 0.7468, f1: 0.7017
loss: 0.7549, acc: 0.7216, test_acc: 0.7453, f1: 0.7008
loss: 0.5888, acc: 0.7240, test_acc: 0.7294, f1: 0.6797
loss: 0.5716, acc: 0.7260, test_acc: 0.7263, f1: 0.6790
loss: 0.9721, acc: 0.7188, test_acc: 0.7041, f1: 0.6590
loss: 0.3833, acc: 0.7250, test_acc: 0.7199, f1: 0.6793
loss: 0.5428, acc: 0.7305, test_acc: 0.7342, f1: 0.6969
loss: 0.4286, acc: 0.7390, test_acc: 0.7563, f1: 0.7181
loss: 0.4259, acc: 0.7465, test_acc: 0.7421, f1: 0.6933
loss: 0.7283, acc: 0.7401, test_acc: 0.7437, f1: 0.6974
loss: 0.7587, acc: 0.7344, test_acc: 0.7263, f1: 0.6785
loss: 0.3847, acc: 0.7411, test_acc: 0.7468, f1: 0.7042
loss: 0.6801, acc: 0.7386, test_acc: 0.7389, f1: 0.6953
loss: 0.5125, acc: 0.7391, test_acc: 0.7373, f1: 0.6967
loss: 0.5746, acc: 0.7396, test_acc: 0.7294, f1: 0.6885
loss: 0.6678, acc: 0.7350, test_acc: 0.7326, f1: 0.6824
loss: 0.7289, acc: 0.7332, test_acc: 0.7263, f1: 0.6653
loss: 0.7428, acc: 0.7338, test_acc: 0.7247, f1: 0.6624
loss: 0.3810, acc: 0.7388, test_acc: 0.7468, f1: 0.7007
>>>>>>>>>>>>>>>>>>>>>>>>>>>>>>>>>>>>>>>>>>>>>>>>>>>>>>>>>>>>
epoch: 18
loss: 0.4797, acc: 0.8750, test_acc: 0.7405, f1: 0.6968
loss: 0.2493, acc: 0.9375, test_acc: 0.7294, f1: 0.6726
loss: 0.4964, acc: 0.9167, test_acc: 0.7168, f1: 0.6530
loss: 0.7013, acc: 0.8594, test_acc: 0.7342, f1: 0.6803
loss: 0.4410, acc: 0.8500, test_acc: 0.7547, f1: 0.7101
loss: 0.5960, acc: 0.8229, test_acc: 0.7405, f1: 0.7049
loss: 0.5781, acc: 0.8304, test_acc: 0.7168, f1: 0.6661
loss: 0.7662, acc: 0.8047, test_acc: 0.7215, f1: 0.6626
loss: 1.1030, acc: 0.7778, test_acc: 0.7294, f1: 0.6808
loss: 0.6456, acc: 0.7750, test_acc: 0.7278, f1: 0.6819
loss: 0.8919, acc: 0.7614, test_acc: 0.7199, f1: 0.6640
loss: 0.5267, acc: 0.7656, test_acc: 0.7215, f1: 0.6633
loss: 0.5511, acc: 0.7692, test_acc: 0.7168, f1: 0.6575
loss: 0.4323, acc: 0.7723, test_acc: 0.7136, f1: 0.6574
loss: 0.9259, acc: 0.7583, test_acc: 0.6693, f1: 0.6224
loss: 0.8664, acc: 0.7539, test_acc: 0.7326, f1: 0.6862
loss: 0.4828, acc: 0.7610, test_acc: 0.7120, f1: 0.6436
loss: 0.5126, acc: 0.7639, test_acc: 0.6978, f1: 0.6164
loss: 0.4572, acc: 0.7664, test_acc: 0.7199, f1: 0.6569
loss: 0.4391, acc: 0.7688, test_acc: 0.7358, f1: 0.6937
loss: 0.4476, acc: 0.7708, test_acc: 0.7405, f1: 0.6978
loss: 0.4060, acc: 0.7727, test_acc: 0.7358, f1: 0.6845
loss: 0.5787, acc: 0.7745, test_acc: 0.7168, f1: 0.6622
loss: 1.0929, acc: 0.7578, test_acc: 0.7073, f1: 0.6534
loss: 1.1581, acc: 0.7525, test_acc: 0.7278, f1: 0.6824
loss: 0.6967, acc: 0.7524, test_acc: 0.7263, f1: 0.6727
loss: 0.7465, acc: 0.7546, test_acc: 0.7152, f1: 0.6506
loss: 0.5537, acc: 0.7589, test_acc: 0.7041, f1: 0.6329
loss: 0.6545, acc: 0.7586, test_acc: 0.7041, f1: 0.6268
>>>>>>>>>>>>>>>>>>>>>>>>>>>>>>>>>>>>>>>>>>>>>>>>>>>>>>>>>>>>
epoch: 19
loss: 0.3306, acc: 0.9375, test_acc: 0.7263, f1: 0.6665
loss: 0.4286, acc: 0.9062, test_acc: 0.7326, f1: 0.6783
loss: 0.7780, acc: 0.8333, test_acc: 0.7184, f1: 0.6526
loss: 0.5654, acc: 0.8125, test_acc: 0.7263, f1: 0.6634
loss: 0.5173, acc: 0.8000, test_acc: 0.7231, f1: 0.6578
loss: 0.6089, acc: 0.7708, test_acc: 0.7168, f1: 0.6593
loss: 0.4468, acc: 0.7679, test_acc: 0.7389, f1: 0.6920
loss: 0.5056, acc: 0.7656, test_acc: 0.7405, f1: 0.6893
loss: 0.7158, acc: 0.7639, test_acc: 0.7136, f1: 0.6309
loss: 0.8830, acc: 0.7500, test_acc: 0.6915, f1: 0.6015
loss: 0.9889, acc: 0.7216, test_acc: 0.7057, f1: 0.6425
loss: 0.4913, acc: 0.7240, test_acc: 0.7468, f1: 0.7064
loss: 0.5305, acc: 0.7308, test_acc: 0.7453, f1: 0.6973
loss: 0.6320, acc: 0.7321, test_acc: 0.7437, f1: 0.6976
loss: 0.7647, acc: 0.7292, test_acc: 0.7073, f1: 0.6470
loss: 0.3841, acc: 0.7383, test_acc: 0.7168, f1: 0.6491
loss: 0.6511, acc: 0.7353, test_acc: 0.7358, f1: 0.6827
loss: 0.8986, acc: 0.7257, test_acc: 0.7468, f1: 0.7015
loss: 0.6655, acc: 0.7237, test_acc: 0.7453, f1: 0.6938
loss: 0.8277, acc: 0.7188, test_acc: 0.7294, f1: 0.6717
loss: 0.7964, acc: 0.7232, test_acc: 0.7358, f1: 0.6846
loss: 0.4548, acc: 0.7330, test_acc: 0.7358, f1: 0.6819
loss: 0.2798, acc: 0.7418, test_acc: 0.7373, f1: 0.6825
loss: 0.6599, acc: 0.7422, test_acc: 0.7342, f1: 0.6807
loss: 0.5131, acc: 0.7475, test_acc: 0.7199, f1: 0.6596
loss: 0.4327, acc: 0.7524, test_acc: 0.7326, f1: 0.6867
loss: 0.5964, acc: 0.7477, test_acc: 0.7263, f1: 0.6871
loss: 0.9017, acc: 0.7411, test_acc: 0.7199, f1: 0.6609
loss: 0.7137, acc: 0.7380, test_acc: 0.7057, f1: 0.6295
>>>>>>>>>>>>>>>>>>>>>>>>>>>>>>>>>>>>>>>>>>>>>>>>>>>>>>>>>>>>
epoch: 20
loss: 0.3430, acc: 0.9375, test_acc: 0.6946, f1: 0.6163
loss: 0.5179, acc: 0.8750, test_acc: 0.7089, f1: 0.6474
loss: 0.4298, acc: 0.8542, test_acc: 0.6978, f1: 0.6501
loss: 0.6199, acc: 0.8125, test_acc: 0.7104, f1: 0.6552
loss: 0.6024, acc: 0.8250, test_acc: 0.7136, f1: 0.6581
loss: 0.6438, acc: 0.7917, test_acc: 0.7152, f1: 0.6754
loss: 0.6675, acc: 0.7768, test_acc: 0.6994, f1: 0.6473
loss: 0.7172, acc: 0.7656, test_acc: 0.7041, f1: 0.6335
loss: 0.2932, acc: 0.7847, test_acc: 0.6946, f1: 0.6144
loss: 0.6849, acc: 0.7750, test_acc: 0.7342, f1: 0.6749
loss: 0.7434, acc: 0.7670, test_acc: 0.7405, f1: 0.7023
loss: 0.5979, acc: 0.7708, test_acc: 0.7278, f1: 0.6958
loss: 0.3804, acc: 0.7837, test_acc: 0.7278, f1: 0.6877
loss: 0.9515, acc: 0.7679, test_acc: 0.7120, f1: 0.6365
loss: 0.7346, acc: 0.7583, test_acc: 0.7152, f1: 0.6483
loss: 0.6078, acc: 0.7578, test_acc: 0.7231, f1: 0.6648
loss: 0.9267, acc: 0.7390, test_acc: 0.7120, f1: 0.6634
loss: 0.5437, acc: 0.7431, test_acc: 0.7215, f1: 0.6761
loss: 0.4551, acc: 0.7467, test_acc: 0.7358, f1: 0.6905
loss: 0.9817, acc: 0.7375, test_acc: 0.7184, f1: 0.6589
loss: 0.5435, acc: 0.7351, test_acc: 0.7184, f1: 0.6569
loss: 0.6556, acc: 0.7358, test_acc: 0.7310, f1: 0.6895
>> saved: ./state_dict/text-gt_laptop_acc_0.7642_f1_0.7243
loss: 0.7456, acc: 0.7337, test_acc: 0.7642, f1: 0.7243
loss: 0.4387, acc: 0.7344, test_acc: 0.7421, f1: 0.6901
loss: 0.9540, acc: 0.7325, test_acc: 0.6994, f1: 0.6143
loss: 0.5057, acc: 0.7356, test_acc: 0.6915, f1: 0.5989
loss: 0.5635, acc: 0.7361, test_acc: 0.7073, f1: 0.6307
loss: 0.4883, acc: 0.7321, test_acc: 0.7342, f1: 0.6838
>>>>>>>>>>>>>>>>>>>>>>>>>>>>>>>>>>>>>>>>>>>>>>>>>>>>>>>>>>>>
epoch: 21
loss: 0.7272, acc: 0.6250, test_acc: 0.7373, f1: 0.6874
loss: 0.6514, acc: 0.7188, test_acc: 0.7278, f1: 0.6720
loss: 0.2682, acc: 0.7917, test_acc: 0.7294, f1: 0.6748
loss: 0.5750, acc: 0.7969, test_acc: 0.7342, f1: 0.6818
loss: 0.6353, acc: 0.7625, test_acc: 0.7278, f1: 0.6739
loss: 0.9699, acc: 0.7188, test_acc: 0.7136, f1: 0.6637
loss: 0.7865, acc: 0.7232, test_acc: 0.7120, f1: 0.6473
loss: 0.5637, acc: 0.7344, test_acc: 0.7073, f1: 0.6278
loss: 0.6873, acc: 0.7222, test_acc: 0.7184, f1: 0.6414
loss: 0.6110, acc: 0.7250, test_acc: 0.7294, f1: 0.6684
loss: 0.4547, acc: 0.7443, test_acc: 0.7500, f1: 0.7091
loss: 0.6119, acc: 0.7396, test_acc: 0.7611, f1: 0.7224
loss: 0.3253, acc: 0.7452, test_acc: 0.7421, f1: 0.6989
loss: 0.5884, acc: 0.7455, test_acc: 0.7073, f1: 0.6530
loss: 0.5608, acc: 0.7417, test_acc: 0.7310, f1: 0.6752
loss: 0.5801, acc: 0.7383, test_acc: 0.7373, f1: 0.6847
loss: 0.2734, acc: 0.7463, test_acc: 0.7453, f1: 0.6990
loss: 0.3546, acc: 0.7569, test_acc: 0.7421, f1: 0.7032
loss: 0.8767, acc: 0.7500, test_acc: 0.7136, f1: 0.6686
loss: 0.6184, acc: 0.7531, test_acc: 0.7184, f1: 0.6651
loss: 0.4698, acc: 0.7500, test_acc: 0.7215, f1: 0.6694
loss: 0.7435, acc: 0.7443, test_acc: 0.7278, f1: 0.6819
loss: 0.9802, acc: 0.7364, test_acc: 0.7358, f1: 0.6904
loss: 0.7408, acc: 0.7318, test_acc: 0.7263, f1: 0.6798
loss: 0.4200, acc: 0.7375, test_acc: 0.7310, f1: 0.6854
loss: 0.5672, acc: 0.7404, test_acc: 0.7057, f1: 0.6473
loss: 0.7645, acc: 0.7431, test_acc: 0.6946, f1: 0.6412
loss: 0.7472, acc: 0.7411, test_acc: 0.6930, f1: 0.6553
loss: 0.3332, acc: 0.7457, test_acc: 0.7041, f1: 0.6701
>>>>>>>>>>>>>>>>>>>>>>>>>>>>>>>>>>>>>>>>>>>>>>>>>>>>>>>>>>>>
epoch: 22
loss: 0.7741, acc: 0.7500, test_acc: 0.7373, f1: 0.7051
loss: 0.6188, acc: 0.7812, test_acc: 0.7421, f1: 0.7089
loss: 0.8617, acc: 0.7292, test_acc: 0.7278, f1: 0.6872
loss: 0.4949, acc: 0.7656, test_acc: 0.7089, f1: 0.6654
loss: 0.6389, acc: 0.7500, test_acc: 0.7294, f1: 0.6844
loss: 0.9431, acc: 0.7188, test_acc: 0.7215, f1: 0.6660
loss: 0.6604, acc: 0.7054, test_acc: 0.7278, f1: 0.6756
loss: 0.7478, acc: 0.6953, test_acc: 0.7358, f1: 0.6862
loss: 0.7072, acc: 0.6875, test_acc: 0.7468, f1: 0.7031
loss: 0.4737, acc: 0.7000, test_acc: 0.7199, f1: 0.6568
loss: 0.4142, acc: 0.7159, test_acc: 0.7184, f1: 0.6483
loss: 0.5358, acc: 0.7135, test_acc: 0.7247, f1: 0.6588
loss: 0.4106, acc: 0.7212, test_acc: 0.7199, f1: 0.6503
loss: 0.7358, acc: 0.7143, test_acc: 0.7231, f1: 0.6506
loss: 0.6610, acc: 0.7125, test_acc: 0.7215, f1: 0.6624
loss: 0.7644, acc: 0.7070, test_acc: 0.7263, f1: 0.6707
loss: 0.5220, acc: 0.7132, test_acc: 0.7184, f1: 0.6694
loss: 0.3705, acc: 0.7188, test_acc: 0.7326, f1: 0.6894
loss: 0.6175, acc: 0.7204, test_acc: 0.7389, f1: 0.6977
loss: 0.7865, acc: 0.7156, test_acc: 0.7294, f1: 0.6745
loss: 0.7379, acc: 0.7113, test_acc: 0.7009, f1: 0.6148
loss: 0.4608, acc: 0.7159, test_acc: 0.6899, f1: 0.5814
loss: 0.6068, acc: 0.7174, test_acc: 0.6915, f1: 0.5845
loss: 0.5745, acc: 0.7214, test_acc: 0.6930, f1: 0.5912
loss: 0.4187, acc: 0.7250, test_acc: 0.7104, f1: 0.6399
loss: 0.6237, acc: 0.7284, test_acc: 0.7231, f1: 0.6746
loss: 0.5378, acc: 0.7292, test_acc: 0.7453, f1: 0.7110
loss: 0.6413, acc: 0.7299, test_acc: 0.7326, f1: 0.6926
>>>>>>>>>>>>>>>>>>>>>>>>>>>>>>>>>>>>>>>>>>>>>>>>>>>>>>>>>>>>
epoch: 23
loss: 0.6936, acc: 0.6875, test_acc: 0.7199, f1: 0.6604
loss: 0.6211, acc: 0.6875, test_acc: 0.7120, f1: 0.6419
loss: 0.7682, acc: 0.6875, test_acc: 0.7184, f1: 0.6543
loss: 1.0919, acc: 0.6562, test_acc: 0.7263, f1: 0.6759
loss: 0.5382, acc: 0.7000, test_acc: 0.7215, f1: 0.6770
loss: 0.8708, acc: 0.6875, test_acc: 0.7278, f1: 0.6844
loss: 0.5802, acc: 0.7143, test_acc: 0.7263, f1: 0.6734
loss: 0.3761, acc: 0.7344, test_acc: 0.7136, f1: 0.6371
loss: 0.9459, acc: 0.7153, test_acc: 0.7041, f1: 0.6328
loss: 0.6943, acc: 0.7250, test_acc: 0.7025, f1: 0.6582
loss: 0.4788, acc: 0.7330, test_acc: 0.7009, f1: 0.6637
loss: 0.6397, acc: 0.7344, test_acc: 0.7041, f1: 0.6535
loss: 0.3960, acc: 0.7452, test_acc: 0.7168, f1: 0.6433
loss: 0.6990, acc: 0.7411, test_acc: 0.6978, f1: 0.6168
loss: 0.6104, acc: 0.7500, test_acc: 0.7199, f1: 0.6502
loss: 0.7857, acc: 0.7461, test_acc: 0.7421, f1: 0.6973
loss: 0.6104, acc: 0.7463, test_acc: 0.7500, f1: 0.7175
loss: 0.7174, acc: 0.7396, test_acc: 0.7563, f1: 0.7194
loss: 0.6162, acc: 0.7368, test_acc: 0.7326, f1: 0.6796
loss: 0.4454, acc: 0.7438, test_acc: 0.7199, f1: 0.6551
loss: 0.3517, acc: 0.7530, test_acc: 0.7168, f1: 0.6433
loss: 0.2259, acc: 0.7614, test_acc: 0.7152, f1: 0.6389
loss: 0.6907, acc: 0.7554, test_acc: 0.7152, f1: 0.6539
loss: 0.5736, acc: 0.7526, test_acc: 0.7136, f1: 0.6701
loss: 0.6882, acc: 0.7525, test_acc: 0.7199, f1: 0.6877
loss: 0.3992, acc: 0.7548, test_acc: 0.7278, f1: 0.6844
loss: 0.6193, acc: 0.7546, test_acc: 0.7247, f1: 0.6702
loss: 0.2943, acc: 0.7589, test_acc: 0.7184, f1: 0.6603
loss: 0.3117, acc: 0.7629, test_acc: 0.7310, f1: 0.6848
>>>>>>>>>>>>>>>>>>>>>>>>>>>>>>>>>>>>>>>>>>>>>>>>>>>>>>>>>>>>
epoch: 24
loss: 0.5524, acc: 0.8125, test_acc: 0.7231, f1: 0.6673
loss: 0.4613, acc: 0.8125, test_acc: 0.7247, f1: 0.6602
loss: 0.4863, acc: 0.7917, test_acc: 0.7152, f1: 0.6523
loss: 0.7427, acc: 0.7812, test_acc: 0.7263, f1: 0.6747
loss: 0.6678, acc: 0.7875, test_acc: 0.7215, f1: 0.6768
loss: 0.7750, acc: 0.7604, test_acc: 0.7184, f1: 0.6663
loss: 0.4996, acc: 0.7768, test_acc: 0.7120, f1: 0.6481
loss: 0.4240, acc: 0.7812, test_acc: 0.7152, f1: 0.6589
loss: 0.5633, acc: 0.7708, test_acc: 0.7294, f1: 0.6819
loss: 0.9110, acc: 0.7562, test_acc: 0.7389, f1: 0.6948
loss: 0.6859, acc: 0.7557, test_acc: 0.7484, f1: 0.7154
loss: 0.8318, acc: 0.7448, test_acc: 0.7199, f1: 0.6706
loss: 0.7135, acc: 0.7212, test_acc: 0.7168, f1: 0.6542
loss: 0.6778, acc: 0.7232, test_acc: 0.7342, f1: 0.6847
loss: 0.5220, acc: 0.7208, test_acc: 0.7294, f1: 0.6774
loss: 0.6135, acc: 0.7227, test_acc: 0.7247, f1: 0.6733
loss: 0.6560, acc: 0.7243, test_acc: 0.7168, f1: 0.6635
loss: 0.9399, acc: 0.7188, test_acc: 0.7278, f1: 0.6761
loss: 0.6768, acc: 0.7171, test_acc: 0.7547, f1: 0.7159
loss: 0.7897, acc: 0.7125, test_acc: 0.7563, f1: 0.7177
loss: 0.4923, acc: 0.7202, test_acc: 0.7310, f1: 0.6796
loss: 0.8022, acc: 0.7159, test_acc: 0.7073, f1: 0.6348
loss: 0.8112, acc: 0.7147, test_acc: 0.7136, f1: 0.6479
loss: 0.4302, acc: 0.7188, test_acc: 0.7199, f1: 0.6687
loss: 0.5857, acc: 0.7175, test_acc: 0.7373, f1: 0.6973
loss: 0.4223, acc: 0.7236, test_acc: 0.7453, f1: 0.6994
loss: 0.5833, acc: 0.7222, test_acc: 0.7358, f1: 0.6837
loss: 0.4900, acc: 0.7277, test_acc: 0.7057, f1: 0.6407
loss: 0.6561, acc: 0.7249, test_acc: 0.6994, f1: 0.6436
>>>>>>>>>>>>>>>>>>>>>>>>>>>>>>>>>>>>>>>>>>>>>>>>>>>>>>>>>>>>
epoch: 25
loss: 0.8018, acc: 0.6875, test_acc: 0.7073, f1: 0.6594
loss: 0.6695, acc: 0.6562, test_acc: 0.7389, f1: 0.6970
loss: 0.7434, acc: 0.6458, test_acc: 0.7278, f1: 0.6750
loss: 0.8202, acc: 0.6406, test_acc: 0.7278, f1: 0.6745
loss: 0.6759, acc: 0.6625, test_acc: 0.7231, f1: 0.6717
loss: 0.7185, acc: 0.6667, test_acc: 0.6946, f1: 0.6417
loss: 0.5153, acc: 0.6696, test_acc: 0.6946, f1: 0.6329
loss: 0.5265, acc: 0.6719, test_acc: 0.7326, f1: 0.6821
loss: 0.5686, acc: 0.6806, test_acc: 0.7389, f1: 0.6876
loss: 0.6421, acc: 0.6813, test_acc: 0.7405, f1: 0.6913
loss: 0.2725, acc: 0.6989, test_acc: 0.7199, f1: 0.6691
loss: 0.5923, acc: 0.7083, test_acc: 0.7453, f1: 0.7072
loss: 0.4886, acc: 0.7115, test_acc: 0.7547, f1: 0.7196
loss: 0.7880, acc: 0.7054, test_acc: 0.7532, f1: 0.7185
loss: 0.8219, acc: 0.6958, test_acc: 0.7263, f1: 0.6680
loss: 0.6058, acc: 0.6914, test_acc: 0.6756, f1: 0.5947
loss: 1.0511, acc: 0.6801, test_acc: 0.6930, f1: 0.6220
loss: 0.7471, acc: 0.6806, test_acc: 0.7310, f1: 0.6835
loss: 0.6694, acc: 0.6875, test_acc: 0.7516, f1: 0.7139
loss: 0.7752, acc: 0.6844, test_acc: 0.7563, f1: 0.7152
loss: 0.5136, acc: 0.6845, test_acc: 0.7563, f1: 0.7188
loss: 0.2487, acc: 0.6960, test_acc: 0.7373, f1: 0.6952
loss: 0.1673, acc: 0.7065, test_acc: 0.7358, f1: 0.6852
loss: 0.4186, acc: 0.7109, test_acc: 0.7231, f1: 0.6692
loss: 0.4002, acc: 0.7125, test_acc: 0.7136, f1: 0.6478
loss: 0.5429, acc: 0.7139, test_acc: 0.7168, f1: 0.6472
loss: 0.5453, acc: 0.7176, test_acc: 0.7294, f1: 0.6733
loss: 0.9341, acc: 0.7098, test_acc: 0.7373, f1: 0.6936
>>>>>>>>>>>>>>>>>>>>>>>>>>>>>>>>>>>>>>>>>>>>>>>>>>>>>>>>>>>>
epoch: 26
loss: 0.7482, acc: 0.6875, test_acc: 0.7437, f1: 0.7037
loss: 0.6397, acc: 0.7188, test_acc: 0.7421, f1: 0.6914
loss: 0.8989, acc: 0.6875, test_acc: 0.7421, f1: 0.6919
loss: 0.4744, acc: 0.7031, test_acc: 0.7373, f1: 0.6956
loss: 0.4816, acc: 0.7250, test_acc: 0.7421, f1: 0.7092
loss: 0.3826, acc: 0.7292, test_acc: 0.7358, f1: 0.6950
loss: 0.6405, acc: 0.7232, test_acc: 0.7484, f1: 0.7030
loss: 0.6137, acc: 0.7266, test_acc: 0.7215, f1: 0.6725
loss: 0.3971, acc: 0.7361, test_acc: 0.7278, f1: 0.6767
loss: 1.2080, acc: 0.7188, test_acc: 0.7389, f1: 0.6912
loss: 0.6370, acc: 0.7045, test_acc: 0.7373, f1: 0.6964
loss: 0.4521, acc: 0.7135, test_acc: 0.7326, f1: 0.6909
loss: 0.3491, acc: 0.7260, test_acc: 0.7421, f1: 0.6963
loss: 0.4771, acc: 0.7321, test_acc: 0.7373, f1: 0.6867
loss: 0.6586, acc: 0.7250, test_acc: 0.7278, f1: 0.6714
loss: 0.3061, acc: 0.7383, test_acc: 0.7326, f1: 0.6780
loss: 0.6431, acc: 0.7316, test_acc: 0.7373, f1: 0.6837
loss: 0.8324, acc: 0.7292, test_acc: 0.7120, f1: 0.6766
loss: 0.8961, acc: 0.7270, test_acc: 0.7310, f1: 0.6910
loss: 0.9068, acc: 0.7250, test_acc: 0.7453, f1: 0.6994
loss: 0.5488, acc: 0.7292, test_acc: 0.7421, f1: 0.6910
loss: 0.6344, acc: 0.7244, test_acc: 0.7152, f1: 0.6525
loss: 0.4938, acc: 0.7255, test_acc: 0.7278, f1: 0.6691
loss: 0.6676, acc: 0.7214, test_acc: 0.7373, f1: 0.6874
loss: 0.3322, acc: 0.7300, test_acc: 0.7500, f1: 0.7003
loss: 0.3528, acc: 0.7332, test_acc: 0.7421, f1: 0.6952
loss: 0.3369, acc: 0.7384, test_acc: 0.7484, f1: 0.7071
loss: 0.3900, acc: 0.7411, test_acc: 0.7484, f1: 0.7044
loss: 0.6090, acc: 0.7392, test_acc: 0.7500, f1: 0.6996
>>>>>>>>>>>>>>>>>>>>>>>>>>>>>>>>>>>>>>>>>>>>>>>>>>>>>>>>>>>>
epoch: 27
loss: 0.7232, acc: 0.6875, test_acc: 0.7136, f1: 0.6727
loss: 0.5186, acc: 0.7500, test_acc: 0.7231, f1: 0.6806
loss: 0.8143, acc: 0.7083, test_acc: 0.7484, f1: 0.7072
loss: 0.5190, acc: 0.7188, test_acc: 0.7358, f1: 0.6920
loss: 0.5179, acc: 0.7375, test_acc: 0.7215, f1: 0.6752
loss: 1.0672, acc: 0.6875, test_acc: 0.7120, f1: 0.6505
loss: 0.5139, acc: 0.6875, test_acc: 0.7263, f1: 0.6594
loss: 0.5939, acc: 0.7109, test_acc: 0.7532, f1: 0.7075
loss: 0.6724, acc: 0.7014, test_acc: 0.7500, f1: 0.7147
loss: 0.5684, acc: 0.7000, test_acc: 0.7468, f1: 0.7090
loss: 0.9062, acc: 0.6932, test_acc: 0.7373, f1: 0.6788
loss: 0.4502, acc: 0.7031, test_acc: 0.7168, f1: 0.6535
loss: 0.2822, acc: 0.7212, test_acc: 0.7168, f1: 0.6466
loss: 0.4748, acc: 0.7232, test_acc: 0.7342, f1: 0.6860
loss: 0.8588, acc: 0.7083, test_acc: 0.7215, f1: 0.6783
loss: 0.6994, acc: 0.7031, test_acc: 0.7168, f1: 0.6673
loss: 0.3999, acc: 0.7132, test_acc: 0.7152, f1: 0.6638
loss: 0.5035, acc: 0.7153, test_acc: 0.7278, f1: 0.6699
loss: 0.7062, acc: 0.7171, test_acc: 0.7215, f1: 0.6618
loss: 0.6563, acc: 0.7188, test_acc: 0.7342, f1: 0.6846
loss: 0.6685, acc: 0.7202, test_acc: 0.7342, f1: 0.6876
loss: 0.8349, acc: 0.7102, test_acc: 0.7342, f1: 0.6792
loss: 0.9202, acc: 0.7092, test_acc: 0.7294, f1: 0.6679
loss: 0.4924, acc: 0.7161, test_acc: 0.7342, f1: 0.6824
loss: 0.4508, acc: 0.7200, test_acc: 0.7278, f1: 0.6756
loss: 0.2848, acc: 0.7284, test_acc: 0.7215, f1: 0.6548
loss: 0.6483, acc: 0.7292, test_acc: 0.7089, f1: 0.6268
loss: 0.4214, acc: 0.7299, test_acc: 0.7073, f1: 0.6293
>>>>>>>>>>>>>>>>>>>>>>>>>>>>>>>>>>>>>>>>>>>>>>>>>>>>>>>>>>>>
epoch: 28
loss: 0.3759, acc: 0.7500, test_acc: 0.7231, f1: 0.6688
loss: 0.5600, acc: 0.7812, test_acc: 0.7342, f1: 0.6904
loss: 0.7020, acc: 0.7292, test_acc: 0.7310, f1: 0.6786
loss: 0.7594, acc: 0.6875, test_acc: 0.7263, f1: 0.6717
loss: 0.4044, acc: 0.7250, test_acc: 0.7231, f1: 0.6790
loss: 0.3926, acc: 0.7500, test_acc: 0.7152, f1: 0.6682
loss: 0.7513, acc: 0.7411, test_acc: 0.7168, f1: 0.6549
loss: 0.5507, acc: 0.7422, test_acc: 0.7073, f1: 0.6381
loss: 0.3160, acc: 0.7639, test_acc: 0.7278, f1: 0.6665
loss: 0.6597, acc: 0.7500, test_acc: 0.7294, f1: 0.6746
loss: 0.5939, acc: 0.7443, test_acc: 0.7342, f1: 0.6886
loss: 0.5866, acc: 0.7500, test_acc: 0.7294, f1: 0.6875
loss: 0.5657, acc: 0.7548, test_acc: 0.7437, f1: 0.7012
loss: 0.6340, acc: 0.7500, test_acc: 0.7611, f1: 0.7217
loss: 0.5910, acc: 0.7458, test_acc: 0.7642, f1: 0.7268
loss: 0.7666, acc: 0.7500, test_acc: 0.7500, f1: 0.7040
loss: 0.6667, acc: 0.7500, test_acc: 0.7373, f1: 0.6803
loss: 0.5695, acc: 0.7500, test_acc: 0.7120, f1: 0.6436
loss: 0.4404, acc: 0.7533, test_acc: 0.6978, f1: 0.6306
loss: 0.4786, acc: 0.7562, test_acc: 0.7215, f1: 0.6581
loss: 0.7106, acc: 0.7530, test_acc: 0.7057, f1: 0.6356
loss: 0.6454, acc: 0.7528, test_acc: 0.7326, f1: 0.6794
loss: 0.4070, acc: 0.7609, test_acc: 0.7389, f1: 0.6861
loss: 0.3862, acc: 0.7630, test_acc: 0.7247, f1: 0.6612
loss: 0.4193, acc: 0.7650, test_acc: 0.7405, f1: 0.6891
loss: 0.7177, acc: 0.7596, test_acc: 0.7358, f1: 0.6844
loss: 0.9145, acc: 0.7523, test_acc: 0.7263, f1: 0.6701
loss: 0.7461, acc: 0.7500, test_acc: 0.7041, f1: 0.6502
loss: 0.8796, acc: 0.7435, test_acc: 0.7199, f1: 0.6640
>>>>>>>>>>>>>>>>>>>>>>>>>>>>>>>>>>>>>>>>>>>>>>>>>>>>>>>>>>>>
epoch: 29
loss: 0.6064, acc: 0.8125, test_acc: 0.7342, f1: 0.6787
loss: 0.8956, acc: 0.7500, test_acc: 0.7294, f1: 0.6718
loss: 0.4658, acc: 0.7500, test_acc: 0.7532, f1: 0.7103
loss: 0.4192, acc: 0.7812, test_acc: 0.7547, f1: 0.7145
loss: 0.2646, acc: 0.7875, test_acc: 0.7421, f1: 0.6948
loss: 0.5669, acc: 0.7812, test_acc: 0.7278, f1: 0.6724
loss: 0.4738, acc: 0.7857, test_acc: 0.7326, f1: 0.6751
loss: 0.4780, acc: 0.7891, test_acc: 0.7405, f1: 0.6939
loss: 0.5482, acc: 0.7778, test_acc: 0.7421, f1: 0.6971
loss: 0.7278, acc: 0.7688, test_acc: 0.7373, f1: 0.6861
loss: 0.7022, acc: 0.7614, test_acc: 0.7104, f1: 0.6415
loss: 0.6442, acc: 0.7500, test_acc: 0.7089, f1: 0.6266
loss: 0.7431, acc: 0.7452, test_acc: 0.7041, f1: 0.6153
loss: 0.5601, acc: 0.7366, test_acc: 0.7326, f1: 0.6730
loss: 0.6919, acc: 0.7292, test_acc: 0.7358, f1: 0.6902
loss: 0.5245, acc: 0.7344, test_acc: 0.7263, f1: 0.6718
loss: 0.6095, acc: 0.7316, test_acc: 0.7199, f1: 0.6556
loss: 0.6102, acc: 0.7292, test_acc: 0.7278, f1: 0.6629
loss: 0.2855, acc: 0.7401, test_acc: 0.7500, f1: 0.7029
loss: 0.3672, acc: 0.7438, test_acc: 0.7532, f1: 0.7105
loss: 0.3517, acc: 0.7530, test_acc: 0.7421, f1: 0.6967
loss: 0.4018, acc: 0.7585, test_acc: 0.7453, f1: 0.6988
loss: 0.4114, acc: 0.7636, test_acc: 0.7453, f1: 0.7122
loss: 0.5531, acc: 0.7604, test_acc: 0.7025, f1: 0.6800
loss: 0.8130, acc: 0.7575, test_acc: 0.7231, f1: 0.6858
loss: 1.0132, acc: 0.7524, test_acc: 0.7215, f1: 0.6621
loss: 0.4586, acc: 0.7546, test_acc: 0.7057, f1: 0.6259
loss: 0.3623, acc: 0.7589, test_acc: 0.7278, f1: 0.6676
loss: 0.7594, acc: 0.7576, test_acc: 0.7563, f1: 0.7128
>>>>>>>>>>>>>>>>>>>>>>>>>>>>>>>>>>>>>>>>>>>>>>>>>>>>>>>>>>>>
epoch: 30
loss: 0.5612, acc: 0.7500, test_acc: 0.7611, f1: 0.7255
loss: 0.4540, acc: 0.7812, test_acc: 0.7405, f1: 0.6888
loss: 0.4897, acc: 0.7917, test_acc: 0.7278, f1: 0.6667
loss: 0.8977, acc: 0.7656, test_acc: 0.7152, f1: 0.6372
loss: 0.5769, acc: 0.7625, test_acc: 0.7231, f1: 0.6585
loss: 0.4009, acc: 0.7812, test_acc: 0.7484, f1: 0.7017
>> saved: ./state_dict/text-gt_laptop_acc_0.7737_f1_0.7377
loss: 0.5671, acc: 0.7768, test_acc: 0.7737, f1: 0.7377
loss: 0.7115, acc: 0.7734, test_acc: 0.7595, f1: 0.7268
loss: 0.6039, acc: 0.7639, test_acc: 0.7247, f1: 0.6783
loss: 0.9928, acc: 0.7562, test_acc: 0.7184, f1: 0.6612
loss: 0.6473, acc: 0.7557, test_acc: 0.7199, f1: 0.6557
loss: 0.4073, acc: 0.7656, test_acc: 0.7342, f1: 0.6770
loss: 0.6435, acc: 0.7644, test_acc: 0.7547, f1: 0.7119
loss: 0.8155, acc: 0.7589, test_acc: 0.7595, f1: 0.7215
loss: 0.3974, acc: 0.7667, test_acc: 0.7642, f1: 0.7276
loss: 0.2761, acc: 0.7734, test_acc: 0.7358, f1: 0.6810
loss: 0.7495, acc: 0.7721, test_acc: 0.7168, f1: 0.6349
loss: 0.7113, acc: 0.7674, test_acc: 0.7025, f1: 0.6042
loss: 0.7469, acc: 0.7632, test_acc: 0.7152, f1: 0.6275
loss: 0.5154, acc: 0.7625, test_acc: 0.7278, f1: 0.6666
loss: 0.5862, acc: 0.7649, test_acc: 0.7231, f1: 0.6723
loss: 0.2778, acc: 0.7727, test_acc: 0.7358, f1: 0.6810
loss: 0.6370, acc: 0.7717, test_acc: 0.7247, f1: 0.6538
loss: 0.7406, acc: 0.7682, test_acc: 0.7278, f1: 0.6653
loss: 0.3759, acc: 0.7700, test_acc: 0.7342, f1: 0.6830
loss: 0.3746, acc: 0.7716, test_acc: 0.7389, f1: 0.6942
loss: 0.5291, acc: 0.7731, test_acc: 0.7373, f1: 0.6920
loss: 0.7131, acc: 0.7723, test_acc: 0.7247, f1: 0.6692
>>>>>>>>>>>>>>>>>>>>>>>>>>>>>>>>>>>>>>>>>>>>>>>>>>>>>>>>>>>>
epoch: 31
loss: 0.6736, acc: 0.6875, test_acc: 0.7215, f1: 0.6540
loss: 0.9164, acc: 0.6562, test_acc: 0.7231, f1: 0.6625
loss: 0.4900, acc: 0.7083, test_acc: 0.7342, f1: 0.6832
loss: 0.3558, acc: 0.7500, test_acc: 0.7342, f1: 0.6814
loss: 0.8199, acc: 0.7125, test_acc: 0.7405, f1: 0.6956
loss: 0.4476, acc: 0.7292, test_acc: 0.7326, f1: 0.6884
loss: 0.7481, acc: 0.7143, test_acc: 0.7294, f1: 0.6687
loss: 0.2628, acc: 0.7344, test_acc: 0.7184, f1: 0.6499
loss: 0.4756, acc: 0.7500, test_acc: 0.7389, f1: 0.6785
loss: 0.6765, acc: 0.7375, test_acc: 0.7326, f1: 0.6838
loss: 0.4747, acc: 0.7443, test_acc: 0.7278, f1: 0.6688
loss: 0.5670, acc: 0.7344, test_acc: 0.7263, f1: 0.6592
loss: 0.4689, acc: 0.7452, test_acc: 0.7484, f1: 0.6967
loss: 0.5293, acc: 0.7411, test_acc: 0.7326, f1: 0.6914
loss: 0.8781, acc: 0.7417, test_acc: 0.7421, f1: 0.6944
loss: 0.3840, acc: 0.7500, test_acc: 0.7326, f1: 0.6790
loss: 0.4339, acc: 0.7537, test_acc: 0.7231, f1: 0.6660
loss: 0.1773, acc: 0.7639, test_acc: 0.7421, f1: 0.6984
loss: 0.4086, acc: 0.7664, test_acc: 0.7247, f1: 0.6835
loss: 0.4816, acc: 0.7688, test_acc: 0.7168, f1: 0.6599
loss: 0.4381, acc: 0.7708, test_acc: 0.7199, f1: 0.6418
loss: 0.4961, acc: 0.7756, test_acc: 0.6962, f1: 0.5970
loss: 0.5440, acc: 0.7717, test_acc: 0.7405, f1: 0.6895
loss: 0.7256, acc: 0.7682, test_acc: 0.7547, f1: 0.7220
loss: 0.6050, acc: 0.7675, test_acc: 0.7326, f1: 0.6927
loss: 0.9746, acc: 0.7524, test_acc: 0.7342, f1: 0.6801
loss: 0.3632, acc: 0.7546, test_acc: 0.7247, f1: 0.6609
loss: 0.6022, acc: 0.7522, test_acc: 0.7342, f1: 0.6737
loss: 0.2466, acc: 0.7586, test_acc: 0.7231, f1: 0.6630
>>>>>>>>>>>>>>>>>>>>>>>>>>>>>>>>>>>>>>>>>>>>>>>>>>>>>>>>>>>>
epoch: 32
loss: 0.6315, acc: 0.8125, test_acc: 0.7342, f1: 0.6792
loss: 0.6461, acc: 0.7188, test_acc: 0.7405, f1: 0.6909
loss: 0.6191, acc: 0.7292, test_acc: 0.7373, f1: 0.6917
loss: 0.5187, acc: 0.7344, test_acc: 0.7184, f1: 0.6606
loss: 0.7262, acc: 0.7250, test_acc: 0.7089, f1: 0.6400
loss: 0.5964, acc: 0.7083, test_acc: 0.7310, f1: 0.6663
loss: 0.6523, acc: 0.7143, test_acc: 0.7421, f1: 0.6905
loss: 0.4717, acc: 0.7266, test_acc: 0.7468, f1: 0.6980
loss: 0.4625, acc: 0.7361, test_acc: 0.7389, f1: 0.6859
loss: 0.2467, acc: 0.7562, test_acc: 0.7421, f1: 0.6926
loss: 0.4405, acc: 0.7670, test_acc: 0.7342, f1: 0.6845
loss: 0.6193, acc: 0.7656, test_acc: 0.7247, f1: 0.6774
loss: 1.0245, acc: 0.7500, test_acc: 0.7310, f1: 0.6745
loss: 0.2471, acc: 0.7634, test_acc: 0.7342, f1: 0.6785
loss: 0.5512, acc: 0.7625, test_acc: 0.7453, f1: 0.7007
loss: 0.7365, acc: 0.7539, test_acc: 0.7405, f1: 0.6906
loss: 0.6028, acc: 0.7537, test_acc: 0.7358, f1: 0.6807
loss: 0.2796, acc: 0.7639, test_acc: 0.7263, f1: 0.6702
loss: 0.3994, acc: 0.7697, test_acc: 0.7199, f1: 0.6675
loss: 0.5821, acc: 0.7719, test_acc: 0.7199, f1: 0.6645
loss: 0.4583, acc: 0.7708, test_acc: 0.7389, f1: 0.6918
loss: 0.8501, acc: 0.7642, test_acc: 0.7326, f1: 0.6903
loss: 0.4791, acc: 0.7636, test_acc: 0.7215, f1: 0.6848
loss: 0.5989, acc: 0.7630, test_acc: 0.7373, f1: 0.6899
loss: 0.4274, acc: 0.7650, test_acc: 0.7278, f1: 0.6656
loss: 1.0393, acc: 0.7572, test_acc: 0.7199, f1: 0.6526
loss: 0.9498, acc: 0.7500, test_acc: 0.7342, f1: 0.6837
loss: 0.7331, acc: 0.7478, test_acc: 0.7247, f1: 0.6858
>>>>>>>>>>>>>>>>>>>>>>>>>>>>>>>>>>>>>>>>>>>>>>>>>>>>>>>>>>>>
epoch: 33
loss: 0.4325, acc: 0.8750, test_acc: 0.7231, f1: 0.6765
loss: 0.6042, acc: 0.8125, test_acc: 0.7231, f1: 0.6573
loss: 1.0446, acc: 0.7292, test_acc: 0.7263, f1: 0.6596
loss: 0.5618, acc: 0.7344, test_acc: 0.7373, f1: 0.6843
loss: 0.5156, acc: 0.7375, test_acc: 0.7421, f1: 0.7003
loss: 0.4064, acc: 0.7500, test_acc: 0.7421, f1: 0.6974
loss: 0.3824, acc: 0.7589, test_acc: 0.7484, f1: 0.7034
loss: 0.7561, acc: 0.7500, test_acc: 0.7373, f1: 0.6847
loss: 0.6569, acc: 0.7431, test_acc: 0.7089, f1: 0.6426
loss: 0.1828, acc: 0.7688, test_acc: 0.7263, f1: 0.6646
loss: 0.3848, acc: 0.7784, test_acc: 0.7421, f1: 0.6893
loss: 0.4636, acc: 0.7812, test_acc: 0.7421, f1: 0.6910
loss: 0.4762, acc: 0.7788, test_acc: 0.7373, f1: 0.6929
loss: 0.9302, acc: 0.7679, test_acc: 0.7247, f1: 0.6764
loss: 0.4467, acc: 0.7708, test_acc: 0.7136, f1: 0.6581
loss: 0.6052, acc: 0.7734, test_acc: 0.7373, f1: 0.6905
loss: 0.6813, acc: 0.7610, test_acc: 0.7310, f1: 0.6913
loss: 0.3577, acc: 0.7708, test_acc: 0.7231, f1: 0.6811
loss: 0.8303, acc: 0.7697, test_acc: 0.7310, f1: 0.6836
loss: 1.0105, acc: 0.7562, test_acc: 0.7199, f1: 0.6574
loss: 1.0868, acc: 0.7470, test_acc: 0.7104, f1: 0.6416
loss: 0.4367, acc: 0.7500, test_acc: 0.7342, f1: 0.6822
loss: 0.6465, acc: 0.7473, test_acc: 0.7468, f1: 0.7060
loss: 0.4466, acc: 0.7526, test_acc: 0.7627, f1: 0.7231
loss: 0.5215, acc: 0.7550, test_acc: 0.7674, f1: 0.7323
loss: 0.5338, acc: 0.7548, test_acc: 0.7358, f1: 0.6895
loss: 0.5890, acc: 0.7523, test_acc: 0.7041, f1: 0.6379
loss: 0.9350, acc: 0.7455, test_acc: 0.7104, f1: 0.6523
loss: 0.5278, acc: 0.7478, test_acc: 0.7326, f1: 0.6889
>>>>>>>>>>>>>>>>>>>>>>>>>>>>>>>>>>>>>>>>>>>>>>>>>>>>>>>>>>>>
epoch: 34
loss: 0.4911, acc: 0.6875, test_acc: 0.7500, f1: 0.7078
loss: 0.6251, acc: 0.7188, test_acc: 0.7516, f1: 0.7087
loss: 0.4693, acc: 0.7292, test_acc: 0.7421, f1: 0.6969
loss: 0.5549, acc: 0.7188, test_acc: 0.7500, f1: 0.7056
loss: 0.5298, acc: 0.7000, test_acc: 0.7453, f1: 0.7122
loss: 0.6669, acc: 0.6875, test_acc: 0.7468, f1: 0.7072
loss: 0.6100, acc: 0.6964, test_acc: 0.7421, f1: 0.6957
loss: 0.8684, acc: 0.6953, test_acc: 0.7373, f1: 0.6855
loss: 0.4335, acc: 0.7083, test_acc: 0.7278, f1: 0.6715
loss: 0.6891, acc: 0.7125, test_acc: 0.7358, f1: 0.6914
loss: 0.4625, acc: 0.7159, test_acc: 0.7421, f1: 0.6999
loss: 0.3694, acc: 0.7240, test_acc: 0.7405, f1: 0.6933
loss: 0.5463, acc: 0.7212, test_acc: 0.7247, f1: 0.6621
loss: 0.9403, acc: 0.7054, test_acc: 0.7199, f1: 0.6555
loss: 1.0407, acc: 0.7000, test_acc: 0.7326, f1: 0.6831
loss: 0.4921, acc: 0.7109, test_acc: 0.7627, f1: 0.7238
loss: 0.6917, acc: 0.7096, test_acc: 0.7500, f1: 0.7041
loss: 0.3309, acc: 0.7188, test_acc: 0.7263, f1: 0.6804
loss: 0.6566, acc: 0.7204, test_acc: 0.7184, f1: 0.6595
loss: 0.2294, acc: 0.7312, test_acc: 0.7247, f1: 0.6616
loss: 0.3355, acc: 0.7351, test_acc: 0.7421, f1: 0.6878
loss: 0.3043, acc: 0.7443, test_acc: 0.7358, f1: 0.6840
loss: 0.6261, acc: 0.7473, test_acc: 0.7453, f1: 0.7000
loss: 0.6255, acc: 0.7422, test_acc: 0.7468, f1: 0.6998
loss: 0.1656, acc: 0.7500, test_acc: 0.7247, f1: 0.6644
loss: 0.5381, acc: 0.7500, test_acc: 0.7278, f1: 0.6582
loss: 0.4003, acc: 0.7477, test_acc: 0.7358, f1: 0.6738
loss: 0.5554, acc: 0.7478, test_acc: 0.7294, f1: 0.6762
loss: 0.6301, acc: 0.7467, test_acc: 0.7421, f1: 0.7006
>>>>>>>>>>>>>>>>>>>>>>>>>>>>>>>>>>>>>>>>>>>>>>>>>>>>>>>>>>>>
epoch: 35
loss: 0.5073, acc: 0.7500, test_acc: 0.7437, f1: 0.6995
loss: 0.4879, acc: 0.7500, test_acc: 0.7373, f1: 0.6873
loss: 0.2876, acc: 0.7917, test_acc: 0.7405, f1: 0.6920
loss: 0.6718, acc: 0.7656, test_acc: 0.7373, f1: 0.6902
loss: 0.3274, acc: 0.7875, test_acc: 0.7342, f1: 0.6878
loss: 0.5343, acc: 0.7708, test_acc: 0.7247, f1: 0.6697
loss: 0.1694, acc: 0.7946, test_acc: 0.7437, f1: 0.7022
loss: 0.6433, acc: 0.7891, test_acc: 0.7532, f1: 0.7096
loss: 0.8478, acc: 0.7847, test_acc: 0.7468, f1: 0.7005
loss: 0.4875, acc: 0.7937, test_acc: 0.7437, f1: 0.6993
loss: 0.6148, acc: 0.7898, test_acc: 0.7310, f1: 0.6743
loss: 0.2774, acc: 0.7969, test_acc: 0.7215, f1: 0.6573
loss: 0.3796, acc: 0.8029, test_acc: 0.7057, f1: 0.6349
loss: 0.4512, acc: 0.8036, test_acc: 0.7263, f1: 0.6725
loss: 0.5200, acc: 0.8000, test_acc: 0.7484, f1: 0.7051
loss: 0.2734, acc: 0.8047, test_acc: 0.7500, f1: 0.7029
loss: 0.7431, acc: 0.7941, test_acc: 0.7358, f1: 0.6709
loss: 0.5582, acc: 0.7951, test_acc: 0.7468, f1: 0.6904
loss: 0.9363, acc: 0.7895, test_acc: 0.7310, f1: 0.6820
loss: 0.9349, acc: 0.7719, test_acc: 0.7453, f1: 0.7031
loss: 0.4183, acc: 0.7738, test_acc: 0.7373, f1: 0.6908
loss: 0.7767, acc: 0.7699, test_acc: 0.7389, f1: 0.6913
loss: 0.6778, acc: 0.7636, test_acc: 0.7294, f1: 0.6830
loss: 0.3054, acc: 0.7682, test_acc: 0.7342, f1: 0.6865
loss: 0.6677, acc: 0.7650, test_acc: 0.7247, f1: 0.6658
loss: 0.7157, acc: 0.7620, test_acc: 0.7247, f1: 0.6547
loss: 0.2826, acc: 0.7662, test_acc: 0.7405, f1: 0.6834
loss: 0.3985, acc: 0.7701, test_acc: 0.7421, f1: 0.7062
>>>>>>>>>>>>>>>>>>>>>>>>>>>>>>>>>>>>>>>>>>>>>>>>>>>>>>>>>>>>
epoch: 36
loss: 0.5037, acc: 0.7500, test_acc: 0.7373, f1: 0.7021
loss: 0.3244, acc: 0.8125, test_acc: 0.7421, f1: 0.6932
loss: 0.4296, acc: 0.8333, test_acc: 0.7373, f1: 0.6835
loss: 0.2272, acc: 0.8281, test_acc: 0.7294, f1: 0.6699
loss: 0.3941, acc: 0.8125, test_acc: 0.7342, f1: 0.6796
loss: 0.4065, acc: 0.8125, test_acc: 0.7294, f1: 0.6876
loss: 0.1509, acc: 0.8393, test_acc: 0.6962, f1: 0.6646
loss: 0.3552, acc: 0.8438, test_acc: 0.7421, f1: 0.7047
loss: 0.1909, acc: 0.8472, test_acc: 0.7405, f1: 0.6917
loss: 0.3291, acc: 0.8438, test_acc: 0.7310, f1: 0.6754
loss: 0.6965, acc: 0.8295, test_acc: 0.7057, f1: 0.6193
loss: 0.3786, acc: 0.8281, test_acc: 0.7215, f1: 0.6313
loss: 0.7464, acc: 0.8173, test_acc: 0.7168, f1: 0.6444
loss: 0.4686, acc: 0.8170, test_acc: 0.7342, f1: 0.6855
loss: 0.4727, acc: 0.8208, test_acc: 0.7468, f1: 0.6960
loss: 0.4233, acc: 0.8203, test_acc: 0.7136, f1: 0.6445
loss: 0.9618, acc: 0.8051, test_acc: 0.7294, f1: 0.6645
loss: 0.4665, acc: 0.8056, test_acc: 0.7389, f1: 0.6857
loss: 0.5588, acc: 0.8059, test_acc: 0.7263, f1: 0.6818
loss: 0.2719, acc: 0.8156, test_acc: 0.7184, f1: 0.6731
loss: 0.7607, acc: 0.8095, test_acc: 0.7294, f1: 0.6695
loss: 0.3942, acc: 0.8125, test_acc: 0.7231, f1: 0.6613
loss: 0.2176, acc: 0.8179, test_acc: 0.7358, f1: 0.6877
loss: 1.0056, acc: 0.8073, test_acc: 0.7294, f1: 0.6779
loss: 0.3116, acc: 0.8100, test_acc: 0.7294, f1: 0.6706
loss: 0.2267, acc: 0.8149, test_acc: 0.7294, f1: 0.6677
loss: 0.6647, acc: 0.8125, test_acc: 0.7326, f1: 0.6902
loss: 0.8335, acc: 0.8080, test_acc: 0.7468, f1: 0.7039
loss: 0.4121, acc: 0.8060, test_acc: 0.7310, f1: 0.6772
>>>>>>>>>>>>>>>>>>>>>>>>>>>>>>>>>>>>>>>>>>>>>>>>>>>>>>>>>>>>
epoch: 37
loss: 0.2304, acc: 0.9375, test_acc: 0.7294, f1: 0.6707
loss: 0.1900, acc: 0.9375, test_acc: 0.7310, f1: 0.6737
loss: 0.6468, acc: 0.8750, test_acc: 0.7342, f1: 0.6801
loss: 0.4979, acc: 0.8438, test_acc: 0.7310, f1: 0.6793
loss: 0.3470, acc: 0.8500, test_acc: 0.7342, f1: 0.6828
loss: 0.5980, acc: 0.8333, test_acc: 0.7437, f1: 0.6943
loss: 0.7490, acc: 0.8304, test_acc: 0.7484, f1: 0.6978
loss: 0.5329, acc: 0.8281, test_acc: 0.7326, f1: 0.6747
loss: 0.5525, acc: 0.8264, test_acc: 0.6994, f1: 0.6126
loss: 0.7372, acc: 0.8063, test_acc: 0.6930, f1: 0.6004
loss: 0.6551, acc: 0.8011, test_acc: 0.6962, f1: 0.6104
loss: 0.5280, acc: 0.8021, test_acc: 0.6978, f1: 0.6494
loss: 0.5859, acc: 0.7933, test_acc: 0.7468, f1: 0.7082
loss: 0.4206, acc: 0.7991, test_acc: 0.7579, f1: 0.7126
loss: 0.5671, acc: 0.8000, test_acc: 0.7294, f1: 0.6676
loss: 0.6033, acc: 0.8008, test_acc: 0.7278, f1: 0.6707
loss: 0.5161, acc: 0.7978, test_acc: 0.7326, f1: 0.6796
loss: 0.3246, acc: 0.8021, test_acc: 0.7373, f1: 0.6985
loss: 0.8829, acc: 0.7895, test_acc: 0.7389, f1: 0.6965
loss: 0.3630, acc: 0.7937, test_acc: 0.7358, f1: 0.6959
loss: 0.3030, acc: 0.8006, test_acc: 0.7500, f1: 0.7028
loss: 0.8555, acc: 0.7955, test_acc: 0.7215, f1: 0.6509
loss: 0.7727, acc: 0.7908, test_acc: 0.7453, f1: 0.6963
loss: 0.3963, acc: 0.7891, test_acc: 0.7231, f1: 0.6880
loss: 0.5642, acc: 0.7900, test_acc: 0.7247, f1: 0.6852
loss: 0.2562, acc: 0.7957, test_acc: 0.7215, f1: 0.6594
loss: 0.2871, acc: 0.8009, test_acc: 0.7184, f1: 0.6589
loss: 0.3937, acc: 0.8036, test_acc: 0.7342, f1: 0.6821
>>>>>>>>>>>>>>>>>>>>>>>>>>>>>>>>>>>>>>>>>>>>>>>>>>>>>>>>>>>>
epoch: 38
loss: 0.6872, acc: 0.8125, test_acc: 0.7468, f1: 0.7014
loss: 0.4518, acc: 0.8125, test_acc: 0.7373, f1: 0.6932
loss: 0.3308, acc: 0.8333, test_acc: 0.7326, f1: 0.6842
loss: 0.5755, acc: 0.7969, test_acc: 0.7373, f1: 0.6897
loss: 0.2949, acc: 0.8125, test_acc: 0.7437, f1: 0.6998
loss: 0.4466, acc: 0.8229, test_acc: 0.7294, f1: 0.6771
loss: 0.5352, acc: 0.8125, test_acc: 0.7326, f1: 0.6756
loss: 0.1862, acc: 0.8281, test_acc: 0.7120, f1: 0.6389
loss: 0.4899, acc: 0.8194, test_acc: 0.7025, f1: 0.6250
loss: 0.4292, acc: 0.8125, test_acc: 0.7263, f1: 0.6630
loss: 0.6197, acc: 0.8011, test_acc: 0.7168, f1: 0.6581
loss: 0.6999, acc: 0.7917, test_acc: 0.7184, f1: 0.6671
loss: 0.3996, acc: 0.7933, test_acc: 0.7247, f1: 0.6738
loss: 0.3805, acc: 0.7946, test_acc: 0.7215, f1: 0.6661
loss: 0.5315, acc: 0.7917, test_acc: 0.7247, f1: 0.6721
loss: 0.2371, acc: 0.8008, test_acc: 0.7184, f1: 0.6627
loss: 0.4820, acc: 0.7978, test_acc: 0.7199, f1: 0.6620
loss: 0.6790, acc: 0.7917, test_acc: 0.7215, f1: 0.6652
loss: 0.4784, acc: 0.7928, test_acc: 0.7184, f1: 0.6672
loss: 0.3993, acc: 0.7969, test_acc: 0.7247, f1: 0.6742
loss: 0.6255, acc: 0.7917, test_acc: 0.7373, f1: 0.6947
loss: 0.4720, acc: 0.7926, test_acc: 0.7484, f1: 0.7115
loss: 0.3789, acc: 0.7935, test_acc: 0.7199, f1: 0.6731
loss: 0.6578, acc: 0.7943, test_acc: 0.6962, f1: 0.6307
loss: 0.8001, acc: 0.7875, test_acc: 0.6962, f1: 0.6242
loss: 0.4878, acc: 0.7861, test_acc: 0.7215, f1: 0.6653
loss: 0.8298, acc: 0.7824, test_acc: 0.7453, f1: 0.7042
loss: 0.3419, acc: 0.7879, test_acc: 0.7453, f1: 0.7031
loss: 0.5559, acc: 0.7866, test_acc: 0.7310, f1: 0.6769
>>>>>>>>>>>>>>>>>>>>>>>>>>>>>>>>>>>>>>>>>>>>>>>>>>>>>>>>>>>>
epoch: 39
loss: 0.4342, acc: 0.8125, test_acc: 0.7136, f1: 0.6586
loss: 0.7301, acc: 0.7188, test_acc: 0.6994, f1: 0.6424
loss: 0.9653, acc: 0.6667, test_acc: 0.7136, f1: 0.6552
loss: 0.6277, acc: 0.6719, test_acc: 0.7326, f1: 0.6725
loss: 0.5965, acc: 0.6875, test_acc: 0.7231, f1: 0.6555
loss: 0.7984, acc: 0.6771, test_acc: 0.7294, f1: 0.6720
loss: 0.2823, acc: 0.7054, test_acc: 0.7342, f1: 0.6810
loss: 0.3960, acc: 0.7188, test_acc: 0.7278, f1: 0.6728
loss: 0.6224, acc: 0.7292, test_acc: 0.7294, f1: 0.6750
loss: 0.8311, acc: 0.7188, test_acc: 0.7373, f1: 0.6888
loss: 0.4539, acc: 0.7216, test_acc: 0.7104, f1: 0.6505
loss: 0.5271, acc: 0.7292, test_acc: 0.7373, f1: 0.6909
loss: 0.5606, acc: 0.7308, test_acc: 0.7278, f1: 0.6876
loss: 0.2893, acc: 0.7411, test_acc: 0.6883, f1: 0.6477
loss: 0.6004, acc: 0.7417, test_acc: 0.7025, f1: 0.6485
loss: 0.3795, acc: 0.7500, test_acc: 0.7231, f1: 0.6696
loss: 0.4173, acc: 0.7537, test_acc: 0.7247, f1: 0.6715
loss: 0.4350, acc: 0.7569, test_acc: 0.7168, f1: 0.6576
loss: 0.2070, acc: 0.7664, test_acc: 0.7199, f1: 0.6609
loss: 0.2666, acc: 0.7750, test_acc: 0.7263, f1: 0.6704
loss: 0.5306, acc: 0.7738, test_acc: 0.7184, f1: 0.6614
loss: 0.4911, acc: 0.7756, test_acc: 0.7263, f1: 0.6783
loss: 0.7216, acc: 0.7772, test_acc: 0.7025, f1: 0.6581
loss: 0.7593, acc: 0.7656, test_acc: 0.7215, f1: 0.6703
loss: 0.6539, acc: 0.7650, test_acc: 0.7278, f1: 0.6767
loss: 0.5720, acc: 0.7668, test_acc: 0.7342, f1: 0.6817
loss: 0.4855, acc: 0.7731, test_acc: 0.7263, f1: 0.6723
loss: 0.2607, acc: 0.7768, test_acc: 0.7152, f1: 0.6558
loss: 0.4785, acc: 0.7751, test_acc: 0.7120, f1: 0.6507
>>>>>>>>>>>>>>>>>>>>>>>>>>>>>>>>>>>>>>>>>>>>>>>>>>>>>>>>>>>>
epoch: 40
loss: 0.4767, acc: 0.6875, test_acc: 0.7184, f1: 0.6556
loss: 0.5269, acc: 0.7812, test_acc: 0.7358, f1: 0.6771
loss: 0.4834, acc: 0.7917, test_acc: 0.7373, f1: 0.6946
loss: 0.5595, acc: 0.7812, test_acc: 0.7168, f1: 0.6783
loss: 1.2169, acc: 0.7125, test_acc: 0.7342, f1: 0.6959
loss: 0.3772, acc: 0.7500, test_acc: 0.7278, f1: 0.6676
loss: 0.9256, acc: 0.7411, test_acc: 0.7009, f1: 0.6107
loss: 0.4771, acc: 0.7422, test_acc: 0.7120, f1: 0.6395
loss: 0.4995, acc: 0.7569, test_acc: 0.7342, f1: 0.6861
loss: 0.4854, acc: 0.7625, test_acc: 0.7294, f1: 0.6803
loss: 0.4372, acc: 0.7614, test_acc: 0.7484, f1: 0.7038
loss: 0.5646, acc: 0.7656, test_acc: 0.7500, f1: 0.7081
loss: 0.2857, acc: 0.7740, test_acc: 0.7263, f1: 0.6716
loss: 0.6085, acc: 0.7768, test_acc: 0.7199, f1: 0.6667
loss: 0.5629, acc: 0.7667, test_acc: 0.7547, f1: 0.7123
loss: 0.4901, acc: 0.7656, test_acc: 0.7611, f1: 0.7116
loss: 0.8655, acc: 0.7574, test_acc: 0.7453, f1: 0.6958
loss: 0.3855, acc: 0.7639, test_acc: 0.7532, f1: 0.7148
loss: 0.5301, acc: 0.7632, test_acc: 0.7310, f1: 0.6890
loss: 0.5662, acc: 0.7656, test_acc: 0.7453, f1: 0.7063
loss: 0.5556, acc: 0.7649, test_acc: 0.7342, f1: 0.6835
loss: 0.5025, acc: 0.7670, test_acc: 0.7342, f1: 0.6813
loss: 0.9749, acc: 0.7582, test_acc: 0.7310, f1: 0.6792
loss: 0.3883, acc: 0.7630, test_acc: 0.7136, f1: 0.6656
loss: 0.7101, acc: 0.7625, test_acc: 0.7215, f1: 0.6707
loss: 0.2777, acc: 0.7692, test_acc: 0.7389, f1: 0.6915
loss: 0.3208, acc: 0.7708, test_acc: 0.7532, f1: 0.7013
loss: 0.3289, acc: 0.7746, test_acc: 0.7421, f1: 0.6917
>>>>>>>>>>>>>>>>>>>>>>>>>>>>>>>>>>>>>>>>>>>>>>>>>>>>>>>>>>>>
epoch: 41
loss: 0.5567, acc: 0.7500, test_acc: 0.7073, f1: 0.6413
loss: 0.6251, acc: 0.6875, test_acc: 0.7025, f1: 0.6329
loss: 0.7381, acc: 0.6875, test_acc: 0.7294, f1: 0.6791
loss: 0.3759, acc: 0.7188, test_acc: 0.7358, f1: 0.6901
loss: 0.8866, acc: 0.7000, test_acc: 0.7421, f1: 0.6999
loss: 0.3544, acc: 0.7188, test_acc: 0.7342, f1: 0.6773
loss: 0.3750, acc: 0.7411, test_acc: 0.7104, f1: 0.6308
loss: 0.5863, acc: 0.7422, test_acc: 0.7089, f1: 0.6226
loss: 0.6551, acc: 0.7500, test_acc: 0.7278, f1: 0.6646
loss: 0.1519, acc: 0.7750, test_acc: 0.7611, f1: 0.7193
loss: 0.2040, acc: 0.7898, test_acc: 0.7627, f1: 0.7273
loss: 0.4605, acc: 0.7969, test_acc: 0.7278, f1: 0.6799
loss: 0.2589, acc: 0.8077, test_acc: 0.7168, f1: 0.6678
loss: 0.6561, acc: 0.7991, test_acc: 0.7104, f1: 0.6404
loss: 0.6840, acc: 0.7917, test_acc: 0.7199, f1: 0.6407
loss: 0.4456, acc: 0.7891, test_acc: 0.7215, f1: 0.6485
loss: 0.5217, acc: 0.7904, test_acc: 0.7358, f1: 0.6780
loss: 0.4513, acc: 0.7951, test_acc: 0.7405, f1: 0.6988
loss: 0.3966, acc: 0.7928, test_acc: 0.7136, f1: 0.6628
loss: 0.3854, acc: 0.7937, test_acc: 0.7247, f1: 0.6624
loss: 0.2538, acc: 0.8036, test_acc: 0.7421, f1: 0.6870
loss: 0.4453, acc: 0.8068, test_acc: 0.7405, f1: 0.6879
loss: 0.5338, acc: 0.8071, test_acc: 0.7389, f1: 0.6893
loss: 0.5106, acc: 0.8021, test_acc: 0.7468, f1: 0.7102
loss: 0.9316, acc: 0.7975, test_acc: 0.7294, f1: 0.6796
loss: 0.5184, acc: 0.7957, test_acc: 0.7263, f1: 0.6639
loss: 0.7612, acc: 0.7917, test_acc: 0.7247, f1: 0.6621
loss: 0.6590, acc: 0.7902, test_acc: 0.7278, f1: 0.6700
loss: 0.4898, acc: 0.7909, test_acc: 0.7389, f1: 0.6916
>>>>>>>>>>>>>>>>>>>>>>>>>>>>>>>>>>>>>>>>>>>>>>>>>>>>>>>>>>>>
epoch: 42
loss: 0.1952, acc: 1.0000, test_acc: 0.7310, f1: 0.6923
loss: 0.6353, acc: 0.8438, test_acc: 0.7326, f1: 0.6897
loss: 0.2988, acc: 0.8750, test_acc: 0.7310, f1: 0.6894
loss: 0.5731, acc: 0.8438, test_acc: 0.7120, f1: 0.6637
loss: 0.7204, acc: 0.8125, test_acc: 0.7231, f1: 0.6729
loss: 0.3673, acc: 0.8229, test_acc: 0.7278, f1: 0.6622
loss: 0.4087, acc: 0.8304, test_acc: 0.7358, f1: 0.6854
loss: 0.5619, acc: 0.8203, test_acc: 0.7342, f1: 0.6972
loss: 0.4330, acc: 0.8264, test_acc: 0.7247, f1: 0.6925
loss: 0.3840, acc: 0.8250, test_acc: 0.7168, f1: 0.6807
loss: 0.4405, acc: 0.8182, test_acc: 0.7389, f1: 0.6949
loss: 0.9009, acc: 0.7969, test_acc: 0.7263, f1: 0.6628
loss: 0.2138, acc: 0.8029, test_acc: 0.7278, f1: 0.6619
loss: 0.5393, acc: 0.8036, test_acc: 0.7168, f1: 0.6536
loss: 0.5498, acc: 0.8042, test_acc: 0.7152, f1: 0.6590
loss: 0.7015, acc: 0.8008, test_acc: 0.7326, f1: 0.6692
loss: 0.8153, acc: 0.7941, test_acc: 0.7294, f1: 0.6657
loss: 0.7951, acc: 0.7882, test_acc: 0.7437, f1: 0.6971
loss: 0.4858, acc: 0.7928, test_acc: 0.7025, f1: 0.6479
loss: 0.2857, acc: 0.7969, test_acc: 0.6804, f1: 0.6179
loss: 0.6176, acc: 0.7946, test_acc: 0.7057, f1: 0.6480
loss: 0.5719, acc: 0.7898, test_acc: 0.7326, f1: 0.6856
loss: 0.3616, acc: 0.7908, test_acc: 0.7421, f1: 0.6935
loss: 0.2468, acc: 0.7969, test_acc: 0.7231, f1: 0.6595
loss: 0.5364, acc: 0.7975, test_acc: 0.7231, f1: 0.6575
loss: 0.6437, acc: 0.7981, test_acc: 0.7278, f1: 0.6700
loss: 0.3087, acc: 0.7986, test_acc: 0.7294, f1: 0.6755
loss: 0.4145, acc: 0.7969, test_acc: 0.7294, f1: 0.6749
>>>>>>>>>>>>>>>>>>>>>>>>>>>>>>>>>>>>>>>>>>>>>>>>>>>>>>>>>>>>
epoch: 43
loss: 0.6017, acc: 0.7500, test_acc: 0.7310, f1: 0.6761
loss: 0.7936, acc: 0.7500, test_acc: 0.7089, f1: 0.6437
loss: 0.4047, acc: 0.7500, test_acc: 0.7168, f1: 0.6583
loss: 0.6620, acc: 0.7500, test_acc: 0.7500, f1: 0.7029
loss: 0.5726, acc: 0.7625, test_acc: 0.7595, f1: 0.7155
loss: 0.7369, acc: 0.7500, test_acc: 0.7611, f1: 0.7259
loss: 0.5457, acc: 0.7500, test_acc: 0.7563, f1: 0.7107
loss: 0.4937, acc: 0.7500, test_acc: 0.7231, f1: 0.6609
loss: 0.5433, acc: 0.7569, test_acc: 0.7247, f1: 0.6667
loss: 0.3002, acc: 0.7750, test_acc: 0.7294, f1: 0.6910
loss: 0.3425, acc: 0.7784, test_acc: 0.7009, f1: 0.6627
loss: 0.2262, acc: 0.7917, test_acc: 0.7184, f1: 0.6717
loss: 0.5216, acc: 0.7837, test_acc: 0.7453, f1: 0.6988
loss: 0.7151, acc: 0.7857, test_acc: 0.7278, f1: 0.6686
loss: 0.3044, acc: 0.7917, test_acc: 0.7073, f1: 0.6487
loss: 0.2830, acc: 0.7969, test_acc: 0.7057, f1: 0.6440
loss: 0.2779, acc: 0.8051, test_acc: 0.7342, f1: 0.6803
loss: 0.9918, acc: 0.7986, test_acc: 0.7373, f1: 0.6820
loss: 0.3378, acc: 0.8059, test_acc: 0.7278, f1: 0.6848
loss: 0.2095, acc: 0.8125, test_acc: 0.7310, f1: 0.6785
loss: 0.3139, acc: 0.8155, test_acc: 0.7104, f1: 0.6448
loss: 0.7656, acc: 0.8125, test_acc: 0.7247, f1: 0.6676
loss: 0.6710, acc: 0.8098, test_acc: 0.7468, f1: 0.6951
loss: 0.4494, acc: 0.8099, test_acc: 0.7389, f1: 0.6826
loss: 0.8472, acc: 0.8000, test_acc: 0.7421, f1: 0.6901
loss: 0.6785, acc: 0.7933, test_acc: 0.7231, f1: 0.6521
loss: 0.6193, acc: 0.7940, test_acc: 0.7104, f1: 0.6309
loss: 0.6818, acc: 0.7924, test_acc: 0.7199, f1: 0.6566
loss: 0.7674, acc: 0.7845, test_acc: 0.7358, f1: 0.6829
>>>>>>>>>>>>>>>>>>>>>>>>>>>>>>>>>>>>>>>>>>>>>>>>>>>>>>>>>>>>
epoch: 44
loss: 0.5053, acc: 0.7500, test_acc: 0.7294, f1: 0.6715
loss: 0.2804, acc: 0.8438, test_acc: 0.7453, f1: 0.6927
loss: 0.5612, acc: 0.8125, test_acc: 0.7500, f1: 0.7037
loss: 0.6078, acc: 0.7812, test_acc: 0.7500, f1: 0.7082
loss: 0.3033, acc: 0.8000, test_acc: 0.7532, f1: 0.7127
loss: 0.3903, acc: 0.8021, test_acc: 0.7453, f1: 0.6979
loss: 0.6162, acc: 0.7946, test_acc: 0.7231, f1: 0.6656
loss: 0.4380, acc: 0.8047, test_acc: 0.7263, f1: 0.6615
loss: 0.4835, acc: 0.8056, test_acc: 0.7263, f1: 0.6631
loss: 0.4584, acc: 0.8063, test_acc: 0.7326, f1: 0.6811
loss: 0.5294, acc: 0.8011, test_acc: 0.7294, f1: 0.6787
loss: 0.5575, acc: 0.7969, test_acc: 0.7310, f1: 0.6798
loss: 0.3696, acc: 0.7933, test_acc: 0.7342, f1: 0.6720
loss: 0.4291, acc: 0.7946, test_acc: 0.7215, f1: 0.6545
loss: 0.7820, acc: 0.7875, test_acc: 0.7199, f1: 0.6561
loss: 0.3180, acc: 0.7930, test_acc: 0.7373, f1: 0.6870
loss: 0.8030, acc: 0.7831, test_acc: 0.7500, f1: 0.7091
loss: 0.2769, acc: 0.7917, test_acc: 0.7405, f1: 0.7008
loss: 0.5714, acc: 0.7928, test_acc: 0.7310, f1: 0.6833
loss: 0.6752, acc: 0.7937, test_acc: 0.7073, f1: 0.6357
loss: 0.5392, acc: 0.7887, test_acc: 0.7057, f1: 0.6308
loss: 0.4530, acc: 0.7926, test_acc: 0.7231, f1: 0.6654
loss: 0.8906, acc: 0.7853, test_acc: 0.7421, f1: 0.6982
loss: 0.5087, acc: 0.7865, test_acc: 0.7421, f1: 0.6951
loss: 0.9486, acc: 0.7775, test_acc: 0.7310, f1: 0.6776
loss: 0.5604, acc: 0.7740, test_acc: 0.7373, f1: 0.6871
loss: 0.4848, acc: 0.7755, test_acc: 0.7421, f1: 0.6993
loss: 0.3390, acc: 0.7790, test_acc: 0.7421, f1: 0.6961
loss: 0.3814, acc: 0.7817, test_acc: 0.7358, f1: 0.6896
>>>>>>>>>>>>>>>>>>>>>>>>>>>>>>>>>>>>>>>>>>>>>>>>>>>>>>>>>>>>
epoch: 45
loss: 0.4634, acc: 0.8750, test_acc: 0.7310, f1: 0.6798
loss: 0.7045, acc: 0.8125, test_acc: 0.7231, f1: 0.6658
loss: 0.2470, acc: 0.8542, test_acc: 0.7389, f1: 0.6923
loss: 0.4891, acc: 0.8438, test_acc: 0.7532, f1: 0.7100
loss: 0.3782, acc: 0.8500, test_acc: 0.7516, f1: 0.7081
loss: 0.2009, acc: 0.8646, test_acc: 0.7310, f1: 0.6724
loss: 0.6777, acc: 0.8482, test_acc: 0.7089, f1: 0.6378
loss: 0.2626, acc: 0.8594, test_acc: 0.7326, f1: 0.6741
loss: 0.6745, acc: 0.8403, test_acc: 0.7500, f1: 0.7056
loss: 0.5307, acc: 0.8375, test_acc: 0.7516, f1: 0.7116
loss: 0.3999, acc: 0.8352, test_acc: 0.7642, f1: 0.7275
loss: 0.2509, acc: 0.8385, test_acc: 0.7484, f1: 0.7129
loss: 0.2973, acc: 0.8413, test_acc: 0.7294, f1: 0.6779
loss: 0.5656, acc: 0.8393, test_acc: 0.7437, f1: 0.6879
loss: 0.5340, acc: 0.8417, test_acc: 0.7263, f1: 0.6634
loss: 0.2482, acc: 0.8477, test_acc: 0.7500, f1: 0.7064
loss: 0.3953, acc: 0.8382, test_acc: 0.7611, f1: 0.7227
loss: 0.2478, acc: 0.8472, test_acc: 0.7658, f1: 0.7290
loss: 0.5479, acc: 0.8421, test_acc: 0.7484, f1: 0.6960
loss: 0.7299, acc: 0.8406, test_acc: 0.7437, f1: 0.6876
loss: 1.1248, acc: 0.8304, test_acc: 0.7484, f1: 0.6994
loss: 0.6395, acc: 0.8267, test_acc: 0.7532, f1: 0.7136
loss: 0.5668, acc: 0.8234, test_acc: 0.7658, f1: 0.7282
loss: 0.4453, acc: 0.8203, test_acc: 0.7500, f1: 0.7013
loss: 0.5314, acc: 0.8200, test_acc: 0.7358, f1: 0.6824
loss: 0.3914, acc: 0.8221, test_acc: 0.7342, f1: 0.6734
loss: 0.5827, acc: 0.8171, test_acc: 0.7358, f1: 0.6746
loss: 0.9251, acc: 0.8080, test_acc: 0.7484, f1: 0.7033
>>>>>>>>>>>>>>>>>>>>>>>>>>>>>>>>>>>>>>>>>>>>>>>>>>>>>>>>>>>>
epoch: 46
loss: 0.3365, acc: 0.9375, test_acc: 0.7627, f1: 0.7286
loss: 0.7144, acc: 0.8438, test_acc: 0.7611, f1: 0.7192
loss: 0.3706, acc: 0.8333, test_acc: 0.7658, f1: 0.7251
loss: 0.5378, acc: 0.8281, test_acc: 0.6962, f1: 0.6339
loss: 0.3590, acc: 0.8250, test_acc: 0.7120, f1: 0.6427
loss: 0.5893, acc: 0.8125, test_acc: 0.7278, f1: 0.6626
loss: 0.3302, acc: 0.8393, test_acc: 0.7563, f1: 0.7120
loss: 0.6329, acc: 0.8203, test_acc: 0.7468, f1: 0.6978
loss: 0.4467, acc: 0.8264, test_acc: 0.7405, f1: 0.6777
loss: 0.1978, acc: 0.8375, test_acc: 0.7405, f1: 0.6824
loss: 0.1566, acc: 0.8523, test_acc: 0.7310, f1: 0.6709
loss: 0.3414, acc: 0.8594, test_acc: 0.7453, f1: 0.6966
loss: 0.7996, acc: 0.8365, test_acc: 0.7484, f1: 0.7078
loss: 0.5942, acc: 0.8259, test_acc: 0.7421, f1: 0.6919
loss: 0.4112, acc: 0.8333, test_acc: 0.7136, f1: 0.6405
loss: 0.4504, acc: 0.8320, test_acc: 0.7199, f1: 0.6542
loss: 0.3024, acc: 0.8382, test_acc: 0.7421, f1: 0.7078
loss: 0.6679, acc: 0.8368, test_acc: 0.7310, f1: 0.6965
loss: 0.6579, acc: 0.8322, test_acc: 0.7437, f1: 0.7034
loss: 0.4185, acc: 0.8344, test_acc: 0.7184, f1: 0.6404
loss: 0.7346, acc: 0.8304, test_acc: 0.7184, f1: 0.6390
loss: 0.4805, acc: 0.8295, test_acc: 0.7104, f1: 0.6600
loss: 1.0500, acc: 0.8179, test_acc: 0.7089, f1: 0.6728
loss: 0.1577, acc: 0.8255, test_acc: 0.7547, f1: 0.7241
loss: 0.3248, acc: 0.8275, test_acc: 0.7373, f1: 0.6856
loss: 0.4478, acc: 0.8293, test_acc: 0.7184, f1: 0.6425
loss: 0.5530, acc: 0.8241, test_acc: 0.7168, f1: 0.6445
loss: 0.3021, acc: 0.8237, test_acc: 0.7199, f1: 0.6530
loss: 0.4727, acc: 0.8233, test_acc: 0.7373, f1: 0.6858
>>>>>>>>>>>>>>>>>>>>>>>>>>>>>>>>>>>>>>>>>>>>>>>>>>>>>>>>>>>>
epoch: 47
loss: 0.7972, acc: 0.6875, test_acc: 0.7532, f1: 0.7096
loss: 0.9497, acc: 0.6250, test_acc: 0.7421, f1: 0.6954
loss: 0.7271, acc: 0.6250, test_acc: 0.7278, f1: 0.6777
loss: 0.3449, acc: 0.6875, test_acc: 0.7089, f1: 0.6529
loss: 0.6033, acc: 0.6750, test_acc: 0.7120, f1: 0.6504
loss: 0.5381, acc: 0.6979, test_acc: 0.7199, f1: 0.6498
loss: 0.5025, acc: 0.7054, test_acc: 0.7263, f1: 0.6685
loss: 0.9993, acc: 0.6875, test_acc: 0.7468, f1: 0.7063
loss: 0.8891, acc: 0.7014, test_acc: 0.7468, f1: 0.7107
loss: 0.2218, acc: 0.7250, test_acc: 0.7421, f1: 0.6939
loss: 0.4742, acc: 0.7273, test_acc: 0.7358, f1: 0.6770
loss: 0.3667, acc: 0.7396, test_acc: 0.7627, f1: 0.7206
loss: 0.3187, acc: 0.7548, test_acc: 0.7674, f1: 0.7318
loss: 0.3966, acc: 0.7545, test_acc: 0.7326, f1: 0.6820
loss: 0.3652, acc: 0.7625, test_acc: 0.7247, f1: 0.6550
loss: 0.6275, acc: 0.7617, test_acc: 0.7215, f1: 0.6550
loss: 0.7373, acc: 0.7610, test_acc: 0.7310, f1: 0.6775
loss: 0.1976, acc: 0.7708, test_acc: 0.7405, f1: 0.6942
loss: 0.5254, acc: 0.7697, test_acc: 0.7516, f1: 0.7079
loss: 0.3350, acc: 0.7719, test_acc: 0.7547, f1: 0.7153
loss: 0.4838, acc: 0.7768, test_acc: 0.7595, f1: 0.7236
loss: 0.6563, acc: 0.7727, test_acc: 0.7421, f1: 0.6967
loss: 0.7054, acc: 0.7663, test_acc: 0.7263, f1: 0.6601
loss: 0.5301, acc: 0.7656, test_acc: 0.7168, f1: 0.6442
loss: 0.5627, acc: 0.7675, test_acc: 0.7247, f1: 0.6578
loss: 0.6505, acc: 0.7668, test_acc: 0.7342, f1: 0.6825
loss: 0.6732, acc: 0.7685, test_acc: 0.7294, f1: 0.6870
loss: 0.6525, acc: 0.7679, test_acc: 0.7389, f1: 0.6993
>>>>>>>>>>>>>>>>>>>>>>>>>>>>>>>>>>>>>>>>>>>>>>>>>>>>>>>>>>>>
epoch: 48
loss: 0.5357, acc: 0.7500, test_acc: 0.7263, f1: 0.6775
loss: 0.6330, acc: 0.7500, test_acc: 0.7294, f1: 0.6749
loss: 0.4287, acc: 0.7708, test_acc: 0.7263, f1: 0.6725
loss: 0.5093, acc: 0.7500, test_acc: 0.7278, f1: 0.6681
loss: 0.2536, acc: 0.7875, test_acc: 0.7358, f1: 0.6776
loss: 0.9269, acc: 0.7604, test_acc: 0.7468, f1: 0.6995
loss: 0.7315, acc: 0.7589, test_acc: 0.7500, f1: 0.7125
loss: 0.4349, acc: 0.7578, test_acc: 0.7547, f1: 0.7160
loss: 0.7341, acc: 0.7500, test_acc: 0.7405, f1: 0.6903
loss: 0.3480, acc: 0.7625, test_acc: 0.7247, f1: 0.6637
loss: 0.8501, acc: 0.7557, test_acc: 0.7294, f1: 0.6606
loss: 0.3010, acc: 0.7708, test_acc: 0.7215, f1: 0.6628
loss: 0.3264, acc: 0.7788, test_acc: 0.7231, f1: 0.6712
loss: 0.5161, acc: 0.7857, test_acc: 0.7405, f1: 0.6989
loss: 0.4943, acc: 0.7875, test_acc: 0.7516, f1: 0.7156
loss: 0.3202, acc: 0.7969, test_acc: 0.7547, f1: 0.7167
loss: 0.4359, acc: 0.7941, test_acc: 0.7421, f1: 0.6979
loss: 0.5710, acc: 0.7882, test_acc: 0.7342, f1: 0.6816
loss: 0.5552, acc: 0.7928, test_acc: 0.7168, f1: 0.6519
loss: 0.7124, acc: 0.7875, test_acc: 0.7342, f1: 0.6763
loss: 0.7136, acc: 0.7827, test_acc: 0.7547, f1: 0.7151
loss: 0.4586, acc: 0.7869, test_acc: 0.7547, f1: 0.7125
loss: 0.1610, acc: 0.7962, test_acc: 0.7310, f1: 0.6725
loss: 0.5989, acc: 0.7891, test_acc: 0.7231, f1: 0.6597
loss: 0.2244, acc: 0.7925, test_acc: 0.7263, f1: 0.6758
loss: 1.0187, acc: 0.7812, test_acc: 0.7263, f1: 0.6863
loss: 0.5565, acc: 0.7847, test_acc: 0.7437, f1: 0.7051
loss: 0.5152, acc: 0.7835, test_acc: 0.7437, f1: 0.6987
loss: 0.5335, acc: 0.7845, test_acc: 0.7294, f1: 0.6780
>>>>>>>>>>>>>>>>>>>>>>>>>>>>>>>>>>>>>>>>>>>>>>>>>>>>>>>>>>>>
epoch: 49
loss: 0.4797, acc: 0.8125, test_acc: 0.7421, f1: 0.6961
loss: 0.3681, acc: 0.8125, test_acc: 0.7389, f1: 0.6938
loss: 0.4808, acc: 0.8125, test_acc: 0.7389, f1: 0.7003
loss: 0.7565, acc: 0.7812, test_acc: 0.7373, f1: 0.6979
loss: 0.3829, acc: 0.8000, test_acc: 0.7358, f1: 0.6968
loss: 0.1420, acc: 0.8333, test_acc: 0.7358, f1: 0.6911
loss: 0.6280, acc: 0.8304, test_acc: 0.7247, f1: 0.6685
loss: 0.5104, acc: 0.8203, test_acc: 0.7247, f1: 0.6695
loss: 0.6033, acc: 0.8125, test_acc: 0.7199, f1: 0.6606
loss: 0.7298, acc: 0.8000, test_acc: 0.7231, f1: 0.6666
loss: 0.3886, acc: 0.8011, test_acc: 0.7373, f1: 0.6905
loss: 0.3192, acc: 0.8073, test_acc: 0.7437, f1: 0.6973
loss: 0.3368, acc: 0.8173, test_acc: 0.7310, f1: 0.6757
loss: 0.3202, acc: 0.8170, test_acc: 0.7358, f1: 0.6816
loss: 0.2579, acc: 0.8208, test_acc: 0.7231, f1: 0.6612
loss: 0.5296, acc: 0.8164, test_acc: 0.6835, f1: 0.5951
loss: 0.3307, acc: 0.8199, test_acc: 0.6915, f1: 0.6095
loss: 0.2683, acc: 0.8264, test_acc: 0.7199, f1: 0.6567
loss: 0.2699, acc: 0.8322, test_acc: 0.7278, f1: 0.6714
loss: 0.4151, acc: 0.8313, test_acc: 0.7373, f1: 0.6911
loss: 0.3568, acc: 0.8333, test_acc: 0.7247, f1: 0.6708
loss: 0.6876, acc: 0.8295, test_acc: 0.7120, f1: 0.6495
loss: 0.4241, acc: 0.8288, test_acc: 0.7263, f1: 0.6770
loss: 0.3535, acc: 0.8281, test_acc: 0.7199, f1: 0.6566
loss: 0.5747, acc: 0.8225, test_acc: 0.7168, f1: 0.6480
loss: 0.4668, acc: 0.8245, test_acc: 0.7294, f1: 0.6841
loss: 0.4070, acc: 0.8241, test_acc: 0.7389, f1: 0.6999
loss: 0.4820, acc: 0.8237, test_acc: 0.7389, f1: 0.6848
loss: 0.2819, acc: 0.8253, test_acc: 0.7089, f1: 0.6234
max_test_acc: 0.7737341772151899, max_f1: 0.7376737272389446
>> saved: ./state_dict/text-gt_laptop_acc_0.7737_f1_0.7377
############################################################
max_test_acc_overall:0.7737341772151899
max_f1_overall:0.7376737272389446
Precision, Recall and F1-Score...
              precision    recall  f1-score   support

           0     0.9042    0.8398    0.8708       337
           1     0.5906    0.7891    0.6756       128
           2     0.7095    0.6287    0.6667       167

    accuracy                         0.7737       632
   macro avg     0.7348    0.7525    0.7377       632
weighted avg     0.7892    0.7737    0.7773       632

Confusion Matrix...
[[283  28  26]
 [ 10 101  17]
 [ 20  42 105]]
