Loading vocab...
token_vocab: 3525, post_vocab: 168, pos_vocab: 46, dep_vocab: 41, pol_vocab: 3
cuda memory allocated: 5162496
n_trainable_params: 222183, n_nontrainable_params: 1057200
training arguments:
>>> model_name: text-gt
>>> dataset: laptop
>>> optimizer: <class 'torch.optim.adam.Adam'>
>>> initializer: <function xavier_uniform_ at 0x7f1cc3d853a0>
>>> learning_rate: 0.001
>>> num_epoch: 50
>>> batch_size: 16
>>> log_step: 5
>>> embed_dim: 300
>>> post_dim: 60
>>> pos_dim: 30
>>> deprel_dim: 30
>>> hidden_dim: 60
>>> num_layers: 5
>>> polarities_dim: 3
>>> input_dropout: 0.7
>>> lower: True
>>> directed: False
>>> add_self_loop: True
>>> bidirect: True
>>> rnn_hidden: 60
>>> rnn_layers: 1
>>> rnn_dropout: 0.1
>>> max_length: 85
>>> device: cuda:0
>>> seed: 1000
>>> weight_decay: 0.0001
>>> vocab_dir: ./dataset/Laptops_corenlp
>>> pad_id: 0
>>> graph_conv_type: gat
>>> graph_conv_attention_heads: 4
>>> graph_conv_attn_dropout: 0.0
>>> ffn_dropout: 0.4
>>> attention_heads: 4
>>> attn_dropout: 0.1
>>> norm: ln
>>> max_position: 9
>>> finetune_weight_decay: 0.01
>>> scheduler: none
>>> warmup: 2
>>> cuda: 0
>>> pretrained_bert_name: bert-base-uncased
>>> adam_epsilon: 1e-08
>>> bert_dim: 768
>>> bert_dropout: 0.3
>>> bert_lr: 2e-05
>>> model_class: <class 'models.text_gt.TextGT'>
>>> dataset_file: {'train': './dataset/Laptops_corenlp/train.json', 'test': './dataset/Laptops_corenlp/test.json'}
>>> inputs_cols: ['text', 'aspect', 'pos', 'head', 'deprel', 'post', 'mask', 'length', 'adj']
>>> post_size: 168
>>> pos_size: 46
>>> deprel_size: 41
>>>>>>>>>>>>>>>>>>>>>>>>>>>>>>>>>>>>>>>>>>>>>>>>>>>>>>>>>>>>
epoch: 0
>> saved: ./state_dict/text-gt_laptop_acc_0.2294_f1_0.1670
loss: 1.3180, acc: 0.5625, test_acc: 0.2294, f1: 0.1670
>> saved: ./state_dict/text-gt_laptop_acc_0.4604_f1_0.2643
loss: 1.1350, acc: 0.4688, test_acc: 0.4604, f1: 0.2643
loss: 2.1608, acc: 0.3542, test_acc: 0.4272, f1: 0.2728
>> saved: ./state_dict/text-gt_laptop_acc_0.4921_f1_0.2651
loss: 1.4928, acc: 0.3281, test_acc: 0.4921, f1: 0.2651
>> saved: ./state_dict/text-gt_laptop_acc_0.5332_f1_0.2710
loss: 1.3765, acc: 0.3375, test_acc: 0.5332, f1: 0.2710
loss: 1.4989, acc: 0.3229, test_acc: 0.5332, f1: 0.2319
loss: 1.2694, acc: 0.3304, test_acc: 0.5316, f1: 0.2363
loss: 1.6674, acc: 0.3438, test_acc: 0.2025, f1: 0.1123
loss: 1.7210, acc: 0.3264, test_acc: 0.5316, f1: 0.2977
loss: 1.3761, acc: 0.3250, test_acc: 0.5316, f1: 0.2426
loss: 0.9278, acc: 0.3523, test_acc: 0.3022, f1: 0.2308
loss: 1.2513, acc: 0.3594, test_acc: 0.2184, f1: 0.1389
loss: 1.0238, acc: 0.3798, test_acc: 0.5332, f1: 0.2319
loss: 0.8457, acc: 0.3929, test_acc: 0.5332, f1: 0.2319
loss: 1.1180, acc: 0.4000, test_acc: 0.2864, f1: 0.2155
loss: 1.3074, acc: 0.3906, test_acc: 0.3718, f1: 0.2893
loss: 1.0548, acc: 0.4081, test_acc: 0.5332, f1: 0.3107
>> saved: ./state_dict/text-gt_laptop_acc_0.5475_f1_0.3049
loss: 1.4100, acc: 0.3993, test_acc: 0.5475, f1: 0.3049
loss: 1.1301, acc: 0.3980, test_acc: 0.5427, f1: 0.3851
loss: 1.2831, acc: 0.4031, test_acc: 0.5332, f1: 0.3624
loss: 1.2149, acc: 0.4018, test_acc: 0.3339, f1: 0.2584
loss: 1.2185, acc: 0.3977, test_acc: 0.5396, f1: 0.2575
loss: 1.2638, acc: 0.3940, test_acc: 0.5332, f1: 0.3619
loss: 1.0967, acc: 0.3880, test_acc: 0.2136, f1: 0.1270
>> saved: ./state_dict/text-gt_laptop_acc_0.5570_f1_0.4663
loss: 1.0029, acc: 0.3950, test_acc: 0.5570, f1: 0.4663
loss: 0.7956, acc: 0.4014, test_acc: 0.5332, f1: 0.2319
loss: 1.0470, acc: 0.4097, test_acc: 0.5285, f1: 0.2543
loss: 1.4828, acc: 0.4062, test_acc: 0.4130, f1: 0.3191
>>>>>>>>>>>>>>>>>>>>>>>>>>>>>>>>>>>>>>>>>>>>>>>>>>>>>>>>>>>>
epoch: 1
loss: 1.2422, acc: 0.4375, test_acc: 0.5570, f1: 0.3964
loss: 1.0530, acc: 0.5000, test_acc: 0.5411, f1: 0.2950
loss: 0.9474, acc: 0.4792, test_acc: 0.5348, f1: 0.2471
loss: 1.2849, acc: 0.4531, test_acc: 0.3987, f1: 0.3098
loss: 0.9722, acc: 0.4750, test_acc: 0.5301, f1: 0.3588
loss: 1.1164, acc: 0.4479, test_acc: 0.5332, f1: 0.2415
loss: 1.3184, acc: 0.4375, test_acc: 0.5174, f1: 0.4293
>> saved: ./state_dict/text-gt_laptop_acc_0.5807_f1_0.4387
loss: 1.2957, acc: 0.4141, test_acc: 0.5807, f1: 0.4387
loss: 1.0189, acc: 0.4236, test_acc: 0.5332, f1: 0.2558
loss: 0.9546, acc: 0.4437, test_acc: 0.4842, f1: 0.3636
loss: 0.9911, acc: 0.4489, test_acc: 0.2136, f1: 0.1269
loss: 0.8977, acc: 0.4635, test_acc: 0.5411, f1: 0.3707
loss: 0.9877, acc: 0.4615, test_acc: 0.5459, f1: 0.3365
loss: 1.0327, acc: 0.4643, test_acc: 0.5617, f1: 0.3888
loss: 1.0660, acc: 0.4625, test_acc: 0.4747, f1: 0.3910
loss: 0.8862, acc: 0.4609, test_acc: 0.3418, f1: 0.2652
loss: 0.9417, acc: 0.4632, test_acc: 0.5253, f1: 0.3774
loss: 0.9388, acc: 0.4688, test_acc: 0.5570, f1: 0.3771
loss: 0.6542, acc: 0.4836, test_acc: 0.4747, f1: 0.3597
loss: 0.9483, acc: 0.4906, test_acc: 0.3671, f1: 0.2867
loss: 1.2115, acc: 0.4881, test_acc: 0.5570, f1: 0.4013
loss: 1.2802, acc: 0.4858, test_acc: 0.5522, f1: 0.3501
loss: 1.0590, acc: 0.4864, test_acc: 0.5111, f1: 0.4322
>> saved: ./state_dict/text-gt_laptop_acc_0.5886_f1_0.4988
loss: 0.7809, acc: 0.4922, test_acc: 0.5886, f1: 0.4988
loss: 1.0185, acc: 0.4925, test_acc: 0.5570, f1: 0.3459
loss: 1.1341, acc: 0.4880, test_acc: 0.5348, f1: 0.3931
loss: 1.0417, acc: 0.4861, test_acc: 0.4684, f1: 0.3956
loss: 0.8680, acc: 0.4888, test_acc: 0.5759, f1: 0.4099
>> saved: ./state_dict/text-gt_laptop_acc_0.6377_f1_0.4934
loss: 0.9863, acc: 0.4871, test_acc: 0.6377, f1: 0.4934
>>>>>>>>>>>>>>>>>>>>>>>>>>>>>>>>>>>>>>>>>>>>>>>>>>>>>>>>>>>>
epoch: 2
loss: 0.9580, acc: 0.5000, test_acc: 0.5997, f1: 0.5335
loss: 1.0616, acc: 0.5000, test_acc: 0.5206, f1: 0.3885
loss: 0.9924, acc: 0.5417, test_acc: 0.5475, f1: 0.4006
loss: 1.1269, acc: 0.5312, test_acc: 0.6013, f1: 0.4253
loss: 0.9488, acc: 0.5250, test_acc: 0.6377, f1: 0.4811
loss: 0.9263, acc: 0.5208, test_acc: 0.5696, f1: 0.5396
loss: 1.0560, acc: 0.5268, test_acc: 0.5142, f1: 0.3967
loss: 1.0251, acc: 0.5156, test_acc: 0.5759, f1: 0.3760
loss: 0.9133, acc: 0.5069, test_acc: 0.5411, f1: 0.4011
loss: 1.0067, acc: 0.5062, test_acc: 0.4620, f1: 0.4520
loss: 0.9003, acc: 0.5170, test_acc: 0.5807, f1: 0.5243
loss: 1.1389, acc: 0.5156, test_acc: 0.5712, f1: 0.4272
loss: 0.9848, acc: 0.5144, test_acc: 0.5522, f1: 0.4064
loss: 0.8522, acc: 0.5223, test_acc: 0.5759, f1: 0.4175
loss: 1.0284, acc: 0.5250, test_acc: 0.5839, f1: 0.4096
loss: 0.9013, acc: 0.5234, test_acc: 0.6013, f1: 0.4544
loss: 0.9796, acc: 0.5221, test_acc: 0.4620, f1: 0.3793
loss: 0.6808, acc: 0.5312, test_acc: 0.5396, f1: 0.4394
loss: 0.8359, acc: 0.5329, test_acc: 0.6187, f1: 0.4963
>> saved: ./state_dict/text-gt_laptop_acc_0.6440_f1_0.5538
loss: 0.5833, acc: 0.5437, test_acc: 0.6440, f1: 0.5538
loss: 0.7224, acc: 0.5506, test_acc: 0.6044, f1: 0.5527
loss: 1.0144, acc: 0.5426, test_acc: 0.4905, f1: 0.4553
loss: 0.8152, acc: 0.5516, test_acc: 0.5918, f1: 0.4920
loss: 0.8541, acc: 0.5547, test_acc: 0.5791, f1: 0.4125
loss: 0.9292, acc: 0.5525, test_acc: 0.5744, f1: 0.4268
loss: 0.8313, acc: 0.5577, test_acc: 0.5538, f1: 0.4407
loss: 0.9099, acc: 0.5579, test_acc: 0.5839, f1: 0.4842
loss: 0.8658, acc: 0.5580, test_acc: 0.6203, f1: 0.5152
>>>>>>>>>>>>>>>>>>>>>>>>>>>>>>>>>>>>>>>>>>>>>>>>>>>>>>>>>>>>
epoch: 3
loss: 0.6719, acc: 0.7500, test_acc: 0.6044, f1: 0.4649
loss: 0.6764, acc: 0.7188, test_acc: 0.5823, f1: 0.4641
loss: 1.0969, acc: 0.6250, test_acc: 0.6297, f1: 0.5611
loss: 0.9118, acc: 0.6406, test_acc: 0.6392, f1: 0.5888
loss: 0.8355, acc: 0.6375, test_acc: 0.6044, f1: 0.5264
loss: 0.8620, acc: 0.6250, test_acc: 0.6187, f1: 0.5088
loss: 0.6733, acc: 0.6518, test_acc: 0.5411, f1: 0.4240
loss: 0.8149, acc: 0.6562, test_acc: 0.5095, f1: 0.3961
loss: 0.9137, acc: 0.6458, test_acc: 0.6028, f1: 0.5413
>> saved: ./state_dict/text-gt_laptop_acc_0.6930_f1_0.6084
loss: 0.9180, acc: 0.6438, test_acc: 0.6930, f1: 0.6084
loss: 1.1211, acc: 0.6307, test_acc: 0.6725, f1: 0.6204
loss: 0.7805, acc: 0.6354, test_acc: 0.5206, f1: 0.4757
loss: 1.3596, acc: 0.6202, test_acc: 0.5032, f1: 0.3854
loss: 0.7283, acc: 0.6295, test_acc: 0.5807, f1: 0.4271
loss: 1.1711, acc: 0.6208, test_acc: 0.5459, f1: 0.4111
loss: 0.6741, acc: 0.6289, test_acc: 0.5285, f1: 0.4105
loss: 0.8433, acc: 0.6250, test_acc: 0.6408, f1: 0.5761
loss: 0.6164, acc: 0.6250, test_acc: 0.6788, f1: 0.6224
loss: 1.0285, acc: 0.6151, test_acc: 0.6297, f1: 0.5910
loss: 0.8655, acc: 0.6125, test_acc: 0.6203, f1: 0.5500
loss: 0.8347, acc: 0.6161, test_acc: 0.6345, f1: 0.5194
loss: 1.1665, acc: 0.6080, test_acc: 0.6203, f1: 0.4785
loss: 1.0540, acc: 0.6005, test_acc: 0.6266, f1: 0.5218
loss: 0.7503, acc: 0.6016, test_acc: 0.6582, f1: 0.6027
loss: 0.7933, acc: 0.6000, test_acc: 0.6867, f1: 0.6336
loss: 0.9980, acc: 0.5962, test_acc: 0.6851, f1: 0.6367
loss: 1.1178, acc: 0.5880, test_acc: 0.6345, f1: 0.5771
loss: 1.0298, acc: 0.5915, test_acc: 0.6028, f1: 0.5285
loss: 0.9003, acc: 0.5948, test_acc: 0.6630, f1: 0.5838
>>>>>>>>>>>>>>>>>>>>>>>>>>>>>>>>>>>>>>>>>>>>>>>>>>>>>>>>>>>>
epoch: 4
loss: 0.6987, acc: 0.6875, test_acc: 0.6756, f1: 0.6132
loss: 0.7655, acc: 0.6875, test_acc: 0.6503, f1: 0.5771
loss: 0.6537, acc: 0.7083, test_acc: 0.5633, f1: 0.4994
loss: 0.7724, acc: 0.6562, test_acc: 0.6440, f1: 0.5705
>> saved: ./state_dict/text-gt_laptop_acc_0.7104_f1_0.6575
loss: 1.2598, acc: 0.6250, test_acc: 0.7104, f1: 0.6575
loss: 0.6628, acc: 0.6354, test_acc: 0.6677, f1: 0.6328
loss: 0.7414, acc: 0.6250, test_acc: 0.6772, f1: 0.6370
loss: 0.8216, acc: 0.6250, test_acc: 0.6519, f1: 0.5811
loss: 1.0907, acc: 0.6181, test_acc: 0.6092, f1: 0.4939
loss: 0.9717, acc: 0.6250, test_acc: 0.6203, f1: 0.4953
loss: 0.7952, acc: 0.6364, test_acc: 0.6614, f1: 0.5998
loss: 0.9610, acc: 0.6198, test_acc: 0.6741, f1: 0.6320
loss: 0.9978, acc: 0.6154, test_acc: 0.6092, f1: 0.5626
loss: 1.0025, acc: 0.6027, test_acc: 0.6377, f1: 0.5763
loss: 0.6228, acc: 0.6167, test_acc: 0.6677, f1: 0.5727
loss: 0.6485, acc: 0.6211, test_acc: 0.6424, f1: 0.5484
loss: 0.8056, acc: 0.6176, test_acc: 0.6709, f1: 0.5947
loss: 0.8603, acc: 0.6111, test_acc: 0.6867, f1: 0.6223
loss: 1.3276, acc: 0.5954, test_acc: 0.6930, f1: 0.6399
loss: 0.6602, acc: 0.5938, test_acc: 0.6582, f1: 0.6284
loss: 0.8245, acc: 0.6042, test_acc: 0.6250, f1: 0.5908
loss: 0.7053, acc: 0.6108, test_acc: 0.5870, f1: 0.5285
loss: 0.7953, acc: 0.6196, test_acc: 0.6487, f1: 0.5770
loss: 0.8177, acc: 0.6198, test_acc: 0.6756, f1: 0.5928
loss: 0.4540, acc: 0.6300, test_acc: 0.6709, f1: 0.6003
loss: 0.9931, acc: 0.6250, test_acc: 0.6630, f1: 0.6076
loss: 0.9475, acc: 0.6204, test_acc: 0.6677, f1: 0.6219
loss: 0.5152, acc: 0.6295, test_acc: 0.6994, f1: 0.6394
loss: 1.0251, acc: 0.6288, test_acc: 0.6978, f1: 0.6338
>>>>>>>>>>>>>>>>>>>>>>>>>>>>>>>>>>>>>>>>>>>>>>>>>>>>>>>>>>>>
epoch: 5
loss: 0.5310, acc: 0.6875, test_acc: 0.6646, f1: 0.6018
loss: 0.5729, acc: 0.7188, test_acc: 0.6772, f1: 0.6198
loss: 0.5280, acc: 0.7500, test_acc: 0.6994, f1: 0.6462
loss: 0.8946, acc: 0.7188, test_acc: 0.6661, f1: 0.6209
loss: 0.5823, acc: 0.7000, test_acc: 0.6250, f1: 0.5931
loss: 0.7401, acc: 0.6979, test_acc: 0.6377, f1: 0.5912
loss: 1.0478, acc: 0.6875, test_acc: 0.6756, f1: 0.5941
loss: 1.1728, acc: 0.6719, test_acc: 0.6519, f1: 0.5345
loss: 0.6237, acc: 0.6806, test_acc: 0.6551, f1: 0.5656
loss: 0.5143, acc: 0.7000, test_acc: 0.6582, f1: 0.5976
loss: 0.8274, acc: 0.6932, test_acc: 0.6551, f1: 0.6221
loss: 0.9090, acc: 0.6771, test_acc: 0.6519, f1: 0.6296
loss: 0.7320, acc: 0.6731, test_acc: 0.7041, f1: 0.6635
loss: 1.2182, acc: 0.6518, test_acc: 0.7041, f1: 0.6514
loss: 0.5962, acc: 0.6583, test_acc: 0.6677, f1: 0.6048
loss: 0.8973, acc: 0.6562, test_acc: 0.6646, f1: 0.5846
loss: 0.7899, acc: 0.6544, test_acc: 0.6835, f1: 0.6166
loss: 0.7525, acc: 0.6528, test_acc: 0.6867, f1: 0.6403
loss: 0.8491, acc: 0.6546, test_acc: 0.6978, f1: 0.6681
loss: 0.9554, acc: 0.6438, test_acc: 0.7009, f1: 0.6559
loss: 0.8944, acc: 0.6369, test_acc: 0.6851, f1: 0.5986
loss: 0.7575, acc: 0.6420, test_acc: 0.6725, f1: 0.5675
loss: 0.5486, acc: 0.6495, test_acc: 0.6598, f1: 0.5740
loss: 0.9181, acc: 0.6458, test_acc: 0.6709, f1: 0.6133
>> saved: ./state_dict/text-gt_laptop_acc_0.7215_f1_0.6710
loss: 0.7477, acc: 0.6475, test_acc: 0.7215, f1: 0.6710
>> saved: ./state_dict/text-gt_laptop_acc_0.7231_f1_0.6672
loss: 0.6501, acc: 0.6514, test_acc: 0.7231, f1: 0.6672
loss: 0.5610, acc: 0.6551, test_acc: 0.6899, f1: 0.6490
loss: 1.1687, acc: 0.6473, test_acc: 0.6646, f1: 0.6051
>>>>>>>>>>>>>>>>>>>>>>>>>>>>>>>>>>>>>>>>>>>>>>>>>>>>>>>>>>>>
epoch: 6
loss: 0.6982, acc: 0.6875, test_acc: 0.7009, f1: 0.6559
>> saved: ./state_dict/text-gt_laptop_acc_0.7326_f1_0.6835
loss: 0.6587, acc: 0.6875, test_acc: 0.7326, f1: 0.6835
loss: 0.6472, acc: 0.6875, test_acc: 0.6566, f1: 0.6064
loss: 0.7007, acc: 0.7188, test_acc: 0.6582, f1: 0.6166
loss: 0.7174, acc: 0.7125, test_acc: 0.7199, f1: 0.6610
loss: 0.4813, acc: 0.7292, test_acc: 0.7199, f1: 0.6573
>> saved: ./state_dict/text-gt_laptop_acc_0.7373_f1_0.6930
loss: 0.4315, acc: 0.7500, test_acc: 0.7373, f1: 0.6930
loss: 0.5569, acc: 0.7422, test_acc: 0.7184, f1: 0.6835
loss: 0.9990, acc: 0.7222, test_acc: 0.6978, f1: 0.6308
loss: 0.5389, acc: 0.7375, test_acc: 0.7310, f1: 0.6770
loss: 0.5489, acc: 0.7386, test_acc: 0.7120, f1: 0.6680
loss: 1.2235, acc: 0.7188, test_acc: 0.7199, f1: 0.6822
loss: 0.8873, acc: 0.7163, test_acc: 0.6788, f1: 0.6463
loss: 0.5050, acc: 0.7277, test_acc: 0.7184, f1: 0.6724
loss: 0.7919, acc: 0.7208, test_acc: 0.6899, f1: 0.6210
loss: 0.4988, acc: 0.7266, test_acc: 0.6820, f1: 0.6106
loss: 0.8830, acc: 0.7169, test_acc: 0.6646, f1: 0.6183
loss: 0.6508, acc: 0.7118, test_acc: 0.6978, f1: 0.6681
loss: 0.8467, acc: 0.7039, test_acc: 0.7041, f1: 0.6682
loss: 0.5368, acc: 0.7094, test_acc: 0.7215, f1: 0.6715
loss: 1.0927, acc: 0.7083, test_acc: 0.7120, f1: 0.6604
loss: 1.0839, acc: 0.6989, test_acc: 0.6835, f1: 0.6362
loss: 0.5981, acc: 0.7038, test_acc: 0.6962, f1: 0.6490
loss: 0.7760, acc: 0.7031, test_acc: 0.7073, f1: 0.6584
loss: 0.7589, acc: 0.7025, test_acc: 0.7057, f1: 0.6461
loss: 0.7957, acc: 0.7019, test_acc: 0.6820, f1: 0.5965
loss: 0.7640, acc: 0.7014, test_acc: 0.6883, f1: 0.6151
loss: 0.6920, acc: 0.7009, test_acc: 0.6788, f1: 0.6293
loss: 0.9349, acc: 0.6940, test_acc: 0.7073, f1: 0.6632
>>>>>>>>>>>>>>>>>>>>>>>>>>>>>>>>>>>>>>>>>>>>>>>>>>>>>>>>>>>>
epoch: 7
loss: 0.6966, acc: 0.6875, test_acc: 0.7231, f1: 0.6690
loss: 0.6157, acc: 0.7500, test_acc: 0.7168, f1: 0.6537
loss: 0.5632, acc: 0.7708, test_acc: 0.6883, f1: 0.6050
loss: 0.6361, acc: 0.7656, test_acc: 0.6835, f1: 0.6018
loss: 0.8688, acc: 0.7375, test_acc: 0.6756, f1: 0.6144
loss: 0.9538, acc: 0.7292, test_acc: 0.7025, f1: 0.6538
loss: 0.8447, acc: 0.7054, test_acc: 0.7152, f1: 0.6626
loss: 0.7114, acc: 0.7109, test_acc: 0.7104, f1: 0.6514
loss: 1.0633, acc: 0.6944, test_acc: 0.6503, f1: 0.5835
loss: 0.7778, acc: 0.6875, test_acc: 0.6472, f1: 0.5709
loss: 1.1003, acc: 0.6648, test_acc: 0.6804, f1: 0.5849
loss: 0.6938, acc: 0.6719, test_acc: 0.7089, f1: 0.6388
loss: 0.7629, acc: 0.6683, test_acc: 0.7215, f1: 0.6638
loss: 0.8467, acc: 0.6696, test_acc: 0.7009, f1: 0.6603
loss: 1.0637, acc: 0.6583, test_acc: 0.6930, f1: 0.6532
loss: 0.8430, acc: 0.6523, test_acc: 0.6772, f1: 0.6278
loss: 0.6358, acc: 0.6618, test_acc: 0.7089, f1: 0.6571
loss: 0.7736, acc: 0.6632, test_acc: 0.7247, f1: 0.6730
loss: 1.0442, acc: 0.6546, test_acc: 0.7120, f1: 0.6697
loss: 0.8393, acc: 0.6469, test_acc: 0.6994, f1: 0.6644
loss: 0.5881, acc: 0.6518, test_acc: 0.7089, f1: 0.6651
loss: 0.7963, acc: 0.6506, test_acc: 0.7231, f1: 0.6817
loss: 1.1321, acc: 0.6440, test_acc: 0.6741, f1: 0.6358
loss: 0.5204, acc: 0.6510, test_acc: 0.6693, f1: 0.6276
loss: 0.5043, acc: 0.6575, test_acc: 0.7089, f1: 0.6672
loss: 0.6212, acc: 0.6635, test_acc: 0.7168, f1: 0.6737
loss: 0.5710, acc: 0.6667, test_acc: 0.7104, f1: 0.6556
loss: 1.0930, acc: 0.6562, test_acc: 0.6709, f1: 0.6175
>>>>>>>>>>>>>>>>>>>>>>>>>>>>>>>>>>>>>>>>>>>>>>>>>>>>>>>>>>>>
epoch: 8
loss: 0.8432, acc: 0.6250, test_acc: 0.6598, f1: 0.6219
loss: 1.0303, acc: 0.5938, test_acc: 0.7057, f1: 0.6687
loss: 0.6179, acc: 0.6667, test_acc: 0.7231, f1: 0.6786
loss: 1.2057, acc: 0.6250, test_acc: 0.7278, f1: 0.6757
loss: 0.7249, acc: 0.6375, test_acc: 0.7168, f1: 0.6759
loss: 0.6932, acc: 0.6458, test_acc: 0.6899, f1: 0.6529
loss: 0.5534, acc: 0.6696, test_acc: 0.6946, f1: 0.6544
loss: 0.8688, acc: 0.6719, test_acc: 0.6962, f1: 0.6431
loss: 0.7227, acc: 0.6667, test_acc: 0.7041, f1: 0.6525
loss: 0.4754, acc: 0.6813, test_acc: 0.7247, f1: 0.6770
loss: 0.8361, acc: 0.6761, test_acc: 0.7089, f1: 0.6668
loss: 0.9610, acc: 0.6719, test_acc: 0.6139, f1: 0.5665
loss: 0.5803, acc: 0.6827, test_acc: 0.6772, f1: 0.6289
loss: 0.7448, acc: 0.6786, test_acc: 0.7104, f1: 0.6596
loss: 0.4829, acc: 0.6917, test_acc: 0.7263, f1: 0.6695
loss: 0.6433, acc: 0.6953, test_acc: 0.7152, f1: 0.6695
loss: 0.4624, acc: 0.7022, test_acc: 0.7136, f1: 0.6718
loss: 1.1153, acc: 0.6910, test_acc: 0.7104, f1: 0.6732
loss: 0.5956, acc: 0.6908, test_acc: 0.7025, f1: 0.6616
loss: 0.3798, acc: 0.7000, test_acc: 0.7152, f1: 0.6688
loss: 0.7994, acc: 0.7024, test_acc: 0.7041, f1: 0.6467
loss: 0.6604, acc: 0.7045, test_acc: 0.6978, f1: 0.6365
loss: 0.8022, acc: 0.7011, test_acc: 0.7041, f1: 0.6568
loss: 0.6726, acc: 0.7005, test_acc: 0.7168, f1: 0.6778
loss: 0.7045, acc: 0.6950, test_acc: 0.7247, f1: 0.6830
loss: 0.7929, acc: 0.6923, test_acc: 0.7136, f1: 0.6623
loss: 1.0304, acc: 0.6852, test_acc: 0.7104, f1: 0.6594
loss: 0.8726, acc: 0.6786, test_acc: 0.7057, f1: 0.6646
loss: 0.5327, acc: 0.6853, test_acc: 0.7247, f1: 0.6887
>>>>>>>>>>>>>>>>>>>>>>>>>>>>>>>>>>>>>>>>>>>>>>>>>>>>>>>>>>>>
epoch: 9
loss: 0.6249, acc: 0.7500, test_acc: 0.7041, f1: 0.6651
loss: 0.7574, acc: 0.7188, test_acc: 0.6915, f1: 0.6506
loss: 0.4975, acc: 0.7292, test_acc: 0.6946, f1: 0.6508
loss: 0.7075, acc: 0.7344, test_acc: 0.7294, f1: 0.6684
loss: 0.9703, acc: 0.7000, test_acc: 0.7215, f1: 0.6679
loss: 0.7451, acc: 0.7083, test_acc: 0.7168, f1: 0.6741
loss: 0.7398, acc: 0.7054, test_acc: 0.7168, f1: 0.6760
loss: 0.8367, acc: 0.6953, test_acc: 0.6994, f1: 0.6639
loss: 0.5707, acc: 0.7014, test_acc: 0.6883, f1: 0.6532
loss: 1.1199, acc: 0.6813, test_acc: 0.7057, f1: 0.6672
loss: 0.6247, acc: 0.6875, test_acc: 0.7231, f1: 0.6819
loss: 0.5940, acc: 0.6979, test_acc: 0.7342, f1: 0.6965
loss: 0.7137, acc: 0.6923, test_acc: 0.7278, f1: 0.6789
loss: 0.6537, acc: 0.6920, test_acc: 0.7199, f1: 0.6602
loss: 0.6388, acc: 0.7000, test_acc: 0.7247, f1: 0.6623
loss: 0.7557, acc: 0.6953, test_acc: 0.7104, f1: 0.6480
loss: 0.9781, acc: 0.6912, test_acc: 0.7073, f1: 0.6491
loss: 0.5250, acc: 0.6979, test_acc: 0.7215, f1: 0.6740
loss: 0.8915, acc: 0.6941, test_acc: 0.7310, f1: 0.6852
>> saved: ./state_dict/text-gt_laptop_acc_0.7437_f1_0.6973
loss: 0.7603, acc: 0.6937, test_acc: 0.7437, f1: 0.6973
loss: 0.6679, acc: 0.6905, test_acc: 0.7373, f1: 0.6926
loss: 0.7509, acc: 0.6875, test_acc: 0.7184, f1: 0.6762
loss: 1.0313, acc: 0.6793, test_acc: 0.7168, f1: 0.6690
loss: 0.9789, acc: 0.6771, test_acc: 0.7294, f1: 0.6771
loss: 0.6017, acc: 0.6825, test_acc: 0.7263, f1: 0.6816
loss: 0.8924, acc: 0.6827, test_acc: 0.7104, f1: 0.6648
loss: 0.5055, acc: 0.6875, test_acc: 0.7041, f1: 0.6573
loss: 0.7850, acc: 0.6875, test_acc: 0.7009, f1: 0.6576
loss: 0.3338, acc: 0.6921, test_acc: 0.7041, f1: 0.6620
>>>>>>>>>>>>>>>>>>>>>>>>>>>>>>>>>>>>>>>>>>>>>>>>>>>>>>>>>>>>
epoch: 10
loss: 0.7848, acc: 0.6250, test_acc: 0.7089, f1: 0.6694
loss: 0.7473, acc: 0.7188, test_acc: 0.6962, f1: 0.6637
loss: 0.9540, acc: 0.6667, test_acc: 0.6835, f1: 0.6494
loss: 0.7650, acc: 0.6562, test_acc: 0.6835, f1: 0.6448
loss: 0.8414, acc: 0.6625, test_acc: 0.7104, f1: 0.6615
loss: 0.8127, acc: 0.6667, test_acc: 0.6994, f1: 0.6410
loss: 0.7536, acc: 0.6607, test_acc: 0.7136, f1: 0.6634
loss: 0.3184, acc: 0.6953, test_acc: 0.7120, f1: 0.6756
loss: 0.6497, acc: 0.6944, test_acc: 0.7136, f1: 0.6743
loss: 0.8213, acc: 0.6937, test_acc: 0.6978, f1: 0.6581
loss: 0.4213, acc: 0.7045, test_acc: 0.7073, f1: 0.6725
loss: 0.5394, acc: 0.7188, test_acc: 0.7089, f1: 0.6688
loss: 0.4837, acc: 0.7260, test_acc: 0.7073, f1: 0.6616
loss: 0.7337, acc: 0.7232, test_acc: 0.7136, f1: 0.6585
loss: 0.8120, acc: 0.7208, test_acc: 0.7263, f1: 0.6786
loss: 0.7657, acc: 0.7148, test_acc: 0.7168, f1: 0.6770
loss: 0.6168, acc: 0.7169, test_acc: 0.7009, f1: 0.6617
loss: 0.8498, acc: 0.7118, test_acc: 0.7025, f1: 0.6522
loss: 0.7959, acc: 0.7105, test_acc: 0.7168, f1: 0.6658
loss: 0.6011, acc: 0.7156, test_acc: 0.7199, f1: 0.6710
loss: 0.5576, acc: 0.7173, test_acc: 0.7041, f1: 0.6637
loss: 0.4115, acc: 0.7216, test_acc: 0.7057, f1: 0.6614
loss: 0.7646, acc: 0.7255, test_acc: 0.7104, f1: 0.6615
loss: 0.9244, acc: 0.7214, test_acc: 0.6994, f1: 0.6620
loss: 0.8597, acc: 0.7175, test_acc: 0.7184, f1: 0.6744
loss: 0.7234, acc: 0.7188, test_acc: 0.7342, f1: 0.6905
loss: 0.6870, acc: 0.7176, test_acc: 0.6835, f1: 0.6484
loss: 0.6865, acc: 0.7188, test_acc: 0.6946, f1: 0.6362
>>>>>>>>>>>>>>>>>>>>>>>>>>>>>>>>>>>>>>>>>>>>>>>>>>>>>>>>>>>>
epoch: 11
loss: 0.7602, acc: 0.6250, test_acc: 0.7152, f1: 0.6523
loss: 0.5768, acc: 0.6875, test_acc: 0.7104, f1: 0.6461
loss: 1.1141, acc: 0.5833, test_acc: 0.7278, f1: 0.6782
loss: 0.5110, acc: 0.6562, test_acc: 0.7089, f1: 0.6690
loss: 0.7352, acc: 0.6625, test_acc: 0.7310, f1: 0.6835
loss: 0.7015, acc: 0.6771, test_acc: 0.7247, f1: 0.6801
loss: 0.5910, acc: 0.6875, test_acc: 0.6962, f1: 0.6528
loss: 0.6972, acc: 0.6875, test_acc: 0.7247, f1: 0.6812
loss: 0.6900, acc: 0.6944, test_acc: 0.7294, f1: 0.6933
loss: 0.8037, acc: 0.6875, test_acc: 0.6930, f1: 0.6523
loss: 1.0069, acc: 0.6648, test_acc: 0.6630, f1: 0.6025
loss: 1.0610, acc: 0.6510, test_acc: 0.6915, f1: 0.6337
loss: 0.5675, acc: 0.6683, test_acc: 0.6930, f1: 0.6526
loss: 0.6969, acc: 0.6741, test_acc: 0.6772, f1: 0.6372
loss: 0.7529, acc: 0.6750, test_acc: 0.6835, f1: 0.6457
loss: 0.7684, acc: 0.6758, test_acc: 0.7120, f1: 0.6675
loss: 0.7220, acc: 0.6728, test_acc: 0.7041, f1: 0.6631
loss: 0.5211, acc: 0.6806, test_acc: 0.6772, f1: 0.6436
loss: 0.5897, acc: 0.6842, test_acc: 0.6915, f1: 0.6548
loss: 0.4232, acc: 0.6906, test_acc: 0.6883, f1: 0.6386
loss: 0.5063, acc: 0.6994, test_acc: 0.6994, f1: 0.6466
loss: 0.6545, acc: 0.7017, test_acc: 0.7104, f1: 0.6738
loss: 0.6569, acc: 0.7038, test_acc: 0.7104, f1: 0.6742
loss: 0.9101, acc: 0.7005, test_acc: 0.6820, f1: 0.6504
loss: 0.5887, acc: 0.7000, test_acc: 0.6804, f1: 0.6398
loss: 0.7132, acc: 0.6995, test_acc: 0.7057, f1: 0.6590
loss: 0.4083, acc: 0.7037, test_acc: 0.7136, f1: 0.6726
loss: 0.7533, acc: 0.6987, test_acc: 0.6962, f1: 0.6601
loss: 0.4931, acc: 0.7026, test_acc: 0.6756, f1: 0.6341
>>>>>>>>>>>>>>>>>>>>>>>>>>>>>>>>>>>>>>>>>>>>>>>>>>>>>>>>>>>>
epoch: 12
loss: 0.4164, acc: 0.8750, test_acc: 0.6994, f1: 0.6571
loss: 0.5392, acc: 0.8125, test_acc: 0.7057, f1: 0.6558
loss: 0.5056, acc: 0.8125, test_acc: 0.7104, f1: 0.6661
loss: 0.5325, acc: 0.8125, test_acc: 0.7073, f1: 0.6692
loss: 0.5680, acc: 0.8125, test_acc: 0.7136, f1: 0.6809
loss: 0.7936, acc: 0.7708, test_acc: 0.6962, f1: 0.6537
loss: 0.7388, acc: 0.7500, test_acc: 0.7073, f1: 0.6511
loss: 0.6625, acc: 0.7500, test_acc: 0.6930, f1: 0.6506
loss: 0.7645, acc: 0.7431, test_acc: 0.6883, f1: 0.6564
loss: 0.8033, acc: 0.7438, test_acc: 0.7073, f1: 0.6760
loss: 0.8747, acc: 0.7273, test_acc: 0.7278, f1: 0.6874
loss: 1.0668, acc: 0.7135, test_acc: 0.7199, f1: 0.6828
loss: 1.0428, acc: 0.7019, test_acc: 0.6899, f1: 0.6515
loss: 0.6191, acc: 0.7098, test_acc: 0.6677, f1: 0.6210
loss: 0.3610, acc: 0.7250, test_acc: 0.7009, f1: 0.6479
loss: 0.6813, acc: 0.7227, test_acc: 0.7136, f1: 0.6688
loss: 0.7123, acc: 0.7206, test_acc: 0.7215, f1: 0.6791
loss: 0.5952, acc: 0.7257, test_acc: 0.7120, f1: 0.6729
loss: 0.9700, acc: 0.7237, test_acc: 0.7041, f1: 0.6637
loss: 0.4904, acc: 0.7250, test_acc: 0.6646, f1: 0.6153
loss: 0.8577, acc: 0.7232, test_acc: 0.6772, f1: 0.6345
loss: 0.9717, acc: 0.7188, test_acc: 0.6899, f1: 0.6515
loss: 0.8633, acc: 0.7174, test_acc: 0.7057, f1: 0.6654
loss: 0.6959, acc: 0.7161, test_acc: 0.7009, f1: 0.6582
loss: 0.6472, acc: 0.7200, test_acc: 0.6630, f1: 0.6252
loss: 0.6338, acc: 0.7212, test_acc: 0.6693, f1: 0.6380
loss: 0.6874, acc: 0.7245, test_acc: 0.7041, f1: 0.6667
loss: 0.7961, acc: 0.7210, test_acc: 0.6899, f1: 0.6575
>>>>>>>>>>>>>>>>>>>>>>>>>>>>>>>>>>>>>>>>>>>>>>>>>>>>>>>>>>>>
epoch: 13
loss: 0.6221, acc: 0.8125, test_acc: 0.6756, f1: 0.6454
loss: 0.8100, acc: 0.7188, test_acc: 0.6772, f1: 0.6499
loss: 0.6826, acc: 0.7292, test_acc: 0.6930, f1: 0.6597
loss: 0.5945, acc: 0.7188, test_acc: 0.6994, f1: 0.6625
loss: 0.5235, acc: 0.7500, test_acc: 0.6915, f1: 0.6506
loss: 0.7975, acc: 0.7188, test_acc: 0.7041, f1: 0.6645
loss: 0.7816, acc: 0.7232, test_acc: 0.7168, f1: 0.6787
loss: 0.8315, acc: 0.7109, test_acc: 0.7152, f1: 0.6753
loss: 0.6255, acc: 0.7083, test_acc: 0.7152, f1: 0.6727
loss: 0.7466, acc: 0.7063, test_acc: 0.7009, f1: 0.6656
loss: 0.7118, acc: 0.6989, test_acc: 0.6978, f1: 0.6676
loss: 0.5095, acc: 0.7083, test_acc: 0.6804, f1: 0.6485
loss: 0.7382, acc: 0.7019, test_acc: 0.7025, f1: 0.6664
loss: 0.8590, acc: 0.6875, test_acc: 0.7136, f1: 0.6756
loss: 0.5696, acc: 0.6875, test_acc: 0.7089, f1: 0.6694
loss: 0.7220, acc: 0.6875, test_acc: 0.6915, f1: 0.6594
loss: 0.4968, acc: 0.6949, test_acc: 0.6930, f1: 0.6610
loss: 0.5939, acc: 0.6979, test_acc: 0.6994, f1: 0.6680
loss: 0.8359, acc: 0.7007, test_acc: 0.6946, f1: 0.6566
loss: 0.5791, acc: 0.7031, test_acc: 0.7136, f1: 0.6662
loss: 0.4714, acc: 0.7083, test_acc: 0.7168, f1: 0.6744
loss: 0.8650, acc: 0.7045, test_acc: 0.6503, f1: 0.6200
loss: 0.5995, acc: 0.7092, test_acc: 0.7041, f1: 0.6616
loss: 0.5725, acc: 0.7083, test_acc: 0.7120, f1: 0.6561
loss: 0.9383, acc: 0.7050, test_acc: 0.7231, f1: 0.6751
loss: 0.6050, acc: 0.7115, test_acc: 0.7041, f1: 0.6678
loss: 0.6882, acc: 0.7083, test_acc: 0.6883, f1: 0.6482
loss: 0.7111, acc: 0.7076, test_acc: 0.7009, f1: 0.6527
loss: 0.9624, acc: 0.7047, test_acc: 0.7152, f1: 0.6708
>>>>>>>>>>>>>>>>>>>>>>>>>>>>>>>>>>>>>>>>>>>>>>>>>>>>>>>>>>>>
epoch: 14
loss: 0.7560, acc: 0.7500, test_acc: 0.7089, f1: 0.6709
loss: 0.5980, acc: 0.7500, test_acc: 0.7168, f1: 0.6716
loss: 0.7749, acc: 0.7500, test_acc: 0.7152, f1: 0.6618
loss: 0.8647, acc: 0.7344, test_acc: 0.7136, f1: 0.6722
loss: 0.4754, acc: 0.7500, test_acc: 0.7041, f1: 0.6721
loss: 0.8237, acc: 0.7188, test_acc: 0.6915, f1: 0.6629
loss: 0.5948, acc: 0.7232, test_acc: 0.7057, f1: 0.6771
loss: 0.7587, acc: 0.7109, test_acc: 0.7215, f1: 0.6815
loss: 0.8850, acc: 0.7014, test_acc: 0.7041, f1: 0.6508
loss: 0.8012, acc: 0.6875, test_acc: 0.7025, f1: 0.6452
loss: 0.4535, acc: 0.6932, test_acc: 0.7168, f1: 0.6745
loss: 0.5517, acc: 0.7031, test_acc: 0.7073, f1: 0.6725
loss: 0.5027, acc: 0.7115, test_acc: 0.6930, f1: 0.6650
loss: 0.6552, acc: 0.7143, test_acc: 0.6946, f1: 0.6672
loss: 0.6732, acc: 0.7208, test_acc: 0.7089, f1: 0.6725
loss: 0.5175, acc: 0.7305, test_acc: 0.7168, f1: 0.6730
loss: 0.9524, acc: 0.7206, test_acc: 0.7199, f1: 0.6724
loss: 0.7020, acc: 0.7222, test_acc: 0.7041, f1: 0.6725
loss: 0.5157, acc: 0.7270, test_acc: 0.7104, f1: 0.6811
loss: 1.0148, acc: 0.7250, test_acc: 0.7136, f1: 0.6757
loss: 0.5679, acc: 0.7262, test_acc: 0.6867, f1: 0.6291
loss: 0.9132, acc: 0.7159, test_acc: 0.6946, f1: 0.6346
loss: 0.8176, acc: 0.7092, test_acc: 0.7120, f1: 0.6759
loss: 0.7421, acc: 0.7083, test_acc: 0.7199, f1: 0.6834
loss: 0.5572, acc: 0.7125, test_acc: 0.7184, f1: 0.6839
loss: 0.8425, acc: 0.7115, test_acc: 0.7294, f1: 0.6930
loss: 0.7916, acc: 0.7130, test_acc: 0.7263, f1: 0.6754
loss: 1.2086, acc: 0.7076, test_acc: 0.7215, f1: 0.6644
loss: 0.1901, acc: 0.7140, test_acc: 0.7073, f1: 0.6533
>>>>>>>>>>>>>>>>>>>>>>>>>>>>>>>>>>>>>>>>>>>>>>>>>>>>>>>>>>>>
epoch: 15
loss: 0.7085, acc: 0.6250, test_acc: 0.7136, f1: 0.6755
loss: 0.5595, acc: 0.6875, test_acc: 0.7152, f1: 0.6797
loss: 0.4578, acc: 0.7500, test_acc: 0.7215, f1: 0.6828
loss: 0.5222, acc: 0.7500, test_acc: 0.7263, f1: 0.6920
loss: 0.8717, acc: 0.7375, test_acc: 0.7073, f1: 0.6735
loss: 0.8077, acc: 0.7396, test_acc: 0.7073, f1: 0.6775
loss: 0.8933, acc: 0.7232, test_acc: 0.6804, f1: 0.6489
loss: 0.9091, acc: 0.6953, test_acc: 0.6930, f1: 0.6522
loss: 0.8971, acc: 0.6875, test_acc: 0.6978, f1: 0.6545
loss: 0.7857, acc: 0.6875, test_acc: 0.7152, f1: 0.6726
loss: 0.5225, acc: 0.6989, test_acc: 0.7247, f1: 0.6890
loss: 0.9831, acc: 0.6875, test_acc: 0.7231, f1: 0.6793
loss: 0.9689, acc: 0.6731, test_acc: 0.7136, f1: 0.6770
loss: 0.6574, acc: 0.6830, test_acc: 0.6915, f1: 0.6580
loss: 0.7469, acc: 0.6875, test_acc: 0.7009, f1: 0.6669
loss: 0.7184, acc: 0.6914, test_acc: 0.7342, f1: 0.6951
loss: 0.5615, acc: 0.6985, test_acc: 0.7136, f1: 0.6506
loss: 0.9361, acc: 0.6944, test_acc: 0.6946, f1: 0.6156
loss: 0.9592, acc: 0.6875, test_acc: 0.6867, f1: 0.6031
loss: 0.3876, acc: 0.6937, test_acc: 0.7057, f1: 0.6469
loss: 0.5798, acc: 0.6964, test_acc: 0.7041, f1: 0.6651
loss: 0.9047, acc: 0.6875, test_acc: 0.7089, f1: 0.6711
loss: 0.8007, acc: 0.6848, test_acc: 0.7199, f1: 0.6750
loss: 0.7077, acc: 0.6875, test_acc: 0.7136, f1: 0.6601
loss: 0.6687, acc: 0.6925, test_acc: 0.7231, f1: 0.6721
loss: 1.0010, acc: 0.6899, test_acc: 0.7199, f1: 0.6712
loss: 0.5167, acc: 0.6944, test_acc: 0.7089, f1: 0.6571
loss: 1.0432, acc: 0.6897, test_acc: 0.7152, f1: 0.6657
>>>>>>>>>>>>>>>>>>>>>>>>>>>>>>>>>>>>>>>>>>>>>>>>>>>>>>>>>>>>
epoch: 16
loss: 0.7010, acc: 0.7500, test_acc: 0.7184, f1: 0.6674
loss: 0.5582, acc: 0.7500, test_acc: 0.7278, f1: 0.6845
loss: 0.7951, acc: 0.7500, test_acc: 0.7152, f1: 0.6788
loss: 0.5674, acc: 0.7656, test_acc: 0.7152, f1: 0.6729
loss: 0.6433, acc: 0.7625, test_acc: 0.7152, f1: 0.6695
loss: 0.7680, acc: 0.7396, test_acc: 0.7168, f1: 0.6679
loss: 0.4547, acc: 0.7679, test_acc: 0.7231, f1: 0.6774
loss: 0.5564, acc: 0.7734, test_acc: 0.7342, f1: 0.6954
loss: 0.9406, acc: 0.7361, test_acc: 0.7184, f1: 0.6724
loss: 0.8000, acc: 0.7250, test_acc: 0.7263, f1: 0.6795
loss: 0.7618, acc: 0.7216, test_acc: 0.7168, f1: 0.6674
loss: 0.6576, acc: 0.7188, test_acc: 0.7199, f1: 0.6722
loss: 0.5730, acc: 0.7260, test_acc: 0.7263, f1: 0.6776
loss: 0.6304, acc: 0.7277, test_acc: 0.7342, f1: 0.6815
loss: 0.6854, acc: 0.7250, test_acc: 0.7120, f1: 0.6607
loss: 0.5082, acc: 0.7305, test_acc: 0.7041, f1: 0.6634
loss: 0.5764, acc: 0.7279, test_acc: 0.6978, f1: 0.6537
loss: 0.6507, acc: 0.7326, test_acc: 0.6756, f1: 0.6213
loss: 0.8020, acc: 0.7270, test_acc: 0.6962, f1: 0.6283
loss: 0.7374, acc: 0.7250, test_acc: 0.7009, f1: 0.6337
loss: 0.4738, acc: 0.7232, test_acc: 0.7199, f1: 0.6691
loss: 0.8237, acc: 0.7301, test_acc: 0.7168, f1: 0.6754
loss: 0.5253, acc: 0.7283, test_acc: 0.7104, f1: 0.6683
loss: 0.5473, acc: 0.7292, test_acc: 0.7184, f1: 0.6787
loss: 0.7868, acc: 0.7275, test_acc: 0.7326, f1: 0.6992
loss: 0.7138, acc: 0.7236, test_acc: 0.7247, f1: 0.6876
loss: 0.7843, acc: 0.7199, test_acc: 0.7041, f1: 0.6683
loss: 0.8395, acc: 0.7188, test_acc: 0.6962, f1: 0.6620
loss: 0.4903, acc: 0.7241, test_acc: 0.6978, f1: 0.6573
>>>>>>>>>>>>>>>>>>>>>>>>>>>>>>>>>>>>>>>>>>>>>>>>>>>>>>>>>>>>
epoch: 17
loss: 0.6920, acc: 0.6250, test_acc: 0.7199, f1: 0.6729
loss: 0.7292, acc: 0.6562, test_acc: 0.7231, f1: 0.6688
loss: 0.6178, acc: 0.7292, test_acc: 0.7184, f1: 0.6590
loss: 0.6484, acc: 0.7500, test_acc: 0.7231, f1: 0.6635
loss: 0.8646, acc: 0.7375, test_acc: 0.7231, f1: 0.6736
loss: 0.5969, acc: 0.7292, test_acc: 0.7231, f1: 0.6811
loss: 0.6988, acc: 0.7321, test_acc: 0.7231, f1: 0.6830
loss: 0.8287, acc: 0.7266, test_acc: 0.7057, f1: 0.6680
loss: 0.9456, acc: 0.6944, test_acc: 0.7231, f1: 0.6822
loss: 0.9225, acc: 0.6750, test_acc: 0.7231, f1: 0.6779
loss: 0.9831, acc: 0.6761, test_acc: 0.7215, f1: 0.6805
loss: 0.6645, acc: 0.6875, test_acc: 0.7025, f1: 0.6695
loss: 0.8376, acc: 0.6875, test_acc: 0.6772, f1: 0.6477
loss: 0.6972, acc: 0.6920, test_acc: 0.6804, f1: 0.6470
loss: 0.4534, acc: 0.7000, test_acc: 0.7199, f1: 0.6818
loss: 0.5438, acc: 0.7031, test_acc: 0.7247, f1: 0.6801
loss: 0.7520, acc: 0.6985, test_acc: 0.6835, f1: 0.6335
loss: 0.4228, acc: 0.7083, test_acc: 0.6630, f1: 0.6249
loss: 0.8323, acc: 0.7039, test_acc: 0.6788, f1: 0.6426
loss: 0.5753, acc: 0.7063, test_acc: 0.6883, f1: 0.6567
loss: 0.4251, acc: 0.7113, test_acc: 0.7104, f1: 0.6761
loss: 0.4033, acc: 0.7159, test_acc: 0.7009, f1: 0.6554
loss: 0.4776, acc: 0.7174, test_acc: 0.7231, f1: 0.6849
loss: 0.7020, acc: 0.7188, test_acc: 0.7168, f1: 0.6789
loss: 0.8998, acc: 0.7100, test_acc: 0.7247, f1: 0.6829
loss: 0.4636, acc: 0.7163, test_acc: 0.7199, f1: 0.6676
loss: 0.3654, acc: 0.7199, test_acc: 0.6962, f1: 0.6431
loss: 0.8301, acc: 0.7165, test_acc: 0.6915, f1: 0.6398
>>>>>>>>>>>>>>>>>>>>>>>>>>>>>>>>>>>>>>>>>>>>>>>>>>>>>>>>>>>>
epoch: 18
loss: 0.5618, acc: 0.8125, test_acc: 0.7136, f1: 0.6686
loss: 0.4579, acc: 0.7812, test_acc: 0.7136, f1: 0.6758
loss: 0.7718, acc: 0.7292, test_acc: 0.7120, f1: 0.6753
loss: 0.4391, acc: 0.7500, test_acc: 0.7278, f1: 0.6835
loss: 0.6610, acc: 0.7250, test_acc: 0.7215, f1: 0.6772
loss: 1.0643, acc: 0.6979, test_acc: 0.6930, f1: 0.6578
loss: 0.5517, acc: 0.6964, test_acc: 0.6598, f1: 0.6301
loss: 0.5050, acc: 0.7109, test_acc: 0.6946, f1: 0.6658
loss: 0.3976, acc: 0.7361, test_acc: 0.7152, f1: 0.6804
loss: 0.7575, acc: 0.7375, test_acc: 0.7294, f1: 0.6835
loss: 0.7170, acc: 0.7159, test_acc: 0.6804, f1: 0.6336
loss: 0.4805, acc: 0.7240, test_acc: 0.6851, f1: 0.6418
loss: 0.6548, acc: 0.7308, test_acc: 0.7136, f1: 0.6753
loss: 0.9744, acc: 0.7232, test_acc: 0.7310, f1: 0.6887
loss: 0.9727, acc: 0.7125, test_acc: 0.7168, f1: 0.6804
loss: 0.6516, acc: 0.7148, test_acc: 0.7009, f1: 0.6678
loss: 0.6190, acc: 0.7132, test_acc: 0.7057, f1: 0.6732
loss: 0.7022, acc: 0.7083, test_acc: 0.7184, f1: 0.6811
loss: 0.5960, acc: 0.7072, test_acc: 0.7294, f1: 0.6849
loss: 0.9879, acc: 0.7031, test_acc: 0.7089, f1: 0.6721
loss: 0.8988, acc: 0.6994, test_acc: 0.6978, f1: 0.6601
loss: 0.6659, acc: 0.7017, test_acc: 0.7104, f1: 0.6722
loss: 0.8863, acc: 0.7011, test_acc: 0.7278, f1: 0.6847
loss: 0.3644, acc: 0.7083, test_acc: 0.7310, f1: 0.6896
loss: 0.6366, acc: 0.7125, test_acc: 0.7326, f1: 0.6935
loss: 0.7252, acc: 0.7115, test_acc: 0.7310, f1: 0.6906
loss: 0.6534, acc: 0.7106, test_acc: 0.7310, f1: 0.6838
loss: 0.6880, acc: 0.7143, test_acc: 0.7310, f1: 0.6838
loss: 1.0209, acc: 0.7069, test_acc: 0.7278, f1: 0.6879
>>>>>>>>>>>>>>>>>>>>>>>>>>>>>>>>>>>>>>>>>>>>>>>>>>>>>>>>>>>>
epoch: 19
loss: 0.5922, acc: 0.8125, test_acc: 0.7199, f1: 0.6827
loss: 0.7410, acc: 0.7500, test_acc: 0.7057, f1: 0.6763
loss: 0.5387, acc: 0.7708, test_acc: 0.6994, f1: 0.6682
loss: 0.7788, acc: 0.7344, test_acc: 0.6994, f1: 0.6670
loss: 0.4780, acc: 0.7625, test_acc: 0.7057, f1: 0.6729
loss: 0.6309, acc: 0.7604, test_acc: 0.6946, f1: 0.6554
loss: 0.7120, acc: 0.7500, test_acc: 0.7231, f1: 0.6743
loss: 0.8041, acc: 0.7344, test_acc: 0.7136, f1: 0.6737
loss: 1.1804, acc: 0.7014, test_acc: 0.6962, f1: 0.6657
loss: 0.9779, acc: 0.6937, test_acc: 0.6725, f1: 0.6327
loss: 0.5476, acc: 0.7045, test_acc: 0.7152, f1: 0.6688
loss: 0.5549, acc: 0.7083, test_acc: 0.7231, f1: 0.6754
loss: 0.6738, acc: 0.7067, test_acc: 0.7009, f1: 0.6637
loss: 0.5859, acc: 0.7098, test_acc: 0.7025, f1: 0.6682
loss: 0.4826, acc: 0.7125, test_acc: 0.7009, f1: 0.6672
loss: 0.5339, acc: 0.7148, test_acc: 0.7041, f1: 0.6685
loss: 0.7671, acc: 0.7169, test_acc: 0.7263, f1: 0.6738
loss: 0.8680, acc: 0.7153, test_acc: 0.7199, f1: 0.6592
loss: 1.0300, acc: 0.7105, test_acc: 0.7342, f1: 0.6789
loss: 0.9191, acc: 0.7063, test_acc: 0.7326, f1: 0.6875
loss: 1.1782, acc: 0.6964, test_acc: 0.7120, f1: 0.6762
loss: 0.8814, acc: 0.6989, test_acc: 0.7009, f1: 0.6697
loss: 0.6150, acc: 0.7011, test_acc: 0.7073, f1: 0.6731
loss: 0.4911, acc: 0.7057, test_acc: 0.7184, f1: 0.6758
loss: 0.5188, acc: 0.7125, test_acc: 0.6946, f1: 0.6443
loss: 0.9895, acc: 0.7067, test_acc: 0.7215, f1: 0.6689
loss: 0.5975, acc: 0.7130, test_acc: 0.7326, f1: 0.6893
loss: 1.0887, acc: 0.7098, test_acc: 0.7278, f1: 0.6906
loss: 0.5852, acc: 0.7118, test_acc: 0.7168, f1: 0.6799
>>>>>>>>>>>>>>>>>>>>>>>>>>>>>>>>>>>>>>>>>>>>>>>>>>>>>>>>>>>>
epoch: 20
loss: 0.6114, acc: 0.8750, test_acc: 0.7120, f1: 0.6781
loss: 0.2568, acc: 0.9062, test_acc: 0.6835, f1: 0.6397
loss: 0.6743, acc: 0.8542, test_acc: 0.6630, f1: 0.5985
loss: 0.5276, acc: 0.8281, test_acc: 0.6867, f1: 0.6293
loss: 0.5709, acc: 0.8125, test_acc: 0.7136, f1: 0.6744
loss: 0.4840, acc: 0.8125, test_acc: 0.7278, f1: 0.6907
loss: 0.6179, acc: 0.7857, test_acc: 0.7184, f1: 0.6843
loss: 0.4131, acc: 0.7891, test_acc: 0.7184, f1: 0.6844
loss: 0.4297, acc: 0.8056, test_acc: 0.7263, f1: 0.6863
loss: 0.5362, acc: 0.8000, test_acc: 0.7104, f1: 0.6550
loss: 0.6774, acc: 0.7841, test_acc: 0.6994, f1: 0.6424
loss: 0.4559, acc: 0.7865, test_acc: 0.7152, f1: 0.6669
loss: 0.4972, acc: 0.7885, test_acc: 0.7310, f1: 0.6890
loss: 0.5794, acc: 0.7857, test_acc: 0.7342, f1: 0.6965
loss: 0.6992, acc: 0.7792, test_acc: 0.7278, f1: 0.6843
loss: 0.4672, acc: 0.7812, test_acc: 0.7184, f1: 0.6649
loss: 0.5656, acc: 0.7757, test_acc: 0.7215, f1: 0.6770
loss: 0.3538, acc: 0.7812, test_acc: 0.7215, f1: 0.6863
loss: 0.7410, acc: 0.7730, test_acc: 0.7263, f1: 0.6906
loss: 0.9130, acc: 0.7594, test_acc: 0.7199, f1: 0.6841
loss: 0.5953, acc: 0.7589, test_acc: 0.7184, f1: 0.6826
loss: 0.4649, acc: 0.7670, test_acc: 0.7199, f1: 0.6824
loss: 0.4868, acc: 0.7663, test_acc: 0.7089, f1: 0.6676
loss: 0.7809, acc: 0.7630, test_acc: 0.7120, f1: 0.6699
loss: 0.7608, acc: 0.7600, test_acc: 0.7152, f1: 0.6746
loss: 0.4847, acc: 0.7668, test_acc: 0.7215, f1: 0.6833
loss: 0.5919, acc: 0.7616, test_acc: 0.7199, f1: 0.6786
loss: 0.6057, acc: 0.7612, test_acc: 0.7152, f1: 0.6670
>>>>>>>>>>>>>>>>>>>>>>>>>>>>>>>>>>>>>>>>>>>>>>>>>>>>>>>>>>>>
epoch: 21
loss: 0.5567, acc: 0.8125, test_acc: 0.7184, f1: 0.6669
loss: 0.5385, acc: 0.8125, test_acc: 0.7057, f1: 0.6641
loss: 0.7398, acc: 0.7917, test_acc: 0.7025, f1: 0.6646
loss: 1.0278, acc: 0.7500, test_acc: 0.7089, f1: 0.6700
loss: 0.4772, acc: 0.7625, test_acc: 0.7231, f1: 0.6835
loss: 0.6228, acc: 0.7500, test_acc: 0.7152, f1: 0.6774
loss: 0.6908, acc: 0.7589, test_acc: 0.6978, f1: 0.6643
loss: 0.8908, acc: 0.7422, test_acc: 0.6946, f1: 0.6586
loss: 0.7222, acc: 0.7292, test_acc: 0.7025, f1: 0.6588
loss: 1.0037, acc: 0.7125, test_acc: 0.7168, f1: 0.6663
loss: 0.5214, acc: 0.7216, test_acc: 0.7136, f1: 0.6515
loss: 0.7314, acc: 0.7188, test_acc: 0.7152, f1: 0.6541
loss: 0.6089, acc: 0.7115, test_acc: 0.7073, f1: 0.6719
loss: 0.5058, acc: 0.7188, test_acc: 0.6851, f1: 0.6585
loss: 0.5561, acc: 0.7250, test_acc: 0.6915, f1: 0.6600
loss: 0.6618, acc: 0.7148, test_acc: 0.7073, f1: 0.6701
loss: 0.7958, acc: 0.7206, test_acc: 0.7089, f1: 0.6689
loss: 0.9857, acc: 0.7118, test_acc: 0.7104, f1: 0.6683
loss: 0.8226, acc: 0.7105, test_acc: 0.6994, f1: 0.6555
loss: 0.5467, acc: 0.7125, test_acc: 0.6994, f1: 0.6631
loss: 0.5991, acc: 0.7143, test_acc: 0.7009, f1: 0.6644
loss: 0.8937, acc: 0.7074, test_acc: 0.6978, f1: 0.6609
loss: 0.6245, acc: 0.7065, test_acc: 0.7025, f1: 0.6624
loss: 0.5433, acc: 0.7083, test_acc: 0.7152, f1: 0.6711
loss: 0.5339, acc: 0.7125, test_acc: 0.7136, f1: 0.6708
loss: 0.5105, acc: 0.7139, test_acc: 0.7057, f1: 0.6676
loss: 0.8544, acc: 0.7106, test_acc: 0.7120, f1: 0.6741
loss: 0.6198, acc: 0.7143, test_acc: 0.7025, f1: 0.6594
loss: 0.4523, acc: 0.7177, test_acc: 0.7057, f1: 0.6634
>>>>>>>>>>>>>>>>>>>>>>>>>>>>>>>>>>>>>>>>>>>>>>>>>>>>>>>>>>>>
epoch: 22
loss: 0.6347, acc: 0.6875, test_acc: 0.6962, f1: 0.6495
loss: 0.8896, acc: 0.6250, test_acc: 0.7089, f1: 0.6576
loss: 0.7472, acc: 0.6875, test_acc: 0.7231, f1: 0.6793
loss: 0.6129, acc: 0.7031, test_acc: 0.7199, f1: 0.6758
loss: 0.9315, acc: 0.6500, test_acc: 0.7136, f1: 0.6664
loss: 0.9005, acc: 0.6562, test_acc: 0.7136, f1: 0.6597
loss: 0.7340, acc: 0.6607, test_acc: 0.7104, f1: 0.6648
loss: 0.6830, acc: 0.6719, test_acc: 0.7184, f1: 0.6811
loss: 0.5875, acc: 0.6806, test_acc: 0.6994, f1: 0.6692
loss: 1.1200, acc: 0.6687, test_acc: 0.7168, f1: 0.6779
loss: 0.7856, acc: 0.6648, test_acc: 0.7120, f1: 0.6615
loss: 0.7735, acc: 0.6615, test_acc: 0.7120, f1: 0.6520
loss: 0.8470, acc: 0.6587, test_acc: 0.7231, f1: 0.6661
loss: 0.8802, acc: 0.6607, test_acc: 0.7184, f1: 0.6599
loss: 0.8025, acc: 0.6625, test_acc: 0.7120, f1: 0.6669
loss: 0.9386, acc: 0.6523, test_acc: 0.7184, f1: 0.6788
loss: 0.4921, acc: 0.6654, test_acc: 0.7136, f1: 0.6709
loss: 0.5900, acc: 0.6736, test_acc: 0.7104, f1: 0.6665
loss: 0.4082, acc: 0.6875, test_acc: 0.7136, f1: 0.6740
loss: 0.8993, acc: 0.6781, test_acc: 0.7025, f1: 0.6660
loss: 0.6882, acc: 0.6786, test_acc: 0.7184, f1: 0.6820
loss: 0.8329, acc: 0.6761, test_acc: 0.7184, f1: 0.6757
loss: 0.8072, acc: 0.6766, test_acc: 0.7120, f1: 0.6557
loss: 0.6759, acc: 0.6771, test_acc: 0.7104, f1: 0.6584
loss: 1.0197, acc: 0.6725, test_acc: 0.6978, f1: 0.6517
loss: 0.3969, acc: 0.6803, test_acc: 0.7120, f1: 0.6760
loss: 1.0011, acc: 0.6736, test_acc: 0.7310, f1: 0.6932
loss: 0.6176, acc: 0.6763, test_acc: 0.7231, f1: 0.6801
>>>>>>>>>>>>>>>>>>>>>>>>>>>>>>>>>>>>>>>>>>>>>>>>>>>>>>>>>>>>
epoch: 23
loss: 0.6919, acc: 0.6875, test_acc: 0.7120, f1: 0.6684
loss: 0.6043, acc: 0.7500, test_acc: 0.7184, f1: 0.6766
loss: 0.7737, acc: 0.7083, test_acc: 0.7152, f1: 0.6683
loss: 0.5715, acc: 0.7188, test_acc: 0.7199, f1: 0.6760
loss: 0.8038, acc: 0.7000, test_acc: 0.7104, f1: 0.6699
loss: 0.7510, acc: 0.6875, test_acc: 0.7057, f1: 0.6701
loss: 0.4194, acc: 0.7143, test_acc: 0.7041, f1: 0.6670
loss: 0.4242, acc: 0.7422, test_acc: 0.7168, f1: 0.6740
loss: 0.6283, acc: 0.7500, test_acc: 0.7073, f1: 0.6511
loss: 0.5563, acc: 0.7562, test_acc: 0.7199, f1: 0.6726
loss: 0.6379, acc: 0.7500, test_acc: 0.7184, f1: 0.6836
loss: 0.6378, acc: 0.7448, test_acc: 0.7231, f1: 0.6886
loss: 0.8920, acc: 0.7356, test_acc: 0.7263, f1: 0.6904
loss: 0.5773, acc: 0.7321, test_acc: 0.7278, f1: 0.6944
loss: 0.6239, acc: 0.7375, test_acc: 0.7215, f1: 0.6830
loss: 0.7857, acc: 0.7344, test_acc: 0.7263, f1: 0.6801
loss: 0.3902, acc: 0.7426, test_acc: 0.7294, f1: 0.6865
loss: 0.7099, acc: 0.7431, test_acc: 0.7373, f1: 0.6963
loss: 0.6037, acc: 0.7434, test_acc: 0.7326, f1: 0.6880
loss: 0.6431, acc: 0.7438, test_acc: 0.7215, f1: 0.6867
loss: 0.4046, acc: 0.7470, test_acc: 0.7278, f1: 0.6839
loss: 0.5992, acc: 0.7472, test_acc: 0.7184, f1: 0.6681
loss: 0.6876, acc: 0.7418, test_acc: 0.7089, f1: 0.6548
loss: 0.5806, acc: 0.7448, test_acc: 0.7389, f1: 0.6914
loss: 0.8496, acc: 0.7400, test_acc: 0.7278, f1: 0.6847
loss: 0.5930, acc: 0.7452, test_acc: 0.7120, f1: 0.6761
loss: 0.5596, acc: 0.7454, test_acc: 0.7136, f1: 0.6808
loss: 1.0356, acc: 0.7388, test_acc: 0.7073, f1: 0.6739
loss: 0.5697, acc: 0.7392, test_acc: 0.6899, f1: 0.6601
>>>>>>>>>>>>>>>>>>>>>>>>>>>>>>>>>>>>>>>>>>>>>>>>>>>>>>>>>>>>
epoch: 24
loss: 0.7225, acc: 0.6250, test_acc: 0.7104, f1: 0.6781
loss: 0.4494, acc: 0.7188, test_acc: 0.7199, f1: 0.6780
loss: 0.7975, acc: 0.7292, test_acc: 0.7278, f1: 0.6839
loss: 0.7740, acc: 0.7031, test_acc: 0.6915, f1: 0.6444
loss: 0.7651, acc: 0.6875, test_acc: 0.6820, f1: 0.6415
loss: 0.6309, acc: 0.6979, test_acc: 0.7168, f1: 0.6778
loss: 0.7238, acc: 0.7232, test_acc: 0.7294, f1: 0.6871
loss: 0.6663, acc: 0.7109, test_acc: 0.7278, f1: 0.6821
loss: 0.4611, acc: 0.7222, test_acc: 0.7199, f1: 0.6745
loss: 0.7906, acc: 0.7125, test_acc: 0.7073, f1: 0.6713
loss: 0.5934, acc: 0.7159, test_acc: 0.6946, f1: 0.6603
loss: 0.7228, acc: 0.7188, test_acc: 0.7041, f1: 0.6674
loss: 0.4172, acc: 0.7308, test_acc: 0.7231, f1: 0.6787
loss: 0.4137, acc: 0.7366, test_acc: 0.7278, f1: 0.6747
loss: 0.4810, acc: 0.7458, test_acc: 0.7247, f1: 0.6724
loss: 0.5827, acc: 0.7461, test_acc: 0.7263, f1: 0.6817
loss: 0.3843, acc: 0.7574, test_acc: 0.7152, f1: 0.6744
loss: 0.3908, acc: 0.7604, test_acc: 0.7215, f1: 0.6869
loss: 0.7516, acc: 0.7533, test_acc: 0.7120, f1: 0.6744
loss: 0.3771, acc: 0.7625, test_acc: 0.7199, f1: 0.6754
loss: 0.7253, acc: 0.7589, test_acc: 0.7168, f1: 0.6764
loss: 0.6288, acc: 0.7585, test_acc: 0.7152, f1: 0.6762
loss: 0.9323, acc: 0.7500, test_acc: 0.7310, f1: 0.6905
loss: 0.8966, acc: 0.7370, test_acc: 0.7342, f1: 0.6943
loss: 0.4297, acc: 0.7425, test_acc: 0.7342, f1: 0.7001
loss: 0.4646, acc: 0.7476, test_acc: 0.7247, f1: 0.6937
loss: 0.4622, acc: 0.7523, test_acc: 0.7231, f1: 0.6916
loss: 0.4125, acc: 0.7567, test_acc: 0.7358, f1: 0.6990
loss: 0.7232, acc: 0.7576, test_acc: 0.7437, f1: 0.7056
>>>>>>>>>>>>>>>>>>>>>>>>>>>>>>>>>>>>>>>>>>>>>>>>>>>>>>>>>>>>
epoch: 25
loss: 0.3532, acc: 0.9375, test_acc: 0.7278, f1: 0.6867
loss: 1.1154, acc: 0.7188, test_acc: 0.6915, f1: 0.6515
loss: 0.5260, acc: 0.7292, test_acc: 0.7073, f1: 0.6729
loss: 0.5985, acc: 0.7344, test_acc: 0.7057, f1: 0.6660
loss: 0.9326, acc: 0.7125, test_acc: 0.7199, f1: 0.6773
loss: 0.8540, acc: 0.7083, test_acc: 0.7389, f1: 0.7000
loss: 0.5498, acc: 0.7232, test_acc: 0.7231, f1: 0.6880
loss: 0.3096, acc: 0.7422, test_acc: 0.7152, f1: 0.6798
loss: 0.7353, acc: 0.7361, test_acc: 0.7263, f1: 0.6874
loss: 0.6506, acc: 0.7375, test_acc: 0.7184, f1: 0.6856
loss: 0.6127, acc: 0.7330, test_acc: 0.7009, f1: 0.6734
loss: 0.6832, acc: 0.7344, test_acc: 0.7041, f1: 0.6744
loss: 0.6468, acc: 0.7404, test_acc: 0.7215, f1: 0.6838
loss: 0.7075, acc: 0.7366, test_acc: 0.7168, f1: 0.6766
loss: 0.4709, acc: 0.7458, test_acc: 0.7089, f1: 0.6702
loss: 0.9166, acc: 0.7344, test_acc: 0.7136, f1: 0.6769
loss: 1.0152, acc: 0.7316, test_acc: 0.7184, f1: 0.6804
loss: 0.3486, acc: 0.7431, test_acc: 0.7231, f1: 0.6801
loss: 0.6618, acc: 0.7467, test_acc: 0.7057, f1: 0.6630
loss: 1.2809, acc: 0.7375, test_acc: 0.6756, f1: 0.6216
loss: 0.6808, acc: 0.7381, test_acc: 0.6978, f1: 0.6540
loss: 0.4355, acc: 0.7443, test_acc: 0.7168, f1: 0.6738
loss: 0.6428, acc: 0.7391, test_acc: 0.7120, f1: 0.6734
loss: 0.5069, acc: 0.7422, test_acc: 0.6946, f1: 0.6613
loss: 0.6788, acc: 0.7425, test_acc: 0.7057, f1: 0.6697
loss: 0.9304, acc: 0.7332, test_acc: 0.7104, f1: 0.6681
loss: 0.7256, acc: 0.7315, test_acc: 0.7041, f1: 0.6698
loss: 0.4954, acc: 0.7344, test_acc: 0.7041, f1: 0.6710
>>>>>>>>>>>>>>>>>>>>>>>>>>>>>>>>>>>>>>>>>>>>>>>>>>>>>>>>>>>>
epoch: 26
loss: 0.6424, acc: 0.6250, test_acc: 0.7089, f1: 0.6709
loss: 0.8118, acc: 0.6250, test_acc: 0.7152, f1: 0.6769
loss: 0.7120, acc: 0.6458, test_acc: 0.7025, f1: 0.6621
loss: 0.4222, acc: 0.7031, test_acc: 0.7009, f1: 0.6635
loss: 0.5606, acc: 0.7125, test_acc: 0.6978, f1: 0.6618
loss: 0.7688, acc: 0.7188, test_acc: 0.6820, f1: 0.6492
loss: 0.7380, acc: 0.7054, test_acc: 0.6962, f1: 0.6608
loss: 0.6296, acc: 0.7031, test_acc: 0.7104, f1: 0.6751
loss: 0.8727, acc: 0.7014, test_acc: 0.7215, f1: 0.6778
loss: 0.6369, acc: 0.7063, test_acc: 0.7057, f1: 0.6599
loss: 0.7839, acc: 0.6989, test_acc: 0.7009, f1: 0.6605
loss: 0.3990, acc: 0.7135, test_acc: 0.7073, f1: 0.6702
loss: 0.5298, acc: 0.7260, test_acc: 0.7041, f1: 0.6666
loss: 0.6020, acc: 0.7277, test_acc: 0.7041, f1: 0.6670
loss: 0.5148, acc: 0.7292, test_acc: 0.7057, f1: 0.6652
loss: 0.5601, acc: 0.7344, test_acc: 0.7136, f1: 0.6710
loss: 0.5759, acc: 0.7353, test_acc: 0.7089, f1: 0.6708
loss: 1.0009, acc: 0.7292, test_acc: 0.7041, f1: 0.6701
loss: 0.7345, acc: 0.7237, test_acc: 0.7073, f1: 0.6710
loss: 0.5971, acc: 0.7281, test_acc: 0.7104, f1: 0.6713
loss: 0.7448, acc: 0.7262, test_acc: 0.7184, f1: 0.6790
loss: 0.5294, acc: 0.7273, test_acc: 0.6994, f1: 0.6608
loss: 0.9288, acc: 0.7255, test_acc: 0.7136, f1: 0.6742
loss: 0.8900, acc: 0.7161, test_acc: 0.7310, f1: 0.6881
loss: 0.5633, acc: 0.7175, test_acc: 0.7278, f1: 0.6851
loss: 0.3470, acc: 0.7236, test_acc: 0.7263, f1: 0.6876
loss: 0.9261, acc: 0.7199, test_acc: 0.7168, f1: 0.6803
loss: 0.6963, acc: 0.7210, test_acc: 0.7073, f1: 0.6707
loss: 0.6266, acc: 0.7241, test_acc: 0.7073, f1: 0.6628
>>>>>>>>>>>>>>>>>>>>>>>>>>>>>>>>>>>>>>>>>>>>>>>>>>>>>>>>>>>>
epoch: 27
loss: 0.4501, acc: 0.8750, test_acc: 0.7120, f1: 0.6566
loss: 0.6513, acc: 0.7500, test_acc: 0.7184, f1: 0.6682
loss: 0.6674, acc: 0.7292, test_acc: 0.7104, f1: 0.6662
loss: 0.6738, acc: 0.7188, test_acc: 0.6978, f1: 0.6618
loss: 1.1663, acc: 0.7000, test_acc: 0.6867, f1: 0.6526
loss: 0.7462, acc: 0.6875, test_acc: 0.7199, f1: 0.6875
loss: 0.5575, acc: 0.7143, test_acc: 0.7231, f1: 0.6863
loss: 0.7881, acc: 0.7031, test_acc: 0.7168, f1: 0.6718
loss: 0.7041, acc: 0.7014, test_acc: 0.7152, f1: 0.6680
loss: 0.4638, acc: 0.7125, test_acc: 0.7089, f1: 0.6621
loss: 0.9291, acc: 0.7102, test_acc: 0.7215, f1: 0.6781
loss: 0.6567, acc: 0.7083, test_acc: 0.7120, f1: 0.6721
loss: 0.2915, acc: 0.7212, test_acc: 0.7089, f1: 0.6698
loss: 0.6905, acc: 0.7188, test_acc: 0.7247, f1: 0.6840
loss: 0.8131, acc: 0.7208, test_acc: 0.7215, f1: 0.6765
loss: 0.8305, acc: 0.7109, test_acc: 0.7168, f1: 0.6697
loss: 0.8299, acc: 0.7132, test_acc: 0.7136, f1: 0.6703
loss: 0.8090, acc: 0.7083, test_acc: 0.7057, f1: 0.6658
loss: 0.7428, acc: 0.7007, test_acc: 0.6946, f1: 0.6581
loss: 0.5621, acc: 0.7063, test_acc: 0.6851, f1: 0.6487
loss: 0.7877, acc: 0.7024, test_acc: 0.6978, f1: 0.6479
loss: 0.6122, acc: 0.7017, test_acc: 0.7152, f1: 0.6629
loss: 0.4805, acc: 0.7065, test_acc: 0.7215, f1: 0.6647
loss: 0.9954, acc: 0.6979, test_acc: 0.7199, f1: 0.6639
loss: 0.6405, acc: 0.6975, test_acc: 0.7168, f1: 0.6747
loss: 0.9372, acc: 0.6947, test_acc: 0.7215, f1: 0.6895
loss: 0.7317, acc: 0.6944, test_acc: 0.7199, f1: 0.6877
loss: 0.8163, acc: 0.6897, test_acc: 0.7168, f1: 0.6822
>>>>>>>>>>>>>>>>>>>>>>>>>>>>>>>>>>>>>>>>>>>>>>>>>>>>>>>>>>>>
epoch: 28
loss: 0.6341, acc: 0.7500, test_acc: 0.7310, f1: 0.6931
loss: 0.7630, acc: 0.7812, test_acc: 0.7310, f1: 0.6883
loss: 0.4196, acc: 0.7917, test_acc: 0.7199, f1: 0.6818
loss: 0.7456, acc: 0.7656, test_acc: 0.7057, f1: 0.6689
loss: 0.6419, acc: 0.7750, test_acc: 0.7247, f1: 0.6810
loss: 0.5741, acc: 0.7604, test_acc: 0.7184, f1: 0.6753
loss: 0.4318, acc: 0.7768, test_acc: 0.7073, f1: 0.6665
loss: 0.4529, acc: 0.7734, test_acc: 0.7120, f1: 0.6738
loss: 0.6548, acc: 0.7708, test_acc: 0.7215, f1: 0.6810
loss: 0.6466, acc: 0.7688, test_acc: 0.7389, f1: 0.6992
loss: 0.6448, acc: 0.7557, test_acc: 0.7373, f1: 0.6993
loss: 0.5922, acc: 0.7500, test_acc: 0.7057, f1: 0.6675
loss: 0.6169, acc: 0.7548, test_acc: 0.7073, f1: 0.6704
loss: 0.4593, acc: 0.7589, test_acc: 0.7009, f1: 0.6624
loss: 0.8978, acc: 0.7500, test_acc: 0.7025, f1: 0.6636
loss: 0.6294, acc: 0.7461, test_acc: 0.7120, f1: 0.6733
loss: 0.5099, acc: 0.7463, test_acc: 0.7326, f1: 0.6876
loss: 0.5339, acc: 0.7465, test_acc: 0.7310, f1: 0.6877
loss: 0.7556, acc: 0.7500, test_acc: 0.7231, f1: 0.6769
loss: 0.8036, acc: 0.7406, test_acc: 0.7184, f1: 0.6739
loss: 0.8006, acc: 0.7411, test_acc: 0.7073, f1: 0.6662
loss: 0.9441, acc: 0.7386, test_acc: 0.7089, f1: 0.6658
loss: 0.7490, acc: 0.7391, test_acc: 0.7057, f1: 0.6603
loss: 0.6014, acc: 0.7370, test_acc: 0.7104, f1: 0.6677
loss: 0.6971, acc: 0.7350, test_acc: 0.7136, f1: 0.6717
loss: 0.6274, acc: 0.7356, test_acc: 0.6978, f1: 0.6467
loss: 0.6164, acc: 0.7361, test_acc: 0.7089, f1: 0.6614
loss: 0.7006, acc: 0.7344, test_acc: 0.7041, f1: 0.6638
loss: 0.5682, acc: 0.7349, test_acc: 0.7089, f1: 0.6758
>>>>>>>>>>>>>>>>>>>>>>>>>>>>>>>>>>>>>>>>>>>>>>>>>>>>>>>>>>>>
epoch: 29
loss: 0.9185, acc: 0.5625, test_acc: 0.7089, f1: 0.6789
loss: 0.6353, acc: 0.6562, test_acc: 0.7089, f1: 0.6797
loss: 0.7242, acc: 0.6667, test_acc: 0.7025, f1: 0.6665
loss: 0.3833, acc: 0.7188, test_acc: 0.7152, f1: 0.6768
loss: 0.6070, acc: 0.7375, test_acc: 0.7057, f1: 0.6567
loss: 0.4095, acc: 0.7604, test_acc: 0.6820, f1: 0.6221
loss: 0.5436, acc: 0.7679, test_acc: 0.6804, f1: 0.6269
loss: 0.4344, acc: 0.7812, test_acc: 0.7136, f1: 0.6719
loss: 0.7636, acc: 0.7708, test_acc: 0.7326, f1: 0.6913
loss: 1.2250, acc: 0.7375, test_acc: 0.7294, f1: 0.6830
loss: 0.7918, acc: 0.7273, test_acc: 0.7104, f1: 0.6613
loss: 0.4801, acc: 0.7396, test_acc: 0.7089, f1: 0.6608
loss: 0.7023, acc: 0.7308, test_acc: 0.7041, f1: 0.6591
loss: 0.7568, acc: 0.7277, test_acc: 0.7136, f1: 0.6752
loss: 0.4644, acc: 0.7250, test_acc: 0.7278, f1: 0.6892
loss: 0.4035, acc: 0.7383, test_acc: 0.7263, f1: 0.6858
loss: 0.6269, acc: 0.7316, test_acc: 0.7136, f1: 0.6682
loss: 0.8566, acc: 0.7222, test_acc: 0.7009, f1: 0.6605
loss: 0.4855, acc: 0.7237, test_acc: 0.7168, f1: 0.6807
loss: 0.5555, acc: 0.7281, test_acc: 0.7215, f1: 0.6874
loss: 0.7298, acc: 0.7262, test_acc: 0.7247, f1: 0.6900
loss: 0.5937, acc: 0.7273, test_acc: 0.7199, f1: 0.6816
loss: 0.3977, acc: 0.7310, test_acc: 0.6677, f1: 0.6193
loss: 0.7325, acc: 0.7318, test_acc: 0.7041, f1: 0.6544
loss: 0.2514, acc: 0.7425, test_acc: 0.7421, f1: 0.7039
loss: 0.6607, acc: 0.7428, test_acc: 0.7263, f1: 0.6934
loss: 0.5490, acc: 0.7454, test_acc: 0.7247, f1: 0.6952
loss: 0.4828, acc: 0.7500, test_acc: 0.7231, f1: 0.6870
loss: 0.4102, acc: 0.7555, test_acc: 0.7294, f1: 0.6891
>>>>>>>>>>>>>>>>>>>>>>>>>>>>>>>>>>>>>>>>>>>>>>>>>>>>>>>>>>>>
epoch: 30
loss: 0.5881, acc: 0.5625, test_acc: 0.7294, f1: 0.6851
loss: 0.5980, acc: 0.5625, test_acc: 0.7342, f1: 0.6930
loss: 0.7362, acc: 0.5833, test_acc: 0.7168, f1: 0.6829
loss: 0.6227, acc: 0.6094, test_acc: 0.7152, f1: 0.6815
loss: 0.7784, acc: 0.6250, test_acc: 0.7389, f1: 0.6975
loss: 0.8748, acc: 0.6354, test_acc: 0.7358, f1: 0.6961
loss: 0.7282, acc: 0.6250, test_acc: 0.7326, f1: 0.6941
loss: 0.6589, acc: 0.6406, test_acc: 0.7278, f1: 0.6886
loss: 0.6759, acc: 0.6597, test_acc: 0.7136, f1: 0.6810
loss: 0.4122, acc: 0.6875, test_acc: 0.7089, f1: 0.6764
loss: 1.2047, acc: 0.6705, test_acc: 0.7120, f1: 0.6815
loss: 0.5817, acc: 0.6823, test_acc: 0.7057, f1: 0.6779
loss: 0.8185, acc: 0.6731, test_acc: 0.7057, f1: 0.6771
loss: 0.5971, acc: 0.6741, test_acc: 0.7089, f1: 0.6787
loss: 0.6576, acc: 0.6750, test_acc: 0.6930, f1: 0.6465
loss: 0.4737, acc: 0.6836, test_acc: 0.7136, f1: 0.6540
loss: 0.6074, acc: 0.6875, test_acc: 0.7073, f1: 0.6542
loss: 0.5601, acc: 0.6910, test_acc: 0.7025, f1: 0.6589
loss: 0.6552, acc: 0.6908, test_acc: 0.7278, f1: 0.6878
loss: 0.4994, acc: 0.6937, test_acc: 0.7342, f1: 0.6881
loss: 0.6989, acc: 0.6964, test_acc: 0.7278, f1: 0.6834
loss: 0.7021, acc: 0.6960, test_acc: 0.7120, f1: 0.6706
loss: 0.5988, acc: 0.6957, test_acc: 0.7089, f1: 0.6677
loss: 0.7160, acc: 0.6927, test_acc: 0.7168, f1: 0.6750
loss: 0.4521, acc: 0.7000, test_acc: 0.7263, f1: 0.6880
loss: 0.7041, acc: 0.6971, test_acc: 0.7231, f1: 0.6843
loss: 0.4335, acc: 0.6991, test_acc: 0.7041, f1: 0.6671
loss: 0.9210, acc: 0.6964, test_acc: 0.6804, f1: 0.6378
>>>>>>>>>>>>>>>>>>>>>>>>>>>>>>>>>>>>>>>>>>>>>>>>>>>>>>>>>>>>
epoch: 31
loss: 0.9694, acc: 0.7500, test_acc: 0.7041, f1: 0.6534
loss: 0.8322, acc: 0.7188, test_acc: 0.7136, f1: 0.6678
loss: 0.6749, acc: 0.7083, test_acc: 0.7215, f1: 0.6855
loss: 0.2998, acc: 0.7656, test_acc: 0.7168, f1: 0.6834
loss: 0.7472, acc: 0.7625, test_acc: 0.7168, f1: 0.6815
loss: 0.6430, acc: 0.7604, test_acc: 0.7120, f1: 0.6740
loss: 0.3497, acc: 0.7768, test_acc: 0.7120, f1: 0.6681
loss: 0.5586, acc: 0.7656, test_acc: 0.7041, f1: 0.6591
loss: 0.8516, acc: 0.7292, test_acc: 0.7184, f1: 0.6718
loss: 0.7836, acc: 0.7188, test_acc: 0.7247, f1: 0.6766
loss: 0.6975, acc: 0.7216, test_acc: 0.7104, f1: 0.6719
loss: 0.7976, acc: 0.7188, test_acc: 0.7136, f1: 0.6815
loss: 0.8858, acc: 0.7163, test_acc: 0.7120, f1: 0.6799
loss: 0.7835, acc: 0.7098, test_acc: 0.7168, f1: 0.6811
loss: 0.8115, acc: 0.7042, test_acc: 0.7184, f1: 0.6736
loss: 0.6253, acc: 0.7031, test_acc: 0.6930, f1: 0.6330
loss: 0.9905, acc: 0.6949, test_acc: 0.6756, f1: 0.6055
loss: 0.8925, acc: 0.6875, test_acc: 0.6930, f1: 0.6279
loss: 0.5094, acc: 0.6908, test_acc: 0.7231, f1: 0.6760
loss: 0.8062, acc: 0.6875, test_acc: 0.7104, f1: 0.6741
loss: 0.5518, acc: 0.6994, test_acc: 0.6867, f1: 0.6483
loss: 0.5395, acc: 0.7017, test_acc: 0.6899, f1: 0.6527
loss: 0.6770, acc: 0.7011, test_acc: 0.6962, f1: 0.6648
loss: 0.6135, acc: 0.7031, test_acc: 0.7310, f1: 0.6932
loss: 0.7594, acc: 0.7000, test_acc: 0.7184, f1: 0.6696
loss: 0.5548, acc: 0.7043, test_acc: 0.7168, f1: 0.6737
loss: 0.5785, acc: 0.7106, test_acc: 0.7025, f1: 0.6629
loss: 0.5630, acc: 0.7143, test_acc: 0.7104, f1: 0.6704
loss: 0.8388, acc: 0.7134, test_acc: 0.7073, f1: 0.6642
>>>>>>>>>>>>>>>>>>>>>>>>>>>>>>>>>>>>>>>>>>>>>>>>>>>>>>>>>>>>
epoch: 32
loss: 0.6089, acc: 0.7500, test_acc: 0.6962, f1: 0.6557
loss: 0.7229, acc: 0.6562, test_acc: 0.6962, f1: 0.6621
loss: 0.5199, acc: 0.6875, test_acc: 0.7057, f1: 0.6756
loss: 0.7027, acc: 0.6719, test_acc: 0.7231, f1: 0.6913
loss: 0.6860, acc: 0.6750, test_acc: 0.7342, f1: 0.6955
loss: 0.7894, acc: 0.6667, test_acc: 0.7278, f1: 0.6791
loss: 0.4092, acc: 0.6964, test_acc: 0.7073, f1: 0.6641
loss: 0.6845, acc: 0.6953, test_acc: 0.6994, f1: 0.6589
loss: 0.8439, acc: 0.6875, test_acc: 0.7073, f1: 0.6645
loss: 0.3814, acc: 0.7125, test_acc: 0.7168, f1: 0.6824
loss: 0.5399, acc: 0.7273, test_acc: 0.7184, f1: 0.6870
loss: 0.7394, acc: 0.7292, test_acc: 0.7184, f1: 0.6833
loss: 0.8221, acc: 0.7260, test_acc: 0.7136, f1: 0.6774
loss: 0.4639, acc: 0.7366, test_acc: 0.7199, f1: 0.6848
loss: 0.9037, acc: 0.7250, test_acc: 0.7184, f1: 0.6808
loss: 0.6799, acc: 0.7227, test_acc: 0.7231, f1: 0.6855
loss: 0.8203, acc: 0.7243, test_acc: 0.7168, f1: 0.6741
loss: 0.6422, acc: 0.7257, test_acc: 0.7231, f1: 0.6847
loss: 0.4866, acc: 0.7303, test_acc: 0.7215, f1: 0.6848
loss: 1.1006, acc: 0.7188, test_acc: 0.6978, f1: 0.6613
loss: 0.4004, acc: 0.7232, test_acc: 0.6946, f1: 0.6589
loss: 0.6794, acc: 0.7244, test_acc: 0.7168, f1: 0.6722
loss: 0.5707, acc: 0.7228, test_acc: 0.7247, f1: 0.6765
loss: 0.3494, acc: 0.7266, test_acc: 0.7215, f1: 0.6672
loss: 1.0626, acc: 0.7250, test_acc: 0.7168, f1: 0.6710
loss: 0.7139, acc: 0.7212, test_acc: 0.6883, f1: 0.6510
loss: 0.6308, acc: 0.7222, test_acc: 0.7073, f1: 0.6684
loss: 0.4747, acc: 0.7232, test_acc: 0.7184, f1: 0.6804
>>>>>>>>>>>>>>>>>>>>>>>>>>>>>>>>>>>>>>>>>>>>>>>>>>>>>>>>>>>>
epoch: 33
loss: 1.0122, acc: 0.5625, test_acc: 0.7104, f1: 0.6727
loss: 0.5817, acc: 0.6875, test_acc: 0.7089, f1: 0.6662
loss: 0.4476, acc: 0.7292, test_acc: 0.7168, f1: 0.6694
loss: 0.4734, acc: 0.7656, test_acc: 0.7247, f1: 0.6814
loss: 0.4342, acc: 0.7750, test_acc: 0.7310, f1: 0.6904
loss: 0.3224, acc: 0.7917, test_acc: 0.7310, f1: 0.6921
loss: 0.5035, acc: 0.8036, test_acc: 0.7009, f1: 0.6634
loss: 0.4730, acc: 0.8125, test_acc: 0.7025, f1: 0.6642
loss: 0.5585, acc: 0.8125, test_acc: 0.7168, f1: 0.6777
loss: 0.8414, acc: 0.7875, test_acc: 0.7326, f1: 0.6875
loss: 0.6696, acc: 0.7727, test_acc: 0.7231, f1: 0.6831
loss: 0.3181, acc: 0.7865, test_acc: 0.7168, f1: 0.6793
loss: 0.5715, acc: 0.7885, test_acc: 0.7120, f1: 0.6674
loss: 1.1902, acc: 0.7679, test_acc: 0.6994, f1: 0.6472
loss: 0.6815, acc: 0.7667, test_acc: 0.6883, f1: 0.6422
loss: 0.6448, acc: 0.7656, test_acc: 0.6915, f1: 0.6532
loss: 0.3960, acc: 0.7721, test_acc: 0.7025, f1: 0.6735
loss: 0.7304, acc: 0.7604, test_acc: 0.7041, f1: 0.6745
loss: 0.6496, acc: 0.7533, test_acc: 0.6930, f1: 0.6659
loss: 0.4801, acc: 0.7594, test_acc: 0.7089, f1: 0.6717
loss: 0.5357, acc: 0.7589, test_acc: 0.7089, f1: 0.6660
loss: 0.4164, acc: 0.7614, test_acc: 0.7073, f1: 0.6683
loss: 0.5947, acc: 0.7582, test_acc: 0.7104, f1: 0.6843
loss: 0.7248, acc: 0.7552, test_acc: 0.7199, f1: 0.6902
loss: 0.5663, acc: 0.7525, test_acc: 0.7009, f1: 0.6528
loss: 0.5674, acc: 0.7548, test_acc: 0.6978, f1: 0.6380
loss: 0.6873, acc: 0.7523, test_acc: 0.7057, f1: 0.6496
loss: 0.5603, acc: 0.7500, test_acc: 0.7247, f1: 0.6883
loss: 0.8226, acc: 0.7457, test_acc: 0.7278, f1: 0.6928
>>>>>>>>>>>>>>>>>>>>>>>>>>>>>>>>>>>>>>>>>>>>>>>>>>>>>>>>>>>>
epoch: 34
loss: 0.4791, acc: 0.8750, test_acc: 0.7294, f1: 0.6974
loss: 0.5600, acc: 0.8125, test_acc: 0.7168, f1: 0.6826
loss: 0.6845, acc: 0.7708, test_acc: 0.7215, f1: 0.6748
loss: 0.8649, acc: 0.7031, test_acc: 0.7199, f1: 0.6704
loss: 0.3470, acc: 0.7500, test_acc: 0.7152, f1: 0.6584
loss: 0.9022, acc: 0.7083, test_acc: 0.7199, f1: 0.6711
loss: 0.3303, acc: 0.7232, test_acc: 0.7073, f1: 0.6646
loss: 0.3754, acc: 0.7344, test_acc: 0.6899, f1: 0.6498
loss: 0.6276, acc: 0.7361, test_acc: 0.7152, f1: 0.6735
loss: 0.4399, acc: 0.7500, test_acc: 0.7278, f1: 0.6847
loss: 0.6997, acc: 0.7557, test_acc: 0.7215, f1: 0.6763
loss: 0.4435, acc: 0.7604, test_acc: 0.7294, f1: 0.6848
loss: 0.7475, acc: 0.7548, test_acc: 0.7247, f1: 0.6913
loss: 0.6756, acc: 0.7500, test_acc: 0.7215, f1: 0.6867
loss: 0.7432, acc: 0.7417, test_acc: 0.7215, f1: 0.6761
loss: 0.6431, acc: 0.7461, test_acc: 0.7199, f1: 0.6735
loss: 0.3289, acc: 0.7500, test_acc: 0.7168, f1: 0.6737
loss: 0.6575, acc: 0.7465, test_acc: 0.7104, f1: 0.6692
loss: 0.5268, acc: 0.7500, test_acc: 0.7104, f1: 0.6697
loss: 0.4866, acc: 0.7500, test_acc: 0.7104, f1: 0.6762
loss: 0.4352, acc: 0.7589, test_acc: 0.7152, f1: 0.6790
loss: 0.8222, acc: 0.7472, test_acc: 0.7136, f1: 0.6748
loss: 0.5786, acc: 0.7446, test_acc: 0.7152, f1: 0.6770
loss: 0.2678, acc: 0.7500, test_acc: 0.7152, f1: 0.6748
loss: 0.9664, acc: 0.7375, test_acc: 0.6946, f1: 0.6581
loss: 0.5699, acc: 0.7404, test_acc: 0.6867, f1: 0.6579
loss: 0.5960, acc: 0.7407, test_acc: 0.6883, f1: 0.6574
loss: 0.9090, acc: 0.7388, test_acc: 0.6899, f1: 0.6571
loss: 0.3930, acc: 0.7424, test_acc: 0.6962, f1: 0.6637
>>>>>>>>>>>>>>>>>>>>>>>>>>>>>>>>>>>>>>>>>>>>>>>>>>>>>>>>>>>>
epoch: 35
loss: 0.8611, acc: 0.8125, test_acc: 0.6978, f1: 0.6624
loss: 0.4458, acc: 0.8125, test_acc: 0.7136, f1: 0.6767
loss: 0.5487, acc: 0.8125, test_acc: 0.7199, f1: 0.6875
loss: 0.6422, acc: 0.7969, test_acc: 0.6835, f1: 0.6508
loss: 0.6474, acc: 0.7750, test_acc: 0.6835, f1: 0.6537
loss: 0.7594, acc: 0.7604, test_acc: 0.6883, f1: 0.6571
loss: 0.4198, acc: 0.7768, test_acc: 0.7009, f1: 0.6655
loss: 0.4381, acc: 0.7891, test_acc: 0.7089, f1: 0.6570
loss: 0.8486, acc: 0.7569, test_acc: 0.7120, f1: 0.6570
loss: 0.5593, acc: 0.7562, test_acc: 0.7104, f1: 0.6615
loss: 0.6373, acc: 0.7614, test_acc: 0.6899, f1: 0.6524
loss: 0.6162, acc: 0.7552, test_acc: 0.6851, f1: 0.6484
loss: 0.9364, acc: 0.7452, test_acc: 0.7136, f1: 0.6688
loss: 0.8452, acc: 0.7411, test_acc: 0.7136, f1: 0.6593
loss: 0.3328, acc: 0.7542, test_acc: 0.7120, f1: 0.6635
loss: 0.7789, acc: 0.7539, test_acc: 0.6930, f1: 0.6621
loss: 0.5783, acc: 0.7537, test_acc: 0.6883, f1: 0.6601
loss: 0.4969, acc: 0.7535, test_acc: 0.6915, f1: 0.6576
loss: 0.5918, acc: 0.7533, test_acc: 0.7152, f1: 0.6746
loss: 0.6724, acc: 0.7531, test_acc: 0.7231, f1: 0.6725
loss: 0.7916, acc: 0.7500, test_acc: 0.7168, f1: 0.6729
loss: 0.5548, acc: 0.7557, test_acc: 0.7009, f1: 0.6655
loss: 0.4027, acc: 0.7582, test_acc: 0.6994, f1: 0.6662
loss: 0.6465, acc: 0.7526, test_acc: 0.7073, f1: 0.6714
loss: 0.4559, acc: 0.7575, test_acc: 0.7215, f1: 0.6869
loss: 0.4933, acc: 0.7596, test_acc: 0.7215, f1: 0.6836
loss: 1.3139, acc: 0.7500, test_acc: 0.7120, f1: 0.6660
loss: 0.5131, acc: 0.7522, test_acc: 0.7104, f1: 0.6656
>>>>>>>>>>>>>>>>>>>>>>>>>>>>>>>>>>>>>>>>>>>>>>>>>>>>>>>>>>>>
epoch: 36
loss: 0.4153, acc: 0.8750, test_acc: 0.7104, f1: 0.6673
loss: 0.8154, acc: 0.7500, test_acc: 0.7025, f1: 0.6620
loss: 0.4075, acc: 0.8125, test_acc: 0.6946, f1: 0.6580
loss: 0.4931, acc: 0.8125, test_acc: 0.6851, f1: 0.6465
loss: 0.6004, acc: 0.8250, test_acc: 0.6788, f1: 0.6449
loss: 0.7106, acc: 0.8125, test_acc: 0.6915, f1: 0.6605
loss: 0.8938, acc: 0.7857, test_acc: 0.6978, f1: 0.6675
loss: 0.5697, acc: 0.7812, test_acc: 0.7057, f1: 0.6724
loss: 0.5763, acc: 0.7778, test_acc: 0.7199, f1: 0.6824
loss: 0.5005, acc: 0.7875, test_acc: 0.7263, f1: 0.6889
loss: 0.5059, acc: 0.7841, test_acc: 0.7184, f1: 0.6787
loss: 0.6927, acc: 0.7865, test_acc: 0.7199, f1: 0.6729
loss: 0.5109, acc: 0.7837, test_acc: 0.7120, f1: 0.6670
loss: 0.6973, acc: 0.7768, test_acc: 0.7120, f1: 0.6684
loss: 0.7008, acc: 0.7667, test_acc: 0.7152, f1: 0.6745
loss: 0.6358, acc: 0.7617, test_acc: 0.7199, f1: 0.6803
loss: 0.5599, acc: 0.7610, test_acc: 0.7231, f1: 0.6853
loss: 0.4968, acc: 0.7604, test_acc: 0.7294, f1: 0.6889
loss: 0.7271, acc: 0.7533, test_acc: 0.7358, f1: 0.6922
loss: 0.6738, acc: 0.7531, test_acc: 0.7231, f1: 0.6807
loss: 0.8022, acc: 0.7500, test_acc: 0.7184, f1: 0.6730
loss: 0.9442, acc: 0.7415, test_acc: 0.7168, f1: 0.6764
loss: 0.7453, acc: 0.7391, test_acc: 0.7025, f1: 0.6652
loss: 0.5152, acc: 0.7370, test_acc: 0.7009, f1: 0.6669
loss: 0.6448, acc: 0.7350, test_acc: 0.6835, f1: 0.6502
loss: 0.6198, acc: 0.7380, test_acc: 0.6946, f1: 0.6599
loss: 0.5444, acc: 0.7407, test_acc: 0.7041, f1: 0.6625
loss: 0.7482, acc: 0.7411, test_acc: 0.7041, f1: 0.6608
loss: 0.5935, acc: 0.7414, test_acc: 0.7199, f1: 0.6716
>>>>>>>>>>>>>>>>>>>>>>>>>>>>>>>>>>>>>>>>>>>>>>>>>>>>>>>>>>>>
epoch: 37
loss: 0.2935, acc: 0.8750, test_acc: 0.7089, f1: 0.6627
loss: 0.5629, acc: 0.8125, test_acc: 0.6946, f1: 0.6484
loss: 0.4973, acc: 0.7917, test_acc: 0.7025, f1: 0.6608
loss: 0.4460, acc: 0.8125, test_acc: 0.7104, f1: 0.6714
loss: 0.6592, acc: 0.8000, test_acc: 0.7009, f1: 0.6638
loss: 0.8295, acc: 0.7604, test_acc: 0.7089, f1: 0.6715
loss: 0.9857, acc: 0.7232, test_acc: 0.7073, f1: 0.6678
loss: 0.4600, acc: 0.7344, test_acc: 0.6835, f1: 0.6406
loss: 0.5137, acc: 0.7361, test_acc: 0.7073, f1: 0.6645
loss: 0.9139, acc: 0.7250, test_acc: 0.7184, f1: 0.6788
loss: 0.8544, acc: 0.7216, test_acc: 0.7120, f1: 0.6755
loss: 0.3848, acc: 0.7396, test_acc: 0.7041, f1: 0.6691
loss: 0.6635, acc: 0.7404, test_acc: 0.7025, f1: 0.6676
loss: 0.7882, acc: 0.7277, test_acc: 0.7009, f1: 0.6630
loss: 0.6297, acc: 0.7292, test_acc: 0.7136, f1: 0.6753
loss: 0.5781, acc: 0.7266, test_acc: 0.7136, f1: 0.6778
loss: 0.5234, acc: 0.7316, test_acc: 0.7089, f1: 0.6707
loss: 0.2793, acc: 0.7396, test_acc: 0.7104, f1: 0.6731
loss: 0.5098, acc: 0.7434, test_acc: 0.7089, f1: 0.6633
loss: 0.5819, acc: 0.7438, test_acc: 0.7104, f1: 0.6675
loss: 0.6403, acc: 0.7440, test_acc: 0.7199, f1: 0.6809
loss: 0.6641, acc: 0.7415, test_acc: 0.7247, f1: 0.6871
loss: 0.3402, acc: 0.7473, test_acc: 0.7326, f1: 0.6931
loss: 0.8189, acc: 0.7422, test_acc: 0.7421, f1: 0.7015
loss: 0.5302, acc: 0.7425, test_acc: 0.7421, f1: 0.7027
loss: 1.0156, acc: 0.7428, test_acc: 0.6978, f1: 0.6600
loss: 0.9876, acc: 0.7384, test_acc: 0.6804, f1: 0.6357
loss: 0.7570, acc: 0.7366, test_acc: 0.6851, f1: 0.6482
>>>>>>>>>>>>>>>>>>>>>>>>>>>>>>>>>>>>>>>>>>>>>>>>>>>>>>>>>>>>
epoch: 38
loss: 0.6823, acc: 0.6875, test_acc: 0.7073, f1: 0.6745
loss: 0.6638, acc: 0.7188, test_acc: 0.7073, f1: 0.6659
loss: 0.4333, acc: 0.7708, test_acc: 0.7199, f1: 0.6813
loss: 0.7343, acc: 0.7500, test_acc: 0.6978, f1: 0.6509
loss: 0.8329, acc: 0.7500, test_acc: 0.6946, f1: 0.6451
loss: 0.4479, acc: 0.7500, test_acc: 0.6994, f1: 0.6614
loss: 0.3084, acc: 0.7768, test_acc: 0.7168, f1: 0.6842
loss: 0.6655, acc: 0.7734, test_acc: 0.7184, f1: 0.6833
loss: 0.4300, acc: 0.7847, test_acc: 0.7184, f1: 0.6847
loss: 0.5672, acc: 0.7875, test_acc: 0.7263, f1: 0.6914
loss: 0.7487, acc: 0.7784, test_acc: 0.7136, f1: 0.6825
loss: 0.5361, acc: 0.7760, test_acc: 0.6994, f1: 0.6694
loss: 0.6650, acc: 0.7644, test_acc: 0.6994, f1: 0.6687
loss: 0.6161, acc: 0.7634, test_acc: 0.7057, f1: 0.6691
loss: 0.5804, acc: 0.7667, test_acc: 0.7231, f1: 0.6778
loss: 0.7910, acc: 0.7539, test_acc: 0.7231, f1: 0.6799
loss: 0.7296, acc: 0.7537, test_acc: 0.7247, f1: 0.6822
loss: 0.5403, acc: 0.7569, test_acc: 0.7104, f1: 0.6730
loss: 0.9021, acc: 0.7467, test_acc: 0.7278, f1: 0.6876
loss: 1.1123, acc: 0.7375, test_acc: 0.7437, f1: 0.6987
loss: 0.5312, acc: 0.7381, test_acc: 0.7373, f1: 0.6952
loss: 0.5453, acc: 0.7358, test_acc: 0.7421, f1: 0.7035
loss: 0.7903, acc: 0.7310, test_acc: 0.7294, f1: 0.6947
loss: 0.4365, acc: 0.7318, test_acc: 0.7231, f1: 0.6824
loss: 0.6201, acc: 0.7350, test_acc: 0.7215, f1: 0.6756
loss: 0.3275, acc: 0.7404, test_acc: 0.7104, f1: 0.6644
loss: 0.8335, acc: 0.7361, test_acc: 0.7136, f1: 0.6690
loss: 0.7299, acc: 0.7321, test_acc: 0.7168, f1: 0.6754
loss: 0.7055, acc: 0.7328, test_acc: 0.7104, f1: 0.6744
>>>>>>>>>>>>>>>>>>>>>>>>>>>>>>>>>>>>>>>>>>>>>>>>>>>>>>>>>>>>
epoch: 39
loss: 0.7681, acc: 0.7500, test_acc: 0.7073, f1: 0.6700
loss: 0.6113, acc: 0.7812, test_acc: 0.7168, f1: 0.6773
loss: 0.5435, acc: 0.7708, test_acc: 0.7247, f1: 0.6822
loss: 0.6316, acc: 0.7500, test_acc: 0.7310, f1: 0.6829
loss: 0.4642, acc: 0.7625, test_acc: 0.7152, f1: 0.6710
loss: 0.4662, acc: 0.7604, test_acc: 0.7136, f1: 0.6814
loss: 0.6931, acc: 0.7500, test_acc: 0.7215, f1: 0.6907
loss: 0.8799, acc: 0.7344, test_acc: 0.7215, f1: 0.6905
loss: 0.6762, acc: 0.7292, test_acc: 0.7294, f1: 0.6983
loss: 0.4531, acc: 0.7438, test_acc: 0.7184, f1: 0.6829
loss: 0.5197, acc: 0.7386, test_acc: 0.7089, f1: 0.6689
loss: 0.5856, acc: 0.7344, test_acc: 0.7199, f1: 0.6747
loss: 0.5659, acc: 0.7308, test_acc: 0.7184, f1: 0.6745
loss: 0.6603, acc: 0.7321, test_acc: 0.7057, f1: 0.6645
loss: 0.8812, acc: 0.7208, test_acc: 0.7199, f1: 0.6865
loss: 0.3488, acc: 0.7344, test_acc: 0.7215, f1: 0.6893
loss: 0.4928, acc: 0.7353, test_acc: 0.7168, f1: 0.6850
loss: 0.7460, acc: 0.7361, test_acc: 0.6962, f1: 0.6631
loss: 1.0188, acc: 0.7303, test_acc: 0.6851, f1: 0.6470
loss: 0.6141, acc: 0.7312, test_acc: 0.7009, f1: 0.6588
loss: 0.6105, acc: 0.7292, test_acc: 0.6883, f1: 0.6516
loss: 0.6122, acc: 0.7301, test_acc: 0.7104, f1: 0.6768
loss: 0.6034, acc: 0.7255, test_acc: 0.7168, f1: 0.6842
loss: 0.5885, acc: 0.7266, test_acc: 0.7215, f1: 0.6877
loss: 0.8599, acc: 0.7225, test_acc: 0.7009, f1: 0.6729
loss: 0.6169, acc: 0.7188, test_acc: 0.7009, f1: 0.6758
loss: 0.6545, acc: 0.7199, test_acc: 0.7104, f1: 0.6788
loss: 0.5361, acc: 0.7210, test_acc: 0.7342, f1: 0.6867
loss: 0.3160, acc: 0.7227, test_acc: 0.7326, f1: 0.6755
>>>>>>>>>>>>>>>>>>>>>>>>>>>>>>>>>>>>>>>>>>>>>>>>>>>>>>>>>>>>
epoch: 40
loss: 0.5339, acc: 0.7500, test_acc: 0.7215, f1: 0.6776
loss: 0.7395, acc: 0.6562, test_acc: 0.6677, f1: 0.6370
loss: 0.8515, acc: 0.6458, test_acc: 0.6756, f1: 0.6521
loss: 0.2709, acc: 0.7188, test_acc: 0.7278, f1: 0.6967
loss: 0.3505, acc: 0.7625, test_acc: 0.7437, f1: 0.7051
loss: 0.6577, acc: 0.7500, test_acc: 0.7342, f1: 0.6852
loss: 0.4921, acc: 0.7500, test_acc: 0.7326, f1: 0.6880
loss: 0.3200, acc: 0.7734, test_acc: 0.7152, f1: 0.6825
loss: 0.7978, acc: 0.7569, test_acc: 0.6867, f1: 0.6572
loss: 0.4969, acc: 0.7625, test_acc: 0.7089, f1: 0.6766
loss: 0.5623, acc: 0.7614, test_acc: 0.7199, f1: 0.6814
loss: 1.0893, acc: 0.7552, test_acc: 0.7199, f1: 0.6774
loss: 0.7897, acc: 0.7452, test_acc: 0.7184, f1: 0.6742
loss: 0.8979, acc: 0.7277, test_acc: 0.7199, f1: 0.6793
loss: 0.4117, acc: 0.7292, test_acc: 0.7073, f1: 0.6743
loss: 0.5754, acc: 0.7344, test_acc: 0.7025, f1: 0.6729
loss: 0.5831, acc: 0.7279, test_acc: 0.7168, f1: 0.6874
loss: 0.7620, acc: 0.7222, test_acc: 0.7136, f1: 0.6828
loss: 0.4897, acc: 0.7270, test_acc: 0.7136, f1: 0.6826
loss: 0.6511, acc: 0.7219, test_acc: 0.7089, f1: 0.6653
loss: 0.7275, acc: 0.7173, test_acc: 0.7104, f1: 0.6617
loss: 0.9429, acc: 0.7131, test_acc: 0.7294, f1: 0.6850
loss: 0.4384, acc: 0.7174, test_acc: 0.7389, f1: 0.6967
loss: 1.0322, acc: 0.7083, test_acc: 0.7231, f1: 0.6796
loss: 0.8433, acc: 0.7050, test_acc: 0.7136, f1: 0.6739
loss: 0.4901, acc: 0.7091, test_acc: 0.6978, f1: 0.6538
loss: 0.5270, acc: 0.7106, test_acc: 0.7073, f1: 0.6666
loss: 0.7811, acc: 0.7076, test_acc: 0.7184, f1: 0.6745
>>>>>>>>>>>>>>>>>>>>>>>>>>>>>>>>>>>>>>>>>>>>>>>>>>>>>>>>>>>>
epoch: 41
loss: 0.6158, acc: 0.8125, test_acc: 0.7199, f1: 0.6741
loss: 0.7054, acc: 0.7188, test_acc: 0.7136, f1: 0.6755
loss: 0.5956, acc: 0.7083, test_acc: 0.7009, f1: 0.6736
loss: 0.7361, acc: 0.6875, test_acc: 0.6994, f1: 0.6727
loss: 0.5622, acc: 0.6750, test_acc: 0.6962, f1: 0.6616
loss: 0.3901, acc: 0.6979, test_acc: 0.7231, f1: 0.6813
loss: 0.4479, acc: 0.7054, test_acc: 0.7215, f1: 0.6807
loss: 0.4374, acc: 0.7188, test_acc: 0.7057, f1: 0.6702
loss: 0.7333, acc: 0.7222, test_acc: 0.6946, f1: 0.6622
loss: 0.3145, acc: 0.7438, test_acc: 0.7089, f1: 0.6781
loss: 0.5610, acc: 0.7500, test_acc: 0.7152, f1: 0.6816
loss: 0.4605, acc: 0.7552, test_acc: 0.7247, f1: 0.6845
loss: 0.4369, acc: 0.7596, test_acc: 0.7136, f1: 0.6659
loss: 0.7419, acc: 0.7545, test_acc: 0.6962, f1: 0.6403
loss: 0.4536, acc: 0.7625, test_acc: 0.7120, f1: 0.6671
loss: 0.6762, acc: 0.7578, test_acc: 0.7152, f1: 0.6711
loss: 0.6280, acc: 0.7500, test_acc: 0.7184, f1: 0.6719
loss: 0.5425, acc: 0.7500, test_acc: 0.7168, f1: 0.6713
loss: 0.4223, acc: 0.7533, test_acc: 0.7073, f1: 0.6686
loss: 0.6965, acc: 0.7500, test_acc: 0.7025, f1: 0.6514
loss: 0.3475, acc: 0.7560, test_acc: 0.7168, f1: 0.6584
loss: 0.5737, acc: 0.7528, test_acc: 0.7041, f1: 0.6417
loss: 0.6351, acc: 0.7500, test_acc: 0.7184, f1: 0.6680
loss: 0.7189, acc: 0.7448, test_acc: 0.7231, f1: 0.6782
loss: 0.7336, acc: 0.7400, test_acc: 0.7184, f1: 0.6820
loss: 0.8850, acc: 0.7380, test_acc: 0.7231, f1: 0.6876
loss: 0.4182, acc: 0.7431, test_acc: 0.7342, f1: 0.6983
loss: 0.5000, acc: 0.7455, test_acc: 0.7278, f1: 0.6841
loss: 0.5780, acc: 0.7457, test_acc: 0.7263, f1: 0.6832
>>>>>>>>>>>>>>>>>>>>>>>>>>>>>>>>>>>>>>>>>>>>>>>>>>>>>>>>>>>>
epoch: 42
loss: 0.5811, acc: 0.7500, test_acc: 0.7231, f1: 0.6883
loss: 0.5892, acc: 0.6875, test_acc: 0.7199, f1: 0.6854
loss: 0.8441, acc: 0.6667, test_acc: 0.7405, f1: 0.7027
loss: 1.0891, acc: 0.6562, test_acc: 0.7373, f1: 0.6950
loss: 0.7660, acc: 0.6625, test_acc: 0.7247, f1: 0.6846
loss: 0.5531, acc: 0.6875, test_acc: 0.7073, f1: 0.6689
loss: 0.8220, acc: 0.6875, test_acc: 0.7168, f1: 0.6777
loss: 0.6099, acc: 0.6875, test_acc: 0.7294, f1: 0.6892
loss: 0.8813, acc: 0.6944, test_acc: 0.7278, f1: 0.6796
loss: 0.6929, acc: 0.6937, test_acc: 0.7231, f1: 0.6701
loss: 0.4037, acc: 0.7159, test_acc: 0.7199, f1: 0.6769
loss: 0.4180, acc: 0.7240, test_acc: 0.7231, f1: 0.6905
loss: 0.4504, acc: 0.7260, test_acc: 0.7120, f1: 0.6845
loss: 0.7840, acc: 0.7188, test_acc: 0.7073, f1: 0.6769
loss: 0.5161, acc: 0.7208, test_acc: 0.7120, f1: 0.6795
loss: 0.6630, acc: 0.7188, test_acc: 0.7073, f1: 0.6755
loss: 0.7712, acc: 0.7169, test_acc: 0.7184, f1: 0.6858
loss: 0.5137, acc: 0.7257, test_acc: 0.7073, f1: 0.6710
loss: 0.8580, acc: 0.7204, test_acc: 0.7136, f1: 0.6734
loss: 0.6939, acc: 0.7188, test_acc: 0.7073, f1: 0.6667
loss: 0.7529, acc: 0.7143, test_acc: 0.7168, f1: 0.6770
loss: 0.5374, acc: 0.7159, test_acc: 0.7263, f1: 0.6804
loss: 0.4089, acc: 0.7201, test_acc: 0.7104, f1: 0.6676
loss: 0.7491, acc: 0.7188, test_acc: 0.7231, f1: 0.6773
loss: 0.5309, acc: 0.7225, test_acc: 0.7231, f1: 0.6829
loss: 0.6775, acc: 0.7236, test_acc: 0.7184, f1: 0.6856
loss: 0.4903, acc: 0.7292, test_acc: 0.7184, f1: 0.6778
loss: 0.6285, acc: 0.7277, test_acc: 0.7152, f1: 0.6642
>>>>>>>>>>>>>>>>>>>>>>>>>>>>>>>>>>>>>>>>>>>>>>>>>>>>>>>>>>>>
epoch: 43
loss: 0.5944, acc: 0.6875, test_acc: 0.7089, f1: 0.6627
loss: 0.8254, acc: 0.6562, test_acc: 0.6994, f1: 0.6651
loss: 0.6352, acc: 0.6667, test_acc: 0.7104, f1: 0.6833
loss: 0.5637, acc: 0.6719, test_acc: 0.7294, f1: 0.6960
loss: 0.6846, acc: 0.6625, test_acc: 0.7278, f1: 0.6901
loss: 0.4655, acc: 0.6979, test_acc: 0.7342, f1: 0.6888
loss: 0.7331, acc: 0.7054, test_acc: 0.7168, f1: 0.6701
loss: 0.6131, acc: 0.7031, test_acc: 0.7231, f1: 0.6830
loss: 0.2947, acc: 0.7361, test_acc: 0.7405, f1: 0.7062
loss: 0.7119, acc: 0.7312, test_acc: 0.7405, f1: 0.7064
loss: 0.7324, acc: 0.7273, test_acc: 0.7310, f1: 0.6972
loss: 0.4028, acc: 0.7396, test_acc: 0.7247, f1: 0.6890
loss: 0.4413, acc: 0.7500, test_acc: 0.7263, f1: 0.6842
loss: 0.3092, acc: 0.7545, test_acc: 0.7263, f1: 0.6817
loss: 0.5329, acc: 0.7583, test_acc: 0.7199, f1: 0.6720
loss: 0.4473, acc: 0.7578, test_acc: 0.7184, f1: 0.6760
loss: 0.6486, acc: 0.7610, test_acc: 0.7199, f1: 0.6800
loss: 0.3224, acc: 0.7708, test_acc: 0.7120, f1: 0.6746
loss: 0.7724, acc: 0.7566, test_acc: 0.7168, f1: 0.6770
loss: 0.3795, acc: 0.7594, test_acc: 0.7215, f1: 0.6780
loss: 0.3930, acc: 0.7649, test_acc: 0.7215, f1: 0.6729
loss: 0.4431, acc: 0.7727, test_acc: 0.7168, f1: 0.6688
loss: 0.7356, acc: 0.7690, test_acc: 0.7278, f1: 0.6879
loss: 0.7143, acc: 0.7630, test_acc: 0.7199, f1: 0.6870
loss: 0.7108, acc: 0.7600, test_acc: 0.7358, f1: 0.7000
loss: 0.4792, acc: 0.7548, test_acc: 0.7247, f1: 0.6764
loss: 0.5845, acc: 0.7593, test_acc: 0.7215, f1: 0.6707
loss: 0.5593, acc: 0.7567, test_acc: 0.7215, f1: 0.6746
loss: 0.2685, acc: 0.7629, test_acc: 0.7168, f1: 0.6757
>>>>>>>>>>>>>>>>>>>>>>>>>>>>>>>>>>>>>>>>>>>>>>>>>>>>>>>>>>>>
epoch: 44
loss: 0.5554, acc: 0.8125, test_acc: 0.7310, f1: 0.6862
loss: 0.5004, acc: 0.8125, test_acc: 0.7373, f1: 0.6937
loss: 0.9416, acc: 0.7500, test_acc: 0.7342, f1: 0.6893
loss: 0.3514, acc: 0.7812, test_acc: 0.7310, f1: 0.6877
loss: 0.4954, acc: 0.7750, test_acc: 0.7294, f1: 0.6924
loss: 0.6399, acc: 0.7708, test_acc: 0.7215, f1: 0.6829
loss: 0.4118, acc: 0.7857, test_acc: 0.7199, f1: 0.6816
loss: 0.9635, acc: 0.7734, test_acc: 0.7152, f1: 0.6734
loss: 0.5926, acc: 0.7778, test_acc: 0.7358, f1: 0.6956
loss: 0.5495, acc: 0.7812, test_acc: 0.7405, f1: 0.6976
loss: 0.2870, acc: 0.7898, test_acc: 0.7342, f1: 0.6966
loss: 0.7383, acc: 0.7760, test_acc: 0.6915, f1: 0.6461
loss: 0.5542, acc: 0.7692, test_acc: 0.7025, f1: 0.6531
loss: 0.8765, acc: 0.7545, test_acc: 0.7358, f1: 0.6953
loss: 0.1922, acc: 0.7708, test_acc: 0.7358, f1: 0.6971
loss: 0.5904, acc: 0.7695, test_acc: 0.7405, f1: 0.7031
loss: 0.3270, acc: 0.7794, test_acc: 0.7373, f1: 0.6959
loss: 0.5029, acc: 0.7778, test_acc: 0.7358, f1: 0.6914
loss: 0.5040, acc: 0.7763, test_acc: 0.7358, f1: 0.6991
loss: 1.0598, acc: 0.7656, test_acc: 0.7073, f1: 0.6784
loss: 0.8065, acc: 0.7589, test_acc: 0.7168, f1: 0.6868
loss: 0.8595, acc: 0.7500, test_acc: 0.7310, f1: 0.6980
loss: 0.6762, acc: 0.7473, test_acc: 0.7231, f1: 0.6764
loss: 1.0149, acc: 0.7370, test_acc: 0.7168, f1: 0.6669
loss: 0.7341, acc: 0.7350, test_acc: 0.6677, f1: 0.6192
loss: 0.8562, acc: 0.7308, test_acc: 0.6677, f1: 0.6223
loss: 0.4971, acc: 0.7361, test_acc: 0.7041, f1: 0.6649
loss: 0.5916, acc: 0.7388, test_acc: 0.7168, f1: 0.6792
loss: 0.7298, acc: 0.7358, test_acc: 0.7278, f1: 0.6931
>>>>>>>>>>>>>>>>>>>>>>>>>>>>>>>>>>>>>>>>>>>>>>>>>>>>>>>>>>>>
epoch: 45
loss: 0.5634, acc: 0.6875, test_acc: 0.7184, f1: 0.6868
loss: 0.5949, acc: 0.7500, test_acc: 0.7199, f1: 0.6854
loss: 0.5192, acc: 0.7708, test_acc: 0.7152, f1: 0.6754
loss: 0.4940, acc: 0.7812, test_acc: 0.7184, f1: 0.6790
loss: 0.2869, acc: 0.8000, test_acc: 0.7168, f1: 0.6788
loss: 0.6068, acc: 0.7812, test_acc: 0.7247, f1: 0.6882
loss: 0.4555, acc: 0.7946, test_acc: 0.7104, f1: 0.6754
loss: 0.4789, acc: 0.8047, test_acc: 0.7136, f1: 0.6770
loss: 0.3981, acc: 0.8056, test_acc: 0.7136, f1: 0.6766
loss: 0.5420, acc: 0.8063, test_acc: 0.7247, f1: 0.6869
loss: 0.5127, acc: 0.8125, test_acc: 0.7310, f1: 0.6946
loss: 0.6653, acc: 0.8021, test_acc: 0.7310, f1: 0.6912
loss: 0.3763, acc: 0.8029, test_acc: 0.7215, f1: 0.6791
loss: 0.5672, acc: 0.7991, test_acc: 0.7057, f1: 0.6647
loss: 0.8180, acc: 0.7833, test_acc: 0.6962, f1: 0.6526
loss: 0.4060, acc: 0.7852, test_acc: 0.7025, f1: 0.6621
loss: 0.6005, acc: 0.7868, test_acc: 0.7089, f1: 0.6674
loss: 0.4785, acc: 0.7882, test_acc: 0.7199, f1: 0.6800
loss: 0.3448, acc: 0.7961, test_acc: 0.7041, f1: 0.6681
loss: 0.4968, acc: 0.8031, test_acc: 0.7089, f1: 0.6724
loss: 0.6383, acc: 0.8036, test_acc: 0.7136, f1: 0.6735
loss: 0.6719, acc: 0.7955, test_acc: 0.7152, f1: 0.6722
loss: 0.4533, acc: 0.7989, test_acc: 0.7025, f1: 0.6629
loss: 0.7869, acc: 0.7917, test_acc: 0.6946, f1: 0.6596
loss: 0.9095, acc: 0.7850, test_acc: 0.6978, f1: 0.6649
loss: 0.3815, acc: 0.7861, test_acc: 0.7041, f1: 0.6673
loss: 0.8885, acc: 0.7778, test_acc: 0.7184, f1: 0.6748
loss: 0.7450, acc: 0.7723, test_acc: 0.7247, f1: 0.6899
>>>>>>>>>>>>>>>>>>>>>>>>>>>>>>>>>>>>>>>>>>>>>>>>>>>>>>>>>>>>
epoch: 46
loss: 0.4828, acc: 0.8125, test_acc: 0.7215, f1: 0.6947
loss: 0.4342, acc: 0.8438, test_acc: 0.7184, f1: 0.6886
loss: 0.7623, acc: 0.7917, test_acc: 0.7263, f1: 0.6875
loss: 0.3646, acc: 0.8281, test_acc: 0.7278, f1: 0.6817
loss: 0.3139, acc: 0.8375, test_acc: 0.7041, f1: 0.6636
loss: 0.7294, acc: 0.8021, test_acc: 0.6883, f1: 0.6549
loss: 0.3491, acc: 0.8125, test_acc: 0.6883, f1: 0.6566
loss: 0.6254, acc: 0.7969, test_acc: 0.7025, f1: 0.6683
loss: 0.3107, acc: 0.7986, test_acc: 0.7089, f1: 0.6709
loss: 0.8809, acc: 0.7812, test_acc: 0.7120, f1: 0.6733
loss: 0.5233, acc: 0.7841, test_acc: 0.7120, f1: 0.6757
loss: 0.2833, acc: 0.7917, test_acc: 0.7041, f1: 0.6682
loss: 0.8335, acc: 0.7788, test_acc: 0.7025, f1: 0.6692
loss: 0.7161, acc: 0.7768, test_acc: 0.7089, f1: 0.6718
loss: 0.6641, acc: 0.7750, test_acc: 0.7136, f1: 0.6661
loss: 0.6669, acc: 0.7734, test_acc: 0.7215, f1: 0.6776
loss: 0.6421, acc: 0.7757, test_acc: 0.7215, f1: 0.6831
loss: 0.5178, acc: 0.7812, test_acc: 0.7073, f1: 0.6738
loss: 0.8264, acc: 0.7763, test_acc: 0.6930, f1: 0.6656
loss: 0.4537, acc: 0.7812, test_acc: 0.7136, f1: 0.6786
loss: 0.7894, acc: 0.7768, test_acc: 0.7294, f1: 0.6880
loss: 0.7904, acc: 0.7670, test_acc: 0.7120, f1: 0.6781
loss: 0.6306, acc: 0.7663, test_acc: 0.7057, f1: 0.6730
loss: 0.5076, acc: 0.7656, test_acc: 0.6994, f1: 0.6668
loss: 0.7346, acc: 0.7600, test_acc: 0.7294, f1: 0.6962
>> saved: ./state_dict/text-gt_laptop_acc_0.7468_f1_0.7071
loss: 0.7175, acc: 0.7596, test_acc: 0.7468, f1: 0.7071
loss: 0.5132, acc: 0.7639, test_acc: 0.7342, f1: 0.6852
loss: 0.7994, acc: 0.7567, test_acc: 0.7421, f1: 0.6988
loss: 0.4724, acc: 0.7608, test_acc: 0.7215, f1: 0.6807
>>>>>>>>>>>>>>>>>>>>>>>>>>>>>>>>>>>>>>>>>>>>>>>>>>>>>>>>>>>>
epoch: 47
loss: 0.4853, acc: 0.8125, test_acc: 0.7310, f1: 0.6826
loss: 0.6485, acc: 0.7500, test_acc: 0.7278, f1: 0.6673
loss: 0.4899, acc: 0.7708, test_acc: 0.7199, f1: 0.6668
loss: 0.5270, acc: 0.7969, test_acc: 0.7326, f1: 0.6879
loss: 0.7072, acc: 0.7750, test_acc: 0.7373, f1: 0.6985
loss: 0.8245, acc: 0.7500, test_acc: 0.7326, f1: 0.6936
loss: 0.4848, acc: 0.7589, test_acc: 0.7342, f1: 0.6943
loss: 0.4618, acc: 0.7656, test_acc: 0.7231, f1: 0.6852
loss: 0.4304, acc: 0.7639, test_acc: 0.7278, f1: 0.6908
loss: 1.0261, acc: 0.7375, test_acc: 0.7437, f1: 0.7035
loss: 0.5320, acc: 0.7443, test_acc: 0.7310, f1: 0.6977
loss: 0.5157, acc: 0.7552, test_acc: 0.7104, f1: 0.6819
loss: 0.5508, acc: 0.7548, test_acc: 0.7057, f1: 0.6746
loss: 0.6249, acc: 0.7500, test_acc: 0.7184, f1: 0.6825
loss: 0.5698, acc: 0.7500, test_acc: 0.7231, f1: 0.6824
loss: 0.2591, acc: 0.7578, test_acc: 0.7278, f1: 0.6891
loss: 0.6351, acc: 0.7610, test_acc: 0.7247, f1: 0.6817
loss: 0.8363, acc: 0.7569, test_acc: 0.7231, f1: 0.6790
loss: 0.6579, acc: 0.7599, test_acc: 0.7247, f1: 0.6806
loss: 0.3300, acc: 0.7688, test_acc: 0.7089, f1: 0.6673
loss: 0.4918, acc: 0.7708, test_acc: 0.7057, f1: 0.6624
loss: 0.3434, acc: 0.7756, test_acc: 0.7009, f1: 0.6561
loss: 0.8769, acc: 0.7663, test_acc: 0.7041, f1: 0.6585
loss: 0.9511, acc: 0.7604, test_acc: 0.7247, f1: 0.6839
loss: 0.4559, acc: 0.7600, test_acc: 0.7389, f1: 0.7007
loss: 0.7386, acc: 0.7572, test_acc: 0.7373, f1: 0.6963
loss: 0.5213, acc: 0.7569, test_acc: 0.7389, f1: 0.7004
loss: 0.4162, acc: 0.7589, test_acc: 0.7310, f1: 0.6930
>>>>>>>>>>>>>>>>>>>>>>>>>>>>>>>>>>>>>>>>>>>>>>>>>>>>>>>>>>>>
epoch: 48
loss: 0.5952, acc: 0.7500, test_acc: 0.7310, f1: 0.6876
loss: 0.5405, acc: 0.7500, test_acc: 0.7326, f1: 0.6899
loss: 0.5861, acc: 0.7292, test_acc: 0.7310, f1: 0.6924
loss: 0.5397, acc: 0.7188, test_acc: 0.7342, f1: 0.6933
loss: 0.4420, acc: 0.7500, test_acc: 0.7342, f1: 0.6909
loss: 0.7470, acc: 0.7396, test_acc: 0.7294, f1: 0.6849
loss: 0.6199, acc: 0.7500, test_acc: 0.7310, f1: 0.6825
loss: 0.7147, acc: 0.7422, test_acc: 0.7326, f1: 0.6805
loss: 0.7030, acc: 0.7500, test_acc: 0.7215, f1: 0.6816
loss: 0.4595, acc: 0.7562, test_acc: 0.6772, f1: 0.6435
loss: 0.7219, acc: 0.7443, test_acc: 0.6772, f1: 0.6497
loss: 0.7712, acc: 0.7396, test_acc: 0.7247, f1: 0.6886
loss: 0.4785, acc: 0.7452, test_acc: 0.7263, f1: 0.6814
loss: 0.7332, acc: 0.7455, test_acc: 0.7278, f1: 0.6826
loss: 0.6733, acc: 0.7417, test_acc: 0.7263, f1: 0.6840
loss: 0.8156, acc: 0.7305, test_acc: 0.7278, f1: 0.6901
loss: 0.6707, acc: 0.7279, test_acc: 0.7342, f1: 0.7036
loss: 0.5213, acc: 0.7326, test_acc: 0.7294, f1: 0.6964
loss: 0.5675, acc: 0.7303, test_acc: 0.7342, f1: 0.6914
loss: 0.5110, acc: 0.7312, test_acc: 0.7342, f1: 0.6790
loss: 0.8154, acc: 0.7262, test_acc: 0.7231, f1: 0.6568
loss: 0.7616, acc: 0.7273, test_acc: 0.7294, f1: 0.6731
loss: 0.2163, acc: 0.7391, test_acc: 0.7215, f1: 0.6768
loss: 0.4917, acc: 0.7448, test_acc: 0.7152, f1: 0.6772
loss: 0.8143, acc: 0.7375, test_acc: 0.7263, f1: 0.6911
loss: 0.4695, acc: 0.7428, test_acc: 0.7278, f1: 0.6951
loss: 0.5113, acc: 0.7477, test_acc: 0.7389, f1: 0.7008
>> saved: ./state_dict/text-gt_laptop_acc_0.7563_f1_0.7151
loss: 0.6440, acc: 0.7478, test_acc: 0.7563, f1: 0.7151
loss: 0.6969, acc: 0.7478, test_acc: 0.7199, f1: 0.6774
>>>>>>>>>>>>>>>>>>>>>>>>>>>>>>>>>>>>>>>>>>>>>>>>>>>>>>>>>>>>
epoch: 49
loss: 0.6554, acc: 0.7500, test_acc: 0.7152, f1: 0.6828
loss: 0.3154, acc: 0.8125, test_acc: 0.7373, f1: 0.7012
loss: 0.5613, acc: 0.8333, test_acc: 0.7437, f1: 0.7093
loss: 0.4663, acc: 0.8281, test_acc: 0.7358, f1: 0.6983
loss: 0.6416, acc: 0.8000, test_acc: 0.7278, f1: 0.6839
loss: 0.2357, acc: 0.8229, test_acc: 0.7342, f1: 0.6948
loss: 0.5094, acc: 0.8304, test_acc: 0.7263, f1: 0.6912
loss: 0.7357, acc: 0.8203, test_acc: 0.7342, f1: 0.7038
loss: 0.8224, acc: 0.7847, test_acc: 0.7294, f1: 0.7036
loss: 1.0072, acc: 0.7625, test_acc: 0.7484, f1: 0.7098
loss: 0.8428, acc: 0.7557, test_acc: 0.7310, f1: 0.6689
loss: 0.4090, acc: 0.7708, test_acc: 0.7247, f1: 0.6529
loss: 0.7293, acc: 0.7692, test_acc: 0.7247, f1: 0.6731
loss: 0.5514, acc: 0.7723, test_acc: 0.7278, f1: 0.6856
loss: 0.4547, acc: 0.7833, test_acc: 0.7215, f1: 0.6866
loss: 0.7307, acc: 0.7734, test_acc: 0.7089, f1: 0.6762
loss: 0.7603, acc: 0.7684, test_acc: 0.7184, f1: 0.6821
loss: 0.5932, acc: 0.7708, test_acc: 0.7310, f1: 0.6878
loss: 0.4659, acc: 0.7697, test_acc: 0.7263, f1: 0.6799
loss: 0.7519, acc: 0.7656, test_acc: 0.7294, f1: 0.6792
loss: 0.3538, acc: 0.7708, test_acc: 0.7310, f1: 0.6868
loss: 0.6724, acc: 0.7670, test_acc: 0.7294, f1: 0.6890
loss: 0.7962, acc: 0.7582, test_acc: 0.7263, f1: 0.6874
loss: 0.4694, acc: 0.7578, test_acc: 0.7263, f1: 0.6905
loss: 0.9417, acc: 0.7575, test_acc: 0.7215, f1: 0.6849
loss: 0.6147, acc: 0.7572, test_acc: 0.7278, f1: 0.6891
loss: 0.3616, acc: 0.7639, test_acc: 0.7310, f1: 0.6902
loss: 0.9835, acc: 0.7567, test_acc: 0.7215, f1: 0.6750
loss: 0.2674, acc: 0.7598, test_acc: 0.7326, f1: 0.6894
max_test_acc: 0.7563291139240507, max_f1: 0.7151046477455778
>> saved: ./state_dict/text-gt_laptop_acc_0.7563_f1_0.7151
############################################################
max_test_acc_overall:0.7563291139240507
max_f1_overall:0.7151046477455778
Precision, Recall and F1-Score...
              precision    recall  f1-score   support

           0     0.8762    0.8398    0.8576       337
           1     0.5596    0.8438    0.6729       128
           2     0.7500    0.5210    0.6148       167

    accuracy                         0.7563       632
   macro avg     0.7286    0.7348    0.7151       632
weighted avg     0.7787    0.7563    0.7560       632

Confusion Matrix...
[[283  33  21]
 [ 12 108   8]
 [ 28  52  87]]
