Loading vocab...
token_vocab: 3525, post_vocab: 168, pos_vocab: 46, dep_vocab: 41, pol_vocab: 3
cuda memory allocated: 5298176
n_trainable_params: 257583, n_nontrainable_params: 1057200
training arguments:
>>> model_name: text-gt
>>> dataset: laptop
>>> optimizer: <class 'torch.optim.adam.Adam'>
>>> initializer: <function xavier_uniform_ at 0x7f8dff23f3a0>
>>> learning_rate: 0.001
>>> num_epoch: 50
>>> batch_size: 16
>>> log_step: 5
>>> embed_dim: 300
>>> post_dim: 60
>>> pos_dim: 30
>>> deprel_dim: 30
>>> hidden_dim: 60
>>> num_layers: 5
>>> polarities_dim: 3
>>> input_dropout: 0.7
>>> lower: True
>>> directed: False
>>> add_self_loop: True
>>> bidirect: True
>>> rnn_hidden: 60
>>> rnn_layers: 1
>>> rnn_dropout: 0.1
>>> max_length: 85
>>> device: cuda:0
>>> seed: 1000
>>> weight_decay: 0.0001
>>> vocab_dir: ./dataset/Laptops_corenlp
>>> pad_id: 0
>>> graph_conv_type: gin
>>> graph_conv_attention_heads: 4
>>> graph_conv_attn_dropout: 0.0
>>> ffn_dropout: 0.4
>>> attention_heads: 4
>>> attn_dropout: 0.1
>>> norm: ln
>>> max_position: 9
>>> finetune_weight_decay: 0.01
>>> scheduler: none
>>> warmup: 2
>>> cuda: 0
>>> pretrained_bert_name: bert-base-uncased
>>> adam_epsilon: 1e-08
>>> bert_dim: 768
>>> bert_dropout: 0.3
>>> bert_lr: 2e-05
>>> model_class: <class 'models.text_gt.TextGT'>
>>> dataset_file: {'train': './dataset/Laptops_corenlp/train.json', 'test': './dataset/Laptops_corenlp/test.json'}
>>> inputs_cols: ['text', 'aspect', 'pos', 'head', 'deprel', 'post', 'mask', 'length', 'adj']
>>> post_size: 168
>>> pos_size: 46
>>> deprel_size: 41
>>>>>>>>>>>>>>>>>>>>>>>>>>>>>>>>>>>>>>>>>>>>>>>>>>>>>>>>>>>>
epoch: 0
>> saved: ./state_dict/text-gt_laptop_acc_0.2025_f1_0.1123
loss: 1.3048, acc: 0.5625, test_acc: 0.2025, f1: 0.1123
>> saved: ./state_dict/text-gt_laptop_acc_0.5332_f1_0.2319
loss: 1.3073, acc: 0.5938, test_acc: 0.5332, f1: 0.2319
>> saved: ./state_dict/text-gt_laptop_acc_0.5443_f1_0.3116
loss: 1.1024, acc: 0.5417, test_acc: 0.5443, f1: 0.3116
loss: 1.3080, acc: 0.5156, test_acc: 0.3576, f1: 0.2777
loss: 1.2557, acc: 0.4625, test_acc: 0.5206, f1: 0.2778
loss: 1.1350, acc: 0.4271, test_acc: 0.5396, f1: 0.2971
loss: 1.2585, acc: 0.4107, test_acc: 0.5142, f1: 0.2855
loss: 1.7039, acc: 0.3984, test_acc: 0.5348, f1: 0.2679
loss: 1.4130, acc: 0.3889, test_acc: 0.5316, f1: 0.2314
loss: 1.2100, acc: 0.3875, test_acc: 0.3402, f1: 0.2666
loss: 1.0204, acc: 0.3977, test_acc: 0.5380, f1: 0.2693
loss: 1.2613, acc: 0.3906, test_acc: 0.3734, f1: 0.2909
>> saved: ./state_dict/text-gt_laptop_acc_0.5491_f1_0.4061
loss: 1.3414, acc: 0.3750, test_acc: 0.5491, f1: 0.4061
loss: 1.1404, acc: 0.3839, test_acc: 0.4937, f1: 0.3552
loss: 0.9913, acc: 0.3917, test_acc: 0.3180, f1: 0.2444
loss: 1.5687, acc: 0.3867, test_acc: 0.5332, f1: 0.2709
loss: 1.2452, acc: 0.3787, test_acc: 0.5063, f1: 0.3794
loss: 0.9561, acc: 0.3924, test_acc: 0.5127, f1: 0.3638
loss: 1.0934, acc: 0.3947, test_acc: 0.5364, f1: 0.2519
loss: 1.2996, acc: 0.3937, test_acc: 0.3291, f1: 0.2535
loss: 1.4680, acc: 0.3899, test_acc: 0.4953, f1: 0.3632
loss: 1.2180, acc: 0.3864, test_acc: 0.5332, f1: 0.2837
loss: 1.1855, acc: 0.3804, test_acc: 0.5285, f1: 0.3084
loss: 0.8967, acc: 0.3880, test_acc: 0.5222, f1: 0.3452
loss: 1.1004, acc: 0.3850, test_acc: 0.5206, f1: 0.3593
loss: 0.9938, acc: 0.3918, test_acc: 0.5348, f1: 0.2918
loss: 1.0706, acc: 0.3935, test_acc: 0.5332, f1: 0.3077
loss: 1.1121, acc: 0.3884, test_acc: 0.5158, f1: 0.3680
>>>>>>>>>>>>>>>>>>>>>>>>>>>>>>>>>>>>>>>>>>>>>>>>>>>>>>>>>>>>
epoch: 1
loss: 1.0669, acc: 0.3750, test_acc: 0.4715, f1: 0.3554
loss: 0.9194, acc: 0.4375, test_acc: 0.5237, f1: 0.3646
loss: 0.9674, acc: 0.5000, test_acc: 0.5427, f1: 0.3191
loss: 0.9198, acc: 0.4844, test_acc: 0.4905, f1: 0.3555
loss: 0.9719, acc: 0.5125, test_acc: 0.5190, f1: 0.3618
loss: 1.1315, acc: 0.4896, test_acc: 0.5301, f1: 0.3005
loss: 1.0431, acc: 0.4732, test_acc: 0.5016, f1: 0.4144
loss: 0.7689, acc: 0.5078, test_acc: 0.5380, f1: 0.3374
loss: 0.6558, acc: 0.5417, test_acc: 0.5332, f1: 0.3499
loss: 1.1827, acc: 0.5188, test_acc: 0.5111, f1: 0.3727
>> saved: ./state_dict/text-gt_laptop_acc_0.5934_f1_0.4626
loss: 1.0253, acc: 0.5284, test_acc: 0.5934, f1: 0.4626
loss: 1.0012, acc: 0.5208, test_acc: 0.5380, f1: 0.3234
loss: 0.8898, acc: 0.5288, test_acc: 0.5427, f1: 0.3317
loss: 1.1700, acc: 0.5312, test_acc: 0.5411, f1: 0.3750
loss: 0.7052, acc: 0.5458, test_acc: 0.5427, f1: 0.3152
loss: 1.0614, acc: 0.5430, test_acc: 0.5158, f1: 0.3814
loss: 1.0215, acc: 0.5368, test_acc: 0.5285, f1: 0.3880
loss: 0.8359, acc: 0.5382, test_acc: 0.5617, f1: 0.3878
loss: 0.9750, acc: 0.5428, test_acc: 0.4415, f1: 0.3428
loss: 0.8598, acc: 0.5406, test_acc: 0.4573, f1: 0.3532
>> saved: ./state_dict/text-gt_laptop_acc_0.5997_f1_0.4757
loss: 0.9082, acc: 0.5417, test_acc: 0.5997, f1: 0.4757
loss: 0.8976, acc: 0.5398, test_acc: 0.5775, f1: 0.4237
loss: 1.0462, acc: 0.5353, test_acc: 0.5585, f1: 0.3989
>> saved: ./state_dict/text-gt_laptop_acc_0.6108_f1_0.5334
loss: 1.0546, acc: 0.5312, test_acc: 0.6108, f1: 0.5334
>> saved: ./state_dict/text-gt_laptop_acc_0.6361_f1_0.5488
loss: 1.0001, acc: 0.5300, test_acc: 0.6361, f1: 0.5488
loss: 0.7684, acc: 0.5337, test_acc: 0.5601, f1: 0.4067
loss: 1.2600, acc: 0.5324, test_acc: 0.5538, f1: 0.4029
loss: 1.4100, acc: 0.5290, test_acc: 0.5396, f1: 0.4021
>> saved: ./state_dict/text-gt_laptop_acc_0.6535_f1_0.4772
loss: 0.7142, acc: 0.5366, test_acc: 0.6535, f1: 0.4772
>>>>>>>>>>>>>>>>>>>>>>>>>>>>>>>>>>>>>>>>>>>>>>>>>>>>>>>>>>>>
epoch: 2
loss: 1.0090, acc: 0.4375, test_acc: 0.6218, f1: 0.5531
loss: 0.7233, acc: 0.5625, test_acc: 0.5712, f1: 0.3707
loss: 1.5332, acc: 0.4583, test_acc: 0.5759, f1: 0.4137
loss: 0.9103, acc: 0.4844, test_acc: 0.5142, f1: 0.4147
loss: 0.9039, acc: 0.5000, test_acc: 0.5791, f1: 0.4229
loss: 1.0823, acc: 0.5000, test_acc: 0.5839, f1: 0.4298
loss: 0.8800, acc: 0.5179, test_acc: 0.5174, f1: 0.4371
loss: 1.0146, acc: 0.5312, test_acc: 0.5870, f1: 0.4764
loss: 0.9633, acc: 0.5417, test_acc: 0.5870, f1: 0.4156
loss: 1.0275, acc: 0.5312, test_acc: 0.5665, f1: 0.5058
loss: 0.9309, acc: 0.5284, test_acc: 0.5934, f1: 0.5408
loss: 0.8479, acc: 0.5312, test_acc: 0.6092, f1: 0.4729
loss: 0.8093, acc: 0.5385, test_acc: 0.5981, f1: 0.4448
loss: 0.9851, acc: 0.5446, test_acc: 0.5332, f1: 0.4051
loss: 1.1906, acc: 0.5333, test_acc: 0.5759, f1: 0.4451
loss: 0.9190, acc: 0.5391, test_acc: 0.5981, f1: 0.4649
loss: 0.9980, acc: 0.5368, test_acc: 0.6123, f1: 0.4626
loss: 0.8119, acc: 0.5417, test_acc: 0.6203, f1: 0.5439
loss: 0.8599, acc: 0.5395, test_acc: 0.6234, f1: 0.5225
loss: 0.7053, acc: 0.5469, test_acc: 0.6013, f1: 0.5337
loss: 0.8712, acc: 0.5446, test_acc: 0.6028, f1: 0.4502
loss: 0.6115, acc: 0.5540, test_acc: 0.5997, f1: 0.4216
loss: 0.7318, acc: 0.5571, test_acc: 0.5427, f1: 0.4251
loss: 0.8852, acc: 0.5599, test_acc: 0.5791, f1: 0.5300
loss: 0.8469, acc: 0.5650, test_acc: 0.6076, f1: 0.4423
loss: 1.0654, acc: 0.5601, test_acc: 0.5744, f1: 0.4287
loss: 0.5294, acc: 0.5694, test_acc: 0.5918, f1: 0.4725
loss: 0.8726, acc: 0.5714, test_acc: 0.6440, f1: 0.5625
>>>>>>>>>>>>>>>>>>>>>>>>>>>>>>>>>>>>>>>>>>>>>>>>>>>>>>>>>>>>
epoch: 3
>> saved: ./state_dict/text-gt_laptop_acc_0.6551_f1_0.5839
loss: 1.0810, acc: 0.5625, test_acc: 0.6551, f1: 0.5839
loss: 1.1905, acc: 0.5000, test_acc: 0.6282, f1: 0.5675
loss: 0.7900, acc: 0.5417, test_acc: 0.6060, f1: 0.4489
loss: 1.1427, acc: 0.5156, test_acc: 0.5348, f1: 0.4056
loss: 0.6682, acc: 0.5375, test_acc: 0.6297, f1: 0.5387
>> saved: ./state_dict/text-gt_laptop_acc_0.6851_f1_0.6001
loss: 0.6755, acc: 0.5729, test_acc: 0.6851, f1: 0.6001
>> saved: ./state_dict/text-gt_laptop_acc_0.6867_f1_0.6019
loss: 0.9988, acc: 0.5536, test_acc: 0.6867, f1: 0.6019
loss: 0.8560, acc: 0.5703, test_acc: 0.6218, f1: 0.4784
loss: 0.6202, acc: 0.5903, test_acc: 0.6155, f1: 0.4349
loss: 0.6679, acc: 0.6000, test_acc: 0.6044, f1: 0.4426
loss: 0.9215, acc: 0.5909, test_acc: 0.5633, f1: 0.4248
loss: 0.5449, acc: 0.6094, test_acc: 0.6313, f1: 0.5247
loss: 0.8824, acc: 0.6202, test_acc: 0.6503, f1: 0.5784
loss: 0.8221, acc: 0.6250, test_acc: 0.6440, f1: 0.5517
loss: 0.5924, acc: 0.6333, test_acc: 0.6313, f1: 0.5170
loss: 0.7810, acc: 0.6328, test_acc: 0.6392, f1: 0.5324
loss: 0.9896, acc: 0.6324, test_acc: 0.5759, f1: 0.4497
loss: 0.7882, acc: 0.6354, test_acc: 0.6171, f1: 0.4585
loss: 0.7384, acc: 0.6316, test_acc: 0.6345, f1: 0.5227
loss: 0.9704, acc: 0.6250, test_acc: 0.6472, f1: 0.5948
loss: 0.7806, acc: 0.6280, test_acc: 0.6519, f1: 0.5437
loss: 0.7235, acc: 0.6307, test_acc: 0.6535, f1: 0.6017
loss: 0.8308, acc: 0.6332, test_acc: 0.6329, f1: 0.5200
loss: 0.7316, acc: 0.6328, test_acc: 0.5997, f1: 0.4154
loss: 1.1511, acc: 0.6275, test_acc: 0.6218, f1: 0.4612
loss: 0.5609, acc: 0.6370, test_acc: 0.6646, f1: 0.5868
>> saved: ./state_dict/text-gt_laptop_acc_0.6978_f1_0.6326
loss: 0.8228, acc: 0.6343, test_acc: 0.6978, f1: 0.6326
loss: 0.8613, acc: 0.6272, test_acc: 0.6408, f1: 0.5209
loss: 0.8099, acc: 0.6272, test_acc: 0.6535, f1: 0.5544
>>>>>>>>>>>>>>>>>>>>>>>>>>>>>>>>>>>>>>>>>>>>>>>>>>>>>>>>>>>>
epoch: 4
loss: 0.6260, acc: 0.8125, test_acc: 0.5206, f1: 0.4068
loss: 0.7027, acc: 0.7812, test_acc: 0.6297, f1: 0.4719
loss: 1.1823, acc: 0.6667, test_acc: 0.6377, f1: 0.5166
loss: 0.6904, acc: 0.6562, test_acc: 0.6851, f1: 0.6143
loss: 1.0267, acc: 0.6125, test_acc: 0.6535, f1: 0.6008
loss: 1.1711, acc: 0.5938, test_acc: 0.6646, f1: 0.5621
loss: 1.0073, acc: 0.5714, test_acc: 0.6408, f1: 0.5055
loss: 0.8942, acc: 0.5703, test_acc: 0.6028, f1: 0.5380
loss: 0.6734, acc: 0.5903, test_acc: 0.6566, f1: 0.6068
loss: 0.7484, acc: 0.6000, test_acc: 0.6487, f1: 0.5442
loss: 0.7514, acc: 0.5966, test_acc: 0.6566, f1: 0.5668
loss: 0.9805, acc: 0.5990, test_acc: 0.6566, f1: 0.5852
loss: 0.6897, acc: 0.6106, test_acc: 0.6551, f1: 0.5997
loss: 0.7657, acc: 0.6071, test_acc: 0.6756, f1: 0.6183
loss: 0.7229, acc: 0.6083, test_acc: 0.6598, f1: 0.5581
loss: 1.0246, acc: 0.6016, test_acc: 0.6266, f1: 0.4615
loss: 0.6337, acc: 0.6103, test_acc: 0.5839, f1: 0.4492
loss: 0.8452, acc: 0.6076, test_acc: 0.6313, f1: 0.5084
loss: 0.7577, acc: 0.6086, test_acc: 0.6677, f1: 0.5812
loss: 0.5159, acc: 0.6219, test_acc: 0.6772, f1: 0.6302
>> saved: ./state_dict/text-gt_laptop_acc_0.7104_f1_0.6532
loss: 0.8718, acc: 0.6220, test_acc: 0.7104, f1: 0.6532
loss: 0.7358, acc: 0.6222, test_acc: 0.6630, f1: 0.5762
loss: 0.7743, acc: 0.6250, test_acc: 0.6345, f1: 0.5041
loss: 0.8246, acc: 0.6224, test_acc: 0.6614, f1: 0.5563
loss: 0.8358, acc: 0.6200, test_acc: 0.6693, f1: 0.5863
loss: 0.7449, acc: 0.6250, test_acc: 0.6915, f1: 0.6163
loss: 0.7714, acc: 0.6296, test_acc: 0.6424, f1: 0.5706
loss: 0.7591, acc: 0.6317, test_acc: 0.6646, f1: 0.5785
loss: 0.8966, acc: 0.6332, test_acc: 0.6693, f1: 0.5723
>>>>>>>>>>>>>>>>>>>>>>>>>>>>>>>>>>>>>>>>>>>>>>>>>>>>>>>>>>>>
epoch: 5
loss: 0.8003, acc: 0.6250, test_acc: 0.6661, f1: 0.5859
loss: 0.7713, acc: 0.6875, test_acc: 0.6266, f1: 0.5559
loss: 0.8235, acc: 0.7083, test_acc: 0.6313, f1: 0.5348
loss: 0.7907, acc: 0.6562, test_acc: 0.6614, f1: 0.5379
loss: 0.8937, acc: 0.6500, test_acc: 0.6756, f1: 0.5814
loss: 0.9266, acc: 0.6458, test_acc: 0.6867, f1: 0.6336
loss: 0.8605, acc: 0.6429, test_acc: 0.6994, f1: 0.6339
loss: 0.4165, acc: 0.6719, test_acc: 0.6709, f1: 0.5867
loss: 0.5437, acc: 0.6806, test_acc: 0.6709, f1: 0.5681
loss: 0.7631, acc: 0.6813, test_acc: 0.6503, f1: 0.5148
loss: 0.9092, acc: 0.6705, test_acc: 0.6630, f1: 0.5554
loss: 0.9984, acc: 0.6562, test_acc: 0.7025, f1: 0.6497
loss: 0.9012, acc: 0.6587, test_acc: 0.7009, f1: 0.6167
loss: 1.0292, acc: 0.6473, test_acc: 0.6820, f1: 0.5978
loss: 0.4495, acc: 0.6583, test_acc: 0.6994, f1: 0.6290
loss: 0.6495, acc: 0.6680, test_acc: 0.6994, f1: 0.6312
loss: 0.6987, acc: 0.6765, test_acc: 0.6646, f1: 0.5917
loss: 0.7046, acc: 0.6771, test_acc: 0.6709, f1: 0.6187
loss: 1.0243, acc: 0.6645, test_acc: 0.7057, f1: 0.6554
>> saved: ./state_dict/text-gt_laptop_acc_0.7136_f1_0.6511
loss: 0.6479, acc: 0.6687, test_acc: 0.7136, f1: 0.6511
loss: 0.8827, acc: 0.6607, test_acc: 0.6804, f1: 0.5881
loss: 0.5453, acc: 0.6705, test_acc: 0.6440, f1: 0.5041
loss: 0.7332, acc: 0.6739, test_acc: 0.6709, f1: 0.5683
loss: 0.8781, acc: 0.6719, test_acc: 0.6788, f1: 0.6002
loss: 0.8033, acc: 0.6725, test_acc: 0.7073, f1: 0.6552
loss: 0.6981, acc: 0.6731, test_acc: 0.6994, f1: 0.6538
loss: 0.8068, acc: 0.6713, test_acc: 0.7009, f1: 0.6494
loss: 0.6049, acc: 0.6741, test_acc: 0.7009, f1: 0.6479
>>>>>>>>>>>>>>>>>>>>>>>>>>>>>>>>>>>>>>>>>>>>>>>>>>>>>>>>>>>>
epoch: 6
loss: 0.7562, acc: 0.6875, test_acc: 0.6788, f1: 0.5988
loss: 0.9575, acc: 0.6250, test_acc: 0.6598, f1: 0.5467
loss: 0.7762, acc: 0.6250, test_acc: 0.6867, f1: 0.5947
loss: 0.7178, acc: 0.6250, test_acc: 0.7073, f1: 0.6414
>> saved: ./state_dict/text-gt_laptop_acc_0.7199_f1_0.6687
loss: 0.9963, acc: 0.6125, test_acc: 0.7199, f1: 0.6687
loss: 0.6818, acc: 0.6250, test_acc: 0.6867, f1: 0.6141
loss: 0.6982, acc: 0.6339, test_acc: 0.6788, f1: 0.5766
loss: 0.7685, acc: 0.6406, test_acc: 0.6915, f1: 0.6104
loss: 0.9586, acc: 0.6389, test_acc: 0.6883, f1: 0.6114
loss: 1.1902, acc: 0.6250, test_acc: 0.7073, f1: 0.6423
>> saved: ./state_dict/text-gt_laptop_acc_0.7215_f1_0.6846
loss: 0.6546, acc: 0.6307, test_acc: 0.7215, f1: 0.6846
loss: 0.6762, acc: 0.6406, test_acc: 0.7136, f1: 0.6720
loss: 0.8367, acc: 0.6346, test_acc: 0.7199, f1: 0.6614
loss: 0.2592, acc: 0.6518, test_acc: 0.6804, f1: 0.5816
loss: 0.6772, acc: 0.6583, test_acc: 0.6915, f1: 0.6038
loss: 0.7031, acc: 0.6562, test_acc: 0.6994, f1: 0.6379
loss: 0.5798, acc: 0.6618, test_acc: 0.7184, f1: 0.6561
loss: 1.0135, acc: 0.6528, test_acc: 0.6820, f1: 0.5990
loss: 0.7987, acc: 0.6513, test_acc: 0.7168, f1: 0.6607
loss: 0.7022, acc: 0.6531, test_acc: 0.7009, f1: 0.6577
loss: 1.0172, acc: 0.6488, test_acc: 0.7057, f1: 0.6372
loss: 0.8527, acc: 0.6477, test_acc: 0.7152, f1: 0.6452
loss: 0.6634, acc: 0.6522, test_acc: 0.7073, f1: 0.6366
loss: 0.5281, acc: 0.6589, test_acc: 0.7104, f1: 0.6653
loss: 0.5376, acc: 0.6625, test_acc: 0.6962, f1: 0.6615
>> saved: ./state_dict/text-gt_laptop_acc_0.7326_f1_0.6908
loss: 0.8530, acc: 0.6562, test_acc: 0.7326, f1: 0.6908
loss: 0.9184, acc: 0.6528, test_acc: 0.6867, f1: 0.6007
loss: 0.6595, acc: 0.6562, test_acc: 0.6804, f1: 0.5966
loss: 0.7025, acc: 0.6573, test_acc: 0.7168, f1: 0.6554
>>>>>>>>>>>>>>>>>>>>>>>>>>>>>>>>>>>>>>>>>>>>>>>>>>>>>>>>>>>>
epoch: 7
loss: 0.5878, acc: 0.8125, test_acc: 0.7120, f1: 0.6537
loss: 1.0488, acc: 0.7188, test_acc: 0.7104, f1: 0.6449
loss: 1.4140, acc: 0.6250, test_acc: 0.6820, f1: 0.6161
loss: 0.7485, acc: 0.6250, test_acc: 0.6899, f1: 0.6287
loss: 0.7198, acc: 0.6375, test_acc: 0.7104, f1: 0.6497
loss: 0.7345, acc: 0.6562, test_acc: 0.7136, f1: 0.6544
loss: 0.7980, acc: 0.6429, test_acc: 0.7120, f1: 0.6693
loss: 0.8573, acc: 0.6250, test_acc: 0.7310, f1: 0.6792
loss: 0.5375, acc: 0.6458, test_acc: 0.7168, f1: 0.6583
loss: 0.9004, acc: 0.6500, test_acc: 0.7184, f1: 0.6597
loss: 0.7531, acc: 0.6591, test_acc: 0.7057, f1: 0.6493
loss: 0.5984, acc: 0.6667, test_acc: 0.7168, f1: 0.6772
loss: 0.4547, acc: 0.6827, test_acc: 0.7184, f1: 0.6636
loss: 0.7355, acc: 0.6786, test_acc: 0.7089, f1: 0.6534
loss: 0.6500, acc: 0.6833, test_acc: 0.7199, f1: 0.6734
loss: 0.4981, acc: 0.6992, test_acc: 0.7009, f1: 0.6376
loss: 0.3329, acc: 0.7059, test_acc: 0.6994, f1: 0.6361
loss: 0.8598, acc: 0.6979, test_acc: 0.7199, f1: 0.6799
loss: 0.8936, acc: 0.6908, test_acc: 0.7326, f1: 0.6814
loss: 0.5392, acc: 0.6969, test_acc: 0.7136, f1: 0.6475
loss: 0.7387, acc: 0.6964, test_acc: 0.6835, f1: 0.5935
loss: 0.7035, acc: 0.6960, test_acc: 0.6930, f1: 0.5967
loss: 0.7825, acc: 0.6957, test_acc: 0.7120, f1: 0.6501
loss: 0.6932, acc: 0.6953, test_acc: 0.7247, f1: 0.6842
loss: 0.6727, acc: 0.6950, test_acc: 0.7168, f1: 0.6764
loss: 0.9011, acc: 0.6923, test_acc: 0.7199, f1: 0.6549
loss: 0.8095, acc: 0.6944, test_acc: 0.7073, f1: 0.6348
loss: 0.4874, acc: 0.7009, test_acc: 0.7326, f1: 0.6788
>>>>>>>>>>>>>>>>>>>>>>>>>>>>>>>>>>>>>>>>>>>>>>>>>>>>>>>>>>>>
epoch: 8
loss: 0.9310, acc: 0.5625, test_acc: 0.7231, f1: 0.6864
loss: 0.6113, acc: 0.6250, test_acc: 0.6756, f1: 0.6333
loss: 0.4603, acc: 0.6667, test_acc: 0.7073, f1: 0.6491
loss: 0.6321, acc: 0.6875, test_acc: 0.7136, f1: 0.6434
loss: 0.8016, acc: 0.6875, test_acc: 0.7231, f1: 0.6714
loss: 0.6400, acc: 0.6979, test_acc: 0.7184, f1: 0.6772
loss: 0.4765, acc: 0.7143, test_acc: 0.6598, f1: 0.6209
loss: 0.4933, acc: 0.7188, test_acc: 0.7152, f1: 0.6708
loss: 0.8349, acc: 0.6875, test_acc: 0.7215, f1: 0.6677
loss: 0.6400, acc: 0.7063, test_acc: 0.7104, f1: 0.6509
loss: 0.8589, acc: 0.6875, test_acc: 0.6946, f1: 0.6306
loss: 0.4023, acc: 0.7031, test_acc: 0.6788, f1: 0.6155
loss: 0.4261, acc: 0.7163, test_acc: 0.6994, f1: 0.6269
loss: 0.8922, acc: 0.7143, test_acc: 0.7215, f1: 0.6671
loss: 0.7901, acc: 0.7042, test_acc: 0.7247, f1: 0.6881
loss: 0.6549, acc: 0.7070, test_acc: 0.7247, f1: 0.6857
loss: 0.5922, acc: 0.7059, test_acc: 0.7152, f1: 0.6559
loss: 0.7413, acc: 0.7014, test_acc: 0.7152, f1: 0.6573
loss: 0.5987, acc: 0.7072, test_acc: 0.7152, f1: 0.6578
loss: 0.6087, acc: 0.7094, test_acc: 0.7215, f1: 0.6771
loss: 1.0246, acc: 0.6964, test_acc: 0.7152, f1: 0.6551
loss: 0.4085, acc: 0.7074, test_acc: 0.7247, f1: 0.6800
loss: 0.5719, acc: 0.7120, test_acc: 0.7104, f1: 0.6526
loss: 0.4687, acc: 0.7135, test_acc: 0.7184, f1: 0.6610
loss: 0.4725, acc: 0.7175, test_acc: 0.7168, f1: 0.6536
loss: 0.6063, acc: 0.7188, test_acc: 0.7136, f1: 0.6456
loss: 0.5501, acc: 0.7245, test_acc: 0.7310, f1: 0.6804
loss: 0.6283, acc: 0.7232, test_acc: 0.7215, f1: 0.6828
loss: 1.1895, acc: 0.7112, test_acc: 0.7089, f1: 0.6759
>>>>>>>>>>>>>>>>>>>>>>>>>>>>>>>>>>>>>>>>>>>>>>>>>>>>>>>>>>>>
epoch: 9
loss: 0.9380, acc: 0.4375, test_acc: 0.7025, f1: 0.6223
loss: 0.7588, acc: 0.5625, test_acc: 0.6788, f1: 0.5793
loss: 0.5538, acc: 0.6667, test_acc: 0.6693, f1: 0.5751
loss: 0.9150, acc: 0.6719, test_acc: 0.7184, f1: 0.6438
loss: 0.7536, acc: 0.6750, test_acc: 0.7199, f1: 0.6399
loss: 0.8840, acc: 0.6458, test_acc: 0.7152, f1: 0.6506
loss: 0.9265, acc: 0.6339, test_acc: 0.6962, f1: 0.6089
loss: 0.4050, acc: 0.6641, test_acc: 0.6820, f1: 0.5919
loss: 0.9101, acc: 0.6528, test_acc: 0.6851, f1: 0.6178
loss: 0.5760, acc: 0.6687, test_acc: 0.7057, f1: 0.6369
loss: 0.7566, acc: 0.6534, test_acc: 0.7263, f1: 0.6613
loss: 0.8235, acc: 0.6510, test_acc: 0.7184, f1: 0.6703
loss: 0.5448, acc: 0.6635, test_acc: 0.6820, f1: 0.6474
loss: 0.6396, acc: 0.6607, test_acc: 0.7247, f1: 0.6837
loss: 0.7591, acc: 0.6542, test_acc: 0.7152, f1: 0.6443
loss: 0.6348, acc: 0.6602, test_acc: 0.7326, f1: 0.6815
loss: 0.8819, acc: 0.6544, test_acc: 0.7057, f1: 0.6594
loss: 0.4338, acc: 0.6667, test_acc: 0.7294, f1: 0.6855
loss: 0.8171, acc: 0.6645, test_acc: 0.7278, f1: 0.6807
loss: 0.2903, acc: 0.6813, test_acc: 0.7294, f1: 0.6840
loss: 0.5045, acc: 0.6905, test_acc: 0.7231, f1: 0.6704
loss: 1.1633, acc: 0.6875, test_acc: 0.7152, f1: 0.6577
loss: 0.8708, acc: 0.6848, test_acc: 0.7263, f1: 0.6684
>> saved: ./state_dict/text-gt_laptop_acc_0.7342_f1_0.6902
loss: 0.3381, acc: 0.6953, test_acc: 0.7342, f1: 0.6902
loss: 0.4696, acc: 0.6975, test_acc: 0.7247, f1: 0.6722
loss: 0.5019, acc: 0.6995, test_acc: 0.6804, f1: 0.5822
loss: 1.0115, acc: 0.6968, test_acc: 0.6835, f1: 0.5769
loss: 0.8518, acc: 0.6964, test_acc: 0.7278, f1: 0.6700
>> saved: ./state_dict/text-gt_laptop_acc_0.7373_f1_0.6990
loss: 0.6377, acc: 0.6965, test_acc: 0.7373, f1: 0.6990
>>>>>>>>>>>>>>>>>>>>>>>>>>>>>>>>>>>>>>>>>>>>>>>>>>>>>>>>>>>>
epoch: 10
>> saved: ./state_dict/text-gt_laptop_acc_0.7389_f1_0.6986
loss: 0.5411, acc: 0.8125, test_acc: 0.7389, f1: 0.6986
loss: 0.3913, acc: 0.8438, test_acc: 0.7326, f1: 0.6814
loss: 0.9702, acc: 0.7083, test_acc: 0.7342, f1: 0.6832
loss: 0.7537, acc: 0.7188, test_acc: 0.7326, f1: 0.6869
loss: 0.7821, acc: 0.7000, test_acc: 0.7231, f1: 0.6760
loss: 0.6013, acc: 0.7083, test_acc: 0.7215, f1: 0.6678
loss: 0.3478, acc: 0.7411, test_acc: 0.7168, f1: 0.6539
loss: 0.7407, acc: 0.7344, test_acc: 0.7152, f1: 0.6525
loss: 0.7549, acc: 0.7292, test_acc: 0.6962, f1: 0.6191
loss: 0.6209, acc: 0.7312, test_acc: 0.7231, f1: 0.6738
loss: 0.8669, acc: 0.7159, test_acc: 0.6962, f1: 0.6731
loss: 0.8029, acc: 0.7083, test_acc: 0.7057, f1: 0.6658
loss: 0.8216, acc: 0.7067, test_acc: 0.7184, f1: 0.6664
loss: 0.7860, acc: 0.7098, test_acc: 0.7104, f1: 0.6439
loss: 0.5647, acc: 0.7042, test_acc: 0.7215, f1: 0.6766
loss: 0.5011, acc: 0.7109, test_acc: 0.7089, f1: 0.6753
loss: 0.7142, acc: 0.7059, test_acc: 0.7199, f1: 0.6793
loss: 0.5713, acc: 0.7049, test_acc: 0.7310, f1: 0.6768
loss: 0.5919, acc: 0.7072, test_acc: 0.6851, f1: 0.6081
loss: 0.8226, acc: 0.7000, test_acc: 0.6946, f1: 0.6316
loss: 0.5845, acc: 0.7054, test_acc: 0.7310, f1: 0.6910
loss: 0.3613, acc: 0.7131, test_acc: 0.7184, f1: 0.6780
loss: 0.3591, acc: 0.7201, test_acc: 0.7231, f1: 0.6841
loss: 0.4632, acc: 0.7266, test_acc: 0.7152, f1: 0.6662
loss: 1.2124, acc: 0.7175, test_acc: 0.7152, f1: 0.6695
loss: 0.7451, acc: 0.7163, test_acc: 0.7231, f1: 0.6856
>> saved: ./state_dict/text-gt_laptop_acc_0.7421_f1_0.6924
loss: 0.8724, acc: 0.7106, test_acc: 0.7421, f1: 0.6924
loss: 1.1709, acc: 0.7098, test_acc: 0.7025, f1: 0.6248
>>>>>>>>>>>>>>>>>>>>>>>>>>>>>>>>>>>>>>>>>>>>>>>>>>>>>>>>>>>>
epoch: 11
loss: 0.7028, acc: 0.6875, test_acc: 0.6487, f1: 0.5580
loss: 0.5246, acc: 0.7812, test_acc: 0.7057, f1: 0.6337
loss: 0.4474, acc: 0.7708, test_acc: 0.7199, f1: 0.6521
loss: 0.4583, acc: 0.7969, test_acc: 0.7199, f1: 0.6787
loss: 0.7563, acc: 0.7750, test_acc: 0.7073, f1: 0.6729
loss: 0.7049, acc: 0.7708, test_acc: 0.7057, f1: 0.6538
loss: 0.9392, acc: 0.7589, test_acc: 0.7025, f1: 0.6302
loss: 0.9794, acc: 0.7344, test_acc: 0.7009, f1: 0.6247
loss: 0.6201, acc: 0.7500, test_acc: 0.7041, f1: 0.6506
loss: 0.6521, acc: 0.7438, test_acc: 0.7104, f1: 0.6616
loss: 0.6322, acc: 0.7386, test_acc: 0.7215, f1: 0.6747
loss: 0.6337, acc: 0.7344, test_acc: 0.7199, f1: 0.6797
loss: 0.6141, acc: 0.7356, test_acc: 0.7215, f1: 0.6845
loss: 0.3619, acc: 0.7500, test_acc: 0.7421, f1: 0.7002
loss: 0.6168, acc: 0.7500, test_acc: 0.7136, f1: 0.6458
loss: 1.0913, acc: 0.7305, test_acc: 0.7294, f1: 0.6790
loss: 0.4914, acc: 0.7316, test_acc: 0.7358, f1: 0.6902
loss: 0.7179, acc: 0.7326, test_acc: 0.7421, f1: 0.7012
loss: 0.9036, acc: 0.7303, test_acc: 0.7310, f1: 0.6825
loss: 0.6411, acc: 0.7250, test_acc: 0.7136, f1: 0.6488
loss: 1.0030, acc: 0.7143, test_acc: 0.7231, f1: 0.6628
loss: 0.5701, acc: 0.7131, test_acc: 0.7342, f1: 0.6788
loss: 0.5434, acc: 0.7174, test_acc: 0.7310, f1: 0.6800
loss: 0.6103, acc: 0.7240, test_acc: 0.7057, f1: 0.6387
loss: 1.0240, acc: 0.7175, test_acc: 0.7120, f1: 0.6639
loss: 0.6044, acc: 0.7212, test_acc: 0.7358, f1: 0.6845
loss: 0.5392, acc: 0.7245, test_acc: 0.7358, f1: 0.6811
loss: 0.4656, acc: 0.7321, test_acc: 0.7405, f1: 0.6904
>> saved: ./state_dict/text-gt_laptop_acc_0.7484_f1_0.7071
loss: 0.7439, acc: 0.7349, test_acc: 0.7484, f1: 0.7071
>>>>>>>>>>>>>>>>>>>>>>>>>>>>>>>>>>>>>>>>>>>>>>>>>>>>>>>>>>>>
epoch: 12
loss: 0.4767, acc: 0.7500, test_acc: 0.7310, f1: 0.6808
loss: 0.7251, acc: 0.7188, test_acc: 0.7294, f1: 0.6815
loss: 0.7199, acc: 0.6458, test_acc: 0.7310, f1: 0.7004
>> saved: ./state_dict/text-gt_laptop_acc_0.7500_f1_0.7084
loss: 0.5538, acc: 0.6562, test_acc: 0.7500, f1: 0.7084
loss: 0.4787, acc: 0.6875, test_acc: 0.7405, f1: 0.6951
loss: 0.5148, acc: 0.7188, test_acc: 0.6915, f1: 0.6278
loss: 0.4870, acc: 0.7321, test_acc: 0.7199, f1: 0.6596
loss: 0.8345, acc: 0.7266, test_acc: 0.7358, f1: 0.6943
loss: 0.8216, acc: 0.7014, test_acc: 0.7326, f1: 0.6902
loss: 0.5549, acc: 0.7063, test_acc: 0.7373, f1: 0.6901
loss: 0.5128, acc: 0.7159, test_acc: 0.7294, f1: 0.6885
loss: 0.8712, acc: 0.7083, test_acc: 0.7342, f1: 0.6937
loss: 0.5036, acc: 0.7115, test_acc: 0.7389, f1: 0.6935
loss: 0.6652, acc: 0.7143, test_acc: 0.7358, f1: 0.6961
loss: 0.6742, acc: 0.7167, test_acc: 0.7041, f1: 0.6647
loss: 0.9777, acc: 0.7070, test_acc: 0.7389, f1: 0.6967
loss: 0.9209, acc: 0.6949, test_acc: 0.7405, f1: 0.7001
loss: 0.8891, acc: 0.6875, test_acc: 0.7373, f1: 0.6857
loss: 0.6397, acc: 0.6908, test_acc: 0.7215, f1: 0.6618
loss: 0.7323, acc: 0.6906, test_acc: 0.7405, f1: 0.6933
loss: 0.7350, acc: 0.6905, test_acc: 0.7373, f1: 0.6883
loss: 0.6255, acc: 0.6875, test_acc: 0.7389, f1: 0.6961
loss: 0.4287, acc: 0.6957, test_acc: 0.7310, f1: 0.6765
loss: 0.5816, acc: 0.6953, test_acc: 0.7247, f1: 0.6669
loss: 0.4904, acc: 0.7000, test_acc: 0.7184, f1: 0.6641
loss: 0.4390, acc: 0.7019, test_acc: 0.7152, f1: 0.6662
loss: 0.5726, acc: 0.7037, test_acc: 0.7215, f1: 0.6681
loss: 0.4583, acc: 0.7076, test_acc: 0.7199, f1: 0.6685
>>>>>>>>>>>>>>>>>>>>>>>>>>>>>>>>>>>>>>>>>>>>>>>>>>>>>>>>>>>>
epoch: 13
loss: 0.4927, acc: 0.8750, test_acc: 0.7215, f1: 0.6725
loss: 0.7087, acc: 0.6875, test_acc: 0.7263, f1: 0.6783
loss: 0.6291, acc: 0.7292, test_acc: 0.7215, f1: 0.6678
loss: 0.7392, acc: 0.7344, test_acc: 0.7263, f1: 0.6691
loss: 1.0379, acc: 0.7125, test_acc: 0.7263, f1: 0.6714
loss: 0.8602, acc: 0.6771, test_acc: 0.7263, f1: 0.6726
loss: 0.6795, acc: 0.6964, test_acc: 0.7278, f1: 0.6873
loss: 0.6667, acc: 0.7031, test_acc: 0.7310, f1: 0.6983
loss: 0.5525, acc: 0.7153, test_acc: 0.7326, f1: 0.6969
loss: 0.5036, acc: 0.7250, test_acc: 0.7152, f1: 0.6483
loss: 0.6896, acc: 0.7273, test_acc: 0.6788, f1: 0.5808
loss: 0.6714, acc: 0.7188, test_acc: 0.6978, f1: 0.6198
loss: 0.7039, acc: 0.7163, test_acc: 0.7278, f1: 0.6940
loss: 0.6710, acc: 0.7188, test_acc: 0.7231, f1: 0.6853
loss: 0.5582, acc: 0.7208, test_acc: 0.6994, f1: 0.6147
loss: 0.6400, acc: 0.7227, test_acc: 0.6994, f1: 0.6087
loss: 0.4339, acc: 0.7279, test_acc: 0.7310, f1: 0.6755
loss: 0.9127, acc: 0.7257, test_acc: 0.7104, f1: 0.6683
loss: 0.8939, acc: 0.7237, test_acc: 0.7358, f1: 0.6853
loss: 0.5353, acc: 0.7219, test_acc: 0.7294, f1: 0.6688
loss: 0.3015, acc: 0.7292, test_acc: 0.7104, f1: 0.6309
loss: 0.7652, acc: 0.7273, test_acc: 0.7009, f1: 0.6142
loss: 0.5655, acc: 0.7310, test_acc: 0.7136, f1: 0.6461
loss: 0.8736, acc: 0.7266, test_acc: 0.7326, f1: 0.6883
loss: 0.6367, acc: 0.7300, test_acc: 0.7437, f1: 0.7009
loss: 0.5171, acc: 0.7332, test_acc: 0.7484, f1: 0.7051
loss: 0.9922, acc: 0.7245, test_acc: 0.7326, f1: 0.6822
loss: 0.7463, acc: 0.7188, test_acc: 0.7358, f1: 0.6964
loss: 0.3615, acc: 0.7241, test_acc: 0.7421, f1: 0.6963
>>>>>>>>>>>>>>>>>>>>>>>>>>>>>>>>>>>>>>>>>>>>>>>>>>>>>>>>>>>>
epoch: 14
loss: 0.9350, acc: 0.6250, test_acc: 0.7278, f1: 0.6664
loss: 0.8159, acc: 0.5938, test_acc: 0.7326, f1: 0.6759
loss: 0.6060, acc: 0.6458, test_acc: 0.7405, f1: 0.6902
loss: 0.5751, acc: 0.6562, test_acc: 0.7326, f1: 0.6934
loss: 0.6632, acc: 0.6750, test_acc: 0.7326, f1: 0.6844
loss: 0.6555, acc: 0.6667, test_acc: 0.7168, f1: 0.6457
loss: 0.7458, acc: 0.6607, test_acc: 0.7373, f1: 0.6906
loss: 0.6583, acc: 0.6719, test_acc: 0.7199, f1: 0.6885
loss: 0.6109, acc: 0.6875, test_acc: 0.7025, f1: 0.6740
loss: 0.6851, acc: 0.6875, test_acc: 0.7263, f1: 0.6785
loss: 0.7363, acc: 0.6875, test_acc: 0.7215, f1: 0.6614
loss: 0.4365, acc: 0.7031, test_acc: 0.7199, f1: 0.6575
loss: 0.5789, acc: 0.7163, test_acc: 0.7199, f1: 0.6709
loss: 0.6287, acc: 0.7232, test_acc: 0.7278, f1: 0.6769
loss: 0.5842, acc: 0.7250, test_acc: 0.7263, f1: 0.6790
loss: 0.4580, acc: 0.7266, test_acc: 0.7437, f1: 0.7027
loss: 0.5781, acc: 0.7316, test_acc: 0.7326, f1: 0.6871
loss: 0.6424, acc: 0.7326, test_acc: 0.7389, f1: 0.6960
loss: 0.6788, acc: 0.7303, test_acc: 0.7326, f1: 0.6800
loss: 0.4810, acc: 0.7312, test_acc: 0.7263, f1: 0.6704
loss: 0.7027, acc: 0.7292, test_acc: 0.7342, f1: 0.6870
loss: 0.5413, acc: 0.7301, test_acc: 0.7136, f1: 0.6883
loss: 0.5734, acc: 0.7310, test_acc: 0.7041, f1: 0.6705
loss: 0.7366, acc: 0.7292, test_acc: 0.7136, f1: 0.6500
loss: 0.5248, acc: 0.7300, test_acc: 0.7247, f1: 0.6684
loss: 0.4894, acc: 0.7332, test_acc: 0.7294, f1: 0.6715
loss: 0.3908, acc: 0.7361, test_acc: 0.7421, f1: 0.6927
loss: 1.0261, acc: 0.7321, test_acc: 0.7437, f1: 0.7026
loss: 0.3360, acc: 0.7336, test_acc: 0.7405, f1: 0.7006
>>>>>>>>>>>>>>>>>>>>>>>>>>>>>>>>>>>>>>>>>>>>>>>>>>>>>>>>>>>>
epoch: 15
loss: 0.3597, acc: 0.8750, test_acc: 0.7294, f1: 0.6793
loss: 0.7982, acc: 0.7812, test_acc: 0.7168, f1: 0.6742
loss: 0.7358, acc: 0.7292, test_acc: 0.7136, f1: 0.6720
loss: 0.2396, acc: 0.7812, test_acc: 0.7389, f1: 0.6827
loss: 0.4787, acc: 0.8000, test_acc: 0.7294, f1: 0.6871
loss: 0.7091, acc: 0.7917, test_acc: 0.6930, f1: 0.6439
loss: 0.9869, acc: 0.7589, test_acc: 0.6994, f1: 0.6709
loss: 0.4425, acc: 0.7656, test_acc: 0.7231, f1: 0.6864
loss: 0.8628, acc: 0.7569, test_acc: 0.7089, f1: 0.6378
loss: 0.4162, acc: 0.7688, test_acc: 0.6994, f1: 0.6180
loss: 0.9993, acc: 0.7443, test_acc: 0.7089, f1: 0.6613
loss: 0.6329, acc: 0.7344, test_acc: 0.7152, f1: 0.6716
loss: 0.4308, acc: 0.7404, test_acc: 0.7184, f1: 0.6777
loss: 0.6522, acc: 0.7411, test_acc: 0.7152, f1: 0.6871
loss: 0.5205, acc: 0.7417, test_acc: 0.7120, f1: 0.6866
loss: 0.4824, acc: 0.7500, test_acc: 0.7437, f1: 0.7059
loss: 0.5752, acc: 0.7537, test_acc: 0.7326, f1: 0.6698
loss: 0.5383, acc: 0.7535, test_acc: 0.7104, f1: 0.6323
loss: 0.8552, acc: 0.7566, test_acc: 0.7358, f1: 0.6853
loss: 0.2955, acc: 0.7688, test_acc: 0.7421, f1: 0.7046
loss: 0.7910, acc: 0.7619, test_acc: 0.7152, f1: 0.6696
loss: 0.7580, acc: 0.7614, test_acc: 0.7389, f1: 0.6825
>> saved: ./state_dict/text-gt_laptop_acc_0.7516_f1_0.7063
loss: 1.1394, acc: 0.7500, test_acc: 0.7516, f1: 0.7063
loss: 0.8522, acc: 0.7448, test_acc: 0.6883, f1: 0.6418
loss: 0.4401, acc: 0.7500, test_acc: 0.7009, f1: 0.6735
loss: 0.7519, acc: 0.7452, test_acc: 0.7168, f1: 0.6821
loss: 0.8311, acc: 0.7407, test_acc: 0.7358, f1: 0.6888
loss: 0.5977, acc: 0.7388, test_acc: 0.7342, f1: 0.6730
>>>>>>>>>>>>>>>>>>>>>>>>>>>>>>>>>>>>>>>>>>>>>>>>>>>>>>>>>>>>
epoch: 16
>> saved: ./state_dict/text-gt_laptop_acc_0.7579_f1_0.7118
loss: 0.5178, acc: 0.7500, test_acc: 0.7579, f1: 0.7118
loss: 0.4825, acc: 0.7500, test_acc: 0.7563, f1: 0.7102
loss: 0.6760, acc: 0.7500, test_acc: 0.7484, f1: 0.6960
loss: 1.0125, acc: 0.7344, test_acc: 0.7342, f1: 0.6781
loss: 0.7713, acc: 0.7250, test_acc: 0.7120, f1: 0.6665
loss: 0.4583, acc: 0.7396, test_acc: 0.7389, f1: 0.6973
loss: 0.5412, acc: 0.7500, test_acc: 0.7310, f1: 0.7002
loss: 0.8139, acc: 0.7500, test_acc: 0.7532, f1: 0.7173
loss: 0.4850, acc: 0.7569, test_acc: 0.7500, f1: 0.7006
loss: 0.6684, acc: 0.7625, test_acc: 0.7373, f1: 0.6796
loss: 0.4088, acc: 0.7727, test_acc: 0.7484, f1: 0.7073
loss: 1.1355, acc: 0.7500, test_acc: 0.7263, f1: 0.6977
loss: 0.3059, acc: 0.7596, test_acc: 0.6835, f1: 0.6487
loss: 0.6190, acc: 0.7500, test_acc: 0.7136, f1: 0.6748
loss: 0.6815, acc: 0.7417, test_acc: 0.7294, f1: 0.6790
loss: 0.9355, acc: 0.7344, test_acc: 0.7294, f1: 0.6641
loss: 0.6715, acc: 0.7279, test_acc: 0.7405, f1: 0.6912
loss: 1.0459, acc: 0.7222, test_acc: 0.7358, f1: 0.6853
loss: 1.0109, acc: 0.7105, test_acc: 0.7468, f1: 0.7034
loss: 0.4785, acc: 0.7156, test_acc: 0.7389, f1: 0.6956
loss: 0.7576, acc: 0.7083, test_acc: 0.7278, f1: 0.6679
loss: 0.9761, acc: 0.7102, test_acc: 0.7421, f1: 0.6897
loss: 0.6817, acc: 0.7092, test_acc: 0.7373, f1: 0.6935
loss: 0.5873, acc: 0.7109, test_acc: 0.7373, f1: 0.7053
loss: 0.2427, acc: 0.7225, test_acc: 0.7358, f1: 0.7004
loss: 0.7823, acc: 0.7212, test_acc: 0.7358, f1: 0.6981
loss: 0.6842, acc: 0.7199, test_acc: 0.7437, f1: 0.7095
loss: 0.5819, acc: 0.7210, test_acc: 0.7468, f1: 0.7052
loss: 0.6708, acc: 0.7177, test_acc: 0.7326, f1: 0.6822
>>>>>>>>>>>>>>>>>>>>>>>>>>>>>>>>>>>>>>>>>>>>>>>>>>>>>>>>>>>>
epoch: 17
loss: 0.3455, acc: 0.8750, test_acc: 0.7389, f1: 0.6775
loss: 0.6071, acc: 0.8750, test_acc: 0.7405, f1: 0.6915
loss: 1.0179, acc: 0.7708, test_acc: 0.7342, f1: 0.6910
loss: 0.3994, acc: 0.7812, test_acc: 0.7326, f1: 0.6882
loss: 0.4779, acc: 0.8000, test_acc: 0.7421, f1: 0.7132
loss: 1.0437, acc: 0.7500, test_acc: 0.7405, f1: 0.7073
loss: 0.4415, acc: 0.7768, test_acc: 0.7405, f1: 0.6955
loss: 0.3228, acc: 0.7969, test_acc: 0.6978, f1: 0.6158
loss: 0.4442, acc: 0.8056, test_acc: 0.7278, f1: 0.6718
loss: 0.9782, acc: 0.7688, test_acc: 0.7057, f1: 0.6616
loss: 0.3925, acc: 0.7784, test_acc: 0.7373, f1: 0.6926
loss: 0.7875, acc: 0.7604, test_acc: 0.7310, f1: 0.6746
loss: 0.9115, acc: 0.7548, test_acc: 0.7073, f1: 0.6295
loss: 0.5561, acc: 0.7545, test_acc: 0.6978, f1: 0.6169
loss: 0.4094, acc: 0.7583, test_acc: 0.7453, f1: 0.7051
loss: 0.5051, acc: 0.7617, test_acc: 0.7516, f1: 0.7114
loss: 0.5150, acc: 0.7574, test_acc: 0.7516, f1: 0.7030
loss: 0.7963, acc: 0.7535, test_acc: 0.7263, f1: 0.6562
loss: 1.0354, acc: 0.7467, test_acc: 0.7120, f1: 0.6288
loss: 0.7022, acc: 0.7438, test_acc: 0.7421, f1: 0.6833
loss: 0.3942, acc: 0.7530, test_acc: 0.7500, f1: 0.7031
loss: 0.5497, acc: 0.7557, test_acc: 0.7516, f1: 0.7050
loss: 0.9693, acc: 0.7473, test_acc: 0.7421, f1: 0.6960
loss: 0.3404, acc: 0.7526, test_acc: 0.7453, f1: 0.7027
loss: 0.7395, acc: 0.7500, test_acc: 0.7547, f1: 0.7165
loss: 0.4160, acc: 0.7548, test_acc: 0.7468, f1: 0.7068
loss: 0.3136, acc: 0.7639, test_acc: 0.7326, f1: 0.6851
loss: 0.8080, acc: 0.7612, test_acc: 0.7089, f1: 0.6376
>>>>>>>>>>>>>>>>>>>>>>>>>>>>>>>>>>>>>>>>>>>>>>>>>>>>>>>>>>>>
epoch: 18
loss: 0.5196, acc: 0.8125, test_acc: 0.7263, f1: 0.6762
loss: 0.3938, acc: 0.8438, test_acc: 0.7373, f1: 0.6892
loss: 0.3669, acc: 0.8333, test_acc: 0.7263, f1: 0.6739
loss: 0.6151, acc: 0.7969, test_acc: 0.7120, f1: 0.6530
loss: 0.5962, acc: 0.7750, test_acc: 0.7278, f1: 0.6785
loss: 0.6757, acc: 0.7604, test_acc: 0.7405, f1: 0.7036
loss: 0.3661, acc: 0.7768, test_acc: 0.7373, f1: 0.6842
loss: 0.8710, acc: 0.7422, test_acc: 0.7263, f1: 0.6634
loss: 0.4136, acc: 0.7500, test_acc: 0.7358, f1: 0.6950
loss: 0.5515, acc: 0.7562, test_acc: 0.7358, f1: 0.6977
loss: 0.5541, acc: 0.7557, test_acc: 0.7310, f1: 0.6797
loss: 0.3752, acc: 0.7708, test_acc: 0.7231, f1: 0.6625
loss: 0.4825, acc: 0.7740, test_acc: 0.7437, f1: 0.6966
loss: 0.5735, acc: 0.7723, test_acc: 0.7342, f1: 0.6786
loss: 0.8915, acc: 0.7708, test_acc: 0.7215, f1: 0.6520
loss: 0.7284, acc: 0.7617, test_acc: 0.7089, f1: 0.6817
loss: 0.6470, acc: 0.7647, test_acc: 0.7041, f1: 0.6838
loss: 0.5817, acc: 0.7569, test_acc: 0.7373, f1: 0.6962
loss: 0.5097, acc: 0.7632, test_acc: 0.7168, f1: 0.6637
loss: 0.4102, acc: 0.7656, test_acc: 0.7215, f1: 0.6537
loss: 0.6090, acc: 0.7679, test_acc: 0.7152, f1: 0.6499
loss: 0.5341, acc: 0.7699, test_acc: 0.7152, f1: 0.6589
loss: 0.6241, acc: 0.7663, test_acc: 0.7199, f1: 0.6822
loss: 0.8774, acc: 0.7578, test_acc: 0.7421, f1: 0.7094
loss: 1.0546, acc: 0.7525, test_acc: 0.7199, f1: 0.6703
loss: 0.7001, acc: 0.7500, test_acc: 0.6899, f1: 0.6120
loss: 0.4671, acc: 0.7523, test_acc: 0.6994, f1: 0.6281
loss: 0.6968, acc: 0.7545, test_acc: 0.7263, f1: 0.6831
loss: 0.7180, acc: 0.7565, test_acc: 0.7342, f1: 0.6953
>>>>>>>>>>>>>>>>>>>>>>>>>>>>>>>>>>>>>>>>>>>>>>>>>>>>>>>>>>>>
epoch: 19
loss: 0.7744, acc: 0.7500, test_acc: 0.7373, f1: 0.6980
loss: 0.5293, acc: 0.7812, test_acc: 0.7215, f1: 0.6632
loss: 0.5021, acc: 0.8125, test_acc: 0.7310, f1: 0.6757
loss: 0.5690, acc: 0.7969, test_acc: 0.7231, f1: 0.6606
loss: 1.0369, acc: 0.7625, test_acc: 0.7326, f1: 0.6704
loss: 0.7037, acc: 0.7708, test_acc: 0.7405, f1: 0.6965
loss: 0.7306, acc: 0.7500, test_acc: 0.7405, f1: 0.7068
loss: 0.6188, acc: 0.7578, test_acc: 0.7405, f1: 0.7017
loss: 0.4354, acc: 0.7639, test_acc: 0.7294, f1: 0.6770
loss: 0.6459, acc: 0.7562, test_acc: 0.7278, f1: 0.6615
loss: 0.7662, acc: 0.7500, test_acc: 0.7389, f1: 0.6888
loss: 0.2587, acc: 0.7656, test_acc: 0.7326, f1: 0.6725
loss: 0.2454, acc: 0.7788, test_acc: 0.7310, f1: 0.6699
loss: 0.6103, acc: 0.7723, test_acc: 0.7294, f1: 0.6687
loss: 0.6597, acc: 0.7708, test_acc: 0.7437, f1: 0.6884
loss: 0.3548, acc: 0.7773, test_acc: 0.7453, f1: 0.7043
loss: 0.7769, acc: 0.7647, test_acc: 0.7373, f1: 0.7054
loss: 0.5080, acc: 0.7674, test_acc: 0.7358, f1: 0.6780
loss: 0.6285, acc: 0.7632, test_acc: 0.7342, f1: 0.6781
loss: 0.4351, acc: 0.7656, test_acc: 0.7547, f1: 0.7138
>> saved: ./state_dict/text-gt_laptop_acc_0.7611_f1_0.7194
loss: 0.4454, acc: 0.7649, test_acc: 0.7611, f1: 0.7194
loss: 0.6578, acc: 0.7585, test_acc: 0.7563, f1: 0.7098
loss: 0.5116, acc: 0.7554, test_acc: 0.7532, f1: 0.7032
loss: 0.7373, acc: 0.7526, test_acc: 0.7247, f1: 0.6721
loss: 0.6305, acc: 0.7500, test_acc: 0.7089, f1: 0.6671
loss: 0.4798, acc: 0.7524, test_acc: 0.7310, f1: 0.6948
loss: 0.7625, acc: 0.7477, test_acc: 0.7263, f1: 0.6928
loss: 0.7579, acc: 0.7478, test_acc: 0.7373, f1: 0.7098
loss: 0.7099, acc: 0.7467, test_acc: 0.7294, f1: 0.6923
>>>>>>>>>>>>>>>>>>>>>>>>>>>>>>>>>>>>>>>>>>>>>>>>>>>>>>>>>>>>
epoch: 20
loss: 0.5499, acc: 0.8750, test_acc: 0.7152, f1: 0.6470
loss: 0.3049, acc: 0.8750, test_acc: 0.7009, f1: 0.6266
loss: 0.8459, acc: 0.8125, test_acc: 0.7263, f1: 0.6612
loss: 0.6515, acc: 0.8281, test_acc: 0.7405, f1: 0.7012
loss: 0.6210, acc: 0.7875, test_acc: 0.7326, f1: 0.6954
loss: 0.9356, acc: 0.7500, test_acc: 0.7500, f1: 0.6923
loss: 0.3348, acc: 0.7679, test_acc: 0.7532, f1: 0.6985
loss: 0.6327, acc: 0.7578, test_acc: 0.7547, f1: 0.7085
loss: 0.9025, acc: 0.7431, test_acc: 0.7310, f1: 0.6987
loss: 0.7755, acc: 0.7375, test_acc: 0.7405, f1: 0.7048
loss: 0.5705, acc: 0.7443, test_acc: 0.7421, f1: 0.6993
loss: 1.1192, acc: 0.7188, test_acc: 0.7342, f1: 0.6814
loss: 0.7893, acc: 0.7163, test_acc: 0.7421, f1: 0.6893
loss: 0.6176, acc: 0.7188, test_acc: 0.7484, f1: 0.6966
loss: 0.7262, acc: 0.7167, test_acc: 0.7421, f1: 0.6972
loss: 0.7920, acc: 0.7188, test_acc: 0.7453, f1: 0.6982
loss: 0.4281, acc: 0.7279, test_acc: 0.7373, f1: 0.6897
loss: 0.7461, acc: 0.7257, test_acc: 0.7405, f1: 0.6898
loss: 0.4271, acc: 0.7368, test_acc: 0.7373, f1: 0.6877
loss: 0.5268, acc: 0.7438, test_acc: 0.7358, f1: 0.6945
loss: 0.5889, acc: 0.7470, test_acc: 0.7342, f1: 0.6937
loss: 0.5894, acc: 0.7500, test_acc: 0.7247, f1: 0.6632
loss: 0.9420, acc: 0.7446, test_acc: 0.7057, f1: 0.6444
loss: 0.6415, acc: 0.7422, test_acc: 0.7310, f1: 0.6862
loss: 0.4935, acc: 0.7500, test_acc: 0.7453, f1: 0.6968
loss: 0.8388, acc: 0.7476, test_acc: 0.7389, f1: 0.6780
loss: 0.3729, acc: 0.7546, test_acc: 0.7278, f1: 0.6623
loss: 0.5911, acc: 0.7567, test_acc: 0.7468, f1: 0.6918
>>>>>>>>>>>>>>>>>>>>>>>>>>>>>>>>>>>>>>>>>>>>>>>>>>>>>>>>>>>>
epoch: 21
loss: 0.8345, acc: 0.5625, test_acc: 0.7326, f1: 0.6659
loss: 0.5568, acc: 0.6562, test_acc: 0.7294, f1: 0.6638
loss: 0.7501, acc: 0.6667, test_acc: 0.7389, f1: 0.7003
loss: 0.3550, acc: 0.7344, test_acc: 0.7389, f1: 0.6956
loss: 0.4466, acc: 0.7500, test_acc: 0.7278, f1: 0.6695
loss: 0.6209, acc: 0.7604, test_acc: 0.7358, f1: 0.6827
loss: 0.5305, acc: 0.7589, test_acc: 0.7389, f1: 0.7015
loss: 0.5727, acc: 0.7578, test_acc: 0.7326, f1: 0.7048
loss: 0.4197, acc: 0.7569, test_acc: 0.7231, f1: 0.6871
loss: 0.4658, acc: 0.7562, test_acc: 0.7405, f1: 0.6920
loss: 0.7943, acc: 0.7557, test_acc: 0.7104, f1: 0.6285
loss: 0.8885, acc: 0.7604, test_acc: 0.7057, f1: 0.6175
loss: 0.6308, acc: 0.7692, test_acc: 0.7278, f1: 0.6535
loss: 0.6376, acc: 0.7723, test_acc: 0.7263, f1: 0.6814
loss: 0.7722, acc: 0.7542, test_acc: 0.7516, f1: 0.7146
loss: 0.7112, acc: 0.7500, test_acc: 0.7468, f1: 0.6973
loss: 0.6103, acc: 0.7463, test_acc: 0.7389, f1: 0.6922
loss: 0.5287, acc: 0.7535, test_acc: 0.7342, f1: 0.6921
loss: 0.5441, acc: 0.7599, test_acc: 0.7310, f1: 0.6958
loss: 0.6386, acc: 0.7562, test_acc: 0.7342, f1: 0.6946
loss: 0.7091, acc: 0.7560, test_acc: 0.7215, f1: 0.6716
loss: 1.0002, acc: 0.7472, test_acc: 0.7199, f1: 0.6837
loss: 0.8874, acc: 0.7418, test_acc: 0.6978, f1: 0.6583
loss: 0.6288, acc: 0.7422, test_acc: 0.6962, f1: 0.6495
loss: 0.6451, acc: 0.7400, test_acc: 0.7168, f1: 0.6788
loss: 0.7404, acc: 0.7356, test_acc: 0.7358, f1: 0.7002
loss: 0.6293, acc: 0.7338, test_acc: 0.7373, f1: 0.6923
loss: 1.0962, acc: 0.7277, test_acc: 0.7405, f1: 0.7005
loss: 0.5901, acc: 0.7263, test_acc: 0.7405, f1: 0.7005
>>>>>>>>>>>>>>>>>>>>>>>>>>>>>>>>>>>>>>>>>>>>>>>>>>>>>>>>>>>>
epoch: 22
loss: 0.5231, acc: 0.6875, test_acc: 0.7278, f1: 0.6768
loss: 0.2782, acc: 0.8125, test_acc: 0.7247, f1: 0.6508
loss: 0.4744, acc: 0.8125, test_acc: 0.7358, f1: 0.6817
loss: 0.5188, acc: 0.7969, test_acc: 0.7199, f1: 0.6867
loss: 0.5418, acc: 0.7750, test_acc: 0.7120, f1: 0.6794
loss: 0.3183, acc: 0.7917, test_acc: 0.7073, f1: 0.6716
loss: 0.8763, acc: 0.7946, test_acc: 0.7120, f1: 0.6575
loss: 0.4775, acc: 0.7969, test_acc: 0.7358, f1: 0.6847
loss: 0.6021, acc: 0.7917, test_acc: 0.7278, f1: 0.6766
loss: 0.6960, acc: 0.7937, test_acc: 0.7278, f1: 0.6836
loss: 0.2395, acc: 0.8011, test_acc: 0.7484, f1: 0.7078
loss: 0.8043, acc: 0.7917, test_acc: 0.7563, f1: 0.7199
loss: 0.4972, acc: 0.7933, test_acc: 0.7310, f1: 0.6731
loss: 0.4076, acc: 0.7991, test_acc: 0.7025, f1: 0.6489
loss: 0.6800, acc: 0.7875, test_acc: 0.7073, f1: 0.6708
loss: 0.6608, acc: 0.7852, test_acc: 0.7247, f1: 0.6808
loss: 0.7715, acc: 0.7757, test_acc: 0.7358, f1: 0.6868
loss: 0.5409, acc: 0.7743, test_acc: 0.7184, f1: 0.6521
loss: 0.5823, acc: 0.7763, test_acc: 0.7326, f1: 0.6765
loss: 0.5385, acc: 0.7750, test_acc: 0.7294, f1: 0.6952
loss: 0.7233, acc: 0.7708, test_acc: 0.7358, f1: 0.6980
loss: 0.9002, acc: 0.7642, test_acc: 0.7215, f1: 0.6656
loss: 0.5652, acc: 0.7609, test_acc: 0.7310, f1: 0.6796
loss: 0.5831, acc: 0.7630, test_acc: 0.7310, f1: 0.6825
loss: 0.7520, acc: 0.7600, test_acc: 0.7168, f1: 0.6673
loss: 0.6339, acc: 0.7572, test_acc: 0.7073, f1: 0.6381
loss: 0.5627, acc: 0.7569, test_acc: 0.7041, f1: 0.6349
loss: 1.0273, acc: 0.7545, test_acc: 0.7342, f1: 0.6883
>>>>>>>>>>>>>>>>>>>>>>>>>>>>>>>>>>>>>>>>>>>>>>>>>>>>>>>>>>>>
epoch: 23
loss: 0.4379, acc: 0.8750, test_acc: 0.7579, f1: 0.7076
loss: 0.5277, acc: 0.8125, test_acc: 0.7373, f1: 0.6780
loss: 0.2961, acc: 0.8333, test_acc: 0.7104, f1: 0.6242
loss: 0.2488, acc: 0.8594, test_acc: 0.7168, f1: 0.6510
loss: 0.4046, acc: 0.8625, test_acc: 0.7389, f1: 0.6901
loss: 0.3937, acc: 0.8646, test_acc: 0.7421, f1: 0.6976
loss: 0.4779, acc: 0.8571, test_acc: 0.7358, f1: 0.6822
loss: 0.5587, acc: 0.8438, test_acc: 0.7247, f1: 0.6459
loss: 0.4583, acc: 0.8403, test_acc: 0.7184, f1: 0.6494
loss: 0.3914, acc: 0.8375, test_acc: 0.7231, f1: 0.6770
loss: 0.7846, acc: 0.8182, test_acc: 0.7073, f1: 0.6709
loss: 0.6915, acc: 0.8073, test_acc: 0.7215, f1: 0.6799
loss: 0.7784, acc: 0.8029, test_acc: 0.7500, f1: 0.7021
loss: 0.6552, acc: 0.7857, test_acc: 0.7468, f1: 0.7060
loss: 0.7985, acc: 0.7833, test_acc: 0.7278, f1: 0.6826
loss: 0.6470, acc: 0.7812, test_acc: 0.7421, f1: 0.6929
loss: 0.7595, acc: 0.7684, test_acc: 0.7453, f1: 0.7032
loss: 0.3841, acc: 0.7708, test_acc: 0.7468, f1: 0.7095
loss: 0.6923, acc: 0.7730, test_acc: 0.7389, f1: 0.7000
loss: 0.7360, acc: 0.7688, test_acc: 0.7453, f1: 0.6975
loss: 0.5046, acc: 0.7708, test_acc: 0.7437, f1: 0.6874
loss: 0.6302, acc: 0.7756, test_acc: 0.7532, f1: 0.7208
loss: 0.2663, acc: 0.7826, test_acc: 0.7247, f1: 0.6693
loss: 1.1097, acc: 0.7734, test_acc: 0.6867, f1: 0.5819
loss: 0.4237, acc: 0.7725, test_acc: 0.7168, f1: 0.6370
loss: 0.7995, acc: 0.7668, test_acc: 0.7215, f1: 0.6597
loss: 1.0257, acc: 0.7546, test_acc: 0.7342, f1: 0.6775
loss: 0.7891, acc: 0.7567, test_acc: 0.7500, f1: 0.7051
loss: 0.8371, acc: 0.7543, test_acc: 0.7373, f1: 0.6841
>>>>>>>>>>>>>>>>>>>>>>>>>>>>>>>>>>>>>>>>>>>>>>>>>>>>>>>>>>>>
epoch: 24
loss: 0.6154, acc: 0.6875, test_acc: 0.7041, f1: 0.6176
loss: 0.6949, acc: 0.6562, test_acc: 0.7168, f1: 0.6384
loss: 1.1399, acc: 0.6250, test_acc: 0.7405, f1: 0.6847
loss: 0.5671, acc: 0.6562, test_acc: 0.6915, f1: 0.6417
loss: 0.4791, acc: 0.6875, test_acc: 0.7247, f1: 0.6831
loss: 0.4982, acc: 0.7083, test_acc: 0.7437, f1: 0.6952
loss: 0.9506, acc: 0.6875, test_acc: 0.7579, f1: 0.7110
loss: 0.6851, acc: 0.6953, test_acc: 0.7516, f1: 0.7003
loss: 0.7018, acc: 0.6944, test_acc: 0.7516, f1: 0.7084
loss: 0.4619, acc: 0.7063, test_acc: 0.7453, f1: 0.6939
loss: 0.7517, acc: 0.6989, test_acc: 0.7215, f1: 0.6508
loss: 0.6003, acc: 0.6979, test_acc: 0.7358, f1: 0.6747
loss: 0.3930, acc: 0.7067, test_acc: 0.7342, f1: 0.6804
loss: 0.5564, acc: 0.7054, test_acc: 0.7405, f1: 0.6966
loss: 0.8568, acc: 0.7042, test_acc: 0.7342, f1: 0.6884
loss: 0.3339, acc: 0.7109, test_acc: 0.7104, f1: 0.6429
loss: 0.4839, acc: 0.7206, test_acc: 0.7263, f1: 0.6673
loss: 0.5516, acc: 0.7222, test_acc: 0.7342, f1: 0.6917
loss: 0.2854, acc: 0.7336, test_acc: 0.7373, f1: 0.7042
loss: 0.7127, acc: 0.7281, test_acc: 0.7326, f1: 0.6966
loss: 0.6003, acc: 0.7292, test_acc: 0.7278, f1: 0.6918
loss: 1.0753, acc: 0.7244, test_acc: 0.7294, f1: 0.6889
loss: 0.4436, acc: 0.7337, test_acc: 0.7342, f1: 0.6880
loss: 0.5641, acc: 0.7344, test_acc: 0.7405, f1: 0.6999
loss: 0.1764, acc: 0.7450, test_acc: 0.7516, f1: 0.7016
loss: 0.4054, acc: 0.7500, test_acc: 0.7484, f1: 0.6962
loss: 0.9621, acc: 0.7431, test_acc: 0.7532, f1: 0.7061
loss: 0.6072, acc: 0.7433, test_acc: 0.7247, f1: 0.6939
loss: 0.8957, acc: 0.7380, test_acc: 0.7310, f1: 0.6978
>>>>>>>>>>>>>>>>>>>>>>>>>>>>>>>>>>>>>>>>>>>>>>>>>>>>>>>>>>>>
epoch: 25
loss: 0.7023, acc: 0.6875, test_acc: 0.7326, f1: 0.6737
loss: 0.5306, acc: 0.7500, test_acc: 0.7057, f1: 0.6310
loss: 0.2136, acc: 0.8125, test_acc: 0.7009, f1: 0.6187
loss: 0.7027, acc: 0.7812, test_acc: 0.7025, f1: 0.6244
loss: 0.3965, acc: 0.7875, test_acc: 0.7373, f1: 0.6777
loss: 0.7919, acc: 0.7812, test_acc: 0.7500, f1: 0.6995
loss: 0.8312, acc: 0.7589, test_acc: 0.7152, f1: 0.6798
loss: 0.5779, acc: 0.7578, test_acc: 0.7120, f1: 0.6806
loss: 0.7028, acc: 0.7431, test_acc: 0.7263, f1: 0.6874
loss: 0.6190, acc: 0.7375, test_acc: 0.7500, f1: 0.7119
loss: 0.5598, acc: 0.7443, test_acc: 0.7516, f1: 0.7095
loss: 0.5697, acc: 0.7500, test_acc: 0.7073, f1: 0.6370
loss: 0.3738, acc: 0.7548, test_acc: 0.7104, f1: 0.6363
loss: 0.5306, acc: 0.7545, test_acc: 0.7342, f1: 0.6927
loss: 0.5036, acc: 0.7500, test_acc: 0.7405, f1: 0.7132
loss: 0.3837, acc: 0.7578, test_acc: 0.7484, f1: 0.7168
loss: 0.6597, acc: 0.7500, test_acc: 0.7389, f1: 0.6930
loss: 1.1614, acc: 0.7431, test_acc: 0.7389, f1: 0.6915
loss: 0.8459, acc: 0.7368, test_acc: 0.7310, f1: 0.6812
loss: 0.8267, acc: 0.7312, test_acc: 0.7389, f1: 0.6831
loss: 0.4153, acc: 0.7351, test_acc: 0.7453, f1: 0.6879
loss: 0.2616, acc: 0.7415, test_acc: 0.7358, f1: 0.6702
loss: 0.9793, acc: 0.7337, test_acc: 0.7453, f1: 0.7021
loss: 0.5769, acc: 0.7370, test_acc: 0.7278, f1: 0.6928
loss: 0.9545, acc: 0.7325, test_acc: 0.7389, f1: 0.6973
loss: 0.6441, acc: 0.7332, test_acc: 0.7532, f1: 0.7029
loss: 0.6635, acc: 0.7315, test_acc: 0.7453, f1: 0.6903
loss: 0.7888, acc: 0.7321, test_acc: 0.7579, f1: 0.7104
>>>>>>>>>>>>>>>>>>>>>>>>>>>>>>>>>>>>>>>>>>>>>>>>>>>>>>>>>>>>
epoch: 26
loss: 0.4990, acc: 0.7500, test_acc: 0.7468, f1: 0.7073
loss: 0.4500, acc: 0.7500, test_acc: 0.7500, f1: 0.7087
loss: 0.6261, acc: 0.7500, test_acc: 0.7484, f1: 0.6973
loss: 0.4748, acc: 0.7656, test_acc: 0.7532, f1: 0.7047
loss: 0.6275, acc: 0.7500, test_acc: 0.7611, f1: 0.7180
>> saved: ./state_dict/text-gt_laptop_acc_0.7658_f1_0.7308
loss: 0.3256, acc: 0.7812, test_acc: 0.7658, f1: 0.7308
>> saved: ./state_dict/text-gt_laptop_acc_0.7864_f1_0.7491
loss: 1.0670, acc: 0.7679, test_acc: 0.7864, f1: 0.7491
loss: 0.7917, acc: 0.7578, test_acc: 0.7500, f1: 0.7210
loss: 0.3408, acc: 0.7708, test_acc: 0.7089, f1: 0.6715
loss: 0.6554, acc: 0.7562, test_acc: 0.7358, f1: 0.6839
loss: 0.7802, acc: 0.7500, test_acc: 0.7405, f1: 0.6943
loss: 0.5380, acc: 0.7500, test_acc: 0.7326, f1: 0.6793
loss: 0.3632, acc: 0.7548, test_acc: 0.7373, f1: 0.6815
loss: 0.3640, acc: 0.7634, test_acc: 0.7168, f1: 0.6319
loss: 0.4178, acc: 0.7667, test_acc: 0.7421, f1: 0.6879
loss: 0.5353, acc: 0.7734, test_acc: 0.7563, f1: 0.7144
loss: 0.5817, acc: 0.7684, test_acc: 0.7563, f1: 0.7193
loss: 0.5264, acc: 0.7674, test_acc: 0.7437, f1: 0.7102
loss: 0.4985, acc: 0.7697, test_acc: 0.7278, f1: 0.6819
loss: 0.8608, acc: 0.7688, test_acc: 0.7389, f1: 0.6835
loss: 0.5148, acc: 0.7708, test_acc: 0.7294, f1: 0.6849
loss: 0.4544, acc: 0.7756, test_acc: 0.7184, f1: 0.6648
loss: 0.3794, acc: 0.7772, test_acc: 0.7342, f1: 0.6883
loss: 0.6828, acc: 0.7682, test_acc: 0.7437, f1: 0.6931
loss: 0.7781, acc: 0.7675, test_acc: 0.7389, f1: 0.6798
loss: 0.3605, acc: 0.7692, test_acc: 0.7184, f1: 0.6659
loss: 0.4167, acc: 0.7731, test_acc: 0.7342, f1: 0.6938
loss: 0.4748, acc: 0.7746, test_acc: 0.7516, f1: 0.7130
loss: 0.5819, acc: 0.7759, test_acc: 0.7278, f1: 0.6911
>>>>>>>>>>>>>>>>>>>>>>>>>>>>>>>>>>>>>>>>>>>>>>>>>>>>>>>>>>>>
epoch: 27
loss: 0.5332, acc: 0.7500, test_acc: 0.7199, f1: 0.6690
loss: 0.4712, acc: 0.8125, test_acc: 0.7089, f1: 0.6309
loss: 0.6550, acc: 0.8125, test_acc: 0.7310, f1: 0.6649
loss: 0.4923, acc: 0.7969, test_acc: 0.7437, f1: 0.6967
loss: 0.5473, acc: 0.8000, test_acc: 0.7231, f1: 0.6881
loss: 0.2370, acc: 0.8229, test_acc: 0.7405, f1: 0.6985
loss: 0.3752, acc: 0.8304, test_acc: 0.7342, f1: 0.6702
loss: 0.4978, acc: 0.8281, test_acc: 0.7421, f1: 0.6916
loss: 0.5287, acc: 0.8333, test_acc: 0.7231, f1: 0.6814
loss: 0.4260, acc: 0.8438, test_acc: 0.7199, f1: 0.6753
loss: 0.5717, acc: 0.8409, test_acc: 0.7199, f1: 0.6596
loss: 0.4069, acc: 0.8438, test_acc: 0.7199, f1: 0.6596
loss: 0.6400, acc: 0.8413, test_acc: 0.7247, f1: 0.6649
loss: 0.8195, acc: 0.8259, test_acc: 0.7089, f1: 0.6690
loss: 0.5503, acc: 0.8208, test_acc: 0.7168, f1: 0.6943
loss: 0.4040, acc: 0.8242, test_acc: 0.7168, f1: 0.6781
loss: 0.6327, acc: 0.8125, test_acc: 0.7342, f1: 0.6691
loss: 0.3634, acc: 0.8194, test_acc: 0.7184, f1: 0.6452
loss: 0.6542, acc: 0.8059, test_acc: 0.7373, f1: 0.7006
loss: 0.7759, acc: 0.8000, test_acc: 0.7547, f1: 0.7244
loss: 0.5979, acc: 0.8006, test_acc: 0.7658, f1: 0.7286
loss: 0.5237, acc: 0.8040, test_acc: 0.7563, f1: 0.7068
loss: 0.4589, acc: 0.8071, test_acc: 0.7437, f1: 0.6867
loss: 0.8461, acc: 0.7995, test_acc: 0.7373, f1: 0.6869
loss: 0.5749, acc: 0.8000, test_acc: 0.7199, f1: 0.6771
loss: 0.5704, acc: 0.8005, test_acc: 0.7263, f1: 0.6786
loss: 0.7261, acc: 0.7986, test_acc: 0.7373, f1: 0.6802
loss: 0.4430, acc: 0.7991, test_acc: 0.7373, f1: 0.6823
>>>>>>>>>>>>>>>>>>>>>>>>>>>>>>>>>>>>>>>>>>>>>>>>>>>>>>>>>>>>
epoch: 28
loss: 0.5350, acc: 0.8125, test_acc: 0.7358, f1: 0.6808
loss: 0.5962, acc: 0.7500, test_acc: 0.7453, f1: 0.6934
loss: 0.4550, acc: 0.7500, test_acc: 0.7563, f1: 0.7117
loss: 0.5987, acc: 0.7500, test_acc: 0.7405, f1: 0.6895
loss: 0.3665, acc: 0.7625, test_acc: 0.7294, f1: 0.6721
loss: 0.4819, acc: 0.7812, test_acc: 0.7468, f1: 0.6946
loss: 0.2293, acc: 0.7946, test_acc: 0.7627, f1: 0.7204
loss: 0.4685, acc: 0.7891, test_acc: 0.7516, f1: 0.7142
loss: 0.6479, acc: 0.7847, test_acc: 0.7595, f1: 0.7197
loss: 0.4810, acc: 0.7937, test_acc: 0.7468, f1: 0.6975
loss: 0.4293, acc: 0.8068, test_acc: 0.7231, f1: 0.6560
loss: 0.4816, acc: 0.8125, test_acc: 0.7247, f1: 0.6582
loss: 0.4442, acc: 0.8173, test_acc: 0.7484, f1: 0.7024
loss: 0.7602, acc: 0.8036, test_acc: 0.7389, f1: 0.6906
loss: 0.4521, acc: 0.7958, test_acc: 0.7358, f1: 0.6798
loss: 0.5264, acc: 0.7930, test_acc: 0.7310, f1: 0.6695
loss: 0.5760, acc: 0.7868, test_acc: 0.7342, f1: 0.6743
loss: 0.6329, acc: 0.7847, test_acc: 0.7373, f1: 0.6896
loss: 0.4011, acc: 0.7895, test_acc: 0.7373, f1: 0.6903
loss: 0.5309, acc: 0.7875, test_acc: 0.7468, f1: 0.6996
loss: 0.5782, acc: 0.7857, test_acc: 0.7405, f1: 0.6849
loss: 0.4292, acc: 0.7869, test_acc: 0.7310, f1: 0.6666
loss: 0.7474, acc: 0.7853, test_acc: 0.7199, f1: 0.6574
loss: 0.3636, acc: 0.7891, test_acc: 0.7421, f1: 0.6951
loss: 0.4858, acc: 0.7950, test_acc: 0.7579, f1: 0.7167
loss: 0.5019, acc: 0.7981, test_acc: 0.7468, f1: 0.7086
loss: 0.5287, acc: 0.7986, test_acc: 0.7453, f1: 0.7035
loss: 0.4640, acc: 0.8013, test_acc: 0.7278, f1: 0.6656
loss: 0.2927, acc: 0.8039, test_acc: 0.7294, f1: 0.6672
>>>>>>>>>>>>>>>>>>>>>>>>>>>>>>>>>>>>>>>>>>>>>>>>>>>>>>>>>>>>
epoch: 29
loss: 0.4624, acc: 0.8125, test_acc: 0.7453, f1: 0.7021
loss: 0.2616, acc: 0.8750, test_acc: 0.7627, f1: 0.7216
loss: 0.5780, acc: 0.8542, test_acc: 0.7547, f1: 0.7087
loss: 0.6325, acc: 0.8281, test_acc: 0.7405, f1: 0.6879
loss: 0.4527, acc: 0.8125, test_acc: 0.7373, f1: 0.6846
loss: 0.4961, acc: 0.8021, test_acc: 0.7278, f1: 0.6895
loss: 0.7032, acc: 0.7857, test_acc: 0.7294, f1: 0.6928
loss: 0.3616, acc: 0.7969, test_acc: 0.7405, f1: 0.6899
loss: 0.4771, acc: 0.7986, test_acc: 0.7136, f1: 0.6251
loss: 0.2870, acc: 0.8125, test_acc: 0.7104, f1: 0.6173
loss: 0.7735, acc: 0.7955, test_acc: 0.7184, f1: 0.6420
loss: 0.4355, acc: 0.7969, test_acc: 0.7231, f1: 0.6777
loss: 0.4412, acc: 0.7933, test_acc: 0.7453, f1: 0.7107
loss: 0.6080, acc: 0.7857, test_acc: 0.7453, f1: 0.7063
loss: 0.6426, acc: 0.7708, test_acc: 0.7547, f1: 0.7110
loss: 0.2447, acc: 0.7852, test_acc: 0.7326, f1: 0.6721
loss: 0.6880, acc: 0.7831, test_acc: 0.7247, f1: 0.6638
loss: 0.6689, acc: 0.7743, test_acc: 0.7358, f1: 0.6751
loss: 0.6221, acc: 0.7730, test_acc: 0.7516, f1: 0.7011
loss: 0.4032, acc: 0.7812, test_acc: 0.7532, f1: 0.7029
loss: 0.3111, acc: 0.7857, test_acc: 0.7294, f1: 0.6677
loss: 0.5653, acc: 0.7841, test_acc: 0.7373, f1: 0.6817
loss: 0.7085, acc: 0.7745, test_acc: 0.7437, f1: 0.6909
loss: 0.6425, acc: 0.7708, test_acc: 0.7326, f1: 0.6779
loss: 0.7094, acc: 0.7650, test_acc: 0.7041, f1: 0.6435
loss: 0.7239, acc: 0.7572, test_acc: 0.7263, f1: 0.6854
loss: 0.3711, acc: 0.7616, test_acc: 0.7294, f1: 0.6980
loss: 0.6064, acc: 0.7634, test_acc: 0.7453, f1: 0.7061
loss: 1.0084, acc: 0.7598, test_acc: 0.7310, f1: 0.6786
>>>>>>>>>>>>>>>>>>>>>>>>>>>>>>>>>>>>>>>>>>>>>>>>>>>>>>>>>>>>
epoch: 30
loss: 0.9210, acc: 0.7500, test_acc: 0.7310, f1: 0.6624
loss: 0.3443, acc: 0.8125, test_acc: 0.7326, f1: 0.6691
loss: 0.4051, acc: 0.8125, test_acc: 0.7358, f1: 0.6885
loss: 0.2859, acc: 0.8281, test_acc: 0.7231, f1: 0.6811
loss: 0.7006, acc: 0.8000, test_acc: 0.7278, f1: 0.6925
loss: 0.3097, acc: 0.8229, test_acc: 0.7437, f1: 0.7020
loss: 0.7319, acc: 0.8036, test_acc: 0.7405, f1: 0.6895
loss: 0.5070, acc: 0.7969, test_acc: 0.7278, f1: 0.6585
loss: 0.4736, acc: 0.7986, test_acc: 0.6994, f1: 0.6144
loss: 0.5922, acc: 0.7812, test_acc: 0.7389, f1: 0.6865
loss: 0.5865, acc: 0.7784, test_acc: 0.7516, f1: 0.7051
loss: 0.5817, acc: 0.7812, test_acc: 0.7326, f1: 0.6790
loss: 0.6814, acc: 0.7837, test_acc: 0.7073, f1: 0.6317
loss: 0.6083, acc: 0.7812, test_acc: 0.7263, f1: 0.6728
loss: 0.5318, acc: 0.7833, test_acc: 0.7437, f1: 0.7073
loss: 0.3565, acc: 0.7930, test_acc: 0.7516, f1: 0.7158
loss: 0.6472, acc: 0.7904, test_acc: 0.7373, f1: 0.6885
loss: 0.4491, acc: 0.7917, test_acc: 0.7057, f1: 0.6154
loss: 0.8334, acc: 0.7862, test_acc: 0.7104, f1: 0.6169
loss: 0.6473, acc: 0.7844, test_acc: 0.7247, f1: 0.6671
loss: 0.6577, acc: 0.7768, test_acc: 0.7310, f1: 0.7005
loss: 0.5551, acc: 0.7756, test_acc: 0.7326, f1: 0.7043
loss: 0.4627, acc: 0.7772, test_acc: 0.7453, f1: 0.7007
loss: 0.6450, acc: 0.7734, test_acc: 0.7009, f1: 0.6135
loss: 0.7508, acc: 0.7700, test_acc: 0.6946, f1: 0.6122
loss: 0.6319, acc: 0.7644, test_acc: 0.7215, f1: 0.6589
loss: 0.4534, acc: 0.7662, test_acc: 0.7532, f1: 0.7094
loss: 0.5579, acc: 0.7612, test_acc: 0.7595, f1: 0.7143
>>>>>>>>>>>>>>>>>>>>>>>>>>>>>>>>>>>>>>>>>>>>>>>>>>>>>>>>>>>>
epoch: 31
loss: 0.6080, acc: 0.6875, test_acc: 0.7389, f1: 0.6985
loss: 0.4334, acc: 0.7500, test_acc: 0.7389, f1: 0.6978
loss: 0.7066, acc: 0.7083, test_acc: 0.7453, f1: 0.7027
loss: 0.2325, acc: 0.7656, test_acc: 0.7484, f1: 0.7044
loss: 0.6186, acc: 0.7750, test_acc: 0.7057, f1: 0.6529
loss: 0.7177, acc: 0.7604, test_acc: 0.7120, f1: 0.6493
loss: 0.4505, acc: 0.7768, test_acc: 0.7484, f1: 0.6947
loss: 0.4344, acc: 0.7812, test_acc: 0.7468, f1: 0.6938
loss: 0.4767, acc: 0.7847, test_acc: 0.7389, f1: 0.6998
loss: 0.3750, acc: 0.7937, test_acc: 0.7231, f1: 0.6778
loss: 0.7603, acc: 0.7841, test_acc: 0.7278, f1: 0.6729
loss: 0.5692, acc: 0.7812, test_acc: 0.7294, f1: 0.6832
loss: 0.4544, acc: 0.7885, test_acc: 0.7247, f1: 0.6704
loss: 0.4377, acc: 0.7946, test_acc: 0.7263, f1: 0.6586
loss: 0.5764, acc: 0.7917, test_acc: 0.7405, f1: 0.6856
loss: 1.1124, acc: 0.7695, test_acc: 0.7326, f1: 0.6943
loss: 0.4262, acc: 0.7721, test_acc: 0.7358, f1: 0.7040
loss: 0.5386, acc: 0.7708, test_acc: 0.7437, f1: 0.7009
loss: 0.6929, acc: 0.7730, test_acc: 0.7437, f1: 0.7012
loss: 0.2784, acc: 0.7812, test_acc: 0.7437, f1: 0.7025
loss: 0.3815, acc: 0.7798, test_acc: 0.7184, f1: 0.6715
loss: 0.7791, acc: 0.7756, test_acc: 0.7547, f1: 0.7134
loss: 0.5666, acc: 0.7745, test_acc: 0.7500, f1: 0.7036
loss: 0.5532, acc: 0.7760, test_acc: 0.7516, f1: 0.7017
loss: 0.9630, acc: 0.7725, test_acc: 0.7231, f1: 0.6519
loss: 0.6716, acc: 0.7716, test_acc: 0.6946, f1: 0.6593
loss: 0.8389, acc: 0.7662, test_acc: 0.6946, f1: 0.6698
loss: 0.6416, acc: 0.7634, test_acc: 0.7152, f1: 0.6854
loss: 0.6059, acc: 0.7629, test_acc: 0.7294, f1: 0.6806
>>>>>>>>>>>>>>>>>>>>>>>>>>>>>>>>>>>>>>>>>>>>>>>>>>>>>>>>>>>>
epoch: 32
loss: 0.3720, acc: 0.8125, test_acc: 0.7310, f1: 0.6766
loss: 0.4859, acc: 0.7812, test_acc: 0.7342, f1: 0.6802
loss: 0.6199, acc: 0.7708, test_acc: 0.7500, f1: 0.7080
loss: 0.4718, acc: 0.7969, test_acc: 0.7326, f1: 0.6882
loss: 0.6508, acc: 0.7750, test_acc: 0.7247, f1: 0.6760
loss: 0.4554, acc: 0.7708, test_acc: 0.7231, f1: 0.6657
loss: 0.5645, acc: 0.7589, test_acc: 0.7089, f1: 0.6346
loss: 0.6924, acc: 0.7500, test_acc: 0.7231, f1: 0.6564
loss: 0.4025, acc: 0.7639, test_acc: 0.7263, f1: 0.6795
loss: 0.3920, acc: 0.7750, test_acc: 0.7136, f1: 0.6720
loss: 0.6828, acc: 0.7784, test_acc: 0.7373, f1: 0.7017
loss: 0.9062, acc: 0.7708, test_acc: 0.7437, f1: 0.7051
loss: 0.2541, acc: 0.7837, test_acc: 0.7215, f1: 0.6559
loss: 0.3664, acc: 0.7902, test_acc: 0.7184, f1: 0.6513
loss: 0.7381, acc: 0.7833, test_acc: 0.7310, f1: 0.6708
loss: 0.7089, acc: 0.7734, test_acc: 0.7389, f1: 0.6830
loss: 0.5298, acc: 0.7721, test_acc: 0.7294, f1: 0.6679
loss: 0.4772, acc: 0.7708, test_acc: 0.7104, f1: 0.6466
loss: 0.5353, acc: 0.7664, test_acc: 0.7326, f1: 0.6871
loss: 0.3251, acc: 0.7719, test_acc: 0.7595, f1: 0.7188
loss: 0.7748, acc: 0.7679, test_acc: 0.7516, f1: 0.7101
loss: 0.6600, acc: 0.7642, test_acc: 0.7421, f1: 0.6934
loss: 0.5253, acc: 0.7690, test_acc: 0.7437, f1: 0.6910
loss: 0.2851, acc: 0.7734, test_acc: 0.7358, f1: 0.6766
loss: 0.6996, acc: 0.7725, test_acc: 0.7310, f1: 0.6800
loss: 0.4724, acc: 0.7716, test_acc: 0.7358, f1: 0.6869
loss: 0.2047, acc: 0.7801, test_acc: 0.7516, f1: 0.7028
loss: 0.4149, acc: 0.7835, test_acc: 0.7532, f1: 0.7153
>>>>>>>>>>>>>>>>>>>>>>>>>>>>>>>>>>>>>>>>>>>>>>>>>>>>>>>>>>>>
epoch: 33
loss: 0.3596, acc: 0.9375, test_acc: 0.7231, f1: 0.6908
loss: 0.9439, acc: 0.7812, test_acc: 0.7057, f1: 0.6671
loss: 0.6387, acc: 0.7708, test_acc: 0.7168, f1: 0.6696
loss: 0.3514, acc: 0.7969, test_acc: 0.7326, f1: 0.6820
loss: 0.5994, acc: 0.7875, test_acc: 0.7500, f1: 0.7145
loss: 0.4056, acc: 0.8021, test_acc: 0.7453, f1: 0.6994
loss: 0.6820, acc: 0.7857, test_acc: 0.7326, f1: 0.6756
loss: 0.5533, acc: 0.7812, test_acc: 0.7468, f1: 0.7044
loss: 0.4259, acc: 0.7778, test_acc: 0.7263, f1: 0.6963
loss: 0.7532, acc: 0.7750, test_acc: 0.7231, f1: 0.6938
loss: 0.3681, acc: 0.7784, test_acc: 0.7057, f1: 0.6665
loss: 0.4947, acc: 0.7812, test_acc: 0.7089, f1: 0.6455
loss: 0.4737, acc: 0.7837, test_acc: 0.7437, f1: 0.6906
loss: 0.4558, acc: 0.7946, test_acc: 0.7421, f1: 0.6958
loss: 0.3793, acc: 0.7958, test_acc: 0.7136, f1: 0.6760
loss: 0.7148, acc: 0.7891, test_acc: 0.7342, f1: 0.6990
loss: 0.9190, acc: 0.7757, test_acc: 0.7263, f1: 0.6899
loss: 0.5724, acc: 0.7708, test_acc: 0.7484, f1: 0.7073
loss: 0.8068, acc: 0.7697, test_acc: 0.7579, f1: 0.7164
loss: 1.0794, acc: 0.7594, test_acc: 0.7500, f1: 0.7052
loss: 0.7760, acc: 0.7560, test_acc: 0.7468, f1: 0.7168
loss: 0.6171, acc: 0.7528, test_acc: 0.7405, f1: 0.7079
loss: 0.6724, acc: 0.7446, test_acc: 0.7342, f1: 0.6993
loss: 0.5418, acc: 0.7474, test_acc: 0.7421, f1: 0.6951
loss: 0.5332, acc: 0.7475, test_acc: 0.7453, f1: 0.7016
loss: 0.9572, acc: 0.7404, test_acc: 0.7437, f1: 0.7012
loss: 0.4965, acc: 0.7454, test_acc: 0.7184, f1: 0.6715
loss: 0.7669, acc: 0.7433, test_acc: 0.7294, f1: 0.6800
loss: 0.5790, acc: 0.7457, test_acc: 0.7389, f1: 0.6950
>>>>>>>>>>>>>>>>>>>>>>>>>>>>>>>>>>>>>>>>>>>>>>>>>>>>>>>>>>>>
epoch: 34
loss: 1.0240, acc: 0.4375, test_acc: 0.7294, f1: 0.6924
loss: 0.4643, acc: 0.6875, test_acc: 0.7405, f1: 0.7011
loss: 0.5931, acc: 0.6875, test_acc: 0.7532, f1: 0.7036
loss: 0.5896, acc: 0.6875, test_acc: 0.7342, f1: 0.6800
loss: 0.7465, acc: 0.6625, test_acc: 0.7326, f1: 0.6754
loss: 0.5707, acc: 0.6771, test_acc: 0.7484, f1: 0.6979
loss: 0.5567, acc: 0.6875, test_acc: 0.7547, f1: 0.7106
loss: 0.5827, acc: 0.6875, test_acc: 0.7611, f1: 0.7268
loss: 0.5541, acc: 0.6944, test_acc: 0.7453, f1: 0.7073
loss: 0.5589, acc: 0.7000, test_acc: 0.7453, f1: 0.7070
loss: 0.4595, acc: 0.7102, test_acc: 0.7373, f1: 0.6947
loss: 0.4806, acc: 0.7240, test_acc: 0.7389, f1: 0.6941
loss: 0.4527, acc: 0.7308, test_acc: 0.7310, f1: 0.6798
loss: 0.6845, acc: 0.7321, test_acc: 0.7373, f1: 0.6877
loss: 0.7903, acc: 0.7292, test_acc: 0.7595, f1: 0.7178
loss: 0.2177, acc: 0.7422, test_acc: 0.7595, f1: 0.7214
loss: 0.5610, acc: 0.7500, test_acc: 0.7405, f1: 0.6927
loss: 0.7670, acc: 0.7465, test_acc: 0.7326, f1: 0.6870
loss: 0.1505, acc: 0.7599, test_acc: 0.7278, f1: 0.6935
loss: 0.5986, acc: 0.7594, test_acc: 0.7342, f1: 0.6978
loss: 0.2337, acc: 0.7679, test_acc: 0.7373, f1: 0.6975
loss: 0.7495, acc: 0.7642, test_acc: 0.7405, f1: 0.6915
loss: 0.4512, acc: 0.7636, test_acc: 0.7389, f1: 0.6949
loss: 0.3579, acc: 0.7682, test_acc: 0.7342, f1: 0.6995
loss: 0.2564, acc: 0.7725, test_acc: 0.7294, f1: 0.6934
loss: 0.6040, acc: 0.7716, test_acc: 0.7421, f1: 0.6867
loss: 0.5741, acc: 0.7685, test_acc: 0.7120, f1: 0.6319
loss: 0.7775, acc: 0.7679, test_acc: 0.7326, f1: 0.6721
loss: 0.4394, acc: 0.7707, test_acc: 0.7437, f1: 0.7122
>>>>>>>>>>>>>>>>>>>>>>>>>>>>>>>>>>>>>>>>>>>>>>>>>>>>>>>>>>>>
epoch: 35
loss: 0.8782, acc: 0.6250, test_acc: 0.7373, f1: 0.7021
loss: 0.4955, acc: 0.7188, test_acc: 0.7421, f1: 0.6925
loss: 0.7120, acc: 0.7083, test_acc: 0.7263, f1: 0.6600
loss: 0.9576, acc: 0.6719, test_acc: 0.7326, f1: 0.6868
loss: 0.9141, acc: 0.6750, test_acc: 0.7326, f1: 0.6940
loss: 0.2995, acc: 0.7083, test_acc: 0.7215, f1: 0.6668
loss: 0.5449, acc: 0.7143, test_acc: 0.7136, f1: 0.6555
loss: 0.2965, acc: 0.7500, test_acc: 0.7152, f1: 0.6623
loss: 0.1951, acc: 0.7708, test_acc: 0.7358, f1: 0.6953
loss: 0.3102, acc: 0.7812, test_acc: 0.7373, f1: 0.7050
loss: 0.4651, acc: 0.7898, test_acc: 0.7405, f1: 0.7040
loss: 0.5484, acc: 0.7917, test_acc: 0.7136, f1: 0.6599
loss: 0.2343, acc: 0.8029, test_acc: 0.7073, f1: 0.6485
loss: 0.5672, acc: 0.8036, test_acc: 0.7215, f1: 0.6699
loss: 0.4844, acc: 0.8083, test_acc: 0.7373, f1: 0.6965
loss: 0.4551, acc: 0.8047, test_acc: 0.7484, f1: 0.7055
loss: 0.4267, acc: 0.8125, test_acc: 0.7468, f1: 0.6969
loss: 0.3050, acc: 0.8160, test_acc: 0.7516, f1: 0.7096
loss: 0.4090, acc: 0.8191, test_acc: 0.7484, f1: 0.7081
loss: 0.4854, acc: 0.8187, test_acc: 0.7484, f1: 0.7118
loss: 0.2238, acc: 0.8244, test_acc: 0.7326, f1: 0.6898
loss: 0.3851, acc: 0.8267, test_acc: 0.7468, f1: 0.7109
loss: 0.6514, acc: 0.8234, test_acc: 0.7468, f1: 0.7092
loss: 0.7406, acc: 0.8151, test_acc: 0.7595, f1: 0.7178
loss: 0.5023, acc: 0.8150, test_acc: 0.7421, f1: 0.6943
loss: 0.7187, acc: 0.8125, test_acc: 0.7532, f1: 0.7142
loss: 0.4913, acc: 0.8102, test_acc: 0.7326, f1: 0.7016
loss: 0.4675, acc: 0.8103, test_acc: 0.7215, f1: 0.6886
>>>>>>>>>>>>>>>>>>>>>>>>>>>>>>>>>>>>>>>>>>>>>>>>>>>>>>>>>>>>
epoch: 36
loss: 0.5147, acc: 0.8125, test_acc: 0.7421, f1: 0.6981
loss: 0.7066, acc: 0.7500, test_acc: 0.7468, f1: 0.6961
loss: 0.4584, acc: 0.7500, test_acc: 0.7358, f1: 0.6938
loss: 0.4494, acc: 0.7344, test_acc: 0.7184, f1: 0.6683
loss: 0.2870, acc: 0.7625, test_acc: 0.7247, f1: 0.6716
loss: 0.6045, acc: 0.7604, test_acc: 0.7263, f1: 0.6762
loss: 0.6118, acc: 0.7589, test_acc: 0.7421, f1: 0.6990
loss: 0.3428, acc: 0.7812, test_acc: 0.7358, f1: 0.6946
loss: 0.4616, acc: 0.7917, test_acc: 0.7310, f1: 0.6905
loss: 0.5074, acc: 0.7875, test_acc: 0.7199, f1: 0.6752
loss: 0.2883, acc: 0.8011, test_acc: 0.7215, f1: 0.6779
loss: 0.6329, acc: 0.7969, test_acc: 0.7326, f1: 0.6944
loss: 0.4194, acc: 0.7981, test_acc: 0.7373, f1: 0.6968
loss: 0.6400, acc: 0.7946, test_acc: 0.7500, f1: 0.7086
loss: 0.5139, acc: 0.7958, test_acc: 0.6962, f1: 0.6714
loss: 0.5930, acc: 0.7969, test_acc: 0.6915, f1: 0.6634
loss: 0.6771, acc: 0.7904, test_acc: 0.7342, f1: 0.7010
loss: 0.6624, acc: 0.7847, test_acc: 0.7405, f1: 0.7044
loss: 0.3069, acc: 0.7928, test_acc: 0.7437, f1: 0.6964
loss: 0.5807, acc: 0.7875, test_acc: 0.7278, f1: 0.6690
loss: 0.4073, acc: 0.7917, test_acc: 0.7152, f1: 0.6472
loss: 0.5387, acc: 0.7898, test_acc: 0.7199, f1: 0.6561
loss: 0.5604, acc: 0.7880, test_acc: 0.7547, f1: 0.7130
loss: 0.4222, acc: 0.7891, test_acc: 0.7579, f1: 0.7120
loss: 0.4360, acc: 0.7900, test_acc: 0.7468, f1: 0.6945
loss: 0.4722, acc: 0.7885, test_acc: 0.7184, f1: 0.6499
loss: 0.6353, acc: 0.7847, test_acc: 0.7326, f1: 0.6817
loss: 0.4607, acc: 0.7857, test_acc: 0.7453, f1: 0.7065
loss: 0.3999, acc: 0.7845, test_acc: 0.7563, f1: 0.7100
>>>>>>>>>>>>>>>>>>>>>>>>>>>>>>>>>>>>>>>>>>>>>>>>>>>>>>>>>>>>
epoch: 37
loss: 0.4761, acc: 0.7500, test_acc: 0.7453, f1: 0.6912
loss: 0.6101, acc: 0.7812, test_acc: 0.7421, f1: 0.6997
loss: 0.1359, acc: 0.8542, test_acc: 0.7184, f1: 0.6830
loss: 0.5007, acc: 0.8438, test_acc: 0.7168, f1: 0.6815
loss: 0.3218, acc: 0.8500, test_acc: 0.7405, f1: 0.6985
loss: 0.7730, acc: 0.8125, test_acc: 0.7595, f1: 0.7099
loss: 0.3914, acc: 0.8304, test_acc: 0.7547, f1: 0.7146
loss: 0.4638, acc: 0.8359, test_acc: 0.7453, f1: 0.7115
loss: 0.8699, acc: 0.8125, test_acc: 0.7373, f1: 0.6920
loss: 1.2408, acc: 0.7812, test_acc: 0.7405, f1: 0.6874
loss: 0.3552, acc: 0.7784, test_acc: 0.7373, f1: 0.6933
loss: 0.3834, acc: 0.7812, test_acc: 0.7468, f1: 0.7002
loss: 0.2587, acc: 0.7933, test_acc: 0.7658, f1: 0.7187
loss: 0.3469, acc: 0.7946, test_acc: 0.7532, f1: 0.7084
loss: 0.5773, acc: 0.7875, test_acc: 0.7263, f1: 0.6647
loss: 0.4323, acc: 0.7891, test_acc: 0.7120, f1: 0.6428
loss: 0.3358, acc: 0.7978, test_acc: 0.7278, f1: 0.6682
loss: 0.5593, acc: 0.7951, test_acc: 0.7373, f1: 0.6894
loss: 0.2004, acc: 0.8026, test_acc: 0.7453, f1: 0.6955
loss: 0.7417, acc: 0.7875, test_acc: 0.7326, f1: 0.6836
loss: 0.6660, acc: 0.7798, test_acc: 0.7231, f1: 0.6760
loss: 0.3917, acc: 0.7812, test_acc: 0.7294, f1: 0.6656
loss: 0.3357, acc: 0.7826, test_acc: 0.7215, f1: 0.6474
loss: 0.5071, acc: 0.7865, test_acc: 0.7611, f1: 0.7168
loss: 0.4433, acc: 0.7850, test_acc: 0.7563, f1: 0.7143
loss: 0.5866, acc: 0.7812, test_acc: 0.7579, f1: 0.7170
loss: 0.6629, acc: 0.7778, test_acc: 0.7532, f1: 0.7075
loss: 1.2997, acc: 0.7701, test_acc: 0.7373, f1: 0.6954
>>>>>>>>>>>>>>>>>>>>>>>>>>>>>>>>>>>>>>>>>>>>>>>>>>>>>>>>>>>>
epoch: 38
loss: 0.5766, acc: 0.7500, test_acc: 0.6978, f1: 0.6649
loss: 0.5060, acc: 0.7500, test_acc: 0.7199, f1: 0.6926
loss: 0.3854, acc: 0.7917, test_acc: 0.7215, f1: 0.6748
loss: 0.1418, acc: 0.8438, test_acc: 0.7215, f1: 0.6566
loss: 0.9169, acc: 0.8125, test_acc: 0.7231, f1: 0.6574
loss: 0.4565, acc: 0.8229, test_acc: 0.7263, f1: 0.6806
loss: 0.6307, acc: 0.8036, test_acc: 0.7389, f1: 0.7065
loss: 0.4803, acc: 0.7969, test_acc: 0.7231, f1: 0.6862
loss: 0.5687, acc: 0.7986, test_acc: 0.7073, f1: 0.6450
loss: 0.6001, acc: 0.7937, test_acc: 0.7073, f1: 0.6216
loss: 0.3871, acc: 0.8011, test_acc: 0.7184, f1: 0.6425
loss: 0.6174, acc: 0.7865, test_acc: 0.7373, f1: 0.6834
loss: 0.9034, acc: 0.7692, test_acc: 0.7500, f1: 0.7073
loss: 0.5734, acc: 0.7679, test_acc: 0.7358, f1: 0.6890
loss: 0.2447, acc: 0.7792, test_acc: 0.7278, f1: 0.6628
loss: 0.4687, acc: 0.7812, test_acc: 0.7278, f1: 0.6613
loss: 0.7713, acc: 0.7757, test_acc: 0.7231, f1: 0.6666
loss: 0.3389, acc: 0.7812, test_acc: 0.7152, f1: 0.6635
loss: 0.6288, acc: 0.7862, test_acc: 0.7421, f1: 0.6997
loss: 0.5289, acc: 0.7875, test_acc: 0.7516, f1: 0.7010
loss: 0.5047, acc: 0.7857, test_acc: 0.7421, f1: 0.6896
loss: 0.2937, acc: 0.7898, test_acc: 0.7231, f1: 0.6594
loss: 0.3593, acc: 0.7908, test_acc: 0.7326, f1: 0.6796
loss: 0.8275, acc: 0.7839, test_acc: 0.7532, f1: 0.7113
loss: 0.6095, acc: 0.7800, test_acc: 0.7595, f1: 0.7209
loss: 0.3703, acc: 0.7837, test_acc: 0.7263, f1: 0.6742
loss: 0.2561, acc: 0.7894, test_acc: 0.7263, f1: 0.6714
loss: 0.3656, acc: 0.7924, test_acc: 0.7453, f1: 0.7019
loss: 0.7607, acc: 0.7866, test_acc: 0.7484, f1: 0.7043
>>>>>>>>>>>>>>>>>>>>>>>>>>>>>>>>>>>>>>>>>>>>>>>>>>>>>>>>>>>>
epoch: 39
loss: 0.2357, acc: 0.9375, test_acc: 0.7199, f1: 0.6658
loss: 0.8284, acc: 0.8125, test_acc: 0.7104, f1: 0.6503
loss: 0.6412, acc: 0.7917, test_acc: 0.7437, f1: 0.6976
loss: 0.4014, acc: 0.8125, test_acc: 0.7579, f1: 0.7116
loss: 0.6428, acc: 0.7625, test_acc: 0.7342, f1: 0.6722
loss: 0.5191, acc: 0.7604, test_acc: 0.7215, f1: 0.6573
loss: 0.5857, acc: 0.7500, test_acc: 0.7358, f1: 0.6724
loss: 0.5869, acc: 0.7578, test_acc: 0.7437, f1: 0.6915
loss: 0.6048, acc: 0.7500, test_acc: 0.7468, f1: 0.6979
loss: 0.4161, acc: 0.7625, test_acc: 0.7468, f1: 0.7006
loss: 0.3693, acc: 0.7727, test_acc: 0.7294, f1: 0.6749
loss: 0.6943, acc: 0.7656, test_acc: 0.7104, f1: 0.6622
loss: 1.0471, acc: 0.7548, test_acc: 0.7389, f1: 0.6897
loss: 0.6492, acc: 0.7500, test_acc: 0.7437, f1: 0.6941
loss: 0.3508, acc: 0.7583, test_acc: 0.7405, f1: 0.6845
loss: 0.5104, acc: 0.7578, test_acc: 0.7421, f1: 0.6861
loss: 0.5862, acc: 0.7500, test_acc: 0.7579, f1: 0.7157
loss: 0.6728, acc: 0.7500, test_acc: 0.7579, f1: 0.7186
loss: 0.5371, acc: 0.7533, test_acc: 0.7199, f1: 0.6674
loss: 0.3951, acc: 0.7562, test_acc: 0.6930, f1: 0.6301
loss: 0.5601, acc: 0.7500, test_acc: 0.7152, f1: 0.6493
loss: 1.0965, acc: 0.7386, test_acc: 0.7500, f1: 0.6980
loss: 0.4016, acc: 0.7391, test_acc: 0.7405, f1: 0.6955
loss: 0.4001, acc: 0.7474, test_acc: 0.7104, f1: 0.6578
loss: 0.4756, acc: 0.7475, test_acc: 0.7231, f1: 0.6726
loss: 0.4897, acc: 0.7500, test_acc: 0.7516, f1: 0.7056
loss: 0.7666, acc: 0.7477, test_acc: 0.7547, f1: 0.7093
loss: 0.3835, acc: 0.7500, test_acc: 0.7579, f1: 0.7147
loss: 0.4338, acc: 0.7511, test_acc: 0.7199, f1: 0.6634
>>>>>>>>>>>>>>>>>>>>>>>>>>>>>>>>>>>>>>>>>>>>>>>>>>>>>>>>>>>>
epoch: 40
loss: 0.3955, acc: 0.8125, test_acc: 0.7120, f1: 0.6565
loss: 0.4720, acc: 0.8125, test_acc: 0.7484, f1: 0.7026
loss: 0.6675, acc: 0.7917, test_acc: 0.7595, f1: 0.7116
loss: 0.5942, acc: 0.7812, test_acc: 0.7547, f1: 0.7048
loss: 0.5254, acc: 0.7875, test_acc: 0.7547, f1: 0.7074
loss: 0.5628, acc: 0.7812, test_acc: 0.7453, f1: 0.6958
loss: 0.4093, acc: 0.7857, test_acc: 0.7579, f1: 0.7145
loss: 0.5644, acc: 0.7812, test_acc: 0.7706, f1: 0.7281
loss: 0.7745, acc: 0.7708, test_acc: 0.7658, f1: 0.7205
loss: 0.4076, acc: 0.7750, test_acc: 0.7421, f1: 0.7106
loss: 0.8901, acc: 0.7670, test_acc: 0.7326, f1: 0.6942
loss: 0.5018, acc: 0.7760, test_acc: 0.7294, f1: 0.6636
loss: 0.8152, acc: 0.7644, test_acc: 0.7231, f1: 0.6500
loss: 0.3246, acc: 0.7723, test_acc: 0.7389, f1: 0.6811
loss: 0.4259, acc: 0.7792, test_acc: 0.7547, f1: 0.7102
loss: 0.3650, acc: 0.7812, test_acc: 0.7405, f1: 0.6878
loss: 0.6238, acc: 0.7794, test_acc: 0.7294, f1: 0.6700
loss: 0.1305, acc: 0.7917, test_acc: 0.7263, f1: 0.6829
loss: 0.6356, acc: 0.7895, test_acc: 0.7278, f1: 0.6896
loss: 0.3516, acc: 0.7969, test_acc: 0.7421, f1: 0.7032
loss: 0.5888, acc: 0.8006, test_acc: 0.7674, f1: 0.7218
loss: 0.3690, acc: 0.8011, test_acc: 0.7389, f1: 0.6711
loss: 0.5515, acc: 0.7962, test_acc: 0.7184, f1: 0.6525
loss: 0.7453, acc: 0.7969, test_acc: 0.7263, f1: 0.6793
loss: 0.3751, acc: 0.7975, test_acc: 0.7358, f1: 0.6819
loss: 0.3515, acc: 0.8005, test_acc: 0.7453, f1: 0.6922
loss: 0.7421, acc: 0.7963, test_acc: 0.7563, f1: 0.7101
loss: 0.3865, acc: 0.8013, test_acc: 0.7437, f1: 0.7002
>>>>>>>>>>>>>>>>>>>>>>>>>>>>>>>>>>>>>>>>>>>>>>>>>>>>>>>>>>>>
epoch: 41
loss: 0.3930, acc: 0.8125, test_acc: 0.7342, f1: 0.6820
loss: 0.6537, acc: 0.7812, test_acc: 0.7231, f1: 0.6587
loss: 0.4182, acc: 0.7917, test_acc: 0.7342, f1: 0.6752
loss: 0.7550, acc: 0.7812, test_acc: 0.7516, f1: 0.7122
loss: 0.6453, acc: 0.7750, test_acc: 0.7389, f1: 0.6950
loss: 0.2198, acc: 0.8021, test_acc: 0.7389, f1: 0.6834
loss: 0.4824, acc: 0.7946, test_acc: 0.7263, f1: 0.6738
loss: 0.8556, acc: 0.7734, test_acc: 0.7373, f1: 0.6884
loss: 0.5153, acc: 0.7708, test_acc: 0.7484, f1: 0.7026
loss: 0.5436, acc: 0.7688, test_acc: 0.7373, f1: 0.6812
loss: 0.2402, acc: 0.7841, test_acc: 0.7263, f1: 0.6592
loss: 0.8330, acc: 0.7708, test_acc: 0.7247, f1: 0.6523
loss: 0.7507, acc: 0.7596, test_acc: 0.7373, f1: 0.6857
loss: 0.3125, acc: 0.7679, test_acc: 0.7532, f1: 0.7168
loss: 0.3126, acc: 0.7708, test_acc: 0.7437, f1: 0.6966
loss: 0.4639, acc: 0.7695, test_acc: 0.7389, f1: 0.6883
loss: 0.3335, acc: 0.7757, test_acc: 0.7373, f1: 0.6843
loss: 0.5478, acc: 0.7743, test_acc: 0.7358, f1: 0.6828
loss: 0.5952, acc: 0.7763, test_acc: 0.7468, f1: 0.7014
loss: 0.7681, acc: 0.7688, test_acc: 0.7484, f1: 0.7006
loss: 0.3631, acc: 0.7738, test_acc: 0.7453, f1: 0.6974
loss: 0.6042, acc: 0.7727, test_acc: 0.7405, f1: 0.6918
loss: 0.4895, acc: 0.7690, test_acc: 0.7326, f1: 0.6822
loss: 0.3609, acc: 0.7708, test_acc: 0.7342, f1: 0.6840
loss: 0.4869, acc: 0.7725, test_acc: 0.7358, f1: 0.6828
loss: 0.7226, acc: 0.7692, test_acc: 0.7389, f1: 0.6915
loss: 0.3362, acc: 0.7778, test_acc: 0.7405, f1: 0.6899
loss: 0.7213, acc: 0.7768, test_acc: 0.7421, f1: 0.6911
loss: 0.7235, acc: 0.7737, test_acc: 0.7453, f1: 0.6983
>>>>>>>>>>>>>>>>>>>>>>>>>>>>>>>>>>>>>>>>>>>>>>>>>>>>>>>>>>>>
epoch: 42
loss: 0.6588, acc: 0.8125, test_acc: 0.7437, f1: 0.7056
loss: 0.8152, acc: 0.6875, test_acc: 0.7294, f1: 0.6969
loss: 0.5829, acc: 0.7292, test_acc: 0.7358, f1: 0.6823
loss: 0.6372, acc: 0.7500, test_acc: 0.7278, f1: 0.6610
loss: 0.6348, acc: 0.7500, test_acc: 0.7342, f1: 0.6832
loss: 0.4949, acc: 0.7708, test_acc: 0.7389, f1: 0.7048
loss: 0.4119, acc: 0.7857, test_acc: 0.7373, f1: 0.7030
loss: 0.2170, acc: 0.8047, test_acc: 0.7532, f1: 0.7123
loss: 0.2793, acc: 0.8125, test_acc: 0.7627, f1: 0.7191
loss: 0.1269, acc: 0.8313, test_acc: 0.7437, f1: 0.6859
loss: 0.8776, acc: 0.8239, test_acc: 0.7532, f1: 0.7006
loss: 0.3976, acc: 0.8333, test_acc: 0.7547, f1: 0.7095
loss: 0.6638, acc: 0.8221, test_acc: 0.7611, f1: 0.7234
loss: 0.3139, acc: 0.8304, test_acc: 0.7294, f1: 0.6914
loss: 0.4488, acc: 0.8292, test_acc: 0.7389, f1: 0.6907
loss: 0.5170, acc: 0.8281, test_acc: 0.7484, f1: 0.7027
loss: 0.5841, acc: 0.8199, test_acc: 0.7532, f1: 0.7076
loss: 0.4049, acc: 0.8194, test_acc: 0.7468, f1: 0.6958
loss: 0.5153, acc: 0.8224, test_acc: 0.7421, f1: 0.6924
loss: 0.6671, acc: 0.8219, test_acc: 0.7278, f1: 0.6876
loss: 0.5261, acc: 0.8185, test_acc: 0.7136, f1: 0.6861
loss: 0.2802, acc: 0.8210, test_acc: 0.7405, f1: 0.6939
loss: 0.4166, acc: 0.8234, test_acc: 0.7231, f1: 0.6573
loss: 0.6435, acc: 0.8229, test_acc: 0.7120, f1: 0.6369
loss: 0.3542, acc: 0.8250, test_acc: 0.7247, f1: 0.6619
loss: 0.3477, acc: 0.8269, test_acc: 0.7342, f1: 0.6934
loss: 0.2593, acc: 0.8310, test_acc: 0.7405, f1: 0.7089
loss: 0.4230, acc: 0.8326, test_acc: 0.7500, f1: 0.7012
>>>>>>>>>>>>>>>>>>>>>>>>>>>>>>>>>>>>>>>>>>>>>>>>>>>>>>>>>>>>
epoch: 43
loss: 0.1635, acc: 0.9375, test_acc: 0.7168, f1: 0.6451
loss: 0.4419, acc: 0.8438, test_acc: 0.7073, f1: 0.6547
loss: 0.2997, acc: 0.8750, test_acc: 0.7437, f1: 0.6935
loss: 0.3663, acc: 0.8750, test_acc: 0.7579, f1: 0.7167
loss: 0.5998, acc: 0.8750, test_acc: 0.7547, f1: 0.7149
loss: 0.4131, acc: 0.8542, test_acc: 0.7247, f1: 0.6766
loss: 1.1146, acc: 0.8125, test_acc: 0.7373, f1: 0.6859
loss: 0.5611, acc: 0.7891, test_acc: 0.7547, f1: 0.7127
loss: 0.4836, acc: 0.7917, test_acc: 0.7453, f1: 0.7114
loss: 0.5582, acc: 0.7937, test_acc: 0.7310, f1: 0.6958
loss: 0.6488, acc: 0.8011, test_acc: 0.7310, f1: 0.6740
loss: 0.6952, acc: 0.7917, test_acc: 0.7389, f1: 0.6862
loss: 0.2580, acc: 0.8029, test_acc: 0.7358, f1: 0.6804
loss: 0.5179, acc: 0.8036, test_acc: 0.7484, f1: 0.6986
loss: 0.5332, acc: 0.8042, test_acc: 0.7468, f1: 0.7143
loss: 0.4794, acc: 0.8008, test_acc: 0.7247, f1: 0.6917
loss: 0.2861, acc: 0.8051, test_acc: 0.7342, f1: 0.6783
loss: 0.7884, acc: 0.7986, test_acc: 0.7231, f1: 0.6564
loss: 0.4845, acc: 0.7993, test_acc: 0.7136, f1: 0.6685
loss: 0.5763, acc: 0.7969, test_acc: 0.7231, f1: 0.6779
loss: 0.5519, acc: 0.7946, test_acc: 0.7389, f1: 0.6996
loss: 0.3175, acc: 0.7983, test_acc: 0.7484, f1: 0.7064
loss: 0.6467, acc: 0.7935, test_acc: 0.7342, f1: 0.6773
loss: 0.6524, acc: 0.7943, test_acc: 0.7152, f1: 0.6538
loss: 0.6164, acc: 0.7925, test_acc: 0.7358, f1: 0.6777
loss: 0.3216, acc: 0.7957, test_acc: 0.7405, f1: 0.6970
loss: 0.4589, acc: 0.7986, test_acc: 0.7405, f1: 0.6949
loss: 0.5487, acc: 0.7969, test_acc: 0.7358, f1: 0.6817
loss: 0.5510, acc: 0.7931, test_acc: 0.7104, f1: 0.6602
>>>>>>>>>>>>>>>>>>>>>>>>>>>>>>>>>>>>>>>>>>>>>>>>>>>>>>>>>>>>
epoch: 44
loss: 0.4634, acc: 0.8750, test_acc: 0.7326, f1: 0.6845
loss: 0.3450, acc: 0.8125, test_acc: 0.7484, f1: 0.6981
loss: 0.4964, acc: 0.8125, test_acc: 0.7500, f1: 0.7081
loss: 0.6837, acc: 0.7969, test_acc: 0.7516, f1: 0.7049
loss: 0.2465, acc: 0.8250, test_acc: 0.7453, f1: 0.6994
loss: 0.6851, acc: 0.8021, test_acc: 0.7405, f1: 0.6953
loss: 0.3500, acc: 0.8125, test_acc: 0.7294, f1: 0.6776
loss: 0.6196, acc: 0.8047, test_acc: 0.7342, f1: 0.6846
loss: 0.2653, acc: 0.8125, test_acc: 0.7358, f1: 0.6890
loss: 0.1923, acc: 0.8313, test_acc: 0.7373, f1: 0.6887
loss: 0.3514, acc: 0.8352, test_acc: 0.7421, f1: 0.6951
loss: 0.4622, acc: 0.8385, test_acc: 0.7310, f1: 0.6876
loss: 0.3616, acc: 0.8413, test_acc: 0.7516, f1: 0.7002
loss: 0.8664, acc: 0.8304, test_acc: 0.7437, f1: 0.6944
loss: 0.5153, acc: 0.8250, test_acc: 0.7136, f1: 0.6719
loss: 0.5605, acc: 0.8164, test_acc: 0.7199, f1: 0.6663
loss: 0.4816, acc: 0.8125, test_acc: 0.7453, f1: 0.6995
loss: 0.9578, acc: 0.7951, test_acc: 0.7547, f1: 0.7153
loss: 0.2997, acc: 0.8026, test_acc: 0.7532, f1: 0.7226
loss: 0.7648, acc: 0.7937, test_acc: 0.7326, f1: 0.6849
loss: 0.2150, acc: 0.8006, test_acc: 0.7326, f1: 0.6765
loss: 0.3941, acc: 0.8011, test_acc: 0.7421, f1: 0.6892
loss: 0.7361, acc: 0.7989, test_acc: 0.7405, f1: 0.6888
loss: 0.2826, acc: 0.8021, test_acc: 0.7263, f1: 0.6577
loss: 0.8269, acc: 0.7975, test_acc: 0.7073, f1: 0.6263
loss: 0.5442, acc: 0.7981, test_acc: 0.7358, f1: 0.6894
loss: 0.7521, acc: 0.7894, test_acc: 0.7405, f1: 0.7070
loss: 0.4066, acc: 0.7924, test_acc: 0.7437, f1: 0.7032
loss: 0.9185, acc: 0.7882, test_acc: 0.7358, f1: 0.6783
>>>>>>>>>>>>>>>>>>>>>>>>>>>>>>>>>>>>>>>>>>>>>>>>>>>>>>>>>>>>
epoch: 45
loss: 0.4104, acc: 0.8750, test_acc: 0.7453, f1: 0.6960
loss: 0.3818, acc: 0.8438, test_acc: 0.7453, f1: 0.7009
loss: 0.4423, acc: 0.8542, test_acc: 0.7468, f1: 0.6955
loss: 0.5844, acc: 0.8438, test_acc: 0.7310, f1: 0.6663
loss: 0.6897, acc: 0.8125, test_acc: 0.7468, f1: 0.7031
loss: 0.4240, acc: 0.8229, test_acc: 0.7611, f1: 0.7286
loss: 0.4648, acc: 0.8304, test_acc: 0.7453, f1: 0.7144
loss: 0.3872, acc: 0.8359, test_acc: 0.7532, f1: 0.7101
loss: 0.4685, acc: 0.8333, test_acc: 0.7310, f1: 0.6688
loss: 0.5264, acc: 0.8313, test_acc: 0.7310, f1: 0.6749
loss: 0.5878, acc: 0.8182, test_acc: 0.7595, f1: 0.7199
loss: 0.5105, acc: 0.8125, test_acc: 0.7627, f1: 0.7292
loss: 0.3099, acc: 0.8173, test_acc: 0.7358, f1: 0.6881
loss: 0.3667, acc: 0.8214, test_acc: 0.7231, f1: 0.6512
loss: 0.6851, acc: 0.8042, test_acc: 0.7421, f1: 0.6891
loss: 0.3965, acc: 0.8008, test_acc: 0.7358, f1: 0.6912
loss: 0.3199, acc: 0.8088, test_acc: 0.7373, f1: 0.6881
loss: 0.5227, acc: 0.8056, test_acc: 0.7294, f1: 0.6696
loss: 0.3126, acc: 0.8092, test_acc: 0.7247, f1: 0.6603
loss: 0.5823, acc: 0.8063, test_acc: 0.7247, f1: 0.6667
loss: 0.3431, acc: 0.8095, test_acc: 0.7089, f1: 0.6717
loss: 0.5560, acc: 0.8011, test_acc: 0.7120, f1: 0.6690
loss: 0.3556, acc: 0.8071, test_acc: 0.7120, f1: 0.6550
loss: 0.7878, acc: 0.8021, test_acc: 0.7231, f1: 0.6596
loss: 0.4241, acc: 0.8000, test_acc: 0.7342, f1: 0.6810
loss: 0.2660, acc: 0.8053, test_acc: 0.7405, f1: 0.6883
loss: 0.6106, acc: 0.8056, test_acc: 0.7342, f1: 0.6768
loss: 0.4276, acc: 0.8080, test_acc: 0.7278, f1: 0.6739
>>>>>>>>>>>>>>>>>>>>>>>>>>>>>>>>>>>>>>>>>>>>>>>>>>>>>>>>>>>>
epoch: 46
loss: 0.4095, acc: 0.8750, test_acc: 0.7294, f1: 0.6744
loss: 0.2781, acc: 0.9062, test_acc: 0.7294, f1: 0.6655
loss: 0.4526, acc: 0.8750, test_acc: 0.7373, f1: 0.6823
loss: 0.6200, acc: 0.8281, test_acc: 0.7152, f1: 0.6664
loss: 0.5286, acc: 0.8250, test_acc: 0.7073, f1: 0.6550
loss: 0.6257, acc: 0.8125, test_acc: 0.7358, f1: 0.6894
loss: 0.5759, acc: 0.7946, test_acc: 0.7373, f1: 0.6963
loss: 0.6652, acc: 0.7891, test_acc: 0.7389, f1: 0.7069
loss: 0.5455, acc: 0.7917, test_acc: 0.7104, f1: 0.6610
loss: 0.4989, acc: 0.8000, test_acc: 0.7057, f1: 0.6328
loss: 0.7202, acc: 0.7955, test_acc: 0.7389, f1: 0.6878
loss: 0.2578, acc: 0.7969, test_acc: 0.7595, f1: 0.7248
loss: 0.3468, acc: 0.8029, test_acc: 0.7405, f1: 0.7143
loss: 0.6874, acc: 0.7946, test_acc: 0.7310, f1: 0.6910
loss: 0.5253, acc: 0.7917, test_acc: 0.7421, f1: 0.6993
loss: 0.4449, acc: 0.7969, test_acc: 0.7373, f1: 0.6811
loss: 0.6644, acc: 0.7978, test_acc: 0.7373, f1: 0.6817
loss: 0.5599, acc: 0.7951, test_acc: 0.7405, f1: 0.6976
loss: 0.1644, acc: 0.8059, test_acc: 0.7453, f1: 0.7070
loss: 0.7990, acc: 0.7969, test_acc: 0.7516, f1: 0.7215
loss: 0.2857, acc: 0.8006, test_acc: 0.7579, f1: 0.7284
loss: 0.4575, acc: 0.8011, test_acc: 0.7468, f1: 0.7058
loss: 0.6985, acc: 0.7962, test_acc: 0.7294, f1: 0.6729
loss: 0.3690, acc: 0.7943, test_acc: 0.7468, f1: 0.7077
loss: 0.7901, acc: 0.7875, test_acc: 0.7500, f1: 0.7128
loss: 0.2683, acc: 0.7909, test_acc: 0.7358, f1: 0.6928
loss: 0.3375, acc: 0.7940, test_acc: 0.7453, f1: 0.6980
loss: 0.5205, acc: 0.7924, test_acc: 0.7405, f1: 0.6961
loss: 0.5383, acc: 0.7909, test_acc: 0.7468, f1: 0.7007
>>>>>>>>>>>>>>>>>>>>>>>>>>>>>>>>>>>>>>>>>>>>>>>>>>>>>>>>>>>>
epoch: 47
loss: 0.6018, acc: 0.6875, test_acc: 0.7342, f1: 0.6974
loss: 0.5648, acc: 0.7812, test_acc: 0.7326, f1: 0.6897
loss: 0.3869, acc: 0.8125, test_acc: 0.7089, f1: 0.6376
loss: 0.1371, acc: 0.8594, test_acc: 0.7057, f1: 0.6351
loss: 0.8326, acc: 0.8375, test_acc: 0.7532, f1: 0.7097
loss: 0.4109, acc: 0.8542, test_acc: 0.7484, f1: 0.7108
loss: 0.6225, acc: 0.8304, test_acc: 0.7563, f1: 0.7194
loss: 0.2018, acc: 0.8438, test_acc: 0.7642, f1: 0.7230
loss: 0.2103, acc: 0.8542, test_acc: 0.7595, f1: 0.7142
loss: 0.3569, acc: 0.8625, test_acc: 0.7468, f1: 0.6992
loss: 0.4591, acc: 0.8580, test_acc: 0.7532, f1: 0.7016
loss: 0.5047, acc: 0.8490, test_acc: 0.7611, f1: 0.7176
loss: 0.3498, acc: 0.8462, test_acc: 0.7579, f1: 0.7184
loss: 0.2465, acc: 0.8482, test_acc: 0.7563, f1: 0.7170
loss: 0.4216, acc: 0.8500, test_acc: 0.7516, f1: 0.7080
loss: 0.5043, acc: 0.8477, test_acc: 0.7453, f1: 0.6959
loss: 0.2323, acc: 0.8529, test_acc: 0.7468, f1: 0.6974
loss: 0.8656, acc: 0.8438, test_acc: 0.7500, f1: 0.6967
loss: 0.2576, acc: 0.8487, test_acc: 0.7468, f1: 0.6900
loss: 0.5541, acc: 0.8438, test_acc: 0.7500, f1: 0.7081
loss: 0.5576, acc: 0.8393, test_acc: 0.7310, f1: 0.6912
loss: 0.4124, acc: 0.8409, test_acc: 0.7389, f1: 0.6902
loss: 0.3906, acc: 0.8424, test_acc: 0.7263, f1: 0.6719
loss: 0.5743, acc: 0.8411, test_acc: 0.7358, f1: 0.6828
loss: 0.3307, acc: 0.8450, test_acc: 0.7326, f1: 0.6859
loss: 0.3432, acc: 0.8486, test_acc: 0.7278, f1: 0.6817
loss: 0.2106, acc: 0.8519, test_acc: 0.7247, f1: 0.6668
loss: 0.1566, acc: 0.8571, test_acc: 0.7184, f1: 0.6638
>>>>>>>>>>>>>>>>>>>>>>>>>>>>>>>>>>>>>>>>>>>>>>>>>>>>>>>>>>>>
epoch: 48
loss: 0.5182, acc: 0.8125, test_acc: 0.7342, f1: 0.6913
loss: 0.2562, acc: 0.8750, test_acc: 0.7215, f1: 0.6620
loss: 0.4757, acc: 0.8333, test_acc: 0.6978, f1: 0.6141
loss: 1.1690, acc: 0.7344, test_acc: 0.7184, f1: 0.6452
loss: 0.4177, acc: 0.7500, test_acc: 0.7405, f1: 0.7009
loss: 0.4231, acc: 0.7604, test_acc: 0.7421, f1: 0.7015
loss: 0.2344, acc: 0.7857, test_acc: 0.7326, f1: 0.6749
loss: 0.4366, acc: 0.7891, test_acc: 0.7278, f1: 0.6660
loss: 0.3735, acc: 0.7917, test_acc: 0.7294, f1: 0.6954
loss: 0.4886, acc: 0.7937, test_acc: 0.7389, f1: 0.7034
loss: 0.6448, acc: 0.7784, test_acc: 0.7389, f1: 0.6959
loss: 0.3713, acc: 0.7865, test_acc: 0.7199, f1: 0.6603
loss: 0.5273, acc: 0.7933, test_acc: 0.7215, f1: 0.6589
loss: 0.5302, acc: 0.7902, test_acc: 0.7389, f1: 0.6850
loss: 0.2971, acc: 0.7958, test_acc: 0.7516, f1: 0.7064
loss: 0.4700, acc: 0.7969, test_acc: 0.7532, f1: 0.7059
loss: 0.5252, acc: 0.7978, test_acc: 0.7294, f1: 0.6653
loss: 0.3581, acc: 0.8056, test_acc: 0.7389, f1: 0.6832
loss: 0.4452, acc: 0.8059, test_acc: 0.7405, f1: 0.6848
loss: 0.3301, acc: 0.8094, test_acc: 0.7563, f1: 0.7145
loss: 0.4375, acc: 0.8125, test_acc: 0.7532, f1: 0.7149
loss: 0.3394, acc: 0.8182, test_acc: 0.7611, f1: 0.7143
loss: 0.4156, acc: 0.8179, test_acc: 0.7579, f1: 0.7104
loss: 0.2433, acc: 0.8229, test_acc: 0.7405, f1: 0.6819
loss: 0.7428, acc: 0.8200, test_acc: 0.7278, f1: 0.6705
loss: 0.2738, acc: 0.8245, test_acc: 0.7658, f1: 0.7210
loss: 0.5221, acc: 0.8218, test_acc: 0.7563, f1: 0.7076
loss: 0.5524, acc: 0.8214, test_acc: 0.7579, f1: 0.7144
loss: 0.5844, acc: 0.8190, test_acc: 0.7547, f1: 0.7212
>>>>>>>>>>>>>>>>>>>>>>>>>>>>>>>>>>>>>>>>>>>>>>>>>>>>>>>>>>>>
epoch: 49
loss: 0.2136, acc: 1.0000, test_acc: 0.7405, f1: 0.7028
loss: 0.4924, acc: 0.8750, test_acc: 0.7342, f1: 0.6733
loss: 0.3590, acc: 0.8750, test_acc: 0.7373, f1: 0.6662
loss: 0.3189, acc: 0.8594, test_acc: 0.7310, f1: 0.6694
loss: 0.5582, acc: 0.8500, test_acc: 0.7468, f1: 0.6936
loss: 0.5116, acc: 0.8333, test_acc: 0.7627, f1: 0.7249
loss: 0.3368, acc: 0.8393, test_acc: 0.7500, f1: 0.7207
loss: 0.6368, acc: 0.8125, test_acc: 0.7500, f1: 0.7206
loss: 0.4134, acc: 0.8125, test_acc: 0.7421, f1: 0.6879
loss: 0.5506, acc: 0.8125, test_acc: 0.7104, f1: 0.6502
loss: 0.3346, acc: 0.8125, test_acc: 0.7389, f1: 0.6906
loss: 0.7314, acc: 0.7917, test_acc: 0.7563, f1: 0.7112
loss: 0.3659, acc: 0.7933, test_acc: 0.7611, f1: 0.7192
loss: 0.5817, acc: 0.7902, test_acc: 0.7642, f1: 0.7224
loss: 0.2958, acc: 0.8000, test_acc: 0.7405, f1: 0.6865
loss: 0.4185, acc: 0.7969, test_acc: 0.7342, f1: 0.6795
loss: 0.3837, acc: 0.8015, test_acc: 0.7389, f1: 0.7002
loss: 0.7403, acc: 0.7986, test_acc: 0.7563, f1: 0.7265
loss: 0.4446, acc: 0.8026, test_acc: 0.7389, f1: 0.6918
loss: 0.4062, acc: 0.8031, test_acc: 0.7263, f1: 0.6732
loss: 0.4190, acc: 0.8006, test_acc: 0.7421, f1: 0.6971
loss: 0.8387, acc: 0.7926, test_acc: 0.7358, f1: 0.6903
loss: 0.3573, acc: 0.7962, test_acc: 0.7089, f1: 0.6402
loss: 0.7276, acc: 0.7917, test_acc: 0.7057, f1: 0.6366
loss: 0.8234, acc: 0.7900, test_acc: 0.7247, f1: 0.6746
loss: 0.3424, acc: 0.7933, test_acc: 0.7405, f1: 0.7089
loss: 0.2551, acc: 0.7986, test_acc: 0.7389, f1: 0.7102
loss: 0.3728, acc: 0.7991, test_acc: 0.7437, f1: 0.7098
loss: 0.4235, acc: 0.7991, test_acc: 0.7184, f1: 0.6681
max_test_acc: 0.7863924050632911, max_f1: 0.7490988178030215
>> saved: ./state_dict/text-gt_laptop_acc_0.7864_f1_0.7491
############################################################
max_test_acc_overall:0.7863924050632911
max_f1_overall:0.7490988178030215
Precision, Recall and F1-Score...
              precision    recall  f1-score   support

           0     0.8750    0.8724    0.8737       337
           1     0.6275    0.7500    0.6833       128
           2     0.7483    0.6407    0.6903       167

    accuracy                         0.7864       632
   macro avg     0.7502    0.7544    0.7491       632
weighted avg     0.7914    0.7864    0.7867       632

Confusion Matrix...
[[294  26  17]
 [ 13  96  19]
 [ 29  31 107]]
