cuda memory allocated: 643250176
n_trainable_params: 160527117, n_nontrainable_params: 0
training arguments:
>>> model_name: text-gt-bert
>>> dataset: twitter
>>> optimizer: <class 'torch.optim.adam.Adam'>
>>> initializer: <function xavier_uniform_ at 0x7ff564e8faf0>
>>> learning_rate: 0.001
>>> num_epoch: 15
>>> batch_size: 16
>>> log_step: 5
>>> embed_dim: 300
>>> post_dim: 30
>>> pos_dim: 30
>>> deprel_dim: 30
>>> hidden_dim: 768
>>> num_layers: 7
>>> polarities_dim: 3
>>> input_dropout: 0.5
>>> lower: True
>>> directed: False
>>> add_self_loop: True
>>> bidirect: True
>>> rnn_hidden: 60
>>> rnn_layers: 1
>>> rnn_dropout: 0.1
>>> max_length: 100
>>> device: cuda:0
>>> seed: 1000
>>> weight_decay: 0.0001
>>> vocab_dir: ./dataset/Tweets_corenlp
>>> pad_id: 0
>>> graph_conv_type: gin
>>> graph_conv_attention_heads: 4
>>> graph_conv_attn_dropout: 0.0
>>> ffn_dropout: 0.5
>>> attention_heads: 6
>>> attn_dropout: 0.1
>>> norm: ln
>>> max_position: 9
>>> finetune_weight_decay: 0.01
>>> scheduler: none
>>> warmup: 2
>>> cuda: 0
>>> pretrained_bert_name: bert-base-uncased
>>> adam_epsilon: 1e-08
>>> bert_dim: 768
>>> bert_dropout: 0.5
>>> bert_lr: 2e-05
>>> model_class: <class 'models.text_gt_bert.TextGT_BERT'>
>>> dataset_file: {'train': './dataset/Tweets_corenlp/train.json', 'test': './dataset/Tweets_corenlp/test.json'}
>>> inputs_cols: ['text_bert_indices', 'bert_segments_ids', 'attention_mask', 'asp_start', 'asp_end', 'adj_matrix', 'src_mask', 'aspect_mask']
>>> deprel_size: 42
layered learning rate on
>>>>>>>>>>>>>>>>>>>>>>>>>>>>>>>>>>>>>>>>>>>>>>>>>>>>>>>>>>>>
epoch: 0
>> saved: ./state_dict/text-gt-bert_twitter_acc_0.2496_f1_0.1332
loss: 5.5127, acc: 0.5000, test_acc: 0.2496, f1: 0.1332
>> saved: ./state_dict/text-gt-bert_twitter_acc_0.2541_f1_0.1351
loss: 5.5573, acc: 0.3438, test_acc: 0.2541, f1: 0.1351
>> saved: ./state_dict/text-gt-bert_twitter_acc_0.4653_f1_0.3232
loss: 1.2442, acc: 0.3958, test_acc: 0.4653, f1: 0.3232
loss: 1.1135, acc: 0.3750, test_acc: 0.2541, f1: 0.1351
>> saved: ./state_dict/text-gt-bert_twitter_acc_0.4978_f1_0.2257
loss: 1.4806, acc: 0.4125, test_acc: 0.4978, f1: 0.2257
loss: 1.4970, acc: 0.3854, test_acc: 0.4579, f1: 0.4148
loss: 1.7047, acc: 0.3661, test_acc: 0.3545, f1: 0.2635
loss: 1.4060, acc: 0.3594, test_acc: 0.2851, f1: 0.2147
>> saved: ./state_dict/text-gt-bert_twitter_acc_0.5096_f1_0.3721
loss: 1.7348, acc: 0.3542, test_acc: 0.5096, f1: 0.3721
loss: 1.2248, acc: 0.3625, test_acc: 0.2541, f1: 0.1434
>> saved: ./state_dict/text-gt-bert_twitter_acc_0.5465_f1_0.5080
loss: 1.1423, acc: 0.3636, test_acc: 0.5465, f1: 0.5080
>> saved: ./state_dict/text-gt-bert_twitter_acc_0.5746_f1_0.5033
loss: 0.8892, acc: 0.3698, test_acc: 0.5746, f1: 0.5033
loss: 0.9885, acc: 0.3750, test_acc: 0.5170, f1: 0.3816
loss: 1.1253, acc: 0.3839, test_acc: 0.5569, f1: 0.5432
>> saved: ./state_dict/text-gt-bert_twitter_acc_0.5790_f1_0.4886
loss: 0.6735, acc: 0.4042, test_acc: 0.5790, f1: 0.4886
loss: 0.7601, acc: 0.4141, test_acc: 0.4180, f1: 0.3827
loss: 1.0745, acc: 0.4265, test_acc: 0.5524, f1: 0.4005
loss: 1.0076, acc: 0.4271, test_acc: 0.3944, f1: 0.3746
loss: 0.6710, acc: 0.4309, test_acc: 0.5273, f1: 0.5193
>> saved: ./state_dict/text-gt-bert_twitter_acc_0.6573_f1_0.6483
loss: 0.9481, acc: 0.4375, test_acc: 0.6573, f1: 0.6483
loss: 1.2181, acc: 0.4315, test_acc: 0.6425, f1: 0.6460
loss: 1.3704, acc: 0.4403, test_acc: 0.5879, f1: 0.4576
loss: 1.3329, acc: 0.4348, test_acc: 0.4328, f1: 0.4298
loss: 0.9973, acc: 0.4453, test_acc: 0.6381, f1: 0.5594
loss: 0.8503, acc: 0.4450, test_acc: 0.4801, f1: 0.4577
loss: 0.7462, acc: 0.4495, test_acc: 0.6455, f1: 0.5805
>> saved: ./state_dict/text-gt-bert_twitter_acc_0.6662_f1_0.6548
loss: 0.8111, acc: 0.4491, test_acc: 0.6662, f1: 0.6548
loss: 0.8145, acc: 0.4509, test_acc: 0.4919, f1: 0.4681
loss: 0.9833, acc: 0.4547, test_acc: 0.6352, f1: 0.5512
loss: 1.1017, acc: 0.4521, test_acc: 0.5835, f1: 0.5742
loss: 0.6075, acc: 0.4617, test_acc: 0.6425, f1: 0.6450
>> saved: ./state_dict/text-gt-bert_twitter_acc_0.6839_f1_0.6428
loss: 0.8184, acc: 0.4707, test_acc: 0.6839, f1: 0.6428
loss: 0.9857, acc: 0.4697, test_acc: 0.5495, f1: 0.5464
>> saved: ./state_dict/text-gt-bert_twitter_acc_0.6913_f1_0.6589
loss: 0.8056, acc: 0.4743, test_acc: 0.6913, f1: 0.6589
>> saved: ./state_dict/text-gt-bert_twitter_acc_0.6942_f1_0.6872
loss: 0.4996, acc: 0.4821, test_acc: 0.6942, f1: 0.6872
loss: 0.3708, acc: 0.4913, test_acc: 0.6883, f1: 0.6610
loss: 0.8820, acc: 0.4966, test_acc: 0.6219, f1: 0.6254
loss: 0.7384, acc: 0.4984, test_acc: 0.6248, f1: 0.6288
loss: 0.8164, acc: 0.5064, test_acc: 0.6603, f1: 0.6699
>> saved: ./state_dict/text-gt-bert_twitter_acc_0.7090_f1_0.6841
loss: 1.0002, acc: 0.5078, test_acc: 0.7090, f1: 0.6841
loss: 0.5036, acc: 0.5122, test_acc: 0.6381, f1: 0.6396
loss: 0.6564, acc: 0.5193, test_acc: 0.5672, f1: 0.5756
loss: 0.9635, acc: 0.5203, test_acc: 0.6809, f1: 0.6203
loss: 0.7291, acc: 0.5227, test_acc: 0.6721, f1: 0.6636
loss: 0.6046, acc: 0.5264, test_acc: 0.5199, f1: 0.5044
loss: 0.8059, acc: 0.5285, test_acc: 0.6396, f1: 0.5431
loss: 0.6068, acc: 0.5332, test_acc: 0.6307, f1: 0.6252
loss: 0.6857, acc: 0.5365, test_acc: 0.4919, f1: 0.4631
loss: 0.6501, acc: 0.5395, test_acc: 0.6824, f1: 0.6438
loss: 1.2540, acc: 0.5363, test_acc: 0.7075, f1: 0.6967
loss: 0.8127, acc: 0.5368, test_acc: 0.5303, f1: 0.5182
loss: 0.9385, acc: 0.5397, test_acc: 0.6854, f1: 0.6245
loss: 0.5292, acc: 0.5448, test_acc: 0.6869, f1: 0.6381
loss: 0.8872, acc: 0.5440, test_acc: 0.4874, f1: 0.4648
loss: 0.6611, acc: 0.5455, test_acc: 0.6425, f1: 0.6435
loss: 1.1603, acc: 0.5446, test_acc: 0.6780, f1: 0.6180
loss: 0.6135, acc: 0.5461, test_acc: 0.5628, f1: 0.5566
loss: 1.1263, acc: 0.5442, test_acc: 0.5968, f1: 0.5996
>> saved: ./state_dict/text-gt-bert_twitter_acc_0.7134_f1_0.7027
loss: 0.6651, acc: 0.5466, test_acc: 0.7134, f1: 0.7027
loss: 0.7475, acc: 0.5458, test_acc: 0.6854, f1: 0.6784
loss: 0.5135, acc: 0.5482, test_acc: 0.6972, f1: 0.6868
>> saved: ./state_dict/text-gt-bert_twitter_acc_0.7179_f1_0.6750
loss: 0.4764, acc: 0.5524, test_acc: 0.7179, f1: 0.6750
loss: 1.0841, acc: 0.5536, test_acc: 0.6780, f1: 0.6789
loss: 0.6112, acc: 0.5547, test_acc: 0.5258, f1: 0.5157
loss: 0.7678, acc: 0.5548, test_acc: 0.6972, f1: 0.6788
loss: 0.8029, acc: 0.5559, test_acc: 0.7120, f1: 0.7026
loss: 0.4083, acc: 0.5588, test_acc: 0.5746, f1: 0.5736
>> saved: ./state_dict/text-gt-bert_twitter_acc_0.7253_f1_0.7095
loss: 0.5308, acc: 0.5616, test_acc: 0.7253, f1: 0.7095
>> saved: ./state_dict/text-gt-bert_twitter_acc_0.7400_f1_0.7205
loss: 0.9247, acc: 0.5616, test_acc: 0.7400, f1: 0.7205
loss: 0.9024, acc: 0.5634, test_acc: 0.7090, f1: 0.7073
loss: 0.9260, acc: 0.5660, test_acc: 0.7371, f1: 0.7107
loss: 0.7058, acc: 0.5668, test_acc: 0.6662, f1: 0.6627
loss: 0.2955, acc: 0.5719, test_acc: 0.7326, f1: 0.7285
loss: 0.8763, acc: 0.5709, test_acc: 0.7400, f1: 0.7287
loss: 0.4541, acc: 0.5733, test_acc: 0.6219, f1: 0.6247
>>>>>>>>>>>>>>>>>>>>>>>>>>>>>>>>>>>>>>>>>>>>>>>>>>>>>>>>>>>>
epoch: 1
loss: 0.7951, acc: 0.8125, test_acc: 0.7016, f1: 0.6971
loss: 0.9582, acc: 0.7188, test_acc: 0.7356, f1: 0.7157
loss: 0.4585, acc: 0.7500, test_acc: 0.5849, f1: 0.5985
loss: 1.1987, acc: 0.7344, test_acc: 0.7297, f1: 0.7200
loss: 0.2778, acc: 0.7750, test_acc: 0.7075, f1: 0.7039
loss: 0.6903, acc: 0.7396, test_acc: 0.6809, f1: 0.6864
loss: 0.7083, acc: 0.7232, test_acc: 0.7267, f1: 0.7249
loss: 0.4897, acc: 0.7266, test_acc: 0.7238, f1: 0.6920
loss: 0.6515, acc: 0.7153, test_acc: 0.5185, f1: 0.5129
loss: 0.4649, acc: 0.7063, test_acc: 0.6573, f1: 0.6562
loss: 0.6077, acc: 0.7102, test_acc: 0.7208, f1: 0.6910
loss: 0.7772, acc: 0.7031, test_acc: 0.6603, f1: 0.6690
loss: 0.6569, acc: 0.7019, test_acc: 0.7164, f1: 0.7072
>> saved: ./state_dict/text-gt-bert_twitter_acc_0.7445_f1_0.7180
loss: 0.6639, acc: 0.7009, test_acc: 0.7445, f1: 0.7180
loss: 0.4026, acc: 0.7083, test_acc: 0.7253, f1: 0.6935
loss: 0.3485, acc: 0.7148, test_acc: 0.6292, f1: 0.6329
loss: 0.6784, acc: 0.7022, test_acc: 0.7031, f1: 0.7009
loss: 0.8027, acc: 0.7049, test_acc: 0.7386, f1: 0.7260
loss: 0.8715, acc: 0.6974, test_acc: 0.6514, f1: 0.6541
loss: 0.4349, acc: 0.7063, test_acc: 0.7061, f1: 0.7081
loss: 0.4305, acc: 0.7113, test_acc: 0.7001, f1: 0.6470
loss: 0.3572, acc: 0.7188, test_acc: 0.7208, f1: 0.7181
loss: 0.5489, acc: 0.7283, test_acc: 0.6027, f1: 0.6215
loss: 0.4961, acc: 0.7344, test_acc: 0.7371, f1: 0.7152
loss: 0.7080, acc: 0.7300, test_acc: 0.7326, f1: 0.7112
loss: 0.9564, acc: 0.7284, test_acc: 0.6352, f1: 0.6398
loss: 0.5353, acc: 0.7269, test_acc: 0.7105, f1: 0.7104
loss: 0.2643, acc: 0.7344, test_acc: 0.7430, f1: 0.7253
loss: 0.8052, acc: 0.7263, test_acc: 0.7267, f1: 0.7240
loss: 0.4720, acc: 0.7292, test_acc: 0.6499, f1: 0.6519
>> saved: ./state_dict/text-gt-bert_twitter_acc_0.7459_f1_0.7373
loss: 0.4834, acc: 0.7319, test_acc: 0.7459, f1: 0.7373
loss: 0.5434, acc: 0.7324, test_acc: 0.7326, f1: 0.7026
loss: 0.4683, acc: 0.7330, test_acc: 0.6869, f1: 0.6904
loss: 0.5618, acc: 0.7335, test_acc: 0.7282, f1: 0.7242
loss: 0.2906, acc: 0.7375, test_acc: 0.7341, f1: 0.7051
loss: 0.7261, acc: 0.7378, test_acc: 0.7430, f1: 0.7274
loss: 0.6743, acc: 0.7348, test_acc: 0.5953, f1: 0.5961
loss: 0.2721, acc: 0.7385, test_acc: 0.6957, f1: 0.6887
loss: 0.7653, acc: 0.7356, test_acc: 0.7061, f1: 0.7053
loss: 0.6178, acc: 0.7344, test_acc: 0.6529, f1: 0.6561
>> saved: ./state_dict/text-gt-bert_twitter_acc_0.7504_f1_0.7241
loss: 0.5806, acc: 0.7363, test_acc: 0.7504, f1: 0.7241
loss: 0.6748, acc: 0.7351, test_acc: 0.6322, f1: 0.6350
loss: 1.3438, acc: 0.7297, test_acc: 0.6632, f1: 0.6697
loss: 0.7489, acc: 0.7301, test_acc: 0.7179, f1: 0.7128
loss: 0.3994, acc: 0.7292, test_acc: 0.7149, f1: 0.7121
loss: 0.7761, acc: 0.7296, test_acc: 0.7164, f1: 0.7121
loss: 0.3504, acc: 0.7327, test_acc: 0.6662, f1: 0.6743
loss: 0.3036, acc: 0.7344, test_acc: 0.6898, f1: 0.6827
loss: 0.4719, acc: 0.7372, test_acc: 0.7105, f1: 0.7117
>> saved: ./state_dict/text-gt-bert_twitter_acc_0.7607_f1_0.7430
loss: 0.6035, acc: 0.7350, test_acc: 0.7607, f1: 0.7430
loss: 0.4306, acc: 0.7365, test_acc: 0.7356, f1: 0.7289
loss: 0.7588, acc: 0.7356, test_acc: 0.7179, f1: 0.7203
loss: 0.4868, acc: 0.7370, test_acc: 0.7149, f1: 0.7152
loss: 0.7521, acc: 0.7350, test_acc: 0.7563, f1: 0.7384
loss: 0.7240, acc: 0.7364, test_acc: 0.7267, f1: 0.7212
loss: 0.8485, acc: 0.7344, test_acc: 0.6662, f1: 0.6709
loss: 0.8251, acc: 0.7357, test_acc: 0.6706, f1: 0.6098
loss: 0.3134, acc: 0.7371, test_acc: 0.7415, f1: 0.7392
loss: 0.9279, acc: 0.7331, test_acc: 0.5908, f1: 0.5944
>> saved: ./state_dict/text-gt-bert_twitter_acc_0.7637_f1_0.7507
loss: 0.7937, acc: 0.7344, test_acc: 0.7637, f1: 0.7507
loss: 0.4612, acc: 0.7346, test_acc: 0.7637, f1: 0.7527
loss: 0.1985, acc: 0.7379, test_acc: 0.6455, f1: 0.6486
loss: 0.3043, acc: 0.7391, test_acc: 0.6617, f1: 0.6679
loss: 0.6450, acc: 0.7412, test_acc: 0.7282, f1: 0.7006
loss: 0.7008, acc: 0.7413, test_acc: 0.6795, f1: 0.6906
loss: 1.2711, acc: 0.7377, test_acc: 0.6189, f1: 0.6234
loss: 0.4702, acc: 0.7407, test_acc: 0.7415, f1: 0.7167
loss: 0.9410, acc: 0.7399, test_acc: 0.6780, f1: 0.6833
loss: 0.6683, acc: 0.7400, test_acc: 0.7061, f1: 0.6869
loss: 0.5398, acc: 0.7402, test_acc: 0.6957, f1: 0.7016
loss: 0.2880, acc: 0.7430, test_acc: 0.6484, f1: 0.6616
loss: 0.3830, acc: 0.7439, test_acc: 0.7282, f1: 0.7188
loss: 0.8171, acc: 0.7440, test_acc: 0.7282, f1: 0.7119
loss: 0.3235, acc: 0.7449, test_acc: 0.7282, f1: 0.7265
loss: 0.7147, acc: 0.7433, test_acc: 0.6839, f1: 0.6915
loss: 0.7250, acc: 0.7434, test_acc: 0.7356, f1: 0.7088
>>>>>>>>>>>>>>>>>>>>>>>>>>>>>>>>>>>>>>>>>>>>>>>>>>>>>>>>>>>>
epoch: 2
loss: 0.5226, acc: 0.8125, test_acc: 0.6145, f1: 0.6084
loss: 0.4315, acc: 0.7500, test_acc: 0.7105, f1: 0.7136
loss: 0.6639, acc: 0.7083, test_acc: 0.7563, f1: 0.7508
loss: 0.4750, acc: 0.7031, test_acc: 0.7371, f1: 0.7323
loss: 0.1944, acc: 0.7500, test_acc: 0.7371, f1: 0.7296
loss: 0.1550, acc: 0.7812, test_acc: 0.7267, f1: 0.7225
loss: 0.1151, acc: 0.8125, test_acc: 0.7194, f1: 0.7149
loss: 0.4983, acc: 0.8203, test_acc: 0.7090, f1: 0.7095
loss: 0.5082, acc: 0.8125, test_acc: 0.7533, f1: 0.7411
loss: 0.2842, acc: 0.8187, test_acc: 0.7061, f1: 0.7086
loss: 0.3411, acc: 0.8182, test_acc: 0.7282, f1: 0.7250
loss: 0.3041, acc: 0.8229, test_acc: 0.7474, f1: 0.7352
loss: 0.2695, acc: 0.8221, test_acc: 0.7445, f1: 0.7317
loss: 0.2858, acc: 0.8259, test_acc: 0.7179, f1: 0.7139
loss: 0.1609, acc: 0.8292, test_acc: 0.7238, f1: 0.7213
>> saved: ./state_dict/text-gt-bert_twitter_acc_0.7770_f1_0.7645
loss: 0.8069, acc: 0.8164, test_acc: 0.7770, f1: 0.7645
loss: 0.1172, acc: 0.8235, test_acc: 0.7592, f1: 0.7484
loss: 0.3051, acc: 0.8264, test_acc: 0.7134, f1: 0.7128
loss: 0.7689, acc: 0.8158, test_acc: 0.7651, f1: 0.7460
loss: 0.5213, acc: 0.8187, test_acc: 0.7075, f1: 0.7105
loss: 0.3069, acc: 0.8185, test_acc: 0.7445, f1: 0.7399
loss: 0.2409, acc: 0.8239, test_acc: 0.7341, f1: 0.6995
loss: 0.0845, acc: 0.8315, test_acc: 0.7001, f1: 0.7037
loss: 0.3304, acc: 0.8333, test_acc: 0.6662, f1: 0.6748
loss: 0.2502, acc: 0.8325, test_acc: 0.6913, f1: 0.6861
loss: 0.4521, acc: 0.8245, test_acc: 0.7356, f1: 0.7174
loss: 0.3246, acc: 0.8218, test_acc: 0.6706, f1: 0.6736
loss: 0.8425, acc: 0.8125, test_acc: 0.6352, f1: 0.6446
loss: 0.4004, acc: 0.8147, test_acc: 0.7223, f1: 0.6861
loss: 0.3800, acc: 0.8187, test_acc: 0.7563, f1: 0.7425
loss: 0.1898, acc: 0.8226, test_acc: 0.6558, f1: 0.6597
loss: 0.5607, acc: 0.8184, test_acc: 0.7075, f1: 0.7045
loss: 0.5036, acc: 0.8163, test_acc: 0.7356, f1: 0.7248
loss: 0.4768, acc: 0.8125, test_acc: 0.7267, f1: 0.7201
loss: 0.5166, acc: 0.8125, test_acc: 0.6854, f1: 0.6853
loss: 0.3081, acc: 0.8142, test_acc: 0.6736, f1: 0.6757
loss: 0.1107, acc: 0.8193, test_acc: 0.7356, f1: 0.7215
loss: 0.1777, acc: 0.8207, test_acc: 0.7282, f1: 0.7197
loss: 0.3113, acc: 0.8221, test_acc: 0.7430, f1: 0.7306
loss: 0.1913, acc: 0.8250, test_acc: 0.7208, f1: 0.7090
loss: 0.4160, acc: 0.8262, test_acc: 0.7326, f1: 0.7175
loss: 0.4504, acc: 0.8274, test_acc: 0.6824, f1: 0.6856
loss: 0.2961, acc: 0.8285, test_acc: 0.6617, f1: 0.6649
loss: 0.2528, acc: 0.8295, test_acc: 0.7149, f1: 0.7068
loss: 0.2720, acc: 0.8306, test_acc: 0.7386, f1: 0.7302
loss: 0.6194, acc: 0.8315, test_acc: 0.7356, f1: 0.7286
loss: 0.3066, acc: 0.8311, test_acc: 0.6869, f1: 0.6878
loss: 0.2726, acc: 0.8320, test_acc: 0.7312, f1: 0.7224
loss: 0.1889, acc: 0.8329, test_acc: 0.7312, f1: 0.7247
loss: 0.4309, acc: 0.8337, test_acc: 0.6824, f1: 0.6836
loss: 0.6774, acc: 0.8309, test_acc: 0.7666, f1: 0.7460
loss: 0.4083, acc: 0.8317, test_acc: 0.7253, f1: 0.7131
loss: 0.7680, acc: 0.8267, test_acc: 0.6573, f1: 0.6601
loss: 0.3928, acc: 0.8275, test_acc: 0.7578, f1: 0.7473
loss: 0.1202, acc: 0.8307, test_acc: 0.7504, f1: 0.7378
loss: 0.5262, acc: 0.8281, test_acc: 0.6544, f1: 0.6560
loss: 0.3719, acc: 0.8289, test_acc: 0.7090, f1: 0.7045
loss: 1.0799, acc: 0.8276, test_acc: 0.7134, f1: 0.7053
loss: 0.3585, acc: 0.8252, test_acc: 0.6765, f1: 0.6738
loss: 0.8141, acc: 0.8229, test_acc: 0.7238, f1: 0.7185
loss: 0.4180, acc: 0.8238, test_acc: 0.6869, f1: 0.6824
loss: 0.3493, acc: 0.8246, test_acc: 0.6499, f1: 0.6107
loss: 0.6224, acc: 0.8244, test_acc: 0.7164, f1: 0.7135
loss: 1.0012, acc: 0.8213, test_acc: 0.6721, f1: 0.6637
loss: 0.1746, acc: 0.8231, test_acc: 0.7267, f1: 0.7223
loss: 0.7959, acc: 0.8229, test_acc: 0.7563, f1: 0.7435
loss: 0.4374, acc: 0.8228, test_acc: 0.6573, f1: 0.6600
loss: 0.6446, acc: 0.8217, test_acc: 0.7445, f1: 0.7368
loss: 0.5880, acc: 0.8188, test_acc: 0.7533, f1: 0.7406
loss: 1.0306, acc: 0.8170, test_acc: 0.7312, f1: 0.7245
loss: 0.7955, acc: 0.8125, test_acc: 0.7016, f1: 0.7010
loss: 0.2119, acc: 0.8134, test_acc: 0.7164, f1: 0.6729
loss: 0.1393, acc: 0.8159, test_acc: 0.6883, f1: 0.6898
loss: 0.0919, acc: 0.8176, test_acc: 0.5761, f1: 0.5748
loss: 0.3043, acc: 0.8183, test_acc: 0.6484, f1: 0.6554
loss: 0.4786, acc: 0.8183, test_acc: 0.7504, f1: 0.7337
>>>>>>>>>>>>>>>>>>>>>>>>>>>>>>>>>>>>>>>>>>>>>>>>>>>>>>>>>>>>
epoch: 3
loss: 0.3006, acc: 0.8750, test_acc: 0.6544, f1: 0.6577
loss: 0.0650, acc: 0.9375, test_acc: 0.7341, f1: 0.7260
loss: 0.0573, acc: 0.9583, test_acc: 0.7090, f1: 0.6920
loss: 0.3705, acc: 0.9219, test_acc: 0.6987, f1: 0.6990
loss: 0.1033, acc: 0.9250, test_acc: 0.7504, f1: 0.7438
loss: 0.0518, acc: 0.9271, test_acc: 0.7489, f1: 0.7374
loss: 0.0182, acc: 0.9375, test_acc: 0.7504, f1: 0.7436
loss: 0.0263, acc: 0.9453, test_acc: 0.7459, f1: 0.7392
loss: 0.0976, acc: 0.9444, test_acc: 0.7459, f1: 0.7371
loss: 0.0949, acc: 0.9437, test_acc: 0.7548, f1: 0.7449
loss: 0.0323, acc: 0.9489, test_acc: 0.7681, f1: 0.7560
loss: 0.4776, acc: 0.9427, test_acc: 0.7474, f1: 0.7394
loss: 0.1473, acc: 0.9423, test_acc: 0.7312, f1: 0.7269
loss: 0.3006, acc: 0.9330, test_acc: 0.7356, f1: 0.7247
loss: 0.3999, acc: 0.9250, test_acc: 0.7622, f1: 0.7501
loss: 0.3339, acc: 0.9258, test_acc: 0.7297, f1: 0.7288
loss: 0.4743, acc: 0.9228, test_acc: 0.7563, f1: 0.7509
loss: 0.1579, acc: 0.9236, test_acc: 0.7548, f1: 0.7408
loss: 0.4361, acc: 0.9211, test_acc: 0.7400, f1: 0.7317
loss: 0.1965, acc: 0.9219, test_acc: 0.7341, f1: 0.7248
loss: 0.0789, acc: 0.9256, test_acc: 0.7194, f1: 0.7150
loss: 0.1973, acc: 0.9205, test_acc: 0.7282, f1: 0.7225
loss: 0.0711, acc: 0.9239, test_acc: 0.7194, f1: 0.7118
loss: 0.1121, acc: 0.9245, test_acc: 0.7134, f1: 0.7100
loss: 0.3653, acc: 0.9225, test_acc: 0.7371, f1: 0.7314
loss: 0.5332, acc: 0.9159, test_acc: 0.7445, f1: 0.7233
loss: 0.2523, acc: 0.9120, test_acc: 0.7297, f1: 0.7266
loss: 0.6414, acc: 0.9062, test_acc: 0.7267, f1: 0.7239
loss: 0.2334, acc: 0.9073, test_acc: 0.7592, f1: 0.7464
loss: 0.3007, acc: 0.9062, test_acc: 0.7533, f1: 0.7448
loss: 0.1329, acc: 0.9073, test_acc: 0.7356, f1: 0.7327
loss: 0.4041, acc: 0.9062, test_acc: 0.7459, f1: 0.7370
loss: 0.1493, acc: 0.9072, test_acc: 0.7459, f1: 0.7389
loss: 0.1117, acc: 0.9081, test_acc: 0.7341, f1: 0.7290
loss: 0.1054, acc: 0.9089, test_acc: 0.7356, f1: 0.7250
loss: 0.5376, acc: 0.9097, test_acc: 0.7400, f1: 0.7267
loss: 0.4824, acc: 0.9088, test_acc: 0.7312, f1: 0.7198
loss: 0.2554, acc: 0.9079, test_acc: 0.7164, f1: 0.7117
loss: 0.0514, acc: 0.9103, test_acc: 0.7371, f1: 0.7236
loss: 0.0436, acc: 0.9125, test_acc: 0.7430, f1: 0.7292
loss: 0.2381, acc: 0.9131, test_acc: 0.6987, f1: 0.6978
loss: 0.4376, acc: 0.9092, test_acc: 0.7208, f1: 0.7150
loss: 0.1364, acc: 0.9113, test_acc: 0.7282, f1: 0.6987
loss: 0.2420, acc: 0.9105, test_acc: 0.6987, f1: 0.7000
loss: 0.0639, acc: 0.9125, test_acc: 0.7238, f1: 0.7179
loss: 0.1035, acc: 0.9144, test_acc: 0.7238, f1: 0.7175
loss: 0.1269, acc: 0.9136, test_acc: 0.7179, f1: 0.7143
loss: 0.0495, acc: 0.9154, test_acc: 0.7400, f1: 0.7323
loss: 0.1780, acc: 0.9145, test_acc: 0.7445, f1: 0.7333
loss: 0.1117, acc: 0.9150, test_acc: 0.7164, f1: 0.7128
loss: 0.0162, acc: 0.9167, test_acc: 0.6957, f1: 0.6992
loss: 0.2469, acc: 0.9171, test_acc: 0.7371, f1: 0.7292
loss: 0.3891, acc: 0.9175, test_acc: 0.7504, f1: 0.7282
loss: 0.4458, acc: 0.9144, test_acc: 0.7179, f1: 0.7104
loss: 0.4309, acc: 0.9136, test_acc: 0.7164, f1: 0.7119
loss: 0.5964, acc: 0.9129, test_acc: 0.7149, f1: 0.7123
loss: 0.5914, acc: 0.9123, test_acc: 0.7386, f1: 0.7289
loss: 0.2260, acc: 0.9106, test_acc: 0.7430, f1: 0.7284
loss: 0.1958, acc: 0.9110, test_acc: 0.7312, f1: 0.7233
loss: 0.1775, acc: 0.9104, test_acc: 0.7282, f1: 0.7242
loss: 0.7684, acc: 0.9068, test_acc: 0.7149, f1: 0.7094
loss: 0.1273, acc: 0.9062, test_acc: 0.7253, f1: 0.7223
loss: 0.1285, acc: 0.9067, test_acc: 0.7208, f1: 0.7175
loss: 0.0334, acc: 0.9082, test_acc: 0.7622, f1: 0.7433
loss: 0.0320, acc: 0.9096, test_acc: 0.7326, f1: 0.7271
loss: 0.6587, acc: 0.9081, test_acc: 0.7356, f1: 0.7298
loss: 0.1650, acc: 0.9086, test_acc: 0.7001, f1: 0.6959
loss: 0.0506, acc: 0.9099, test_acc: 0.7312, f1: 0.7286
loss: 0.0502, acc: 0.9103, test_acc: 0.7415, f1: 0.7329
loss: 0.0683, acc: 0.9107, test_acc: 0.7430, f1: 0.7381
loss: 0.1071, acc: 0.9111, test_acc: 0.7326, f1: 0.7292
loss: 0.6560, acc: 0.9097, test_acc: 0.7445, f1: 0.7368
loss: 0.2605, acc: 0.9084, test_acc: 0.7400, f1: 0.7349
loss: 0.0560, acc: 0.9096, test_acc: 0.7134, f1: 0.7135
loss: 0.1503, acc: 0.9100, test_acc: 0.7238, f1: 0.7236
loss: 0.1393, acc: 0.9104, test_acc: 0.7474, f1: 0.7341
>>>>>>>>>>>>>>>>>>>>>>>>>>>>>>>>>>>>>>>>>>>>>>>>>>>>>>>>>>>>
epoch: 4
loss: 0.0885, acc: 0.9375, test_acc: 0.6765, f1: 0.6821
loss: 0.0302, acc: 0.9688, test_acc: 0.7533, f1: 0.7442
loss: 0.0757, acc: 0.9583, test_acc: 0.7504, f1: 0.7402
loss: 0.2802, acc: 0.9375, test_acc: 0.7459, f1: 0.7356
loss: 0.0271, acc: 0.9500, test_acc: 0.7297, f1: 0.7277
loss: 0.1914, acc: 0.9375, test_acc: 0.7223, f1: 0.7171
loss: 0.1289, acc: 0.9375, test_acc: 0.7607, f1: 0.7466
loss: 0.1087, acc: 0.9297, test_acc: 0.7489, f1: 0.7369
loss: 0.6062, acc: 0.9236, test_acc: 0.7326, f1: 0.7272
loss: 0.0312, acc: 0.9313, test_acc: 0.6839, f1: 0.6880
loss: 0.0534, acc: 0.9318, test_acc: 0.7430, f1: 0.7344
loss: 0.0544, acc: 0.9375, test_acc: 0.7622, f1: 0.7458
loss: 0.0036, acc: 0.9423, test_acc: 0.7504, f1: 0.7407
loss: 0.2289, acc: 0.9420, test_acc: 0.6928, f1: 0.6948
loss: 0.3360, acc: 0.9417, test_acc: 0.7238, f1: 0.7212
loss: 0.0358, acc: 0.9453, test_acc: 0.7518, f1: 0.7338
loss: 0.4464, acc: 0.9412, test_acc: 0.7459, f1: 0.7365
loss: 0.1657, acc: 0.9410, test_acc: 0.7105, f1: 0.7071
loss: 0.0098, acc: 0.9441, test_acc: 0.7164, f1: 0.7144
loss: 0.0264, acc: 0.9469, test_acc: 0.7415, f1: 0.7188
loss: 0.1166, acc: 0.9464, test_acc: 0.7326, f1: 0.7262
loss: 0.0712, acc: 0.9460, test_acc: 0.7238, f1: 0.7222
loss: 0.0728, acc: 0.9484, test_acc: 0.7400, f1: 0.7307
loss: 0.3807, acc: 0.9479, test_acc: 0.7386, f1: 0.7267
loss: 0.0068, acc: 0.9500, test_acc: 0.7386, f1: 0.7255
loss: 0.2671, acc: 0.9471, test_acc: 0.7356, f1: 0.7295
loss: 0.0087, acc: 0.9491, test_acc: 0.7016, f1: 0.7010
loss: 0.1877, acc: 0.9487, test_acc: 0.7194, f1: 0.7136
loss: 0.0190, acc: 0.9504, test_acc: 0.7341, f1: 0.7257
loss: 0.1166, acc: 0.9500, test_acc: 0.7164, f1: 0.7109
loss: 0.0897, acc: 0.9516, test_acc: 0.7208, f1: 0.7172
loss: 0.1394, acc: 0.9512, test_acc: 0.7075, f1: 0.7066
loss: 0.0185, acc: 0.9527, test_acc: 0.7341, f1: 0.7273
loss: 0.1864, acc: 0.9504, test_acc: 0.7400, f1: 0.7317
loss: 0.1325, acc: 0.9500, test_acc: 0.7297, f1: 0.7259
loss: 0.2347, acc: 0.9479, test_acc: 0.7356, f1: 0.7280
loss: 0.0635, acc: 0.9493, test_acc: 0.7504, f1: 0.7404
loss: 0.0070, acc: 0.9507, test_acc: 0.7459, f1: 0.7394
loss: 0.1225, acc: 0.9487, test_acc: 0.7090, f1: 0.7121
loss: 0.0189, acc: 0.9500, test_acc: 0.7253, f1: 0.7253
loss: 0.6325, acc: 0.9497, test_acc: 0.7474, f1: 0.7387
loss: 0.0971, acc: 0.9494, test_acc: 0.7253, f1: 0.7213
loss: 0.0844, acc: 0.9491, test_acc: 0.7297, f1: 0.7294
loss: 0.2113, acc: 0.9489, test_acc: 0.7282, f1: 0.7231
loss: 0.0644, acc: 0.9500, test_acc: 0.7194, f1: 0.7071
loss: 0.0488, acc: 0.9511, test_acc: 0.7223, f1: 0.7164
loss: 0.2854, acc: 0.9481, test_acc: 0.7075, f1: 0.7059
loss: 0.3344, acc: 0.9479, test_acc: 0.7371, f1: 0.7215
loss: 0.0537, acc: 0.9490, test_acc: 0.6839, f1: 0.6847
loss: 0.3363, acc: 0.9475, test_acc: 0.6898, f1: 0.6907
loss: 0.1109, acc: 0.9473, test_acc: 0.7297, f1: 0.7197
loss: 0.0555, acc: 0.9483, test_acc: 0.7312, f1: 0.7130
loss: 0.0032, acc: 0.9493, test_acc: 0.7445, f1: 0.7313
loss: 0.2559, acc: 0.9491, test_acc: 0.7267, f1: 0.7238
loss: 0.1186, acc: 0.9489, test_acc: 0.7149, f1: 0.7158
loss: 0.0832, acc: 0.9498, test_acc: 0.7282, f1: 0.7208
loss: 0.3006, acc: 0.9496, test_acc: 0.7297, f1: 0.7286
loss: 0.0216, acc: 0.9504, test_acc: 0.6942, f1: 0.6980
loss: 0.0243, acc: 0.9513, test_acc: 0.7061, f1: 0.7061
loss: 0.0453, acc: 0.9521, test_acc: 0.7504, f1: 0.7405
loss: 0.1210, acc: 0.9518, test_acc: 0.7563, f1: 0.7459
loss: 0.0861, acc: 0.9516, test_acc: 0.7238, f1: 0.7230
loss: 0.0119, acc: 0.9524, test_acc: 0.7238, f1: 0.7213
loss: 0.2419, acc: 0.9512, test_acc: 0.7238, f1: 0.7175
loss: 0.0149, acc: 0.9519, test_acc: 0.7459, f1: 0.7261
loss: 0.2265, acc: 0.9517, test_acc: 0.7651, f1: 0.7522
loss: 0.0815, acc: 0.9515, test_acc: 0.7134, f1: 0.7102
loss: 0.0474, acc: 0.9513, test_acc: 0.7415, f1: 0.7346
loss: 0.1125, acc: 0.9511, test_acc: 0.7356, f1: 0.7262
loss: 0.1299, acc: 0.9509, test_acc: 0.7031, f1: 0.7018
loss: 0.1039, acc: 0.9507, test_acc: 0.7016, f1: 0.7001
loss: 0.0957, acc: 0.9505, test_acc: 0.7563, f1: 0.7460
loss: 1.1183, acc: 0.9478, test_acc: 0.7282, f1: 0.7198
loss: 0.0368, acc: 0.9485, test_acc: 0.6765, f1: 0.6784
loss: 0.5244, acc: 0.9467, test_acc: 0.7031, f1: 0.7045
loss: 0.0901, acc: 0.9468, test_acc: 0.7326, f1: 0.7103
>>>>>>>>>>>>>>>>>>>>>>>>>>>>>>>>>>>>>>>>>>>>>>>>>>>>>>>>>>>>
epoch: 5
loss: 0.0309, acc: 1.0000, test_acc: 0.7504, f1: 0.7442
loss: 0.0229, acc: 1.0000, test_acc: 0.7386, f1: 0.7347
loss: 0.0767, acc: 1.0000, test_acc: 0.7400, f1: 0.7333
loss: 0.3030, acc: 0.9844, test_acc: 0.7489, f1: 0.7423
loss: 0.0028, acc: 0.9875, test_acc: 0.7533, f1: 0.7467
loss: 0.0098, acc: 0.9896, test_acc: 0.7548, f1: 0.7498
loss: 0.1047, acc: 0.9821, test_acc: 0.7489, f1: 0.7433
loss: 0.0357, acc: 0.9844, test_acc: 0.7651, f1: 0.7572
loss: 0.3133, acc: 0.9792, test_acc: 0.7592, f1: 0.7483
loss: 0.0094, acc: 0.9812, test_acc: 0.7415, f1: 0.7338
loss: 0.0148, acc: 0.9830, test_acc: 0.7504, f1: 0.7418
loss: 0.1502, acc: 0.9792, test_acc: 0.7518, f1: 0.7451
loss: 0.0529, acc: 0.9808, test_acc: 0.7504, f1: 0.7436
loss: 0.0050, acc: 0.9821, test_acc: 0.7267, f1: 0.7243
loss: 0.0313, acc: 0.9833, test_acc: 0.7356, f1: 0.7312
loss: 0.0149, acc: 0.9844, test_acc: 0.7400, f1: 0.7350
loss: 0.0246, acc: 0.9853, test_acc: 0.7563, f1: 0.7482
loss: 0.0080, acc: 0.9861, test_acc: 0.7208, f1: 0.7096
loss: 0.0892, acc: 0.9836, test_acc: 0.7282, f1: 0.7246
loss: 0.0029, acc: 0.9844, test_acc: 0.7194, f1: 0.7151
loss: 0.0030, acc: 0.9851, test_acc: 0.7297, f1: 0.7239
loss: 0.0354, acc: 0.9830, test_acc: 0.7430, f1: 0.7368
loss: 0.0052, acc: 0.9837, test_acc: 0.7489, f1: 0.7400
loss: 0.1732, acc: 0.9818, test_acc: 0.7578, f1: 0.7486
loss: 0.0023, acc: 0.9825, test_acc: 0.7326, f1: 0.7268
loss: 0.0605, acc: 0.9808, test_acc: 0.7666, f1: 0.7552
loss: 0.0316, acc: 0.9815, test_acc: 0.7637, f1: 0.7469
loss: 0.0645, acc: 0.9821, test_acc: 0.7504, f1: 0.7380
loss: 0.0022, acc: 0.9828, test_acc: 0.7341, f1: 0.7333
loss: 0.0768, acc: 0.9812, test_acc: 0.7533, f1: 0.7488
loss: 0.0150, acc: 0.9819, test_acc: 0.7637, f1: 0.7513
loss: 0.0059, acc: 0.9824, test_acc: 0.7651, f1: 0.7501
loss: 0.0023, acc: 0.9830, test_acc: 0.7548, f1: 0.7463
loss: 0.2437, acc: 0.9798, test_acc: 0.6957, f1: 0.7036
loss: 0.0979, acc: 0.9786, test_acc: 0.7149, f1: 0.7182
loss: 0.0039, acc: 0.9792, test_acc: 0.7533, f1: 0.7448
loss: 0.0830, acc: 0.9780, test_acc: 0.7563, f1: 0.7472
loss: 0.0127, acc: 0.9786, test_acc: 0.7208, f1: 0.7197
loss: 0.1698, acc: 0.9744, test_acc: 0.7149, f1: 0.7161
loss: 0.0006, acc: 0.9750, test_acc: 0.7548, f1: 0.7404
loss: 0.2120, acc: 0.9741, test_acc: 0.7386, f1: 0.7080
loss: 0.1039, acc: 0.9732, test_acc: 0.6736, f1: 0.6757
loss: 0.0796, acc: 0.9724, test_acc: 0.6470, f1: 0.6551
loss: 0.0095, acc: 0.9730, test_acc: 0.7031, f1: 0.7041
loss: 0.0161, acc: 0.9736, test_acc: 0.7386, f1: 0.7234
loss: 0.1586, acc: 0.9728, test_acc: 0.7253, f1: 0.6998
loss: 0.0086, acc: 0.9734, test_acc: 0.6869, f1: 0.6911
loss: 0.3073, acc: 0.9727, test_acc: 0.6765, f1: 0.6838
loss: 0.0580, acc: 0.9732, test_acc: 0.7356, f1: 0.7271
loss: 0.0061, acc: 0.9738, test_acc: 0.7415, f1: 0.7150
loss: 0.0129, acc: 0.9743, test_acc: 0.7194, f1: 0.7006
loss: 0.1428, acc: 0.9724, test_acc: 0.6987, f1: 0.6985
loss: 0.0602, acc: 0.9729, test_acc: 0.6854, f1: 0.6937
loss: 0.0768, acc: 0.9722, test_acc: 0.7105, f1: 0.6981
loss: 0.7701, acc: 0.9705, test_acc: 0.7489, f1: 0.7300
loss: 0.1456, acc: 0.9699, test_acc: 0.7164, f1: 0.7022
loss: 0.0154, acc: 0.9704, test_acc: 0.7046, f1: 0.7011
loss: 0.3694, acc: 0.9688, test_acc: 0.7223, f1: 0.7220
loss: 0.0060, acc: 0.9693, test_acc: 0.7282, f1: 0.7186
loss: 0.6686, acc: 0.9688, test_acc: 0.7489, f1: 0.7397
loss: 0.0055, acc: 0.9693, test_acc: 0.7371, f1: 0.7281
loss: 0.2109, acc: 0.9688, test_acc: 0.7651, f1: 0.7522
loss: 0.2138, acc: 0.9683, test_acc: 0.7578, f1: 0.7420
loss: 0.0732, acc: 0.9678, test_acc: 0.7297, f1: 0.7282
loss: 0.0968, acc: 0.9673, test_acc: 0.7341, f1: 0.7291
loss: 0.0115, acc: 0.9678, test_acc: 0.7445, f1: 0.7350
loss: 0.0015, acc: 0.9683, test_acc: 0.7400, f1: 0.7296
loss: 0.0555, acc: 0.9688, test_acc: 0.7312, f1: 0.7196
loss: 0.0130, acc: 0.9692, test_acc: 0.7312, f1: 0.7186
loss: 0.2324, acc: 0.9688, test_acc: 0.7430, f1: 0.7287
loss: 0.0072, acc: 0.9692, test_acc: 0.7400, f1: 0.7252
loss: 0.0687, acc: 0.9688, test_acc: 0.6987, f1: 0.6977
loss: 0.0743, acc: 0.9683, test_acc: 0.6928, f1: 0.6946
loss: 0.0121, acc: 0.9688, test_acc: 0.7120, f1: 0.7082
loss: 0.0181, acc: 0.9692, test_acc: 0.7238, f1: 0.7188
>>>>>>>>>>>>>>>>>>>>>>>>>>>>>>>>>>>>>>>>>>>>>>>>>>>>>>>>>>>>
epoch: 6
loss: 0.0004, acc: 1.0000, test_acc: 0.7208, f1: 0.7148
loss: 0.0030, acc: 1.0000, test_acc: 0.7489, f1: 0.7344
loss: 0.0002, acc: 1.0000, test_acc: 0.7489, f1: 0.7357
loss: 0.0015, acc: 1.0000, test_acc: 0.7489, f1: 0.7344
loss: 0.1432, acc: 0.9875, test_acc: 0.7563, f1: 0.7410
loss: 0.0021, acc: 0.9896, test_acc: 0.7223, f1: 0.7142
loss: 0.0838, acc: 0.9821, test_acc: 0.7120, f1: 0.7066
loss: 0.0744, acc: 0.9766, test_acc: 0.7282, f1: 0.7199
loss: 0.0006, acc: 0.9792, test_acc: 0.7415, f1: 0.7297
loss: 0.2447, acc: 0.9750, test_acc: 0.7356, f1: 0.7219
loss: 0.0013, acc: 0.9773, test_acc: 0.6987, f1: 0.6974
loss: 0.0019, acc: 0.9792, test_acc: 0.6957, f1: 0.6962
loss: 0.0003, acc: 0.9808, test_acc: 0.7445, f1: 0.7376
loss: 0.2494, acc: 0.9777, test_acc: 0.7489, f1: 0.7386
loss: 0.3591, acc: 0.9667, test_acc: 0.6854, f1: 0.6920
loss: 0.0128, acc: 0.9688, test_acc: 0.6898, f1: 0.6898
loss: 0.0879, acc: 0.9669, test_acc: 0.7386, f1: 0.7157
loss: 0.0180, acc: 0.9688, test_acc: 0.7356, f1: 0.7221
loss: 0.0030, acc: 0.9704, test_acc: 0.7090, f1: 0.7068
loss: 0.0261, acc: 0.9719, test_acc: 0.7001, f1: 0.7018
loss: 0.2668, acc: 0.9702, test_acc: 0.7282, f1: 0.7211
loss: 0.1168, acc: 0.9688, test_acc: 0.7474, f1: 0.7361
loss: 0.0030, acc: 0.9701, test_acc: 0.7415, f1: 0.7335
loss: 0.0002, acc: 0.9714, test_acc: 0.7371, f1: 0.7311
loss: 0.8444, acc: 0.9700, test_acc: 0.7504, f1: 0.7399
loss: 0.0546, acc: 0.9712, test_acc: 0.7518, f1: 0.7397
loss: 0.0022, acc: 0.9722, test_acc: 0.7504, f1: 0.7390
loss: 0.6258, acc: 0.9688, test_acc: 0.7474, f1: 0.7353
loss: 0.0851, acc: 0.9677, test_acc: 0.7223, f1: 0.7166
loss: 0.1096, acc: 0.9667, test_acc: 0.7194, f1: 0.7131
loss: 0.0335, acc: 0.9677, test_acc: 0.7282, f1: 0.7162
loss: 0.0025, acc: 0.9688, test_acc: 0.7312, f1: 0.7233
loss: 0.6236, acc: 0.9621, test_acc: 0.7356, f1: 0.7292
loss: 0.1200, acc: 0.9614, test_acc: 0.7282, f1: 0.7246
loss: 0.2460, acc: 0.9607, test_acc: 0.7400, f1: 0.7343
loss: 0.1585, acc: 0.9601, test_acc: 0.7489, f1: 0.7345
loss: 0.0785, acc: 0.9595, test_acc: 0.7356, f1: 0.7160
loss: 0.0006, acc: 0.9605, test_acc: 0.7356, f1: 0.7201
loss: 0.1068, acc: 0.9599, test_acc: 0.7341, f1: 0.7226
loss: 0.7379, acc: 0.9578, test_acc: 0.7282, f1: 0.7167
loss: 0.0013, acc: 0.9588, test_acc: 0.7341, f1: 0.7255
loss: 0.0018, acc: 0.9598, test_acc: 0.7282, f1: 0.7216
loss: 0.0107, acc: 0.9608, test_acc: 0.6898, f1: 0.6881
loss: 0.0070, acc: 0.9616, test_acc: 0.6795, f1: 0.6815
loss: 0.0038, acc: 0.9625, test_acc: 0.7120, f1: 0.7100
loss: 0.0318, acc: 0.9633, test_acc: 0.7208, f1: 0.7148
loss: 0.0349, acc: 0.9641, test_acc: 0.7312, f1: 0.7218
loss: 0.0043, acc: 0.9648, test_acc: 0.7253, f1: 0.7175
loss: 0.3076, acc: 0.9643, test_acc: 0.7134, f1: 0.7105
loss: 0.0017, acc: 0.9650, test_acc: 0.7031, f1: 0.7030
loss: 0.1421, acc: 0.9645, test_acc: 0.7149, f1: 0.7107
loss: 0.0077, acc: 0.9651, test_acc: 0.7075, f1: 0.6990
loss: 0.5811, acc: 0.9634, test_acc: 0.7120, f1: 0.7025
loss: 0.2175, acc: 0.9630, test_acc: 0.7415, f1: 0.7275
loss: 0.2299, acc: 0.9625, test_acc: 0.6972, f1: 0.6877
loss: 0.0309, acc: 0.9632, test_acc: 0.6662, f1: 0.6708
loss: 0.0188, acc: 0.9638, test_acc: 0.6987, f1: 0.6965
loss: 0.0033, acc: 0.9644, test_acc: 0.7238, f1: 0.7095
loss: 0.1652, acc: 0.9640, test_acc: 0.7430, f1: 0.7302
loss: 0.7386, acc: 0.9625, test_acc: 0.7194, f1: 0.7073
loss: 0.0014, acc: 0.9631, test_acc: 0.7194, f1: 0.7165
loss: 0.0076, acc: 0.9637, test_acc: 0.7164, f1: 0.7134
loss: 0.0081, acc: 0.9643, test_acc: 0.7208, f1: 0.7174
loss: 0.0090, acc: 0.9648, test_acc: 0.6854, f1: 0.6891
loss: 0.3058, acc: 0.9644, test_acc: 0.7326, f1: 0.7280
loss: 0.0276, acc: 0.9650, test_acc: 0.7326, f1: 0.7217
loss: 0.0019, acc: 0.9655, test_acc: 0.7371, f1: 0.7302
loss: 0.0057, acc: 0.9660, test_acc: 0.7474, f1: 0.7380
loss: 0.0300, acc: 0.9665, test_acc: 0.7563, f1: 0.7457
loss: 0.0154, acc: 0.9670, test_acc: 0.7371, f1: 0.7326
loss: 0.0884, acc: 0.9665, test_acc: 0.7371, f1: 0.7317
loss: 0.4967, acc: 0.9661, test_acc: 0.7459, f1: 0.7339
loss: 0.0330, acc: 0.9666, test_acc: 0.7504, f1: 0.7392
loss: 0.1377, acc: 0.9662, test_acc: 0.7238, f1: 0.7175
loss: 0.4677, acc: 0.9642, test_acc: 0.6736, f1: 0.6779
loss: 0.0037, acc: 0.9646, test_acc: 0.7459, f1: 0.7354
>>>>>>>>>>>>>>>>>>>>>>>>>>>>>>>>>>>>>>>>>>>>>>>>>>>>>>>>>>>>
epoch: 7
loss: 0.0133, acc: 1.0000, test_acc: 0.7504, f1: 0.7351
loss: 0.0132, acc: 1.0000, test_acc: 0.7386, f1: 0.7252
loss: 0.0037, acc: 1.0000, test_acc: 0.7238, f1: 0.7142
loss: 0.0088, acc: 1.0000, test_acc: 0.7208, f1: 0.7131
loss: 0.1761, acc: 0.9875, test_acc: 0.7312, f1: 0.7218
loss: 0.0068, acc: 0.9896, test_acc: 0.7253, f1: 0.7219
loss: 0.0162, acc: 0.9911, test_acc: 0.7075, f1: 0.7104
loss: 0.0235, acc: 0.9922, test_acc: 0.7120, f1: 0.7128
loss: 0.2850, acc: 0.9861, test_acc: 0.7149, f1: 0.7134
loss: 0.0993, acc: 0.9875, test_acc: 0.7386, f1: 0.7309
loss: 0.0064, acc: 0.9886, test_acc: 0.7356, f1: 0.7259
loss: 0.0130, acc: 0.9896, test_acc: 0.7445, f1: 0.7334
loss: 0.0548, acc: 0.9904, test_acc: 0.7341, f1: 0.7256
loss: 0.0030, acc: 0.9911, test_acc: 0.7164, f1: 0.7129
loss: 0.3594, acc: 0.9875, test_acc: 0.7371, f1: 0.7303
loss: 0.0016, acc: 0.9883, test_acc: 0.7415, f1: 0.7274
loss: 0.0641, acc: 0.9890, test_acc: 0.7341, f1: 0.7194
loss: 0.0125, acc: 0.9896, test_acc: 0.7061, f1: 0.7005
loss: 0.6293, acc: 0.9868, test_acc: 0.7031, f1: 0.7022
loss: 0.0028, acc: 0.9875, test_acc: 0.7326, f1: 0.7261
loss: 0.0013, acc: 0.9881, test_acc: 0.7430, f1: 0.7315
loss: 0.0013, acc: 0.9886, test_acc: 0.7312, f1: 0.7223
loss: 0.0002, acc: 0.9891, test_acc: 0.7208, f1: 0.7170
loss: 0.0345, acc: 0.9896, test_acc: 0.7134, f1: 0.7119
loss: 0.4974, acc: 0.9875, test_acc: 0.7238, f1: 0.7194
loss: 0.0029, acc: 0.9880, test_acc: 0.7238, f1: 0.7179
loss: 0.0369, acc: 0.9884, test_acc: 0.7445, f1: 0.7333
loss: 1.1650, acc: 0.9844, test_acc: 0.7445, f1: 0.7320
loss: 0.0013, acc: 0.9849, test_acc: 0.7459, f1: 0.7367
loss: 0.0025, acc: 0.9854, test_acc: 0.7134, f1: 0.7126
loss: 0.0477, acc: 0.9839, test_acc: 0.7297, f1: 0.7258
loss: 0.0042, acc: 0.9844, test_acc: 0.7223, f1: 0.7189
loss: 0.2058, acc: 0.9830, test_acc: 0.7238, f1: 0.7154
loss: 0.2010, acc: 0.9816, test_acc: 0.7371, f1: 0.7317
loss: 0.0097, acc: 0.9821, test_acc: 0.7489, f1: 0.7405
loss: 0.0060, acc: 0.9826, test_acc: 0.7474, f1: 0.7373
loss: 0.0337, acc: 0.9831, test_acc: 0.7504, f1: 0.7407
loss: 0.0081, acc: 0.9836, test_acc: 0.7194, f1: 0.7150
loss: 0.0010, acc: 0.9840, test_acc: 0.7223, f1: 0.7205
loss: 0.1543, acc: 0.9828, test_acc: 0.7267, f1: 0.7260
loss: 0.0014, acc: 0.9832, test_acc: 0.7474, f1: 0.7356
loss: 0.0141, acc: 0.9836, test_acc: 0.7297, f1: 0.7048
loss: 0.2036, acc: 0.9811, test_acc: 0.7238, f1: 0.7225
loss: 0.1490, acc: 0.9801, test_acc: 0.7267, f1: 0.7245
loss: 0.0003, acc: 0.9806, test_acc: 0.7459, f1: 0.7327
loss: 0.0116, acc: 0.9810, test_acc: 0.7489, f1: 0.7273
loss: 0.0002, acc: 0.9814, test_acc: 0.7061, f1: 0.7035
loss: 0.0122, acc: 0.9818, test_acc: 0.6987, f1: 0.6989
loss: 0.0004, acc: 0.9821, test_acc: 0.7297, f1: 0.7224
loss: 0.0214, acc: 0.9825, test_acc: 0.7400, f1: 0.7209
loss: 0.0960, acc: 0.9816, test_acc: 0.7356, f1: 0.7117
loss: 0.5717, acc: 0.9808, test_acc: 0.7223, f1: 0.7025
loss: 0.4411, acc: 0.9800, test_acc: 0.7061, f1: 0.7009
loss: 0.0013, acc: 0.9803, test_acc: 0.7016, f1: 0.7048
loss: 0.5281, acc: 0.9784, test_acc: 0.7061, f1: 0.7052
loss: 0.0150, acc: 0.9788, test_acc: 0.7105, f1: 0.7035
loss: 0.0096, acc: 0.9792, test_acc: 0.7223, f1: 0.7146
loss: 0.0050, acc: 0.9795, test_acc: 0.6972, f1: 0.6924
loss: 0.1329, acc: 0.9778, test_acc: 0.6647, f1: 0.6636
loss: 0.2167, acc: 0.9771, test_acc: 0.7031, f1: 0.7012
loss: 0.0481, acc: 0.9775, test_acc: 0.7312, f1: 0.7198
loss: 0.0252, acc: 0.9778, test_acc: 0.7326, f1: 0.7186
loss: 0.0030, acc: 0.9782, test_acc: 0.7001, f1: 0.6921
loss: 0.0559, acc: 0.9775, test_acc: 0.7134, f1: 0.7049
loss: 0.0020, acc: 0.9779, test_acc: 0.7149, f1: 0.7084
loss: 0.0704, acc: 0.9773, test_acc: 0.7223, f1: 0.7153
loss: 0.0201, acc: 0.9776, test_acc: 0.6972, f1: 0.6919
loss: 0.0125, acc: 0.9779, test_acc: 0.6809, f1: 0.6794
loss: 0.0090, acc: 0.9783, test_acc: 0.7061, f1: 0.7043
loss: 0.0227, acc: 0.9786, test_acc: 0.7208, f1: 0.7158
loss: 0.0407, acc: 0.9789, test_acc: 0.7223, f1: 0.7118
loss: 0.0172, acc: 0.9792, test_acc: 0.7001, f1: 0.6947
loss: 0.0078, acc: 0.9795, test_acc: 0.7046, f1: 0.6989
loss: 0.0023, acc: 0.9797, test_acc: 0.7400, f1: 0.7290
loss: 0.0084, acc: 0.9800, test_acc: 0.7253, f1: 0.7253
loss: 0.0006, acc: 0.9803, test_acc: 0.7208, f1: 0.7224
>>>>>>>>>>>>>>>>>>>>>>>>>>>>>>>>>>>>>>>>>>>>>>>>>>>>>>>>>>>>
epoch: 8
loss: 0.0048, acc: 1.0000, test_acc: 0.7341, f1: 0.7328
loss: 0.0002, acc: 1.0000, test_acc: 0.7430, f1: 0.7317
loss: 0.0004, acc: 1.0000, test_acc: 0.7356, f1: 0.7207
loss: 0.0567, acc: 1.0000, test_acc: 0.7312, f1: 0.7166
loss: 0.0003, acc: 1.0000, test_acc: 0.7223, f1: 0.7124
loss: 0.0048, acc: 1.0000, test_acc: 0.7238, f1: 0.7194
loss: 0.0006, acc: 1.0000, test_acc: 0.6898, f1: 0.6913
loss: 0.1836, acc: 0.9922, test_acc: 0.6869, f1: 0.6856
loss: 0.0835, acc: 0.9861, test_acc: 0.7253, f1: 0.7147
loss: 0.0012, acc: 0.9875, test_acc: 0.7445, f1: 0.7273
loss: 0.0046, acc: 0.9886, test_acc: 0.7371, f1: 0.7247
loss: 0.2051, acc: 0.9844, test_acc: 0.7194, f1: 0.7115
loss: 0.0272, acc: 0.9856, test_acc: 0.7194, f1: 0.7107
loss: 0.0395, acc: 0.9821, test_acc: 0.7149, f1: 0.7064
loss: 0.0001, acc: 0.9833, test_acc: 0.7134, f1: 0.7032
loss: 0.0169, acc: 0.9844, test_acc: 0.7179, f1: 0.7050
loss: 0.0124, acc: 0.9853, test_acc: 0.7282, f1: 0.7208
loss: 0.0123, acc: 0.9861, test_acc: 0.7223, f1: 0.7187
loss: 0.0223, acc: 0.9868, test_acc: 0.7164, f1: 0.7141
loss: 0.0029, acc: 0.9875, test_acc: 0.7149, f1: 0.7106
loss: 0.0007, acc: 0.9881, test_acc: 0.7386, f1: 0.7293
loss: 0.0192, acc: 0.9886, test_acc: 0.7297, f1: 0.7231
loss: 1.5022, acc: 0.9864, test_acc: 0.7459, f1: 0.7372
loss: 0.0091, acc: 0.9870, test_acc: 0.7371, f1: 0.7231
loss: 0.2068, acc: 0.9850, test_acc: 0.7238, f1: 0.7147
loss: 0.0312, acc: 0.9856, test_acc: 0.6839, f1: 0.6832
loss: 0.0291, acc: 0.9861, test_acc: 0.7238, f1: 0.7117
loss: 0.3002, acc: 0.9821, test_acc: 0.7312, f1: 0.7087
loss: 0.0058, acc: 0.9828, test_acc: 0.7090, f1: 0.6989
loss: 0.0119, acc: 0.9833, test_acc: 0.7001, f1: 0.6969
loss: 0.0436, acc: 0.9839, test_acc: 0.7164, f1: 0.7033
loss: 0.0833, acc: 0.9844, test_acc: 0.7075, f1: 0.6951
loss: 0.0024, acc: 0.9848, test_acc: 0.7149, f1: 0.7066
loss: 0.6377, acc: 0.9816, test_acc: 0.6795, f1: 0.6713
loss: 0.0018, acc: 0.9821, test_acc: 0.7208, f1: 0.7130
loss: 0.0113, acc: 0.9826, test_acc: 0.7208, f1: 0.7049
loss: 0.0030, acc: 0.9831, test_acc: 0.7134, f1: 0.6980
loss: 0.0016, acc: 0.9836, test_acc: 0.7105, f1: 0.6997
loss: 0.0395, acc: 0.9824, test_acc: 0.7061, f1: 0.6980
loss: 0.0001, acc: 0.9828, test_acc: 0.7223, f1: 0.7109
loss: 0.0015, acc: 0.9832, test_acc: 0.7061, f1: 0.7036
loss: 0.0058, acc: 0.9836, test_acc: 0.7061, f1: 0.6997
loss: 0.0004, acc: 0.9840, test_acc: 0.7164, f1: 0.7040
loss: 0.0123, acc: 0.9844, test_acc: 0.7253, f1: 0.7020
loss: 0.0292, acc: 0.9847, test_acc: 0.7253, f1: 0.7013
loss: 0.0130, acc: 0.9851, test_acc: 0.7326, f1: 0.7171
loss: 0.0000, acc: 0.9854, test_acc: 0.7326, f1: 0.7177
loss: 0.0002, acc: 0.9857, test_acc: 0.7326, f1: 0.7196
loss: 0.0019, acc: 0.9860, test_acc: 0.7282, f1: 0.7189
loss: 0.1777, acc: 0.9838, test_acc: 0.6957, f1: 0.6958
loss: 0.0927, acc: 0.9828, test_acc: 0.6883, f1: 0.6820
loss: 0.1380, acc: 0.9808, test_acc: 0.7105, f1: 0.6939
loss: 0.0005, acc: 0.9811, test_acc: 0.7194, f1: 0.6976
loss: 0.0001, acc: 0.9815, test_acc: 0.7149, f1: 0.6885
loss: 0.0088, acc: 0.9818, test_acc: 0.7194, f1: 0.7014
loss: 0.0153, acc: 0.9821, test_acc: 0.6957, f1: 0.6929
loss: 0.2052, acc: 0.9814, test_acc: 0.6617, f1: 0.6667
loss: 0.1640, acc: 0.9795, test_acc: 0.7090, f1: 0.6933
loss: 0.0032, acc: 0.9799, test_acc: 0.6957, f1: 0.6679
loss: 0.1128, acc: 0.9792, test_acc: 0.6942, f1: 0.6903
loss: 0.0629, acc: 0.9785, test_acc: 0.6869, f1: 0.6909
loss: 0.0006, acc: 0.9788, test_acc: 0.6972, f1: 0.6933
loss: 0.5428, acc: 0.9782, test_acc: 0.7105, f1: 0.7011
loss: 0.2619, acc: 0.9766, test_acc: 0.7208, f1: 0.7100
loss: 0.0006, acc: 0.9769, test_acc: 0.7194, f1: 0.7101
loss: 0.2814, acc: 0.9754, test_acc: 0.7194, f1: 0.7105
loss: 0.0022, acc: 0.9757, test_acc: 0.7341, f1: 0.7156
loss: 0.1032, acc: 0.9752, test_acc: 0.7267, f1: 0.7155
loss: 0.0600, acc: 0.9755, test_acc: 0.7238, f1: 0.7188
loss: 0.0051, acc: 0.9759, test_acc: 0.7267, f1: 0.7206
loss: 0.0004, acc: 0.9762, test_acc: 0.7400, f1: 0.7273
loss: 0.0476, acc: 0.9766, test_acc: 0.7326, f1: 0.7247
loss: 0.1448, acc: 0.9760, test_acc: 0.7075, f1: 0.7047
loss: 0.0020, acc: 0.9764, test_acc: 0.7179, f1: 0.7104
loss: 0.0033, acc: 0.9767, test_acc: 0.7297, f1: 0.7221
loss: 0.0780, acc: 0.9762, test_acc: 0.7223, f1: 0.7179
>>>>>>>>>>>>>>>>>>>>>>>>>>>>>>>>>>>>>>>>>>>>>>>>>>>>>>>>>>>>
epoch: 9
loss: 0.0869, acc: 0.9375, test_acc: 0.6957, f1: 0.6745
loss: 0.0075, acc: 0.9688, test_acc: 0.7105, f1: 0.7127
loss: 0.1159, acc: 0.9375, test_acc: 0.6972, f1: 0.6976
loss: 0.0009, acc: 0.9531, test_acc: 0.7341, f1: 0.7270
loss: 0.0291, acc: 0.9625, test_acc: 0.7312, f1: 0.7220
loss: 0.0127, acc: 0.9688, test_acc: 0.7267, f1: 0.7133
loss: 0.1369, acc: 0.9643, test_acc: 0.7400, f1: 0.7287
loss: 0.0100, acc: 0.9688, test_acc: 0.7341, f1: 0.7276
loss: 0.0002, acc: 0.9722, test_acc: 0.7149, f1: 0.7172
loss: 0.0357, acc: 0.9688, test_acc: 0.7120, f1: 0.7137
loss: 0.0313, acc: 0.9716, test_acc: 0.7297, f1: 0.7237
loss: 0.0007, acc: 0.9740, test_acc: 0.7253, f1: 0.7188
loss: 0.3284, acc: 0.9712, test_acc: 0.7031, f1: 0.7062
loss: 0.0001, acc: 0.9732, test_acc: 0.7164, f1: 0.7141
loss: 0.0800, acc: 0.9708, test_acc: 0.7253, f1: 0.7176
loss: 0.3518, acc: 0.9648, test_acc: 0.7149, f1: 0.6997
loss: 0.0008, acc: 0.9669, test_acc: 0.7134, f1: 0.7008
loss: 0.0167, acc: 0.9688, test_acc: 0.7356, f1: 0.7208
loss: 0.0077, acc: 0.9704, test_acc: 0.7312, f1: 0.7227
loss: 0.0199, acc: 0.9719, test_acc: 0.7253, f1: 0.7215
loss: 0.2644, acc: 0.9702, test_acc: 0.7371, f1: 0.7291
loss: 0.0062, acc: 0.9716, test_acc: 0.7356, f1: 0.7220
loss: 0.0166, acc: 0.9728, test_acc: 0.7459, f1: 0.7348
loss: 0.0009, acc: 0.9740, test_acc: 0.7445, f1: 0.7360
loss: 0.0664, acc: 0.9750, test_acc: 0.7445, f1: 0.7373
loss: 0.0016, acc: 0.9760, test_acc: 0.7356, f1: 0.7286
loss: 0.0004, acc: 0.9769, test_acc: 0.7312, f1: 0.7249
loss: 0.1498, acc: 0.9754, test_acc: 0.7341, f1: 0.7268
loss: 0.0065, acc: 0.9763, test_acc: 0.7386, f1: 0.7296
loss: 0.0000, acc: 0.9771, test_acc: 0.7445, f1: 0.7363
loss: 0.0014, acc: 0.9778, test_acc: 0.7016, f1: 0.6971
loss: 0.0031, acc: 0.9785, test_acc: 0.7238, f1: 0.7166
loss: 0.0101, acc: 0.9792, test_acc: 0.7489, f1: 0.7384
loss: 0.0027, acc: 0.9798, test_acc: 0.7386, f1: 0.7303
loss: 0.0023, acc: 0.9804, test_acc: 0.7326, f1: 0.7247
loss: 0.0081, acc: 0.9809, test_acc: 0.7208, f1: 0.7177
loss: 0.0638, acc: 0.9797, test_acc: 0.7238, f1: 0.7193
loss: 0.5415, acc: 0.9770, test_acc: 0.7238, f1: 0.7197
loss: 0.1010, acc: 0.9760, test_acc: 0.7238, f1: 0.7154
loss: 0.0039, acc: 0.9766, test_acc: 0.7341, f1: 0.7210
loss: 0.0007, acc: 0.9771, test_acc: 0.7164, f1: 0.7142
loss: 0.0006, acc: 0.9777, test_acc: 0.7016, f1: 0.7045
loss: 0.0003, acc: 0.9782, test_acc: 0.7238, f1: 0.7260
loss: 0.0001, acc: 0.9787, test_acc: 0.7267, f1: 0.7220
loss: 0.1129, acc: 0.9778, test_acc: 0.7282, f1: 0.7189
loss: 0.0001, acc: 0.9783, test_acc: 0.7223, f1: 0.7035
loss: 0.0026, acc: 0.9787, test_acc: 0.7134, f1: 0.6891
loss: 0.0190, acc: 0.9792, test_acc: 0.7149, f1: 0.7070
loss: 0.0044, acc: 0.9796, test_acc: 0.7282, f1: 0.7278
loss: 0.5010, acc: 0.9788, test_acc: 0.7120, f1: 0.7082
loss: 0.0002, acc: 0.9792, test_acc: 0.7282, f1: 0.7198
loss: 0.0075, acc: 0.9796, test_acc: 0.7356, f1: 0.7280
loss: 0.0084, acc: 0.9800, test_acc: 0.7459, f1: 0.7393
loss: 0.0026, acc: 0.9803, test_acc: 0.7430, f1: 0.7359
loss: 0.0084, acc: 0.9807, test_acc: 0.7386, f1: 0.7295
loss: 0.0013, acc: 0.9810, test_acc: 0.7238, f1: 0.7192
loss: 0.0051, acc: 0.9814, test_acc: 0.7001, f1: 0.7011
loss: 0.0003, acc: 0.9817, test_acc: 0.7031, f1: 0.7025
loss: 0.0010, acc: 0.9820, test_acc: 0.7312, f1: 0.7235
loss: 0.0003, acc: 0.9823, test_acc: 0.7164, f1: 0.7101
loss: 0.6570, acc: 0.9805, test_acc: 0.7326, f1: 0.7209
loss: 0.0003, acc: 0.9808, test_acc: 0.7134, f1: 0.7088
loss: 0.0034, acc: 0.9812, test_acc: 0.7046, f1: 0.7049
loss: 0.4407, acc: 0.9795, test_acc: 0.7223, f1: 0.7104
loss: 0.0164, acc: 0.9798, test_acc: 0.7371, f1: 0.7288
loss: 0.0000, acc: 0.9801, test_acc: 0.7179, f1: 0.7146
loss: 0.0001, acc: 0.9804, test_acc: 0.7016, f1: 0.6998
loss: 0.0243, acc: 0.9807, test_acc: 0.7075, f1: 0.7033
loss: 0.2102, acc: 0.9801, test_acc: 0.7282, f1: 0.7223
loss: 0.1518, acc: 0.9795, test_acc: 0.7267, f1: 0.7237
loss: 0.0057, acc: 0.9798, test_acc: 0.7253, f1: 0.7202
loss: 0.2524, acc: 0.9792, test_acc: 0.7312, f1: 0.7249
loss: 0.0013, acc: 0.9795, test_acc: 0.7533, f1: 0.7423
loss: 0.0004, acc: 0.9797, test_acc: 0.7548, f1: 0.7420
loss: 0.0053, acc: 0.9800, test_acc: 0.7430, f1: 0.7368
loss: 2.0763, acc: 0.9792, test_acc: 0.7075, f1: 0.7088
>>>>>>>>>>>>>>>>>>>>>>>>>>>>>>>>>>>>>>>>>>>>>>>>>>>>>>>>>>>>
epoch: 10
loss: 0.7712, acc: 0.7500, test_acc: 0.6632, f1: 0.6713
loss: 0.5369, acc: 0.8125, test_acc: 0.7061, f1: 0.6675
loss: 0.1041, acc: 0.8542, test_acc: 0.6736, f1: 0.6681
loss: 0.5543, acc: 0.8594, test_acc: 0.6484, f1: 0.6521
loss: 0.0002, acc: 0.8875, test_acc: 0.7208, f1: 0.7207
loss: 0.0688, acc: 0.8958, test_acc: 0.7386, f1: 0.7269
loss: 0.0153, acc: 0.9107, test_acc: 0.7341, f1: 0.7264
loss: 0.7545, acc: 0.9141, test_acc: 0.6736, f1: 0.6766
loss: 0.0362, acc: 0.9167, test_acc: 0.7061, f1: 0.7066
loss: 0.0026, acc: 0.9250, test_acc: 0.7474, f1: 0.7284
loss: 0.0078, acc: 0.9318, test_acc: 0.7415, f1: 0.7262
loss: 0.0000, acc: 0.9375, test_acc: 0.7253, f1: 0.7234
loss: 0.2153, acc: 0.9375, test_acc: 0.6972, f1: 0.6994
loss: 0.0161, acc: 0.9420, test_acc: 0.6957, f1: 0.6979
loss: 0.0032, acc: 0.9458, test_acc: 0.7371, f1: 0.7302
loss: 1.3639, acc: 0.9414, test_acc: 0.7341, f1: 0.7189
loss: 0.0016, acc: 0.9449, test_acc: 0.7120, f1: 0.7095
loss: 0.0060, acc: 0.9479, test_acc: 0.7090, f1: 0.7103
loss: 1.1680, acc: 0.9441, test_acc: 0.7341, f1: 0.7318
loss: 0.0135, acc: 0.9469, test_acc: 0.7046, f1: 0.6805
loss: 0.3323, acc: 0.9464, test_acc: 0.7341, f1: 0.7183
loss: 0.0003, acc: 0.9489, test_acc: 0.7105, f1: 0.7094
loss: 0.2118, acc: 0.9484, test_acc: 0.7061, f1: 0.7013
loss: 0.7290, acc: 0.9453, test_acc: 0.7134, f1: 0.7050
loss: 0.2161, acc: 0.9450, test_acc: 0.7356, f1: 0.7291
loss: 0.0198, acc: 0.9471, test_acc: 0.6854, f1: 0.6865
loss: 0.0199, acc: 0.9491, test_acc: 0.6898, f1: 0.6924
loss: 0.0001, acc: 0.9509, test_acc: 0.7371, f1: 0.7328
loss: 0.0002, acc: 0.9526, test_acc: 0.7297, f1: 0.7224
loss: 0.0596, acc: 0.9542, test_acc: 0.7090, f1: 0.7142
loss: 0.0003, acc: 0.9556, test_acc: 0.7149, f1: 0.7189
loss: 0.0030, acc: 0.9570, test_acc: 0.7386, f1: 0.7371
loss: 0.0143, acc: 0.9583, test_acc: 0.7474, f1: 0.7356
loss: 0.0052, acc: 0.9596, test_acc: 0.7518, f1: 0.7388
loss: 0.0006, acc: 0.9607, test_acc: 0.7533, f1: 0.7420
loss: 0.1664, acc: 0.9601, test_acc: 0.7445, f1: 0.7349
loss: 0.2795, acc: 0.9595, test_acc: 0.7474, f1: 0.7402
loss: 0.0003, acc: 0.9605, test_acc: 0.7459, f1: 0.7350
loss: 0.0035, acc: 0.9615, test_acc: 0.7489, f1: 0.7350
loss: 0.0057, acc: 0.9625, test_acc: 0.7415, f1: 0.7335
loss: 0.0379, acc: 0.9619, test_acc: 0.6662, f1: 0.6740
loss: 0.0623, acc: 0.9628, test_acc: 0.7194, f1: 0.7178
loss: 0.0017, acc: 0.9637, test_acc: 0.7504, f1: 0.7387
loss: 0.1454, acc: 0.9631, test_acc: 0.7504, f1: 0.7378
loss: 0.1356, acc: 0.9625, test_acc: 0.7001, f1: 0.6993
loss: 0.4774, acc: 0.9620, test_acc: 0.6987, f1: 0.6991
loss: 0.0050, acc: 0.9628, test_acc: 0.7445, f1: 0.7351
loss: 0.0001, acc: 0.9635, test_acc: 0.7489, f1: 0.7337
loss: 0.0047, acc: 0.9643, test_acc: 0.7518, f1: 0.7330
loss: 0.2066, acc: 0.9637, test_acc: 0.7533, f1: 0.7431
loss: 0.0026, acc: 0.9645, test_acc: 0.7001, f1: 0.7014
loss: 0.5984, acc: 0.9627, test_acc: 0.7016, f1: 0.7015
loss: 0.1660, acc: 0.9623, test_acc: 0.7459, f1: 0.7348
loss: 0.1337, acc: 0.9618, test_acc: 0.7578, f1: 0.7461
loss: 0.2221, acc: 0.9614, test_acc: 0.7474, f1: 0.7362
loss: 0.0000, acc: 0.9621, test_acc: 0.7504, f1: 0.7420
loss: 0.0011, acc: 0.9627, test_acc: 0.7356, f1: 0.7347
loss: 0.0002, acc: 0.9634, test_acc: 0.7149, f1: 0.7105
loss: 0.0035, acc: 0.9640, test_acc: 0.7356, f1: 0.7121
loss: 0.0077, acc: 0.9646, test_acc: 0.7194, f1: 0.7032
loss: 0.0332, acc: 0.9652, test_acc: 0.6854, f1: 0.6865
loss: 0.3096, acc: 0.9627, test_acc: 0.6913, f1: 0.6893
loss: 0.0194, acc: 0.9633, test_acc: 0.7312, f1: 0.7132
loss: 0.0617, acc: 0.9629, test_acc: 0.7297, f1: 0.7092
loss: 0.0683, acc: 0.9625, test_acc: 0.7149, f1: 0.7084
loss: 0.0001, acc: 0.9631, test_acc: 0.6883, f1: 0.6914
loss: 0.0019, acc: 0.9636, test_acc: 0.7105, f1: 0.7051
loss: 0.0211, acc: 0.9642, test_acc: 0.7090, f1: 0.6985
loss: 0.0919, acc: 0.9638, test_acc: 0.7016, f1: 0.6973
loss: 0.0136, acc: 0.9643, test_acc: 0.7120, f1: 0.7083
loss: 0.3147, acc: 0.9639, test_acc: 0.6972, f1: 0.6934
loss: 0.0866, acc: 0.9644, test_acc: 0.6795, f1: 0.6453
loss: 0.0031, acc: 0.9649, test_acc: 0.7253, f1: 0.7184
loss: 0.0730, acc: 0.9645, test_acc: 0.6662, f1: 0.6649
loss: 0.0331, acc: 0.9650, test_acc: 0.7134, f1: 0.7061
>>>>>>>>>>>>>>>>>>>>>>>>>>>>>>>>>>>>>>>>>>>>>>>>>>>>>>>>>>>>
epoch: 11
loss: 0.0001, acc: 1.0000, test_acc: 0.7356, f1: 0.7228
loss: 0.0022, acc: 1.0000, test_acc: 0.7164, f1: 0.7100
loss: 0.0000, acc: 1.0000, test_acc: 0.7194, f1: 0.7128
loss: 0.0982, acc: 0.9844, test_acc: 0.7149, f1: 0.7098
loss: 0.0003, acc: 0.9875, test_acc: 0.7164, f1: 0.7089
loss: 0.0013, acc: 0.9896, test_acc: 0.7164, f1: 0.7013
loss: 0.0000, acc: 0.9911, test_acc: 0.7238, f1: 0.7111
loss: 0.0019, acc: 0.9922, test_acc: 0.7253, f1: 0.7159
loss: 0.0124, acc: 0.9931, test_acc: 0.6854, f1: 0.6831
loss: 0.0024, acc: 0.9938, test_acc: 0.7090, f1: 0.7078
loss: 0.0001, acc: 0.9943, test_acc: 0.7120, f1: 0.7075
loss: 0.0015, acc: 0.9948, test_acc: 0.7208, f1: 0.7085
loss: 0.0003, acc: 0.9952, test_acc: 0.7179, f1: 0.7073
loss: 0.5239, acc: 0.9866, test_acc: 0.7238, f1: 0.7131
loss: 0.0216, acc: 0.9875, test_acc: 0.7312, f1: 0.7181
loss: 0.1596, acc: 0.9844, test_acc: 0.7297, f1: 0.7194
loss: 0.0022, acc: 0.9853, test_acc: 0.7238, f1: 0.7096
loss: 0.1231, acc: 0.9826, test_acc: 0.7194, f1: 0.7076
loss: 0.0182, acc: 0.9836, test_acc: 0.6972, f1: 0.6940
loss: 0.2887, acc: 0.9750, test_acc: 0.6396, f1: 0.6406
loss: 0.2584, acc: 0.9702, test_acc: 0.6795, f1: 0.6790
loss: 0.1192, acc: 0.9688, test_acc: 0.7326, f1: 0.7189
loss: 0.1450, acc: 0.9674, test_acc: 0.7326, f1: 0.7115
loss: 0.0005, acc: 0.9688, test_acc: 0.7253, f1: 0.7090
loss: 0.0001, acc: 0.9700, test_acc: 0.7253, f1: 0.7118
loss: 0.0027, acc: 0.9712, test_acc: 0.6913, f1: 0.6886
loss: 0.0016, acc: 0.9722, test_acc: 0.6750, f1: 0.6741
loss: 0.0000, acc: 0.9732, test_acc: 0.7267, f1: 0.7188
loss: 0.0005, acc: 0.9741, test_acc: 0.7297, f1: 0.7167
loss: 0.0001, acc: 0.9750, test_acc: 0.7326, f1: 0.7213
loss: 0.3995, acc: 0.9718, test_acc: 0.7149, f1: 0.7132
loss: 0.0438, acc: 0.9707, test_acc: 0.7046, f1: 0.7048
loss: 0.0004, acc: 0.9716, test_acc: 0.7120, f1: 0.7085
loss: 0.1140, acc: 0.9706, test_acc: 0.7179, f1: 0.7133
loss: 0.0017, acc: 0.9714, test_acc: 0.7223, f1: 0.7168
loss: 0.0039, acc: 0.9722, test_acc: 0.7223, f1: 0.7142
loss: 0.0171, acc: 0.9730, test_acc: 0.7312, f1: 0.7215
loss: 0.0005, acc: 0.9737, test_acc: 0.7253, f1: 0.7149
loss: 0.0017, acc: 0.9744, test_acc: 0.7312, f1: 0.7194
loss: 0.0005, acc: 0.9750, test_acc: 0.7371, f1: 0.7240
loss: 0.0129, acc: 0.9756, test_acc: 0.7282, f1: 0.7199
loss: 0.0048, acc: 0.9762, test_acc: 0.7267, f1: 0.7208
loss: 0.0002, acc: 0.9767, test_acc: 0.7194, f1: 0.7165
loss: 0.0039, acc: 0.9773, test_acc: 0.7194, f1: 0.7177
loss: 0.0110, acc: 0.9778, test_acc: 0.7282, f1: 0.7258
loss: 0.0326, acc: 0.9783, test_acc: 0.7400, f1: 0.7346
loss: 0.0000, acc: 0.9787, test_acc: 0.7459, f1: 0.7380
loss: 0.0007, acc: 0.9792, test_acc: 0.7533, f1: 0.7448
loss: 0.0000, acc: 0.9796, test_acc: 0.7415, f1: 0.7360
loss: 0.0011, acc: 0.9800, test_acc: 0.7120, f1: 0.7125
loss: 0.0816, acc: 0.9792, test_acc: 0.6987, f1: 0.7010
loss: 0.0017, acc: 0.9796, test_acc: 0.7267, f1: 0.7183
loss: 0.0004, acc: 0.9800, test_acc: 0.7445, f1: 0.7315
loss: 0.0014, acc: 0.9803, test_acc: 0.7474, f1: 0.7423
loss: 0.0043, acc: 0.9807, test_acc: 0.7267, f1: 0.7234
loss: 0.0108, acc: 0.9810, test_acc: 0.7179, f1: 0.7143
loss: 0.3092, acc: 0.9803, test_acc: 0.7578, f1: 0.7477
loss: 0.0005, acc: 0.9806, test_acc: 0.7622, f1: 0.7507
loss: 0.1194, acc: 0.9799, test_acc: 0.7474, f1: 0.7404
loss: 0.0102, acc: 0.9802, test_acc: 0.7533, f1: 0.7469
loss: 0.0070, acc: 0.9805, test_acc: 0.7548, f1: 0.7491
loss: 0.0013, acc: 0.9808, test_acc: 0.7578, f1: 0.7512
loss: 0.0005, acc: 0.9812, test_acc: 0.7548, f1: 0.7459
loss: 0.0005, acc: 0.9814, test_acc: 0.7607, f1: 0.7540
loss: 0.3733, acc: 0.9798, test_acc: 0.6765, f1: 0.6768
loss: 0.0017, acc: 0.9801, test_acc: 0.7253, f1: 0.7224
loss: 0.2336, acc: 0.9795, test_acc: 0.7474, f1: 0.7360
loss: 0.0063, acc: 0.9798, test_acc: 0.7637, f1: 0.7528
loss: 0.0054, acc: 0.9801, test_acc: 0.7563, f1: 0.7443
loss: 0.0806, acc: 0.9795, test_acc: 0.7415, f1: 0.7311
loss: 0.0002, acc: 0.9798, test_acc: 0.7445, f1: 0.7352
loss: 0.0545, acc: 0.9792, test_acc: 0.7592, f1: 0.7480
loss: 0.0004, acc: 0.9795, test_acc: 0.7563, f1: 0.7452
loss: 0.0498, acc: 0.9797, test_acc: 0.7504, f1: 0.7407
loss: 0.0000, acc: 0.9800, test_acc: 0.7253, f1: 0.7223
loss: 0.0006, acc: 0.9803, test_acc: 0.6972, f1: 0.6978
>>>>>>>>>>>>>>>>>>>>>>>>>>>>>>>>>>>>>>>>>>>>>>>>>>>>>>>>>>>>
epoch: 12
loss: 0.0326, acc: 1.0000, test_acc: 0.7105, f1: 0.7106
loss: 0.0000, acc: 1.0000, test_acc: 0.7386, f1: 0.7316
loss: 0.0034, acc: 1.0000, test_acc: 0.7504, f1: 0.7382
loss: 0.0001, acc: 1.0000, test_acc: 0.7548, f1: 0.7410
loss: 0.0004, acc: 1.0000, test_acc: 0.7533, f1: 0.7405
loss: 0.0000, acc: 1.0000, test_acc: 0.7445, f1: 0.7341
loss: 0.0002, acc: 1.0000, test_acc: 0.7415, f1: 0.7319
loss: 0.0000, acc: 1.0000, test_acc: 0.7415, f1: 0.7323
loss: 0.0000, acc: 1.0000, test_acc: 0.7415, f1: 0.7306
loss: 0.0140, acc: 1.0000, test_acc: 0.7430, f1: 0.7312
loss: 0.1355, acc: 0.9943, test_acc: 0.7400, f1: 0.7289
loss: 0.0027, acc: 0.9948, test_acc: 0.7120, f1: 0.7089
loss: 0.0000, acc: 0.9952, test_acc: 0.7046, f1: 0.7036
loss: 0.0006, acc: 0.9955, test_acc: 0.7016, f1: 0.6990
loss: 0.0003, acc: 0.9958, test_acc: 0.7430, f1: 0.7261
loss: 0.0000, acc: 0.9961, test_acc: 0.7312, f1: 0.7211
loss: 0.0000, acc: 0.9963, test_acc: 0.7134, f1: 0.7070
loss: 0.0000, acc: 0.9965, test_acc: 0.7120, f1: 0.7063
loss: 0.0001, acc: 0.9967, test_acc: 0.7105, f1: 0.7103
loss: 0.4027, acc: 0.9938, test_acc: 0.7001, f1: 0.7000
loss: 0.0001, acc: 0.9940, test_acc: 0.7164, f1: 0.7109
loss: 0.0000, acc: 0.9943, test_acc: 0.7312, f1: 0.7239
loss: 0.0000, acc: 0.9946, test_acc: 0.7282, f1: 0.7214
loss: 0.0404, acc: 0.9948, test_acc: 0.7297, f1: 0.7227
loss: 0.0000, acc: 0.9950, test_acc: 0.7238, f1: 0.7183
loss: 0.0002, acc: 0.9952, test_acc: 0.7208, f1: 0.7152
loss: 0.0000, acc: 0.9954, test_acc: 0.7312, f1: 0.7244
loss: 0.0480, acc: 0.9955, test_acc: 0.7223, f1: 0.7143
loss: 0.0097, acc: 0.9957, test_acc: 0.7238, f1: 0.7193
loss: 0.0003, acc: 0.9958, test_acc: 0.7120, f1: 0.7079
loss: 0.0000, acc: 0.9960, test_acc: 0.7120, f1: 0.7075
loss: 0.0001, acc: 0.9961, test_acc: 0.7179, f1: 0.7138
loss: 0.0001, acc: 0.9962, test_acc: 0.7090, f1: 0.7062
loss: 0.1725, acc: 0.9945, test_acc: 0.7090, f1: 0.7061
loss: 0.0000, acc: 0.9946, test_acc: 0.7194, f1: 0.7147
loss: 0.1575, acc: 0.9931, test_acc: 0.7341, f1: 0.7254
loss: 0.0000, acc: 0.9932, test_acc: 0.7326, f1: 0.7246
loss: 0.0000, acc: 0.9934, test_acc: 0.7105, f1: 0.7085
loss: 0.7187, acc: 0.9888, test_acc: 0.7090, f1: 0.7087
loss: 0.0053, acc: 0.9891, test_acc: 0.6736, f1: 0.6769
loss: 0.0001, acc: 0.9893, test_acc: 0.6913, f1: 0.6917
loss: 0.0001, acc: 0.9896, test_acc: 0.7297, f1: 0.7245
loss: 0.0046, acc: 0.9898, test_acc: 0.7267, f1: 0.7215
loss: 0.0000, acc: 0.9901, test_acc: 0.7105, f1: 0.7067
loss: 0.0000, acc: 0.9903, test_acc: 0.7179, f1: 0.7123
loss: 0.0000, acc: 0.9905, test_acc: 0.7105, f1: 0.7074
loss: 0.0004, acc: 0.9907, test_acc: 0.7061, f1: 0.7048
loss: 0.0002, acc: 0.9909, test_acc: 0.7031, f1: 0.7020
loss: 0.0133, acc: 0.9911, test_acc: 0.6928, f1: 0.6916
loss: 0.0000, acc: 0.9912, test_acc: 0.6928, f1: 0.6902
loss: 0.0000, acc: 0.9914, test_acc: 0.7120, f1: 0.7077
loss: 0.0001, acc: 0.9916, test_acc: 0.7164, f1: 0.7100
loss: 0.0001, acc: 0.9917, test_acc: 0.7267, f1: 0.7191
loss: 0.0001, acc: 0.9919, test_acc: 0.7312, f1: 0.7222
loss: 0.0000, acc: 0.9920, test_acc: 0.7356, f1: 0.7259
loss: 0.0018, acc: 0.9922, test_acc: 0.7341, f1: 0.7238
loss: 0.0000, acc: 0.9923, test_acc: 0.7120, f1: 0.7082
loss: 0.0000, acc: 0.9925, test_acc: 0.6987, f1: 0.7001
loss: 0.0000, acc: 0.9926, test_acc: 0.7001, f1: 0.7032
loss: 0.0002, acc: 0.9927, test_acc: 0.7164, f1: 0.7132
loss: 0.0118, acc: 0.9928, test_acc: 0.7238, f1: 0.7171
loss: 0.0000, acc: 0.9929, test_acc: 0.7312, f1: 0.7206
loss: 0.0036, acc: 0.9931, test_acc: 0.7341, f1: 0.7218
loss: 0.0143, acc: 0.9932, test_acc: 0.7326, f1: 0.7240
loss: 0.0000, acc: 0.9933, test_acc: 0.7149, f1: 0.7133
loss: 0.0000, acc: 0.9934, test_acc: 0.7134, f1: 0.7115
loss: 0.0209, acc: 0.9935, test_acc: 0.7164, f1: 0.7116
loss: 0.3690, acc: 0.9926, test_acc: 0.7223, f1: 0.7139
loss: 0.4922, acc: 0.9918, test_acc: 0.7149, f1: 0.7084
loss: 0.3337, acc: 0.9911, test_acc: 0.7134, f1: 0.7077
loss: 0.0013, acc: 0.9912, test_acc: 0.7090, f1: 0.7050
loss: 0.0008, acc: 0.9913, test_acc: 0.6869, f1: 0.6850
loss: 0.0131, acc: 0.9914, test_acc: 0.7371, f1: 0.7275
loss: 0.1440, acc: 0.9907, test_acc: 0.7430, f1: 0.7298
loss: 0.0011, acc: 0.9908, test_acc: 0.7341, f1: 0.7268
loss: 0.0985, acc: 0.9901, test_acc: 0.7238, f1: 0.7223
>>>>>>>>>>>>>>>>>>>>>>>>>>>>>>>>>>>>>>>>>>>>>>>>>>>>>>>>>>>>
epoch: 13
loss: 0.0001, acc: 1.0000, test_acc: 0.7179, f1: 0.7171
loss: 0.0000, acc: 1.0000, test_acc: 0.7194, f1: 0.7142
loss: 0.0012, acc: 1.0000, test_acc: 0.7459, f1: 0.7329
loss: 0.0001, acc: 1.0000, test_acc: 0.7415, f1: 0.7298
loss: 0.0000, acc: 1.0000, test_acc: 0.7386, f1: 0.7312
loss: 0.0000, acc: 1.0000, test_acc: 0.7194, f1: 0.7173
loss: 0.0000, acc: 1.0000, test_acc: 0.7179, f1: 0.7169
loss: 0.0067, acc: 1.0000, test_acc: 0.7120, f1: 0.7110
loss: 0.0000, acc: 1.0000, test_acc: 0.6987, f1: 0.6929
loss: 0.0009, acc: 1.0000, test_acc: 0.7326, f1: 0.7209
loss: 0.0042, acc: 1.0000, test_acc: 0.7430, f1: 0.7273
loss: 0.0032, acc: 1.0000, test_acc: 0.7430, f1: 0.7265
loss: 0.0000, acc: 1.0000, test_acc: 0.7371, f1: 0.7197
loss: 0.1057, acc: 0.9955, test_acc: 0.7267, f1: 0.7112
loss: 0.1164, acc: 0.9917, test_acc: 0.7238, f1: 0.7094
loss: 0.0001, acc: 0.9922, test_acc: 0.7164, f1: 0.7062
loss: 0.0000, acc: 0.9926, test_acc: 0.7223, f1: 0.7111
loss: 0.0628, acc: 0.9896, test_acc: 0.7297, f1: 0.7199
loss: 0.0020, acc: 0.9901, test_acc: 0.7415, f1: 0.7304
loss: 0.0000, acc: 0.9906, test_acc: 0.7445, f1: 0.7338
loss: 0.0003, acc: 0.9911, test_acc: 0.7194, f1: 0.7128
loss: 0.0000, acc: 0.9915, test_acc: 0.7267, f1: 0.7214
loss: 0.0509, acc: 0.9918, test_acc: 0.7238, f1: 0.7197
loss: 0.0815, acc: 0.9896, test_acc: 0.7312, f1: 0.7239
loss: 0.0035, acc: 0.9900, test_acc: 0.7223, f1: 0.7159
loss: 0.0000, acc: 0.9904, test_acc: 0.7179, f1: 0.7124
loss: 0.0075, acc: 0.9907, test_acc: 0.7149, f1: 0.7104
loss: 0.0000, acc: 0.9911, test_acc: 0.7297, f1: 0.7212
loss: 0.0002, acc: 0.9914, test_acc: 0.7430, f1: 0.7302
loss: 0.0001, acc: 0.9917, test_acc: 0.7371, f1: 0.7221
loss: 0.0000, acc: 0.9919, test_acc: 0.7312, f1: 0.7170
loss: 0.0000, acc: 0.9922, test_acc: 0.7238, f1: 0.7168
loss: 0.0000, acc: 0.9924, test_acc: 0.6972, f1: 0.6958
loss: 0.0000, acc: 0.9926, test_acc: 0.6987, f1: 0.6982
loss: 0.0821, acc: 0.9911, test_acc: 0.7223, f1: 0.7185
loss: 0.0000, acc: 0.9913, test_acc: 0.7326, f1: 0.7231
loss: 0.0000, acc: 0.9916, test_acc: 0.7400, f1: 0.7299
loss: 0.7418, acc: 0.9901, test_acc: 0.7149, f1: 0.7091
loss: 0.0008, acc: 0.9904, test_acc: 0.7001, f1: 0.6965
loss: 0.0000, acc: 0.9906, test_acc: 0.7194, f1: 0.7126
loss: 0.0000, acc: 0.9909, test_acc: 0.7282, f1: 0.7212
loss: 0.0608, acc: 0.9896, test_acc: 0.7356, f1: 0.7315
loss: 0.0018, acc: 0.9898, test_acc: 0.6721, f1: 0.6734
loss: 0.0004, acc: 0.9901, test_acc: 0.6987, f1: 0.6967
loss: 0.0009, acc: 0.9903, test_acc: 0.7415, f1: 0.7303
loss: 0.0052, acc: 0.9905, test_acc: 0.7400, f1: 0.7286
loss: 0.0001, acc: 0.9907, test_acc: 0.6942, f1: 0.6955
loss: 0.5703, acc: 0.9883, test_acc: 0.6736, f1: 0.6765
loss: 0.0017, acc: 0.9885, test_acc: 0.7031, f1: 0.6993
loss: 0.1298, acc: 0.9875, test_acc: 0.7341, f1: 0.7207
loss: 0.0107, acc: 0.9877, test_acc: 0.7312, f1: 0.7217
loss: 0.0382, acc: 0.9880, test_acc: 0.7134, f1: 0.7130
loss: 0.1142, acc: 0.9870, test_acc: 0.7031, f1: 0.7016
loss: 0.0010, acc: 0.9873, test_acc: 0.6809, f1: 0.6840
loss: 0.2243, acc: 0.9864, test_acc: 0.6898, f1: 0.6940
loss: 0.4919, acc: 0.9855, test_acc: 0.7031, f1: 0.6989
loss: 0.0003, acc: 0.9857, test_acc: 0.7326, f1: 0.7226
loss: 0.0008, acc: 0.9860, test_acc: 0.7253, f1: 0.7135
loss: 0.0578, acc: 0.9862, test_acc: 0.7223, f1: 0.7125
loss: 0.0286, acc: 0.9865, test_acc: 0.6809, f1: 0.6788
loss: 0.0798, acc: 0.9857, test_acc: 0.7179, f1: 0.7141
loss: 0.0001, acc: 0.9859, test_acc: 0.7164, f1: 0.7097
loss: 0.0305, acc: 0.9861, test_acc: 0.7194, f1: 0.7116
loss: 0.0000, acc: 0.9863, test_acc: 0.7238, f1: 0.7169
loss: 0.0002, acc: 0.9865, test_acc: 0.7253, f1: 0.7139
loss: 0.0292, acc: 0.9867, test_acc: 0.7297, f1: 0.7201
loss: 0.0186, acc: 0.9869, test_acc: 0.7223, f1: 0.7166
loss: 0.0001, acc: 0.9871, test_acc: 0.7208, f1: 0.7157
loss: 0.0025, acc: 0.9873, test_acc: 0.7090, f1: 0.7060
loss: 0.0034, acc: 0.9875, test_acc: 0.6972, f1: 0.6932
loss: 0.0015, acc: 0.9877, test_acc: 0.6987, f1: 0.6949
loss: 0.0031, acc: 0.9878, test_acc: 0.7105, f1: 0.7073
loss: 0.0002, acc: 0.9880, test_acc: 0.7120, f1: 0.7079
loss: 0.0002, acc: 0.9882, test_acc: 0.7149, f1: 0.7085
loss: 0.0000, acc: 0.9883, test_acc: 0.7179, f1: 0.7090
loss: 0.0010, acc: 0.9885, test_acc: 0.7120, f1: 0.7101
>>>>>>>>>>>>>>>>>>>>>>>>>>>>>>>>>>>>>>>>>>>>>>>>>>>>>>>>>>>>
epoch: 14
loss: 0.0001, acc: 1.0000, test_acc: 0.7134, f1: 0.7126
loss: 0.0085, acc: 1.0000, test_acc: 0.7253, f1: 0.7171
loss: 0.0406, acc: 1.0000, test_acc: 0.7179, f1: 0.7051
loss: 0.0002, acc: 1.0000, test_acc: 0.7253, f1: 0.7165
loss: 0.0000, acc: 1.0000, test_acc: 0.7164, f1: 0.7113
loss: 0.0041, acc: 1.0000, test_acc: 0.7120, f1: 0.7076
loss: 0.0001, acc: 1.0000, test_acc: 0.7120, f1: 0.7076
loss: 0.0019, acc: 1.0000, test_acc: 0.7105, f1: 0.7061
loss: 0.0000, acc: 1.0000, test_acc: 0.7134, f1: 0.7093
loss: 0.2348, acc: 0.9938, test_acc: 0.7105, f1: 0.7070
loss: 0.0005, acc: 0.9943, test_acc: 0.7090, f1: 0.7069
loss: 0.0002, acc: 0.9948, test_acc: 0.6942, f1: 0.6921
loss: 0.0003, acc: 0.9952, test_acc: 0.6913, f1: 0.6875
loss: 0.0001, acc: 0.9955, test_acc: 0.7179, f1: 0.7067
loss: 0.0117, acc: 0.9958, test_acc: 0.7046, f1: 0.6909
loss: 0.4306, acc: 0.9844, test_acc: 0.7238, f1: 0.7150
loss: 0.0176, acc: 0.9853, test_acc: 0.6529, f1: 0.6552
loss: 0.0205, acc: 0.9861, test_acc: 0.6632, f1: 0.6640
loss: 0.1292, acc: 0.9836, test_acc: 0.7208, f1: 0.7149
loss: 0.8356, acc: 0.9812, test_acc: 0.7090, f1: 0.6977
loss: 0.0030, acc: 0.9821, test_acc: 0.7134, f1: 0.7128
loss: 0.0000, acc: 0.9830, test_acc: 0.7016, f1: 0.7047
loss: 0.0001, acc: 0.9837, test_acc: 0.7164, f1: 0.7178
loss: 0.0001, acc: 0.9844, test_acc: 0.7194, f1: 0.7180
loss: 0.0007, acc: 0.9850, test_acc: 0.7253, f1: 0.7233
loss: 0.0011, acc: 0.9856, test_acc: 0.7208, f1: 0.7119
loss: 1.4493, acc: 0.9838, test_acc: 0.7120, f1: 0.7015
loss: 0.1434, acc: 0.9821, test_acc: 0.7312, f1: 0.7183
loss: 0.0005, acc: 0.9828, test_acc: 0.7356, f1: 0.7198
loss: 0.0263, acc: 0.9833, test_acc: 0.6987, f1: 0.6946
loss: 0.5225, acc: 0.9778, test_acc: 0.6942, f1: 0.6934
loss: 0.0876, acc: 0.9766, test_acc: 0.7238, f1: 0.7142
loss: 0.0001, acc: 0.9773, test_acc: 0.7208, f1: 0.7170
loss: 0.0005, acc: 0.9779, test_acc: 0.6721, f1: 0.6768
loss: 0.6308, acc: 0.9768, test_acc: 0.6839, f1: 0.6863
loss: 0.0012, acc: 0.9774, test_acc: 0.6957, f1: 0.6931
loss: 0.0012, acc: 0.9780, test_acc: 0.6972, f1: 0.6915
loss: 0.0001, acc: 0.9786, test_acc: 0.7149, f1: 0.7037
loss: 0.0048, acc: 0.9792, test_acc: 0.7282, f1: 0.7127
loss: 0.1478, acc: 0.9781, test_acc: 0.7238, f1: 0.7115
loss: 0.0139, acc: 0.9787, test_acc: 0.7105, f1: 0.7052
loss: 0.3406, acc: 0.9762, test_acc: 0.7164, f1: 0.7156
loss: 0.0000, acc: 0.9767, test_acc: 0.7297, f1: 0.7181
loss: 0.0041, acc: 0.9773, test_acc: 0.7253, f1: 0.7057
loss: 0.0000, acc: 0.9778, test_acc: 0.7164, f1: 0.7019
loss: 0.0002, acc: 0.9783, test_acc: 0.7149, f1: 0.7088
loss: 0.0308, acc: 0.9787, test_acc: 0.7134, f1: 0.7094
loss: 0.0011, acc: 0.9792, test_acc: 0.6913, f1: 0.6828
loss: 0.0016, acc: 0.9796, test_acc: 0.6854, f1: 0.6751
loss: 0.0007, acc: 0.9800, test_acc: 0.6987, f1: 0.6903
loss: 0.0000, acc: 0.9804, test_acc: 0.7120, f1: 0.7082
loss: 0.0455, acc: 0.9796, test_acc: 0.7194, f1: 0.7125
loss: 0.0055, acc: 0.9800, test_acc: 0.7164, f1: 0.7000
loss: 0.0001, acc: 0.9803, test_acc: 0.7267, f1: 0.7142
loss: 0.0000, acc: 0.9807, test_acc: 0.7120, f1: 0.7057
loss: 0.0022, acc: 0.9810, test_acc: 0.6928, f1: 0.6900
loss: 0.2748, acc: 0.9803, test_acc: 0.6957, f1: 0.6895
loss: 0.2173, acc: 0.9795, test_acc: 0.6898, f1: 0.6781
loss: 0.1272, acc: 0.9788, test_acc: 0.7001, f1: 0.6821
loss: 0.0000, acc: 0.9792, test_acc: 0.7134, f1: 0.6968
loss: 0.0000, acc: 0.9795, test_acc: 0.7208, f1: 0.7047
loss: 2.0153, acc: 0.9788, test_acc: 0.7297, f1: 0.7226
loss: 0.0049, acc: 0.9792, test_acc: 0.6381, f1: 0.6489
loss: 0.0081, acc: 0.9795, test_acc: 0.7134, f1: 0.7137
loss: 0.0021, acc: 0.9798, test_acc: 0.7179, f1: 0.7084
loss: 0.0024, acc: 0.9801, test_acc: 0.7238, f1: 0.7121
loss: 1.1780, acc: 0.9795, test_acc: 0.7282, f1: 0.7224
loss: 0.1971, acc: 0.9789, test_acc: 0.7208, f1: 0.7139
loss: 0.0001, acc: 0.9792, test_acc: 0.7297, f1: 0.7242
loss: 0.0247, acc: 0.9795, test_acc: 0.7386, f1: 0.7268
loss: 0.0000, acc: 0.9798, test_acc: 0.7326, f1: 0.7131
loss: 0.0390, acc: 0.9800, test_acc: 0.7282, f1: 0.7221
loss: 0.8426, acc: 0.9795, test_acc: 0.6913, f1: 0.6915
loss: 0.0034, acc: 0.9797, test_acc: 0.6883, f1: 0.6926
loss: 0.0000, acc: 0.9800, test_acc: 0.7120, f1: 0.7090
loss: 0.0000, acc: 0.9800, test_acc: 0.7253, f1: 0.7175
max_test_acc: 0.7769571639586411, max_f1: 0.7644643219314892
>> saved: ./state_dict/text-gt-bert_twitter_acc_0.7770_f1_0.7645
############################################################
max_test_acc_overall:0.7769571639586411
max_f1_overall:0.7644643219314892
Precision, Recall and F1-Score...
              precision    recall  f1-score   support

           0     0.7862    0.6628    0.7192       172
           1     0.7679    0.7633    0.7656       169
           2     0.7775    0.8423    0.8086       336

    accuracy                         0.7770       677
   macro avg     0.7772    0.7561    0.7645       677
weighted avg     0.7773    0.7770    0.7751       677

Confusion Matrix...
[[114  14  44]
 [  3 129  37]
 [ 28  25 283]]
