cuda memory allocated: 527939072
n_trainable_params: 131699439, n_nontrainable_params: 0
training arguments:
>>> model_name: text-gt-bert
>>> dataset: laptop
>>> optimizer: <class 'torch.optim.adam.Adam'>
>>> initializer: <function xavier_uniform_ at 0x7f13a220cb80>
>>> learning_rate: 0.001
>>> num_epoch: 15
>>> batch_size: 16
>>> log_step: 5
>>> embed_dim: 300
>>> post_dim: 30
>>> pos_dim: 30
>>> deprel_dim: 30
>>> hidden_dim: 768
>>> num_layers: 3
>>> polarities_dim: 3
>>> input_dropout: 0.5
>>> lower: True
>>> directed: False
>>> add_self_loop: True
>>> bidirect: True
>>> rnn_hidden: 60
>>> rnn_layers: 1
>>> rnn_dropout: 0.1
>>> max_length: 100
>>> device: cuda:0
>>> seed: 1000
>>> weight_decay: 0.0001
>>> vocab_dir: ./dataset/Laptops_corenlp
>>> pad_id: 0
>>> graph_conv_type: gin
>>> graph_conv_attention_heads: 4
>>> graph_conv_attn_dropout: 0.0
>>> ffn_dropout: 0.5
>>> attention_heads: 6
>>> attn_dropout: 0.2
>>> norm: ln
>>> max_position: 9
>>> finetune_weight_decay: 0.01
>>> scheduler: none
>>> warmup: 2
>>> cuda: 0
>>> pretrained_bert_name: bert-base-uncased
>>> adam_epsilon: 1e-08
>>> bert_dim: 768
>>> bert_dropout: 0.5
>>> bert_lr: 2e-05
>>> model_class: <class 'models.text_gt_bert.TextGT_BERT'>
>>> dataset_file: {'train': './dataset/Laptops_corenlp/train.json', 'test': './dataset/Laptops_corenlp/test.json'}
>>> inputs_cols: ['text_bert_indices', 'bert_segments_ids', 'attention_mask', 'asp_start', 'asp_end', 'adj_matrix', 'src_mask', 'aspect_mask']
>>> deprel_size: 41
layered learning rate on
>>>>>>>>>>>>>>>>>>>>>>>>>>>>>>>>>>>>>>>>>>>>>>>>>>>>>>>>>>>>
epoch: 0
>> saved: ./state_dict/text-gt-bert_laptop_acc_0.2025_f1_0.1123
loss: 2.9025, acc: 0.2500, test_acc: 0.2025, f1: 0.1123
>> saved: ./state_dict/text-gt-bert_laptop_acc_0.2737_f1_0.1993
loss: 4.8484, acc: 0.2812, test_acc: 0.2737, f1: 0.1993
>> saved: ./state_dict/text-gt-bert_laptop_acc_0.4921_f1_0.3679
loss: 2.5335, acc: 0.2917, test_acc: 0.4921, f1: 0.3679
loss: 0.8195, acc: 0.4062, test_acc: 0.2627, f1: 0.1857
>> saved: ./state_dict/text-gt-bert_laptop_acc_0.5791_f1_0.3791
loss: 1.1720, acc: 0.4500, test_acc: 0.5791, f1: 0.3791
loss: 0.6814, acc: 0.5000, test_acc: 0.5301, f1: 0.4535
loss: 0.8135, acc: 0.5000, test_acc: 0.5380, f1: 0.4821
>> saved: ./state_dict/text-gt-bert_laptop_acc_0.6123_f1_0.4202
loss: 0.9416, acc: 0.5156, test_acc: 0.6123, f1: 0.4202
loss: 0.9393, acc: 0.5208, test_acc: 0.4715, f1: 0.4671
loss: 1.2077, acc: 0.5062, test_acc: 0.5965, f1: 0.4416
>> saved: ./state_dict/text-gt-bert_laptop_acc_0.7120_f1_0.6504
loss: 0.7841, acc: 0.5227, test_acc: 0.7120, f1: 0.6504
loss: 1.2829, acc: 0.5260, test_acc: 0.6313, f1: 0.5903
loss: 1.2192, acc: 0.5288, test_acc: 0.6472, f1: 0.4725
loss: 0.7722, acc: 0.5312, test_acc: 0.5079, f1: 0.4275
loss: 0.9473, acc: 0.5417, test_acc: 0.6725, f1: 0.6324
>> saved: ./state_dict/text-gt-bert_laptop_acc_0.7231_f1_0.6569
loss: 0.6563, acc: 0.5625, test_acc: 0.7231, f1: 0.6569
loss: 0.5565, acc: 0.5809, test_acc: 0.7136, f1: 0.6943
>> saved: ./state_dict/text-gt-bert_laptop_acc_0.7500_f1_0.6894
loss: 0.7669, acc: 0.5868, test_acc: 0.7500, f1: 0.6894
>> saved: ./state_dict/text-gt-bert_laptop_acc_0.7547_f1_0.6942
loss: 0.6204, acc: 0.6020, test_acc: 0.7547, f1: 0.6942
>> saved: ./state_dict/text-gt-bert_laptop_acc_0.7674_f1_0.7336
loss: 0.6323, acc: 0.6062, test_acc: 0.7674, f1: 0.7336
>> saved: ./state_dict/text-gt-bert_laptop_acc_0.7753_f1_0.7410
loss: 0.8071, acc: 0.6131, test_acc: 0.7753, f1: 0.7410
loss: 0.5116, acc: 0.6250, test_acc: 0.7579, f1: 0.7185
loss: 0.6463, acc: 0.6304, test_acc: 0.7358, f1: 0.7203
>> saved: ./state_dict/text-gt-bert_laptop_acc_0.7911_f1_0.7532
loss: 0.6622, acc: 0.6276, test_acc: 0.7911, f1: 0.7532
>> saved: ./state_dict/text-gt-bert_laptop_acc_0.7927_f1_0.7493
loss: 0.4617, acc: 0.6350, test_acc: 0.7927, f1: 0.7493
loss: 0.8188, acc: 0.6394, test_acc: 0.7864, f1: 0.7343
loss: 0.5193, acc: 0.6412, test_acc: 0.7516, f1: 0.7238
loss: 0.7372, acc: 0.6451, test_acc: 0.7484, f1: 0.7277
>>>>>>>>>>>>>>>>>>>>>>>>>>>>>>>>>>>>>>>>>>>>>>>>>>>>>>>>>>>>
epoch: 1
loss: 0.5658, acc: 0.7500, test_acc: 0.7753, f1: 0.7461
loss: 0.3443, acc: 0.8125, test_acc: 0.7468, f1: 0.6915
loss: 0.6203, acc: 0.7917, test_acc: 0.7532, f1: 0.7137
loss: 0.5086, acc: 0.7812, test_acc: 0.7342, f1: 0.6961
loss: 0.6179, acc: 0.7875, test_acc: 0.7880, f1: 0.7535
loss: 0.7804, acc: 0.7708, test_acc: 0.7848, f1: 0.7548
loss: 0.3883, acc: 0.7768, test_acc: 0.7674, f1: 0.7466
loss: 0.1041, acc: 0.7969, test_acc: 0.7880, f1: 0.7567
loss: 0.3801, acc: 0.8056, test_acc: 0.7927, f1: 0.7563
loss: 0.4902, acc: 0.8063, test_acc: 0.7911, f1: 0.7624
loss: 0.2607, acc: 0.8182, test_acc: 0.7864, f1: 0.7465
loss: 0.6585, acc: 0.8177, test_acc: 0.7864, f1: 0.7509
loss: 0.3722, acc: 0.8173, test_acc: 0.7737, f1: 0.7390
loss: 0.3937, acc: 0.8214, test_acc: 0.7658, f1: 0.7324
loss: 0.1382, acc: 0.8292, test_acc: 0.7516, f1: 0.7068
loss: 0.2493, acc: 0.8320, test_acc: 0.7737, f1: 0.7312
loss: 0.7762, acc: 0.8272, test_acc: 0.7722, f1: 0.7351
loss: 0.6924, acc: 0.8194, test_acc: 0.7579, f1: 0.7122
loss: 0.4391, acc: 0.8191, test_acc: 0.7737, f1: 0.7297
loss: 0.6903, acc: 0.8125, test_acc: 0.7832, f1: 0.7452
loss: 0.6253, acc: 0.8095, test_acc: 0.7373, f1: 0.6724
loss: 0.4260, acc: 0.8125, test_acc: 0.7674, f1: 0.7363
>> saved: ./state_dict/text-gt-bert_laptop_acc_0.7943_f1_0.7548
loss: 0.5351, acc: 0.8098, test_acc: 0.7943, f1: 0.7548
loss: 0.5239, acc: 0.8099, test_acc: 0.7674, f1: 0.7294
loss: 0.5645, acc: 0.8050, test_acc: 0.6677, f1: 0.6553
>> saved: ./state_dict/text-gt-bert_laptop_acc_0.7991_f1_0.7724
loss: 0.7934, acc: 0.7981, test_acc: 0.7991, f1: 0.7724
loss: 0.5211, acc: 0.8009, test_acc: 0.7342, f1: 0.6555
loss: 0.3639, acc: 0.8013, test_acc: 0.7737, f1: 0.7387
loss: 0.5050, acc: 0.8017, test_acc: 0.7959, f1: 0.7673
>>>>>>>>>>>>>>>>>>>>>>>>>>>>>>>>>>>>>>>>>>>>>>>>>>>>>>>>>>>>
epoch: 2
loss: 0.1392, acc: 0.9375, test_acc: 0.7911, f1: 0.7584
>> saved: ./state_dict/text-gt-bert_laptop_acc_0.8054_f1_0.7725
loss: 0.6043, acc: 0.8750, test_acc: 0.8054, f1: 0.7725
>> saved: ./state_dict/text-gt-bert_laptop_acc_0.8085_f1_0.7726
loss: 0.1716, acc: 0.9167, test_acc: 0.8085, f1: 0.7726
loss: 0.1276, acc: 0.9062, test_acc: 0.8038, f1: 0.7709
loss: 0.2578, acc: 0.9000, test_acc: 0.7943, f1: 0.7622
loss: 0.1346, acc: 0.9062, test_acc: 0.7880, f1: 0.7526
loss: 0.1386, acc: 0.9196, test_acc: 0.7816, f1: 0.7383
loss: 0.1445, acc: 0.9219, test_acc: 0.7991, f1: 0.7641
loss: 0.3094, acc: 0.9167, test_acc: 0.7832, f1: 0.7391
loss: 0.0668, acc: 0.9250, test_acc: 0.7706, f1: 0.7212
loss: 0.0408, acc: 0.9318, test_acc: 0.7769, f1: 0.7420
loss: 0.7751, acc: 0.9219, test_acc: 0.7737, f1: 0.7394
loss: 0.1128, acc: 0.9231, test_acc: 0.7627, f1: 0.7191
loss: 0.0075, acc: 0.9286, test_acc: 0.7801, f1: 0.7485
loss: 0.2310, acc: 0.9250, test_acc: 0.7706, f1: 0.7470
loss: 0.0324, acc: 0.9297, test_acc: 0.7516, f1: 0.7222
loss: 0.2812, acc: 0.9265, test_acc: 0.7880, f1: 0.7518
loss: 0.1440, acc: 0.9271, test_acc: 0.7500, f1: 0.6919
loss: 0.5304, acc: 0.9243, test_acc: 0.7911, f1: 0.7591
loss: 0.2211, acc: 0.9250, test_acc: 0.7816, f1: 0.7470
loss: 0.2487, acc: 0.9256, test_acc: 0.7769, f1: 0.7423
loss: 0.2517, acc: 0.9233, test_acc: 0.7516, f1: 0.6943
loss: 0.1961, acc: 0.9239, test_acc: 0.7611, f1: 0.7147
loss: 0.0812, acc: 0.9271, test_acc: 0.7832, f1: 0.7456
loss: 0.1024, acc: 0.9275, test_acc: 0.7547, f1: 0.6963
loss: 0.3798, acc: 0.9255, test_acc: 0.7864, f1: 0.7501
loss: 0.1057, acc: 0.9282, test_acc: 0.7263, f1: 0.7133
loss: 0.3636, acc: 0.9241, test_acc: 0.7468, f1: 0.7143
>>>>>>>>>>>>>>>>>>>>>>>>>>>>>>>>>>>>>>>>>>>>>>>>>>>>>>>>>>>>
epoch: 3
loss: 0.6141, acc: 0.8125, test_acc: 0.7389, f1: 0.6656
loss: 0.2397, acc: 0.8438, test_acc: 0.8022, f1: 0.7676
loss: 0.2272, acc: 0.8542, test_acc: 0.8006, f1: 0.7711
loss: 0.0747, acc: 0.8906, test_acc: 0.7959, f1: 0.7582
loss: 0.0951, acc: 0.9000, test_acc: 0.7911, f1: 0.7534
loss: 0.0416, acc: 0.9167, test_acc: 0.7959, f1: 0.7639
loss: 0.1970, acc: 0.9196, test_acc: 0.8006, f1: 0.7725
loss: 0.0761, acc: 0.9219, test_acc: 0.7959, f1: 0.7675
loss: 0.0330, acc: 0.9306, test_acc: 0.7816, f1: 0.7400
loss: 0.1504, acc: 0.9313, test_acc: 0.7801, f1: 0.7361
loss: 0.4635, acc: 0.9261, test_acc: 0.7864, f1: 0.7463
loss: 0.1520, acc: 0.9271, test_acc: 0.7959, f1: 0.7696
loss: 0.0041, acc: 0.9327, test_acc: 0.7927, f1: 0.7649
loss: 0.0150, acc: 0.9375, test_acc: 0.7832, f1: 0.7446
loss: 0.0069, acc: 0.9417, test_acc: 0.7785, f1: 0.7346
loss: 0.0574, acc: 0.9453, test_acc: 0.7816, f1: 0.7408
loss: 0.0694, acc: 0.9449, test_acc: 0.7959, f1: 0.7626
loss: 0.0797, acc: 0.9479, test_acc: 0.7864, f1: 0.7508
loss: 0.5684, acc: 0.9474, test_acc: 0.7690, f1: 0.7188
loss: 0.2626, acc: 0.9437, test_acc: 0.7674, f1: 0.7207
loss: 0.0489, acc: 0.9464, test_acc: 0.7880, f1: 0.7525
loss: 0.0918, acc: 0.9460, test_acc: 0.7959, f1: 0.7621
loss: 0.1658, acc: 0.9457, test_acc: 0.7927, f1: 0.7564
loss: 0.0193, acc: 0.9479, test_acc: 0.7722, f1: 0.7247
loss: 0.0660, acc: 0.9500, test_acc: 0.7722, f1: 0.7244
loss: 0.1346, acc: 0.9471, test_acc: 0.7753, f1: 0.7324
loss: 0.3404, acc: 0.9421, test_acc: 0.7927, f1: 0.7579
loss: 0.0151, acc: 0.9442, test_acc: 0.7753, f1: 0.7499
loss: 0.0118, acc: 0.9461, test_acc: 0.7801, f1: 0.7482
>>>>>>>>>>>>>>>>>>>>>>>>>>>>>>>>>>>>>>>>>>>>>>>>>>>>>>>>>>>>
epoch: 4
loss: 0.0663, acc: 0.9375, test_acc: 0.7611, f1: 0.7063
loss: 0.0997, acc: 0.9375, test_acc: 0.7168, f1: 0.6257
loss: 0.0100, acc: 0.9583, test_acc: 0.7785, f1: 0.7360
loss: 0.1003, acc: 0.9531, test_acc: 0.7801, f1: 0.7463
loss: 0.0016, acc: 0.9625, test_acc: 0.7816, f1: 0.7475
loss: 0.0249, acc: 0.9688, test_acc: 0.7832, f1: 0.7462
loss: 0.0186, acc: 0.9732, test_acc: 0.7753, f1: 0.7320
loss: 0.2466, acc: 0.9609, test_acc: 0.7532, f1: 0.6972
loss: 0.0416, acc: 0.9583, test_acc: 0.7737, f1: 0.7289
loss: 0.0017, acc: 0.9625, test_acc: 0.7737, f1: 0.7373
loss: 0.3874, acc: 0.9602, test_acc: 0.7658, f1: 0.7347
loss: 0.0016, acc: 0.9635, test_acc: 0.7722, f1: 0.7397
loss: 0.0098, acc: 0.9663, test_acc: 0.7579, f1: 0.7207
loss: 0.0015, acc: 0.9688, test_acc: 0.7769, f1: 0.7407
loss: 0.0475, acc: 0.9667, test_acc: 0.7785, f1: 0.7381
loss: 0.0044, acc: 0.9688, test_acc: 0.7769, f1: 0.7326
loss: 0.0304, acc: 0.9706, test_acc: 0.7737, f1: 0.7281
loss: 0.0298, acc: 0.9722, test_acc: 0.7753, f1: 0.7361
loss: 0.0040, acc: 0.9737, test_acc: 0.7832, f1: 0.7487
loss: 0.0010, acc: 0.9750, test_acc: 0.7706, f1: 0.7292
loss: 0.0209, acc: 0.9762, test_acc: 0.7706, f1: 0.7276
loss: 0.0136, acc: 0.9773, test_acc: 0.7579, f1: 0.7064
loss: 0.0004, acc: 0.9783, test_acc: 0.7864, f1: 0.7479
loss: 0.0021, acc: 0.9792, test_acc: 0.7896, f1: 0.7466
loss: 0.0044, acc: 0.9800, test_acc: 0.7959, f1: 0.7583
loss: 0.0070, acc: 0.9808, test_acc: 0.7911, f1: 0.7579
loss: 0.0399, acc: 0.9815, test_acc: 0.7737, f1: 0.7331
loss: 0.0616, acc: 0.9821, test_acc: 0.7690, f1: 0.7189
loss: 0.2840, acc: 0.9803, test_acc: 0.7911, f1: 0.7568
>>>>>>>>>>>>>>>>>>>>>>>>>>>>>>>>>>>>>>>>>>>>>>>>>>>>>>>>>>>>
epoch: 5
loss: 0.0374, acc: 1.0000, test_acc: 0.7737, f1: 0.7509
loss: 0.0197, acc: 1.0000, test_acc: 0.7753, f1: 0.7515
loss: 0.0131, acc: 1.0000, test_acc: 0.7785, f1: 0.7414
loss: 0.0052, acc: 1.0000, test_acc: 0.7595, f1: 0.7018
loss: 0.0053, acc: 1.0000, test_acc: 0.7437, f1: 0.6727
loss: 0.0386, acc: 1.0000, test_acc: 0.7500, f1: 0.6855
loss: 0.0013, acc: 1.0000, test_acc: 0.7801, f1: 0.7375
loss: 0.0002, acc: 1.0000, test_acc: 0.7848, f1: 0.7507
loss: 0.0084, acc: 1.0000, test_acc: 0.7880, f1: 0.7567
loss: 0.0001, acc: 1.0000, test_acc: 0.7832, f1: 0.7511
loss: 0.0011, acc: 1.0000, test_acc: 0.7864, f1: 0.7510
loss: 0.0013, acc: 1.0000, test_acc: 0.7848, f1: 0.7496
loss: 0.0000, acc: 1.0000, test_acc: 0.7816, f1: 0.7462
loss: 0.0007, acc: 1.0000, test_acc: 0.7864, f1: 0.7508
loss: 0.0003, acc: 1.0000, test_acc: 0.7500, f1: 0.7064
loss: 0.0042, acc: 1.0000, test_acc: 0.7199, f1: 0.6479
loss: 0.0568, acc: 1.0000, test_acc: 0.7278, f1: 0.6356
loss: 0.0060, acc: 1.0000, test_acc: 0.7722, f1: 0.7311
loss: 0.0118, acc: 1.0000, test_acc: 0.7627, f1: 0.7292
loss: 0.1152, acc: 0.9969, test_acc: 0.7674, f1: 0.7335
loss: 0.0002, acc: 0.9970, test_acc: 0.7769, f1: 0.7390
loss: 0.0674, acc: 0.9943, test_acc: 0.7785, f1: 0.7352
loss: 0.0000, acc: 0.9946, test_acc: 0.7658, f1: 0.7306
loss: 0.0015, acc: 0.9948, test_acc: 0.7611, f1: 0.7282
loss: 0.0016, acc: 0.9950, test_acc: 0.7674, f1: 0.7340
loss: 0.2741, acc: 0.9928, test_acc: 0.7468, f1: 0.7143
loss: 0.0707, acc: 0.9907, test_acc: 0.7484, f1: 0.7136
loss: 0.0070, acc: 0.9911, test_acc: 0.7611, f1: 0.7179
>>>>>>>>>>>>>>>>>>>>>>>>>>>>>>>>>>>>>>>>>>>>>>>>>>>>>>>>>>>>
epoch: 6
loss: 0.0011, acc: 1.0000, test_acc: 0.7642, f1: 0.7212
loss: 0.0276, acc: 1.0000, test_acc: 0.7563, f1: 0.7139
loss: 0.1343, acc: 0.9792, test_acc: 0.7532, f1: 0.7123
loss: 0.0030, acc: 0.9844, test_acc: 0.7611, f1: 0.7276
loss: 0.0003, acc: 0.9875, test_acc: 0.7658, f1: 0.7274
loss: 0.0022, acc: 0.9896, test_acc: 0.7563, f1: 0.7133
loss: 0.0037, acc: 0.9911, test_acc: 0.7627, f1: 0.7207
loss: 0.0007, acc: 0.9922, test_acc: 0.7595, f1: 0.7179
loss: 0.0012, acc: 0.9931, test_acc: 0.7627, f1: 0.7185
loss: 0.0601, acc: 0.9875, test_acc: 0.7611, f1: 0.7167
loss: 0.0108, acc: 0.9886, test_acc: 0.7579, f1: 0.7162
loss: 0.1281, acc: 0.9844, test_acc: 0.7563, f1: 0.7117
loss: 0.4873, acc: 0.9808, test_acc: 0.7611, f1: 0.7189
loss: 0.0014, acc: 0.9821, test_acc: 0.7690, f1: 0.7256
loss: 0.3404, acc: 0.9792, test_acc: 0.7611, f1: 0.7153
loss: 0.0146, acc: 0.9805, test_acc: 0.7674, f1: 0.7214
loss: 0.0005, acc: 0.9816, test_acc: 0.7880, f1: 0.7536
loss: 0.0041, acc: 0.9826, test_acc: 0.7753, f1: 0.7434
loss: 0.0047, acc: 0.9836, test_acc: 0.7658, f1: 0.7441
loss: 0.0266, acc: 0.9844, test_acc: 0.7785, f1: 0.7514
loss: 0.0050, acc: 0.9851, test_acc: 0.7832, f1: 0.7496
loss: 0.0065, acc: 0.9858, test_acc: 0.7579, f1: 0.7085
loss: 0.0003, acc: 0.9864, test_acc: 0.7579, f1: 0.7038
loss: 0.0041, acc: 0.9870, test_acc: 0.7563, f1: 0.7121
loss: 0.1299, acc: 0.9850, test_acc: 0.7706, f1: 0.7332
loss: 0.0153, acc: 0.9856, test_acc: 0.7706, f1: 0.7328
loss: 0.0002, acc: 0.9861, test_acc: 0.7801, f1: 0.7458
loss: 0.0665, acc: 0.9844, test_acc: 0.7864, f1: 0.7501
loss: 0.0021, acc: 0.9849, test_acc: 0.7785, f1: 0.7384
>>>>>>>>>>>>>>>>>>>>>>>>>>>>>>>>>>>>>>>>>>>>>>>>>>>>>>>>>>>>
epoch: 7
loss: 0.0002, acc: 1.0000, test_acc: 0.7769, f1: 0.7358
loss: 0.0014, acc: 1.0000, test_acc: 0.7706, f1: 0.7269
loss: 0.0024, acc: 1.0000, test_acc: 0.7832, f1: 0.7432
loss: 0.0018, acc: 1.0000, test_acc: 0.7927, f1: 0.7577
loss: 0.0008, acc: 1.0000, test_acc: 0.7927, f1: 0.7574
loss: 0.0000, acc: 1.0000, test_acc: 0.7911, f1: 0.7580
loss: 0.0120, acc: 1.0000, test_acc: 0.7785, f1: 0.7343
loss: 0.0007, acc: 1.0000, test_acc: 0.7642, f1: 0.7080
loss: 0.1011, acc: 0.9931, test_acc: 0.7658, f1: 0.7069
loss: 0.0041, acc: 0.9938, test_acc: 0.7658, f1: 0.7138
loss: 0.0002, acc: 0.9943, test_acc: 0.7832, f1: 0.7439
loss: 0.0022, acc: 0.9948, test_acc: 0.7943, f1: 0.7642
loss: 0.0069, acc: 0.9952, test_acc: 0.7927, f1: 0.7641
loss: 0.4080, acc: 0.9911, test_acc: 0.7927, f1: 0.7629
loss: 0.0000, acc: 0.9917, test_acc: 0.7753, f1: 0.7352
loss: 0.0000, acc: 0.9922, test_acc: 0.7832, f1: 0.7418
loss: 0.1465, acc: 0.9890, test_acc: 0.7880, f1: 0.7502
loss: 0.0007, acc: 0.9896, test_acc: 0.7816, f1: 0.7377
loss: 0.0000, acc: 0.9901, test_acc: 0.7769, f1: 0.7278
loss: 0.0045, acc: 0.9906, test_acc: 0.7737, f1: 0.7240
loss: 0.0039, acc: 0.9911, test_acc: 0.7816, f1: 0.7346
loss: 0.0007, acc: 0.9915, test_acc: 0.7880, f1: 0.7454
loss: 0.0000, acc: 0.9918, test_acc: 0.7927, f1: 0.7529
loss: 0.0104, acc: 0.9922, test_acc: 0.7911, f1: 0.7548
loss: 0.0001, acc: 0.9925, test_acc: 0.7880, f1: 0.7519
loss: 0.0000, acc: 0.9928, test_acc: 0.7896, f1: 0.7543
loss: 0.0003, acc: 0.9931, test_acc: 0.7737, f1: 0.7407
loss: 0.0977, acc: 0.9911, test_acc: 0.7421, f1: 0.7001
>>>>>>>>>>>>>>>>>>>>>>>>>>>>>>>>>>>>>>>>>>>>>>>>>>>>>>>>>>>>
epoch: 8
loss: 0.0000, acc: 1.0000, test_acc: 0.7516, f1: 0.7059
loss: 0.0002, acc: 1.0000, test_acc: 0.7658, f1: 0.7204
loss: 0.0000, acc: 1.0000, test_acc: 0.7864, f1: 0.7408
loss: 0.8034, acc: 0.9531, test_acc: 0.8038, f1: 0.7717
>> saved: ./state_dict/text-gt-bert_laptop_acc_0.8133_f1_0.7871
loss: 0.2071, acc: 0.9500, test_acc: 0.8133, f1: 0.7871
loss: 0.0009, acc: 0.9583, test_acc: 0.7801, f1: 0.7456
loss: 0.0004, acc: 0.9643, test_acc: 0.7706, f1: 0.7294
loss: 0.0135, acc: 0.9688, test_acc: 0.7737, f1: 0.7293
loss: 0.0002, acc: 0.9722, test_acc: 0.7896, f1: 0.7519
loss: 0.1393, acc: 0.9688, test_acc: 0.8022, f1: 0.7728
loss: 0.0125, acc: 0.9716, test_acc: 0.7991, f1: 0.7687
loss: 0.0002, acc: 0.9740, test_acc: 0.8022, f1: 0.7729
loss: 0.0012, acc: 0.9760, test_acc: 0.8022, f1: 0.7724
loss: 0.0007, acc: 0.9777, test_acc: 0.7927, f1: 0.7578
loss: 0.0006, acc: 0.9792, test_acc: 0.7801, f1: 0.7369
loss: 0.0072, acc: 0.9805, test_acc: 0.7753, f1: 0.7273
loss: 0.0106, acc: 0.9816, test_acc: 0.7737, f1: 0.7279
loss: 0.0016, acc: 0.9826, test_acc: 0.7896, f1: 0.7503
loss: 0.0007, acc: 0.9836, test_acc: 0.7896, f1: 0.7551
loss: 0.0003, acc: 0.9844, test_acc: 0.7927, f1: 0.7623
loss: 0.1703, acc: 0.9821, test_acc: 0.7864, f1: 0.7534
loss: 0.0285, acc: 0.9830, test_acc: 0.7816, f1: 0.7426
loss: 0.0107, acc: 0.9837, test_acc: 0.7722, f1: 0.7290
loss: 0.0155, acc: 0.9844, test_acc: 0.7753, f1: 0.7361
loss: 0.0033, acc: 0.9850, test_acc: 0.7816, f1: 0.7435
loss: 0.0231, acc: 0.9856, test_acc: 0.7801, f1: 0.7420
loss: 0.0001, acc: 0.9861, test_acc: 0.7801, f1: 0.7428
loss: 0.0004, acc: 0.9866, test_acc: 0.7816, f1: 0.7460
loss: 0.0005, acc: 0.9871, test_acc: 0.7785, f1: 0.7425
>>>>>>>>>>>>>>>>>>>>>>>>>>>>>>>>>>>>>>>>>>>>>>>>>>>>>>>>>>>>
epoch: 9
loss: 0.0003, acc: 1.0000, test_acc: 0.7801, f1: 0.7446
loss: 0.0037, acc: 1.0000, test_acc: 0.7848, f1: 0.7468
loss: 0.0000, acc: 1.0000, test_acc: 0.7785, f1: 0.7400
loss: 0.0002, acc: 1.0000, test_acc: 0.7595, f1: 0.7092
loss: 0.0004, acc: 1.0000, test_acc: 0.7642, f1: 0.7174
loss: 0.0009, acc: 1.0000, test_acc: 0.7722, f1: 0.7260
loss: 0.0887, acc: 0.9911, test_acc: 0.7722, f1: 0.7300
loss: 0.0008, acc: 0.9922, test_acc: 0.7674, f1: 0.7212
loss: 0.0001, acc: 0.9931, test_acc: 0.7563, f1: 0.7055
loss: 0.0015, acc: 0.9938, test_acc: 0.7563, f1: 0.7061
loss: 0.0005, acc: 0.9943, test_acc: 0.7611, f1: 0.7141
loss: 0.0021, acc: 0.9948, test_acc: 0.7801, f1: 0.7403
loss: 0.0035, acc: 0.9952, test_acc: 0.7848, f1: 0.7479
loss: 0.0264, acc: 0.9955, test_acc: 0.7642, f1: 0.7289
loss: 0.0020, acc: 0.9958, test_acc: 0.7278, f1: 0.6965
loss: 0.0116, acc: 0.9961, test_acc: 0.7801, f1: 0.7470
loss: 0.0156, acc: 0.9963, test_acc: 0.7658, f1: 0.7261
loss: 0.0050, acc: 0.9965, test_acc: 0.7690, f1: 0.7278
loss: 0.0019, acc: 0.9967, test_acc: 0.7722, f1: 0.7325
loss: 0.0004, acc: 0.9969, test_acc: 0.7722, f1: 0.7324
loss: 0.0016, acc: 0.9970, test_acc: 0.7627, f1: 0.7219
loss: 0.0000, acc: 0.9972, test_acc: 0.7627, f1: 0.7219
loss: 0.0009, acc: 0.9973, test_acc: 0.7627, f1: 0.7208
loss: 0.4509, acc: 0.9948, test_acc: 0.7627, f1: 0.7209
loss: 0.0002, acc: 0.9950, test_acc: 0.7690, f1: 0.7271
loss: 0.0213, acc: 0.9952, test_acc: 0.7627, f1: 0.7169
loss: 0.0178, acc: 0.9954, test_acc: 0.7611, f1: 0.7145
loss: 0.0378, acc: 0.9933, test_acc: 0.7769, f1: 0.7468
loss: 0.0091, acc: 0.9934, test_acc: 0.7706, f1: 0.7408
>>>>>>>>>>>>>>>>>>>>>>>>>>>>>>>>>>>>>>>>>>>>>>>>>>>>>>>>>>>>
epoch: 10
loss: 0.0009, acc: 1.0000, test_acc: 0.7769, f1: 0.7455
loss: 0.0002, acc: 1.0000, test_acc: 0.7642, f1: 0.7237
loss: 0.0001, acc: 1.0000, test_acc: 0.7595, f1: 0.7154
loss: 0.0022, acc: 1.0000, test_acc: 0.7532, f1: 0.7071
loss: 0.0004, acc: 1.0000, test_acc: 0.7579, f1: 0.7122
loss: 0.0003, acc: 1.0000, test_acc: 0.7579, f1: 0.7125
loss: 0.0015, acc: 1.0000, test_acc: 0.7595, f1: 0.7168
loss: 0.0001, acc: 1.0000, test_acc: 0.7627, f1: 0.7255
loss: 0.0054, acc: 1.0000, test_acc: 0.7642, f1: 0.7275
loss: 0.0002, acc: 1.0000, test_acc: 0.7642, f1: 0.7234
loss: 0.0106, acc: 1.0000, test_acc: 0.7627, f1: 0.7219
loss: 0.0007, acc: 1.0000, test_acc: 0.7658, f1: 0.7261
loss: 0.0003, acc: 1.0000, test_acc: 0.7690, f1: 0.7302
loss: 0.0004, acc: 1.0000, test_acc: 0.7690, f1: 0.7319
loss: 0.0006, acc: 1.0000, test_acc: 0.7674, f1: 0.7306
loss: 0.0001, acc: 1.0000, test_acc: 0.7690, f1: 0.7334
loss: 0.0000, acc: 1.0000, test_acc: 0.7674, f1: 0.7310
loss: 0.0030, acc: 1.0000, test_acc: 0.7674, f1: 0.7301
loss: 0.0000, acc: 1.0000, test_acc: 0.7722, f1: 0.7362
loss: 0.0086, acc: 1.0000, test_acc: 0.7864, f1: 0.7549
loss: 0.0233, acc: 1.0000, test_acc: 0.7816, f1: 0.7533
loss: 0.0000, acc: 1.0000, test_acc: 0.7722, f1: 0.7379
loss: 0.0186, acc: 1.0000, test_acc: 0.7579, f1: 0.7130
loss: 0.0054, acc: 1.0000, test_acc: 0.7547, f1: 0.7065
loss: 0.0004, acc: 1.0000, test_acc: 0.7563, f1: 0.7095
loss: 0.0001, acc: 1.0000, test_acc: 0.7468, f1: 0.6899
loss: 0.0004, acc: 1.0000, test_acc: 0.7595, f1: 0.7162
loss: 0.0012, acc: 1.0000, test_acc: 0.7642, f1: 0.7242
>>>>>>>>>>>>>>>>>>>>>>>>>>>>>>>>>>>>>>>>>>>>>>>>>>>>>>>>>>>>
epoch: 11
loss: 0.0005, acc: 1.0000, test_acc: 0.7690, f1: 0.7303
loss: 0.0026, acc: 1.0000, test_acc: 0.7690, f1: 0.7304
loss: 0.0001, acc: 1.0000, test_acc: 0.7816, f1: 0.7487
loss: 0.0001, acc: 1.0000, test_acc: 0.7627, f1: 0.7399
loss: 0.0084, acc: 1.0000, test_acc: 0.7405, f1: 0.7266
loss: 0.0321, acc: 1.0000, test_acc: 0.7437, f1: 0.7258
loss: 0.0002, acc: 1.0000, test_acc: 0.7674, f1: 0.7395
loss: 0.0000, acc: 1.0000, test_acc: 0.7690, f1: 0.7291
loss: 0.0000, acc: 1.0000, test_acc: 0.7753, f1: 0.7517
loss: 0.0001, acc: 1.0000, test_acc: 0.7627, f1: 0.7393
loss: 0.0020, acc: 1.0000, test_acc: 0.7658, f1: 0.7409
loss: 0.3805, acc: 0.9948, test_acc: 0.7801, f1: 0.7506
loss: 0.0001, acc: 0.9952, test_acc: 0.7658, f1: 0.7220
loss: 0.0063, acc: 0.9955, test_acc: 0.7516, f1: 0.6990
loss: 0.0000, acc: 0.9958, test_acc: 0.7595, f1: 0.7149
loss: 0.0896, acc: 0.9922, test_acc: 0.7737, f1: 0.7444
loss: 0.0005, acc: 0.9926, test_acc: 0.7769, f1: 0.7467
loss: 0.0005, acc: 0.9931, test_acc: 0.7769, f1: 0.7377
loss: 0.0000, acc: 0.9934, test_acc: 0.7690, f1: 0.7228
loss: 0.0005, acc: 0.9938, test_acc: 0.7785, f1: 0.7383
loss: 0.0002, acc: 0.9940, test_acc: 0.7769, f1: 0.7401
loss: 0.1794, acc: 0.9915, test_acc: 0.7722, f1: 0.7272
loss: 0.0001, acc: 0.9918, test_acc: 0.7722, f1: 0.7303
loss: 0.1804, acc: 0.9896, test_acc: 0.7642, f1: 0.7182
loss: 0.0007, acc: 0.9900, test_acc: 0.7579, f1: 0.7189
loss: 0.0000, acc: 0.9904, test_acc: 0.7722, f1: 0.7345
loss: 0.0003, acc: 0.9907, test_acc: 0.7611, f1: 0.7236
loss: 0.0015, acc: 0.9911, test_acc: 0.7547, f1: 0.7178
loss: 0.0043, acc: 0.9914, test_acc: 0.7595, f1: 0.7181
>>>>>>>>>>>>>>>>>>>>>>>>>>>>>>>>>>>>>>>>>>>>>>>>>>>>>>>>>>>>
epoch: 12
loss: 0.0088, acc: 1.0000, test_acc: 0.7500, f1: 0.7033
loss: 0.0020, acc: 1.0000, test_acc: 0.7405, f1: 0.6887
loss: 0.0818, acc: 0.9792, test_acc: 0.7373, f1: 0.6788
loss: 0.0190, acc: 0.9844, test_acc: 0.7263, f1: 0.6582
loss: 0.0061, acc: 0.9875, test_acc: 0.7453, f1: 0.6914
loss: 0.0000, acc: 0.9896, test_acc: 0.7722, f1: 0.7390
loss: 0.0000, acc: 0.9911, test_acc: 0.7832, f1: 0.7502
loss: 0.0000, acc: 0.9922, test_acc: 0.7595, f1: 0.7189
loss: 0.0152, acc: 0.9931, test_acc: 0.7642, f1: 0.7202
loss: 0.2711, acc: 0.9875, test_acc: 0.7642, f1: 0.7360
loss: 0.0100, acc: 0.9886, test_acc: 0.7500, f1: 0.7212
loss: 0.0023, acc: 0.9896, test_acc: 0.7326, f1: 0.6918
loss: 0.0879, acc: 0.9856, test_acc: 0.7278, f1: 0.6835
loss: 0.0757, acc: 0.9821, test_acc: 0.7547, f1: 0.7212
loss: 0.0033, acc: 0.9833, test_acc: 0.7611, f1: 0.7258
loss: 0.0012, acc: 0.9844, test_acc: 0.7611, f1: 0.7350
loss: 0.0001, acc: 0.9853, test_acc: 0.7468, f1: 0.7126
loss: 0.0013, acc: 0.9861, test_acc: 0.7389, f1: 0.6993
loss: 0.0577, acc: 0.9836, test_acc: 0.7421, f1: 0.7026
loss: 0.0089, acc: 0.9844, test_acc: 0.7579, f1: 0.7211
loss: 0.0004, acc: 0.9851, test_acc: 0.7595, f1: 0.7197
loss: 0.0017, acc: 0.9858, test_acc: 0.7563, f1: 0.7151
loss: 0.0045, acc: 0.9864, test_acc: 0.7484, f1: 0.7049
loss: 0.6808, acc: 0.9844, test_acc: 0.7500, f1: 0.7073
loss: 0.0005, acc: 0.9850, test_acc: 0.7674, f1: 0.7373
loss: 0.0044, acc: 0.9856, test_acc: 0.7642, f1: 0.7308
loss: 0.0020, acc: 0.9861, test_acc: 0.7595, f1: 0.7190
loss: 0.0001, acc: 0.9866, test_acc: 0.7437, f1: 0.6909
>>>>>>>>>>>>>>>>>>>>>>>>>>>>>>>>>>>>>>>>>>>>>>>>>>>>>>>>>>>>
epoch: 13
loss: 0.0428, acc: 1.0000, test_acc: 0.7184, f1: 0.6500
loss: 0.0263, acc: 1.0000, test_acc: 0.7532, f1: 0.7026
loss: 0.0308, acc: 1.0000, test_acc: 0.7801, f1: 0.7396
loss: 0.1537, acc: 0.9844, test_acc: 0.7769, f1: 0.7417
loss: 0.0014, acc: 0.9875, test_acc: 0.7579, f1: 0.7198
loss: 0.0001, acc: 0.9896, test_acc: 0.7532, f1: 0.7118
loss: 0.0022, acc: 0.9911, test_acc: 0.7579, f1: 0.7174
loss: 0.0002, acc: 0.9922, test_acc: 0.7563, f1: 0.7140
loss: 0.0001, acc: 0.9931, test_acc: 0.7579, f1: 0.7177
loss: 0.0001, acc: 0.9938, test_acc: 0.7706, f1: 0.7408
loss: 0.0005, acc: 0.9943, test_acc: 0.7737, f1: 0.7438
loss: 0.1653, acc: 0.9896, test_acc: 0.7832, f1: 0.7520
loss: 0.0000, acc: 0.9904, test_acc: 0.7753, f1: 0.7365
loss: 0.0001, acc: 0.9911, test_acc: 0.7405, f1: 0.6772
loss: 0.0003, acc: 0.9917, test_acc: 0.7563, f1: 0.7044
loss: 0.0003, acc: 0.9922, test_acc: 0.7975, f1: 0.7635
loss: 0.2458, acc: 0.9890, test_acc: 0.7848, f1: 0.7584
loss: 0.0588, acc: 0.9861, test_acc: 0.7753, f1: 0.7517
loss: 0.0010, acc: 0.9868, test_acc: 0.7516, f1: 0.7221
loss: 0.0000, acc: 0.9875, test_acc: 0.7310, f1: 0.6811
loss: 0.0136, acc: 0.9881, test_acc: 0.7326, f1: 0.6783
loss: 0.0000, acc: 0.9886, test_acc: 0.7690, f1: 0.7345
loss: 0.3776, acc: 0.9864, test_acc: 0.7674, f1: 0.7327
loss: 0.0000, acc: 0.9870, test_acc: 0.7595, f1: 0.7159
loss: 0.0045, acc: 0.9875, test_acc: 0.7547, f1: 0.7069
loss: 0.2146, acc: 0.9856, test_acc: 0.7437, f1: 0.6926
loss: 0.0021, acc: 0.9861, test_acc: 0.7722, f1: 0.7397
loss: 0.0003, acc: 0.9866, test_acc: 0.7832, f1: 0.7561
loss: 0.0046, acc: 0.9871, test_acc: 0.7864, f1: 0.7559
>>>>>>>>>>>>>>>>>>>>>>>>>>>>>>>>>>>>>>>>>>>>>>>>>>>>>>>>>>>>
epoch: 14
loss: 0.1065, acc: 0.9375, test_acc: 0.7816, f1: 0.7470
loss: 0.0052, acc: 0.9688, test_acc: 0.7769, f1: 0.7363
loss: 0.0048, acc: 0.9792, test_acc: 0.7753, f1: 0.7378
loss: 0.0003, acc: 0.9844, test_acc: 0.7801, f1: 0.7458
loss: 0.0167, acc: 0.9875, test_acc: 0.7801, f1: 0.7448
loss: 0.0019, acc: 0.9896, test_acc: 0.7943, f1: 0.7648
loss: 0.0216, acc: 0.9911, test_acc: 0.7896, f1: 0.7589
loss: 0.0006, acc: 0.9922, test_acc: 0.7832, f1: 0.7479
loss: 0.0002, acc: 0.9931, test_acc: 0.7753, f1: 0.7354
loss: 0.6683, acc: 0.9812, test_acc: 0.7706, f1: 0.7295
loss: 0.0002, acc: 0.9830, test_acc: 0.7516, f1: 0.7026
loss: 0.0000, acc: 0.9844, test_acc: 0.7405, f1: 0.6887
loss: 0.0010, acc: 0.9856, test_acc: 0.7389, f1: 0.6853
loss: 0.0006, acc: 0.9866, test_acc: 0.7389, f1: 0.6848
loss: 0.0091, acc: 0.9875, test_acc: 0.7453, f1: 0.6962
loss: 0.0017, acc: 0.9883, test_acc: 0.7532, f1: 0.7029
loss: 0.0026, acc: 0.9890, test_acc: 0.7563, f1: 0.7080
loss: 0.0259, acc: 0.9896, test_acc: 0.7848, f1: 0.7515
loss: 0.0000, acc: 0.9901, test_acc: 0.7848, f1: 0.7526
loss: 0.0056, acc: 0.9906, test_acc: 0.7864, f1: 0.7553
loss: 0.0007, acc: 0.9911, test_acc: 0.7801, f1: 0.7447
loss: 0.0001, acc: 0.9915, test_acc: 0.7642, f1: 0.7192
loss: 0.0004, acc: 0.9918, test_acc: 0.7627, f1: 0.7104
loss: 0.0008, acc: 0.9922, test_acc: 0.7611, f1: 0.7078
loss: 0.0001, acc: 0.9925, test_acc: 0.7595, f1: 0.7056
loss: 0.0005, acc: 0.9928, test_acc: 0.7563, f1: 0.7006
loss: 0.0000, acc: 0.9931, test_acc: 0.7563, f1: 0.7016
loss: 0.0003, acc: 0.9933, test_acc: 0.7611, f1: 0.7092
loss: 0.0002, acc: 0.9934, test_acc: 0.7658, f1: 0.7176
max_test_acc: 0.8132911392405063, max_f1: 0.7871391005641578
>> saved: ./state_dict/text-gt-bert_laptop_acc_0.8133_f1_0.7871
############################################################
max_test_acc_overall:0.8132911392405063
max_f1_overall:0.7871391005641578
Precision, Recall and F1-Score...
              precision    recall  f1-score   support

           0     0.9094    0.8635    0.8858       337
           1     0.7407    0.7812    0.7605       128
           2     0.6949    0.7365    0.7151       167

    accuracy                         0.8133       632
   macro avg     0.7817    0.7938    0.7871       632
weighted avg     0.8186    0.8133    0.8153       632

Confusion Matrix...
[[291  13  33]
 [  7 100  21]
 [ 22  22 123]]
