Loading vocab...
token_vocab: 3525, post_vocab: 168, pos_vocab: 46, dep_vocab: 41, pol_vocab: 3
cuda memory allocated: 5298176
n_trainable_params: 257583, n_nontrainable_params: 1057200
training arguments:
>>> model_name: text-tg
>>> dataset: laptop
>>> optimizer: <class 'torch.optim.adam.Adam'>
>>> initializer: <function xavier_uniform_ at 0x7fa32be62ca0>
>>> learning_rate: 0.001
>>> num_epoch: 50
>>> batch_size: 16
>>> log_step: 5
>>> embed_dim: 300
>>> post_dim: 60
>>> pos_dim: 30
>>> deprel_dim: 30
>>> hidden_dim: 60
>>> num_layers: 5
>>> polarities_dim: 3
>>> input_dropout: 0.7
>>> lower: True
>>> directed: False
>>> add_self_loop: True
>>> bidirect: True
>>> rnn_hidden: 60
>>> rnn_layers: 1
>>> rnn_dropout: 0.1
>>> max_length: 85
>>> device: cuda:0
>>> seed: 1000
>>> weight_decay: 0.0001
>>> vocab_dir: ./dataset/Laptops_corenlp
>>> pad_id: 0
>>> graph_conv_type: gin
>>> graph_conv_attention_heads: 4
>>> graph_conv_attn_dropout: 0.0
>>> ffn_dropout: 0.4
>>> attention_heads: 4
>>> attn_dropout: 0.1
>>> norm: ln
>>> max_position: 9
>>> finetune_weight_decay: 0.01
>>> scheduler: none
>>> warmup: 2
>>> cuda: 0
>>> pretrained_bert_name: bert-base-uncased
>>> adam_epsilon: 1e-08
>>> bert_dim: 768
>>> bert_dropout: 0.3
>>> bert_lr: 2e-05
>>> model_class: <class 'models.text_tg.TextTG'>
>>> dataset_file: {'train': './dataset/Laptops_corenlp/train.json', 'test': './dataset/Laptops_corenlp/test.json'}
>>> inputs_cols: ['text', 'aspect', 'pos', 'head', 'deprel', 'post', 'mask', 'length', 'adj']
>>> post_size: 168
>>> pos_size: 46
>>> deprel_size: 41
>>>>>>>>>>>>>>>>>>>>>>>>>>>>>>>>>>>>>>>>>>>>>>>>>>>>>>>>>>>>
epoch: 0
>> saved: ./state_dict/text-tg_laptop_acc_0.2025_f1_0.1123
loss: 1.5828, acc: 0.3125, test_acc: 0.2025, f1: 0.1123
>> saved: ./state_dict/text-tg_laptop_acc_0.5332_f1_0.2319
loss: 2.1223, acc: 0.4688, test_acc: 0.5332, f1: 0.2319
loss: 1.7529, acc: 0.3958, test_acc: 0.2025, f1: 0.1123
loss: 0.8190, acc: 0.4531, test_acc: 0.5332, f1: 0.2430
loss: 1.0695, acc: 0.4625, test_acc: 0.2658, f1: 0.1921
loss: 1.3155, acc: 0.4583, test_acc: 0.4937, f1: 0.3451
loss: 1.1826, acc: 0.4554, test_acc: 0.5301, f1: 0.2728
loss: 1.4969, acc: 0.4297, test_acc: 0.2991, f1: 0.2263
loss: 1.0990, acc: 0.4306, test_acc: 0.5237, f1: 0.3525
loss: 1.1611, acc: 0.4250, test_acc: 0.4842, f1: 0.4192
loss: 0.9119, acc: 0.4489, test_acc: 0.5190, f1: 0.3121
loss: 1.1785, acc: 0.4479, test_acc: 0.4304, f1: 0.3371
loss: 1.2593, acc: 0.4375, test_acc: 0.5158, f1: 0.4668
loss: 1.1504, acc: 0.4375, test_acc: 0.4035, f1: 0.3127
loss: 1.0170, acc: 0.4375, test_acc: 0.4573, f1: 0.3492
loss: 1.5362, acc: 0.4258, test_acc: 0.5253, f1: 0.2994
loss: 1.0190, acc: 0.4301, test_acc: 0.3180, f1: 0.3094
loss: 1.0460, acc: 0.4340, test_acc: 0.5190, f1: 0.3639
loss: 1.0912, acc: 0.4375, test_acc: 0.5285, f1: 0.2536
loss: 0.9691, acc: 0.4469, test_acc: 0.3813, f1: 0.2969
loss: 1.1444, acc: 0.4464, test_acc: 0.5079, f1: 0.3634
>> saved: ./state_dict/text-tg_laptop_acc_0.5396_f1_0.2966
loss: 1.1279, acc: 0.4489, test_acc: 0.5396, f1: 0.2966
loss: 0.9714, acc: 0.4511, test_acc: 0.5079, f1: 0.3336
loss: 0.8722, acc: 0.4531, test_acc: 0.5316, f1: 0.4364
loss: 1.1339, acc: 0.4500, test_acc: 0.5063, f1: 0.3773
>> saved: ./state_dict/text-tg_laptop_acc_0.5665_f1_0.4814
loss: 1.0854, acc: 0.4495, test_acc: 0.5665, f1: 0.4814
>> saved: ./state_dict/text-tg_laptop_acc_0.5886_f1_0.4252
loss: 1.2131, acc: 0.4468, test_acc: 0.5886, f1: 0.4252
loss: 0.9883, acc: 0.4487, test_acc: 0.4415, f1: 0.3563
>>>>>>>>>>>>>>>>>>>>>>>>>>>>>>>>>>>>>>>>>>>>>>>>>>>>>>>>>>>>
epoch: 1
loss: 1.0112, acc: 0.5000, test_acc: 0.3940, f1: 0.3333
loss: 0.8948, acc: 0.4688, test_acc: 0.5823, f1: 0.4802
loss: 1.1287, acc: 0.4167, test_acc: 0.5538, f1: 0.5082
loss: 0.8353, acc: 0.4375, test_acc: 0.4763, f1: 0.3608
loss: 0.9461, acc: 0.4625, test_acc: 0.5538, f1: 0.3834
loss: 0.9359, acc: 0.4688, test_acc: 0.5301, f1: 0.4360
loss: 1.2196, acc: 0.4643, test_acc: 0.5839, f1: 0.5238
loss: 0.6671, acc: 0.4844, test_acc: 0.5348, f1: 0.2728
loss: 0.7207, acc: 0.5139, test_acc: 0.5253, f1: 0.4526
loss: 1.1328, acc: 0.5062, test_acc: 0.5506, f1: 0.4815
>> saved: ./state_dict/text-tg_laptop_acc_0.6329_f1_0.4838
loss: 0.8530, acc: 0.5170, test_acc: 0.6329, f1: 0.4838
loss: 0.8704, acc: 0.5208, test_acc: 0.6329, f1: 0.5464
loss: 0.7919, acc: 0.5240, test_acc: 0.5934, f1: 0.5140
loss: 1.1596, acc: 0.5223, test_acc: 0.5807, f1: 0.4246
loss: 0.4741, acc: 0.5375, test_acc: 0.6171, f1: 0.5140
loss: 0.8757, acc: 0.5469, test_acc: 0.5823, f1: 0.5234
loss: 1.0369, acc: 0.5368, test_acc: 0.5680, f1: 0.4007
loss: 0.8244, acc: 0.5451, test_acc: 0.5538, f1: 0.3981
loss: 1.0086, acc: 0.5493, test_acc: 0.5364, f1: 0.3988
loss: 0.9300, acc: 0.5500, test_acc: 0.5285, f1: 0.4716
loss: 1.1232, acc: 0.5476, test_acc: 0.6218, f1: 0.5217
loss: 0.7159, acc: 0.5511, test_acc: 0.5902, f1: 0.4813
loss: 1.0910, acc: 0.5489, test_acc: 0.5633, f1: 0.4077
>> saved: ./state_dict/text-tg_laptop_acc_0.6345_f1_0.5563
loss: 0.8267, acc: 0.5521, test_acc: 0.6345, f1: 0.5563
loss: 0.9032, acc: 0.5575, test_acc: 0.6155, f1: 0.5653
loss: 0.7169, acc: 0.5649, test_acc: 0.5316, f1: 0.4002
loss: 1.1973, acc: 0.5648, test_acc: 0.5886, f1: 0.4148
loss: 1.2679, acc: 0.5647, test_acc: 0.5269, f1: 0.3966
>> saved: ./state_dict/text-tg_laptop_acc_0.6741_f1_0.5762
loss: 0.6912, acc: 0.5711, test_acc: 0.6741, f1: 0.5762
>>>>>>>>>>>>>>>>>>>>>>>>>>>>>>>>>>>>>>>>>>>>>>>>>>>>>>>>>>>>
epoch: 2
>> saved: ./state_dict/text-tg_laptop_acc_0.6756_f1_0.5702
loss: 1.1211, acc: 0.5000, test_acc: 0.6756, f1: 0.5702
loss: 0.7282, acc: 0.6562, test_acc: 0.6171, f1: 0.4788
loss: 1.2433, acc: 0.5417, test_acc: 0.6139, f1: 0.4828
loss: 0.9002, acc: 0.5312, test_acc: 0.6013, f1: 0.5376
loss: 0.9353, acc: 0.5500, test_acc: 0.5807, f1: 0.4650
loss: 1.0210, acc: 0.5521, test_acc: 0.6076, f1: 0.4618
loss: 0.7994, acc: 0.5625, test_acc: 0.5934, f1: 0.5008
loss: 0.9530, acc: 0.5703, test_acc: 0.5949, f1: 0.5152
loss: 0.8278, acc: 0.5694, test_acc: 0.6013, f1: 0.4568
loss: 0.9061, acc: 0.5687, test_acc: 0.6234, f1: 0.5139
loss: 0.8901, acc: 0.5625, test_acc: 0.5649, f1: 0.5124
loss: 0.6889, acc: 0.5729, test_acc: 0.6187, f1: 0.5090
loss: 0.7593, acc: 0.5769, test_acc: 0.6092, f1: 0.4631
loss: 1.1820, acc: 0.5804, test_acc: 0.5237, f1: 0.4592
loss: 0.9888, acc: 0.5750, test_acc: 0.5902, f1: 0.5308
loss: 1.0293, acc: 0.5703, test_acc: 0.6108, f1: 0.5066
loss: 0.8651, acc: 0.5772, test_acc: 0.5965, f1: 0.4750
loss: 0.8681, acc: 0.5799, test_acc: 0.6139, f1: 0.5183
loss: 0.8362, acc: 0.5822, test_acc: 0.6203, f1: 0.5164
loss: 0.7675, acc: 0.5844, test_acc: 0.6139, f1: 0.5463
loss: 0.7502, acc: 0.5863, test_acc: 0.6282, f1: 0.5166
loss: 0.6752, acc: 0.5909, test_acc: 0.6313, f1: 0.5231
loss: 0.8461, acc: 0.5951, test_acc: 0.6139, f1: 0.5402
loss: 0.8575, acc: 0.5938, test_acc: 0.6234, f1: 0.5548
loss: 0.8665, acc: 0.5950, test_acc: 0.6092, f1: 0.4723
loss: 1.2101, acc: 0.5913, test_acc: 0.5965, f1: 0.4491
loss: 0.6430, acc: 0.5972, test_acc: 0.6345, f1: 0.5519
loss: 0.7901, acc: 0.6004, test_acc: 0.6535, f1: 0.5854
>>>>>>>>>>>>>>>>>>>>>>>>>>>>>>>>>>>>>>>>>>>>>>>>>>>>>>>>>>>>
epoch: 3
loss: 1.0681, acc: 0.5625, test_acc: 0.6392, f1: 0.5721
loss: 1.0013, acc: 0.5625, test_acc: 0.6392, f1: 0.5712
loss: 0.6527, acc: 0.6250, test_acc: 0.5997, f1: 0.4450
loss: 1.1979, acc: 0.5781, test_acc: 0.5585, f1: 0.4215
loss: 0.5303, acc: 0.6375, test_acc: 0.6566, f1: 0.5925
loss: 0.6514, acc: 0.6354, test_acc: 0.6361, f1: 0.5879
loss: 0.8143, acc: 0.6429, test_acc: 0.6218, f1: 0.5679
loss: 0.5645, acc: 0.6484, test_acc: 0.6092, f1: 0.4511
loss: 0.8130, acc: 0.6597, test_acc: 0.6092, f1: 0.4450
loss: 0.5729, acc: 0.6750, test_acc: 0.6013, f1: 0.4414
loss: 0.8535, acc: 0.6591, test_acc: 0.5585, f1: 0.4209
loss: 0.6168, acc: 0.6667, test_acc: 0.5633, f1: 0.4916
loss: 1.0956, acc: 0.6635, test_acc: 0.6361, f1: 0.5616
loss: 0.7990, acc: 0.6696, test_acc: 0.6297, f1: 0.5743
loss: 0.7338, acc: 0.6708, test_acc: 0.5902, f1: 0.5411
loss: 0.7279, acc: 0.6719, test_acc: 0.6361, f1: 0.5411
loss: 0.7150, acc: 0.6765, test_acc: 0.6139, f1: 0.4772
loss: 0.6503, acc: 0.6771, test_acc: 0.5965, f1: 0.4506
loss: 0.8010, acc: 0.6711, test_acc: 0.6108, f1: 0.4945
loss: 0.7881, acc: 0.6750, test_acc: 0.6456, f1: 0.5855
loss: 0.7927, acc: 0.6696, test_acc: 0.6741, f1: 0.5989
loss: 0.7943, acc: 0.6733, test_acc: 0.6076, f1: 0.5702
loss: 0.9312, acc: 0.6712, test_acc: 0.6345, f1: 0.5394
loss: 0.8542, acc: 0.6667, test_acc: 0.6234, f1: 0.4550
loss: 0.9502, acc: 0.6625, test_acc: 0.6218, f1: 0.4706
loss: 0.4936, acc: 0.6731, test_acc: 0.6377, f1: 0.5479
loss: 0.7713, acc: 0.6736, test_acc: 0.6614, f1: 0.6153
>> saved: ./state_dict/text-tg_laptop_acc_0.6772_f1_0.5818
loss: 0.7574, acc: 0.6696, test_acc: 0.6772, f1: 0.5818
loss: 0.8051, acc: 0.6659, test_acc: 0.6566, f1: 0.5931
>>>>>>>>>>>>>>>>>>>>>>>>>>>>>>>>>>>>>>>>>>>>>>>>>>>>>>>>>>>>
epoch: 4
loss: 0.5801, acc: 0.7500, test_acc: 0.5823, f1: 0.4890
loss: 0.5552, acc: 0.7500, test_acc: 0.6060, f1: 0.4635
loss: 1.3957, acc: 0.6250, test_acc: 0.6377, f1: 0.5315
loss: 0.7588, acc: 0.6094, test_acc: 0.6234, f1: 0.5786
loss: 1.0430, acc: 0.6000, test_acc: 0.6313, f1: 0.5789
loss: 1.1908, acc: 0.5938, test_acc: 0.6424, f1: 0.5466
loss: 1.0219, acc: 0.5804, test_acc: 0.6266, f1: 0.5012
loss: 0.8939, acc: 0.5938, test_acc: 0.6218, f1: 0.5406
loss: 0.5872, acc: 0.6111, test_acc: 0.6123, f1: 0.5596
loss: 0.6328, acc: 0.6250, test_acc: 0.6630, f1: 0.6030
>> saved: ./state_dict/text-tg_laptop_acc_0.6788_f1_0.6108
loss: 0.8606, acc: 0.6193, test_acc: 0.6788, f1: 0.6108
loss: 0.8177, acc: 0.6198, test_acc: 0.6582, f1: 0.6040
loss: 0.6227, acc: 0.6202, test_acc: 0.6092, f1: 0.5690
>> saved: ./state_dict/text-tg_laptop_acc_0.6867_f1_0.6363
loss: 0.6893, acc: 0.6161, test_acc: 0.6867, f1: 0.6363
loss: 0.6080, acc: 0.6292, test_acc: 0.6772, f1: 0.6045
loss: 1.2591, acc: 0.6211, test_acc: 0.6392, f1: 0.4955
loss: 0.7403, acc: 0.6213, test_acc: 0.5696, f1: 0.4996
loss: 0.8337, acc: 0.6215, test_acc: 0.6725, f1: 0.6329
loss: 0.6853, acc: 0.6283, test_acc: 0.6820, f1: 0.6081
>> saved: ./state_dict/text-tg_laptop_acc_0.6930_f1_0.6328
loss: 0.5773, acc: 0.6406, test_acc: 0.6930, f1: 0.6328
loss: 0.8149, acc: 0.6429, test_acc: 0.6741, f1: 0.6311
loss: 0.7765, acc: 0.6477, test_acc: 0.6804, f1: 0.6354
loss: 0.5872, acc: 0.6549, test_acc: 0.6677, f1: 0.5778
loss: 0.7980, acc: 0.6589, test_acc: 0.6677, f1: 0.5755
loss: 0.7531, acc: 0.6575, test_acc: 0.6693, f1: 0.5869
loss: 0.5937, acc: 0.6611, test_acc: 0.6835, f1: 0.6240
loss: 0.7159, acc: 0.6620, test_acc: 0.6503, f1: 0.5870
loss: 0.7178, acc: 0.6607, test_acc: 0.6535, f1: 0.5903
loss: 0.7554, acc: 0.6594, test_acc: 0.6867, f1: 0.6213
>>>>>>>>>>>>>>>>>>>>>>>>>>>>>>>>>>>>>>>>>>>>>>>>>>>>>>>>>>>>
epoch: 5
loss: 0.8031, acc: 0.7500, test_acc: 0.6915, f1: 0.6276
loss: 0.6951, acc: 0.7500, test_acc: 0.6472, f1: 0.5877
loss: 0.7779, acc: 0.7500, test_acc: 0.6329, f1: 0.5517
loss: 0.8355, acc: 0.7031, test_acc: 0.6677, f1: 0.5800
loss: 0.9661, acc: 0.6750, test_acc: 0.6915, f1: 0.6319
>> saved: ./state_dict/text-tg_laptop_acc_0.6994_f1_0.6479
loss: 0.8980, acc: 0.6562, test_acc: 0.6994, f1: 0.6479
>> saved: ./state_dict/text-tg_laptop_acc_0.7025_f1_0.6532
loss: 0.7810, acc: 0.6607, test_acc: 0.7025, f1: 0.6532
loss: 0.3504, acc: 0.6875, test_acc: 0.6693, f1: 0.5970
loss: 0.4480, acc: 0.7014, test_acc: 0.6756, f1: 0.5939
loss: 0.5349, acc: 0.7125, test_acc: 0.6646, f1: 0.5844
loss: 0.8924, acc: 0.6932, test_acc: 0.6788, f1: 0.6168
loss: 0.9594, acc: 0.6823, test_acc: 0.6899, f1: 0.6464
>> saved: ./state_dict/text-tg_laptop_acc_0.7152_f1_0.6578
loss: 0.8034, acc: 0.6731, test_acc: 0.7152, f1: 0.6578
loss: 0.8555, acc: 0.6696, test_acc: 0.7120, f1: 0.6479
loss: 0.3746, acc: 0.6833, test_acc: 0.6962, f1: 0.6387
loss: 0.6003, acc: 0.6836, test_acc: 0.6962, f1: 0.6403
loss: 0.7906, acc: 0.6838, test_acc: 0.6804, f1: 0.6251
loss: 0.6633, acc: 0.6875, test_acc: 0.6899, f1: 0.6383
loss: 0.8243, acc: 0.6842, test_acc: 0.6883, f1: 0.6454
loss: 0.4823, acc: 0.6937, test_acc: 0.7136, f1: 0.6509
loss: 0.7873, acc: 0.6845, test_acc: 0.7025, f1: 0.6318
loss: 0.7238, acc: 0.6875, test_acc: 0.6756, f1: 0.5808
loss: 0.6958, acc: 0.6902, test_acc: 0.6978, f1: 0.6181
loss: 0.7806, acc: 0.6875, test_acc: 0.7120, f1: 0.6644
loss: 0.7306, acc: 0.6825, test_acc: 0.7073, f1: 0.6637
>> saved: ./state_dict/text-tg_laptop_acc_0.7263_f1_0.6772
loss: 0.6344, acc: 0.6899, test_acc: 0.7263, f1: 0.6772
>> saved: ./state_dict/text-tg_laptop_acc_0.7294_f1_0.6816
loss: 0.7128, acc: 0.6875, test_acc: 0.7294, f1: 0.6816
loss: 0.5486, acc: 0.6942, test_acc: 0.7120, f1: 0.6744
>>>>>>>>>>>>>>>>>>>>>>>>>>>>>>>>>>>>>>>>>>>>>>>>>>>>>>>>>>>>
epoch: 6
loss: 0.7521, acc: 0.7500, test_acc: 0.7073, f1: 0.6594
loss: 0.6037, acc: 0.7188, test_acc: 0.6661, f1: 0.5935
loss: 0.7271, acc: 0.6875, test_acc: 0.7104, f1: 0.6611
loss: 0.8013, acc: 0.6719, test_acc: 0.7278, f1: 0.6759
loss: 0.7403, acc: 0.6750, test_acc: 0.7104, f1: 0.6623
loss: 0.5815, acc: 0.6875, test_acc: 0.6709, f1: 0.6107
loss: 0.6539, acc: 0.6964, test_acc: 0.7199, f1: 0.6648
loss: 0.5927, acc: 0.7109, test_acc: 0.7278, f1: 0.6811
loss: 0.9998, acc: 0.6875, test_acc: 0.7231, f1: 0.6679
loss: 1.1735, acc: 0.6562, test_acc: 0.7073, f1: 0.6486
loss: 0.5963, acc: 0.6705, test_acc: 0.6820, f1: 0.6509
loss: 0.7131, acc: 0.6719, test_acc: 0.7025, f1: 0.6679
loss: 0.8234, acc: 0.6635, test_acc: 0.7009, f1: 0.6426
loss: 0.2395, acc: 0.6830, test_acc: 0.6820, f1: 0.5963
loss: 0.7936, acc: 0.6875, test_acc: 0.6883, f1: 0.6030
loss: 0.6092, acc: 0.6875, test_acc: 0.6867, f1: 0.6261
loss: 0.3883, acc: 0.6985, test_acc: 0.7184, f1: 0.6618
loss: 0.8851, acc: 0.6910, test_acc: 0.6899, f1: 0.6131
loss: 0.8007, acc: 0.6776, test_acc: 0.7120, f1: 0.6611
loss: 0.6743, acc: 0.6781, test_acc: 0.6867, f1: 0.6487
loss: 0.8876, acc: 0.6756, test_acc: 0.6930, f1: 0.6418
loss: 0.7443, acc: 0.6761, test_acc: 0.6741, f1: 0.5901
loss: 0.6381, acc: 0.6821, test_acc: 0.6962, f1: 0.6193
loss: 0.5077, acc: 0.6875, test_acc: 0.6994, f1: 0.6533
loss: 0.6588, acc: 0.6875, test_acc: 0.7089, f1: 0.6708
loss: 0.6945, acc: 0.6875, test_acc: 0.7089, f1: 0.6688
loss: 0.9069, acc: 0.6875, test_acc: 0.6915, f1: 0.6404
loss: 0.5059, acc: 0.6897, test_acc: 0.6820, f1: 0.6284
loss: 0.6924, acc: 0.6897, test_acc: 0.7057, f1: 0.6501
>>>>>>>>>>>>>>>>>>>>>>>>>>>>>>>>>>>>>>>>>>>>>>>>>>>>>>>>>>>>
epoch: 7
loss: 0.5505, acc: 0.8750, test_acc: 0.7057, f1: 0.6502
loss: 0.8509, acc: 0.7500, test_acc: 0.6883, f1: 0.6370
loss: 1.2970, acc: 0.6250, test_acc: 0.6804, f1: 0.6273
loss: 0.6449, acc: 0.6562, test_acc: 0.7009, f1: 0.6538
loss: 0.6257, acc: 0.6750, test_acc: 0.7009, f1: 0.6513
loss: 0.7419, acc: 0.6875, test_acc: 0.6978, f1: 0.6480
loss: 0.7314, acc: 0.6786, test_acc: 0.6835, f1: 0.6359
loss: 0.9009, acc: 0.6562, test_acc: 0.7215, f1: 0.6701
>> saved: ./state_dict/text-tg_laptop_acc_0.7310_f1_0.6769
loss: 0.4802, acc: 0.6736, test_acc: 0.7310, f1: 0.6769
loss: 0.8916, acc: 0.6813, test_acc: 0.7089, f1: 0.6493
loss: 0.6587, acc: 0.6818, test_acc: 0.6978, f1: 0.6380
loss: 0.7118, acc: 0.6927, test_acc: 0.7089, f1: 0.6630
loss: 0.4868, acc: 0.6971, test_acc: 0.7168, f1: 0.6667
loss: 0.6452, acc: 0.7009, test_acc: 0.7120, f1: 0.6635
loss: 0.4317, acc: 0.7083, test_acc: 0.7168, f1: 0.6735
loss: 0.3913, acc: 0.7188, test_acc: 0.7310, f1: 0.6793
loss: 0.2331, acc: 0.7316, test_acc: 0.7184, f1: 0.6579
>> saved: ./state_dict/text-tg_laptop_acc_0.7389_f1_0.6931
loss: 0.7082, acc: 0.7292, test_acc: 0.7389, f1: 0.6931
loss: 0.8330, acc: 0.7237, test_acc: 0.7326, f1: 0.6860
loss: 0.5898, acc: 0.7219, test_acc: 0.7184, f1: 0.6768
loss: 0.7424, acc: 0.7262, test_acc: 0.6851, f1: 0.6149
loss: 0.7515, acc: 0.7244, test_acc: 0.6994, f1: 0.6248
loss: 0.7041, acc: 0.7228, test_acc: 0.7199, f1: 0.6640
loss: 0.7960, acc: 0.7188, test_acc: 0.7263, f1: 0.6785
loss: 0.6566, acc: 0.7225, test_acc: 0.7152, f1: 0.6746
loss: 0.7713, acc: 0.7212, test_acc: 0.7247, f1: 0.6699
loss: 0.9197, acc: 0.7199, test_acc: 0.7215, f1: 0.6613
loss: 0.7137, acc: 0.7188, test_acc: 0.7057, f1: 0.6613
>>>>>>>>>>>>>>>>>>>>>>>>>>>>>>>>>>>>>>>>>>>>>>>>>>>>>>>>>>>>
epoch: 8
loss: 0.8890, acc: 0.5625, test_acc: 0.7089, f1: 0.6720
loss: 0.7835, acc: 0.5312, test_acc: 0.6883, f1: 0.6565
loss: 0.5084, acc: 0.6042, test_acc: 0.7025, f1: 0.6599
loss: 0.6059, acc: 0.6406, test_acc: 0.7263, f1: 0.6817
loss: 0.7542, acc: 0.6500, test_acc: 0.7009, f1: 0.6705
loss: 0.7314, acc: 0.6667, test_acc: 0.7025, f1: 0.6716
loss: 0.4207, acc: 0.6875, test_acc: 0.7057, f1: 0.6691
loss: 0.3401, acc: 0.7266, test_acc: 0.7168, f1: 0.6755
loss: 0.9290, acc: 0.7083, test_acc: 0.7168, f1: 0.6695
loss: 0.7394, acc: 0.7188, test_acc: 0.7310, f1: 0.6746
loss: 0.8428, acc: 0.7045, test_acc: 0.6994, f1: 0.6482
loss: 0.4531, acc: 0.7188, test_acc: 0.6756, f1: 0.6002
loss: 0.4222, acc: 0.7308, test_acc: 0.6772, f1: 0.5895
loss: 0.9229, acc: 0.7232, test_acc: 0.7073, f1: 0.6401
loss: 0.7477, acc: 0.7167, test_acc: 0.6978, f1: 0.6569
loss: 0.9157, acc: 0.7109, test_acc: 0.7041, f1: 0.6604
loss: 0.5226, acc: 0.7169, test_acc: 0.7009, f1: 0.6356
loss: 0.4870, acc: 0.7222, test_acc: 0.7073, f1: 0.6364
loss: 0.5672, acc: 0.7237, test_acc: 0.6867, f1: 0.6127
loss: 0.4712, acc: 0.7250, test_acc: 0.7120, f1: 0.6529
loss: 0.9412, acc: 0.7173, test_acc: 0.7041, f1: 0.6396
loss: 0.4911, acc: 0.7244, test_acc: 0.7120, f1: 0.6732
loss: 0.5972, acc: 0.7228, test_acc: 0.7152, f1: 0.6718
loss: 0.4545, acc: 0.7240, test_acc: 0.7231, f1: 0.6647
loss: 0.4049, acc: 0.7300, test_acc: 0.7184, f1: 0.6576
loss: 0.5315, acc: 0.7308, test_acc: 0.7152, f1: 0.6610
loss: 0.5376, acc: 0.7338, test_acc: 0.7326, f1: 0.6868
loss: 0.5005, acc: 0.7366, test_acc: 0.7263, f1: 0.6759
loss: 1.0877, acc: 0.7284, test_acc: 0.7199, f1: 0.6697
>>>>>>>>>>>>>>>>>>>>>>>>>>>>>>>>>>>>>>>>>>>>>>>>>>>>>>>>>>>>
epoch: 9
loss: 0.8676, acc: 0.5000, test_acc: 0.6946, f1: 0.6290
loss: 0.7508, acc: 0.5625, test_acc: 0.6851, f1: 0.6122
loss: 0.4830, acc: 0.6458, test_acc: 0.6851, f1: 0.6137
loss: 0.7186, acc: 0.6562, test_acc: 0.6994, f1: 0.6308
loss: 0.6906, acc: 0.6750, test_acc: 0.7168, f1: 0.6614
loss: 0.9203, acc: 0.6354, test_acc: 0.7089, f1: 0.6503
loss: 0.9270, acc: 0.6339, test_acc: 0.7089, f1: 0.6476
loss: 0.7350, acc: 0.6562, test_acc: 0.7041, f1: 0.6510
loss: 0.7729, acc: 0.6597, test_acc: 0.7104, f1: 0.6733
loss: 0.4898, acc: 0.6813, test_acc: 0.7294, f1: 0.6864
loss: 0.7437, acc: 0.6705, test_acc: 0.7041, f1: 0.6351
loss: 0.9681, acc: 0.6667, test_acc: 0.7199, f1: 0.6706
loss: 0.4012, acc: 0.6779, test_acc: 0.6772, f1: 0.6526
loss: 0.8476, acc: 0.6830, test_acc: 0.7199, f1: 0.6877
loss: 0.6217, acc: 0.6917, test_acc: 0.7152, f1: 0.6504
loss: 0.9652, acc: 0.6836, test_acc: 0.7041, f1: 0.6460
loss: 0.7887, acc: 0.6838, test_acc: 0.6962, f1: 0.6540
loss: 0.6227, acc: 0.6875, test_acc: 0.7199, f1: 0.6785
loss: 0.9068, acc: 0.6809, test_acc: 0.7215, f1: 0.6830
loss: 0.3914, acc: 0.6937, test_acc: 0.7104, f1: 0.6696
loss: 0.4126, acc: 0.6994, test_acc: 0.7104, f1: 0.6585
loss: 0.9560, acc: 0.6989, test_acc: 0.7057, f1: 0.6550
loss: 0.6784, acc: 0.6957, test_acc: 0.7041, f1: 0.6520
loss: 0.3968, acc: 0.7031, test_acc: 0.7041, f1: 0.6538
loss: 0.8483, acc: 0.7000, test_acc: 0.7073, f1: 0.6521
loss: 0.5220, acc: 0.7043, test_acc: 0.6899, f1: 0.6006
loss: 0.8965, acc: 0.7014, test_acc: 0.6820, f1: 0.5761
loss: 0.8951, acc: 0.7009, test_acc: 0.7025, f1: 0.6353
loss: 0.9466, acc: 0.6965, test_acc: 0.7073, f1: 0.6673
>>>>>>>>>>>>>>>>>>>>>>>>>>>>>>>>>>>>>>>>>>>>>>>>>>>>>>>>>>>>
epoch: 10
loss: 0.5839, acc: 0.7500, test_acc: 0.7073, f1: 0.6642
loss: 0.3851, acc: 0.8438, test_acc: 0.7136, f1: 0.6634
loss: 0.8780, acc: 0.7292, test_acc: 0.7104, f1: 0.6578
loss: 0.6529, acc: 0.7188, test_acc: 0.7136, f1: 0.6688
loss: 0.6941, acc: 0.7250, test_acc: 0.7168, f1: 0.6703
loss: 0.5606, acc: 0.7292, test_acc: 0.7041, f1: 0.6469
loss: 0.4222, acc: 0.7589, test_acc: 0.7041, f1: 0.6458
loss: 0.6774, acc: 0.7422, test_acc: 0.7120, f1: 0.6583
loss: 0.7199, acc: 0.7431, test_acc: 0.7073, f1: 0.6463
loss: 0.6269, acc: 0.7438, test_acc: 0.7009, f1: 0.6443
loss: 0.6714, acc: 0.7443, test_acc: 0.7104, f1: 0.6768
loss: 0.8353, acc: 0.7292, test_acc: 0.7041, f1: 0.6685
loss: 0.7581, acc: 0.7260, test_acc: 0.7073, f1: 0.6592
loss: 0.7301, acc: 0.7277, test_acc: 0.6978, f1: 0.6268
loss: 0.5876, acc: 0.7250, test_acc: 0.7057, f1: 0.6595
loss: 0.4763, acc: 0.7305, test_acc: 0.7168, f1: 0.6799
loss: 0.5003, acc: 0.7353, test_acc: 0.7231, f1: 0.6840
loss: 0.4497, acc: 0.7396, test_acc: 0.7278, f1: 0.6821
loss: 0.6037, acc: 0.7401, test_acc: 0.7073, f1: 0.6569
loss: 0.8313, acc: 0.7312, test_acc: 0.6899, f1: 0.6438
loss: 0.6042, acc: 0.7321, test_acc: 0.7168, f1: 0.6744
loss: 0.2999, acc: 0.7415, test_acc: 0.7342, f1: 0.6964
loss: 0.3323, acc: 0.7473, test_acc: 0.7136, f1: 0.6698
loss: 0.4970, acc: 0.7500, test_acc: 0.7025, f1: 0.6547
loss: 1.4645, acc: 0.7425, test_acc: 0.6994, f1: 0.6431
loss: 0.6926, acc: 0.7428, test_acc: 0.7120, f1: 0.6638
loss: 0.7136, acc: 0.7384, test_acc: 0.7168, f1: 0.6703
loss: 0.9576, acc: 0.7321, test_acc: 0.7057, f1: 0.6467
>>>>>>>>>>>>>>>>>>>>>>>>>>>>>>>>>>>>>>>>>>>>>>>>>>>>>>>>>>>>
epoch: 11
loss: 0.7480, acc: 0.6875, test_acc: 0.6883, f1: 0.6219
loss: 0.5285, acc: 0.7500, test_acc: 0.6899, f1: 0.6212
loss: 0.5048, acc: 0.7708, test_acc: 0.7009, f1: 0.6326
loss: 0.5148, acc: 0.7812, test_acc: 0.7168, f1: 0.6773
loss: 0.8056, acc: 0.7625, test_acc: 0.7199, f1: 0.6865
loss: 0.6593, acc: 0.7396, test_acc: 0.7215, f1: 0.6811
loss: 1.0221, acc: 0.7054, test_acc: 0.7073, f1: 0.6491
loss: 0.8624, acc: 0.6953, test_acc: 0.6978, f1: 0.6189
loss: 0.6424, acc: 0.7083, test_acc: 0.7009, f1: 0.6338
loss: 0.6212, acc: 0.7188, test_acc: 0.7104, f1: 0.6508
loss: 0.6585, acc: 0.7216, test_acc: 0.7263, f1: 0.6767
loss: 0.7617, acc: 0.7135, test_acc: 0.7278, f1: 0.6921
loss: 0.7267, acc: 0.7019, test_acc: 0.7089, f1: 0.6690
loss: 0.4112, acc: 0.7143, test_acc: 0.6946, f1: 0.6322
loss: 0.6331, acc: 0.7208, test_acc: 0.6883, f1: 0.6152
loss: 1.2603, acc: 0.7031, test_acc: 0.6994, f1: 0.6520
loss: 0.4519, acc: 0.7059, test_acc: 0.7152, f1: 0.6737
loss: 0.6179, acc: 0.7083, test_acc: 0.7120, f1: 0.6698
loss: 0.5956, acc: 0.7138, test_acc: 0.7057, f1: 0.6597
loss: 0.3679, acc: 0.7219, test_acc: 0.7025, f1: 0.6491
loss: 1.3680, acc: 0.7083, test_acc: 0.7168, f1: 0.6628
loss: 0.6620, acc: 0.7102, test_acc: 0.7294, f1: 0.6851
loss: 0.5078, acc: 0.7120, test_acc: 0.7184, f1: 0.6769
loss: 0.7013, acc: 0.7135, test_acc: 0.6915, f1: 0.6352
loss: 0.8767, acc: 0.7050, test_acc: 0.7041, f1: 0.6515
loss: 0.6636, acc: 0.7043, test_acc: 0.7199, f1: 0.6692
loss: 0.5560, acc: 0.7083, test_acc: 0.7152, f1: 0.6696
loss: 0.4905, acc: 0.7121, test_acc: 0.7168, f1: 0.6718
loss: 0.7089, acc: 0.7155, test_acc: 0.7073, f1: 0.6682
>>>>>>>>>>>>>>>>>>>>>>>>>>>>>>>>>>>>>>>>>>>>>>>>>>>>>>>>>>>>
epoch: 12
loss: 0.4882, acc: 0.8125, test_acc: 0.7057, f1: 0.6660
loss: 0.6927, acc: 0.7500, test_acc: 0.7089, f1: 0.6683
loss: 0.7072, acc: 0.6875, test_acc: 0.7263, f1: 0.6892
loss: 0.6188, acc: 0.7188, test_acc: 0.7294, f1: 0.6862
loss: 0.4960, acc: 0.7375, test_acc: 0.7120, f1: 0.6715
loss: 0.5105, acc: 0.7500, test_acc: 0.6883, f1: 0.6256
loss: 0.5671, acc: 0.7589, test_acc: 0.6930, f1: 0.6156
loss: 0.7553, acc: 0.7578, test_acc: 0.7089, f1: 0.6637
loss: 0.8290, acc: 0.7431, test_acc: 0.6946, f1: 0.6498
loss: 0.6820, acc: 0.7438, test_acc: 0.7136, f1: 0.6688
loss: 0.5345, acc: 0.7500, test_acc: 0.7104, f1: 0.6675
loss: 0.8875, acc: 0.7448, test_acc: 0.7152, f1: 0.6731
loss: 0.7213, acc: 0.7404, test_acc: 0.7184, f1: 0.6760
loss: 0.9775, acc: 0.7321, test_acc: 0.7025, f1: 0.6617
loss: 0.5657, acc: 0.7375, test_acc: 0.7104, f1: 0.6717
loss: 0.8715, acc: 0.7305, test_acc: 0.7152, f1: 0.6773
loss: 0.8806, acc: 0.7279, test_acc: 0.7057, f1: 0.6636
loss: 0.8154, acc: 0.7292, test_acc: 0.6946, f1: 0.6349
loss: 0.6563, acc: 0.7303, test_acc: 0.6962, f1: 0.6370
loss: 0.8422, acc: 0.7156, test_acc: 0.7057, f1: 0.6560
loss: 0.6992, acc: 0.7173, test_acc: 0.7073, f1: 0.6583
loss: 0.6010, acc: 0.7216, test_acc: 0.6978, f1: 0.6479
loss: 0.5538, acc: 0.7228, test_acc: 0.6978, f1: 0.6482
loss: 0.3645, acc: 0.7292, test_acc: 0.7025, f1: 0.6572
loss: 0.8175, acc: 0.7300, test_acc: 0.6994, f1: 0.6549
loss: 0.6010, acc: 0.7308, test_acc: 0.6915, f1: 0.6416
loss: 0.6134, acc: 0.7292, test_acc: 0.7009, f1: 0.6405
loss: 0.6928, acc: 0.7277, test_acc: 0.7073, f1: 0.6477
>>>>>>>>>>>>>>>>>>>>>>>>>>>>>>>>>>>>>>>>>>>>>>>>>>>>>>>>>>>>
epoch: 13
loss: 0.5446, acc: 0.8125, test_acc: 0.7089, f1: 0.6610
loss: 0.7901, acc: 0.7188, test_acc: 0.7057, f1: 0.6625
loss: 0.7443, acc: 0.7083, test_acc: 0.6867, f1: 0.6355
loss: 0.7058, acc: 0.7031, test_acc: 0.7215, f1: 0.6746
loss: 0.9879, acc: 0.6750, test_acc: 0.7104, f1: 0.6574
loss: 0.6450, acc: 0.6667, test_acc: 0.6930, f1: 0.6269
loss: 0.7413, acc: 0.6696, test_acc: 0.6962, f1: 0.6341
loss: 0.7607, acc: 0.6641, test_acc: 0.7231, f1: 0.6864
loss: 0.7077, acc: 0.6806, test_acc: 0.7247, f1: 0.6831
loss: 0.5796, acc: 0.6813, test_acc: 0.7184, f1: 0.6729
loss: 0.7666, acc: 0.6761, test_acc: 0.6899, f1: 0.6125
loss: 0.6786, acc: 0.6771, test_acc: 0.6899, f1: 0.5999
loss: 0.8033, acc: 0.6731, test_acc: 0.7120, f1: 0.6608
loss: 0.6752, acc: 0.6875, test_acc: 0.7263, f1: 0.6826
loss: 0.7444, acc: 0.6917, test_acc: 0.7247, f1: 0.6778
loss: 0.4107, acc: 0.6992, test_acc: 0.6930, f1: 0.6240
loss: 0.4648, acc: 0.7096, test_acc: 0.7089, f1: 0.6551
loss: 0.8529, acc: 0.7118, test_acc: 0.7326, f1: 0.6817
loss: 0.7335, acc: 0.7039, test_acc: 0.7358, f1: 0.6791
loss: 0.4596, acc: 0.7125, test_acc: 0.7215, f1: 0.6765
loss: 0.2946, acc: 0.7202, test_acc: 0.6994, f1: 0.6279
loss: 0.5662, acc: 0.7188, test_acc: 0.6772, f1: 0.5845
loss: 0.7103, acc: 0.7147, test_acc: 0.6851, f1: 0.6278
loss: 0.8401, acc: 0.7109, test_acc: 0.6835, f1: 0.6441
loss: 0.4822, acc: 0.7175, test_acc: 0.7184, f1: 0.6752
loss: 0.5211, acc: 0.7188, test_acc: 0.7263, f1: 0.6771
loss: 1.0389, acc: 0.7083, test_acc: 0.7231, f1: 0.6726
loss: 0.7840, acc: 0.7054, test_acc: 0.7263, f1: 0.6827
loss: 0.3985, acc: 0.7112, test_acc: 0.7247, f1: 0.6771
>>>>>>>>>>>>>>>>>>>>>>>>>>>>>>>>>>>>>>>>>>>>>>>>>>>>>>>>>>>>
epoch: 14
loss: 0.8359, acc: 0.5625, test_acc: 0.7231, f1: 0.6714
loss: 0.6887, acc: 0.6562, test_acc: 0.7199, f1: 0.6716
loss: 0.5071, acc: 0.7083, test_acc: 0.7184, f1: 0.6745
loss: 0.5763, acc: 0.7031, test_acc: 0.7294, f1: 0.6914
loss: 0.8461, acc: 0.6875, test_acc: 0.7041, f1: 0.6527
loss: 0.7556, acc: 0.6875, test_acc: 0.6978, f1: 0.6314
loss: 0.6377, acc: 0.6875, test_acc: 0.7120, f1: 0.6600
loss: 0.7758, acc: 0.6953, test_acc: 0.6994, f1: 0.6633
loss: 0.7575, acc: 0.6944, test_acc: 0.6962, f1: 0.6660
loss: 0.6314, acc: 0.7063, test_acc: 0.7184, f1: 0.6659
loss: 0.5793, acc: 0.7045, test_acc: 0.7136, f1: 0.6537
loss: 0.5770, acc: 0.7135, test_acc: 0.7373, f1: 0.6924
loss: 0.5967, acc: 0.7212, test_acc: 0.7294, f1: 0.6845
loss: 0.5854, acc: 0.7277, test_acc: 0.7073, f1: 0.6586
loss: 0.5805, acc: 0.7292, test_acc: 0.6899, f1: 0.6346
loss: 0.5322, acc: 0.7305, test_acc: 0.7231, f1: 0.6790
loss: 0.6183, acc: 0.7316, test_acc: 0.7310, f1: 0.6806
>> saved: ./state_dict/text-tg_laptop_acc_0.7421_f1_0.7020
loss: 0.6153, acc: 0.7326, test_acc: 0.7421, f1: 0.7020
loss: 0.8286, acc: 0.7303, test_acc: 0.7215, f1: 0.6762
loss: 0.4984, acc: 0.7375, test_acc: 0.6899, f1: 0.6346
loss: 0.5568, acc: 0.7381, test_acc: 0.7168, f1: 0.6717
loss: 0.4319, acc: 0.7386, test_acc: 0.7326, f1: 0.6962
loss: 0.3972, acc: 0.7446, test_acc: 0.7215, f1: 0.6813
loss: 0.5334, acc: 0.7448, test_acc: 0.6962, f1: 0.6403
loss: 0.4934, acc: 0.7450, test_acc: 0.7278, f1: 0.6850
loss: 0.4079, acc: 0.7500, test_acc: 0.7247, f1: 0.6707
loss: 0.4521, acc: 0.7569, test_acc: 0.7278, f1: 0.6759
loss: 1.0815, acc: 0.7500, test_acc: 0.7310, f1: 0.6858
loss: 0.2808, acc: 0.7533, test_acc: 0.7120, f1: 0.6639
>>>>>>>>>>>>>>>>>>>>>>>>>>>>>>>>>>>>>>>>>>>>>>>>>>>>>>>>>>>>
epoch: 15
loss: 0.5259, acc: 0.7500, test_acc: 0.7152, f1: 0.6615
loss: 0.7455, acc: 0.7188, test_acc: 0.6962, f1: 0.6465
loss: 0.6210, acc: 0.7292, test_acc: 0.7247, f1: 0.6791
loss: 0.3930, acc: 0.7656, test_acc: 0.7104, f1: 0.6565
loss: 0.3484, acc: 0.8000, test_acc: 0.6946, f1: 0.6490
loss: 0.7636, acc: 0.7708, test_acc: 0.6788, f1: 0.6339
loss: 0.8621, acc: 0.7500, test_acc: 0.7009, f1: 0.6750
loss: 0.6160, acc: 0.7578, test_acc: 0.6946, f1: 0.6464
loss: 0.6907, acc: 0.7569, test_acc: 0.6820, f1: 0.6021
loss: 0.5003, acc: 0.7562, test_acc: 0.6725, f1: 0.5920
loss: 0.9147, acc: 0.7216, test_acc: 0.7009, f1: 0.6487
loss: 0.7782, acc: 0.7240, test_acc: 0.7041, f1: 0.6555
loss: 0.4083, acc: 0.7356, test_acc: 0.7199, f1: 0.6765
loss: 0.6324, acc: 0.7366, test_acc: 0.7168, f1: 0.6826
loss: 0.6007, acc: 0.7417, test_acc: 0.7247, f1: 0.6936
loss: 0.5434, acc: 0.7383, test_acc: 0.7231, f1: 0.6787
loss: 0.5138, acc: 0.7463, test_acc: 0.7215, f1: 0.6718
loss: 0.4883, acc: 0.7500, test_acc: 0.6867, f1: 0.6156
loss: 0.9859, acc: 0.7467, test_acc: 0.7025, f1: 0.6465
loss: 0.3156, acc: 0.7531, test_acc: 0.7247, f1: 0.6813
loss: 1.0463, acc: 0.7440, test_acc: 0.7041, f1: 0.6618
loss: 0.6709, acc: 0.7415, test_acc: 0.7215, f1: 0.6851
loss: 1.0917, acc: 0.7310, test_acc: 0.7231, f1: 0.6761
loss: 0.8356, acc: 0.7214, test_acc: 0.6883, f1: 0.6246
loss: 0.4272, acc: 0.7250, test_acc: 0.7136, f1: 0.6627
loss: 0.6256, acc: 0.7236, test_acc: 0.7231, f1: 0.6843
loss: 0.8097, acc: 0.7199, test_acc: 0.7120, f1: 0.6784
loss: 0.5539, acc: 0.7254, test_acc: 0.7247, f1: 0.6740
>>>>>>>>>>>>>>>>>>>>>>>>>>>>>>>>>>>>>>>>>>>>>>>>>>>>>>>>>>>>
epoch: 16
>> saved: ./state_dict/text-tg_laptop_acc_0.7453_f1_0.6945
loss: 0.4278, acc: 0.8125, test_acc: 0.7453, f1: 0.6945
loss: 0.3768, acc: 0.8125, test_acc: 0.7231, f1: 0.6795
loss: 0.7446, acc: 0.7708, test_acc: 0.7136, f1: 0.6758
loss: 0.9626, acc: 0.7500, test_acc: 0.7104, f1: 0.6643
loss: 0.6728, acc: 0.7375, test_acc: 0.7184, f1: 0.6763
loss: 0.5637, acc: 0.7292, test_acc: 0.7294, f1: 0.6848
loss: 0.6131, acc: 0.7411, test_acc: 0.7073, f1: 0.6723
loss: 0.9051, acc: 0.7188, test_acc: 0.7136, f1: 0.6760
loss: 0.4608, acc: 0.7361, test_acc: 0.7152, f1: 0.6660
loss: 0.6818, acc: 0.7312, test_acc: 0.7104, f1: 0.6571
loss: 0.3224, acc: 0.7443, test_acc: 0.7215, f1: 0.6817
loss: 1.1254, acc: 0.7135, test_acc: 0.7199, f1: 0.6868
loss: 0.2735, acc: 0.7260, test_acc: 0.6962, f1: 0.6563
loss: 0.5457, acc: 0.7277, test_acc: 0.6994, f1: 0.6567
loss: 0.8167, acc: 0.7250, test_acc: 0.7199, f1: 0.6787
loss: 0.7964, acc: 0.7188, test_acc: 0.7184, f1: 0.6658
loss: 0.6588, acc: 0.7169, test_acc: 0.7104, f1: 0.6562
loss: 0.8272, acc: 0.7188, test_acc: 0.7104, f1: 0.6549
loss: 0.9186, acc: 0.7105, test_acc: 0.7073, f1: 0.6564
loss: 0.3541, acc: 0.7219, test_acc: 0.7136, f1: 0.6737
loss: 0.6724, acc: 0.7232, test_acc: 0.7168, f1: 0.6740
loss: 1.1524, acc: 0.7216, test_acc: 0.7278, f1: 0.6818
loss: 0.8156, acc: 0.7201, test_acc: 0.7120, f1: 0.6748
loss: 0.5572, acc: 0.7214, test_acc: 0.7152, f1: 0.6824
loss: 0.2533, acc: 0.7300, test_acc: 0.7073, f1: 0.6608
loss: 0.8587, acc: 0.7308, test_acc: 0.7104, f1: 0.6611
loss: 0.6293, acc: 0.7292, test_acc: 0.7310, f1: 0.6942
loss: 0.8476, acc: 0.7232, test_acc: 0.7136, f1: 0.6721
loss: 0.7154, acc: 0.7220, test_acc: 0.7152, f1: 0.6698
>>>>>>>>>>>>>>>>>>>>>>>>>>>>>>>>>>>>>>>>>>>>>>>>>>>>>>>>>>>>
epoch: 17
loss: 0.3496, acc: 0.8750, test_acc: 0.7152, f1: 0.6469
loss: 0.6469, acc: 0.8438, test_acc: 0.7199, f1: 0.6692
loss: 0.9670, acc: 0.7292, test_acc: 0.7231, f1: 0.6844
loss: 0.4676, acc: 0.7500, test_acc: 0.7168, f1: 0.6721
loss: 0.7461, acc: 0.7250, test_acc: 0.7342, f1: 0.6943
loss: 0.9095, acc: 0.7188, test_acc: 0.7326, f1: 0.6904
loss: 0.5360, acc: 0.7321, test_acc: 0.7136, f1: 0.6635
loss: 0.4027, acc: 0.7422, test_acc: 0.7104, f1: 0.6432
loss: 0.4322, acc: 0.7569, test_acc: 0.7025, f1: 0.6387
loss: 0.8909, acc: 0.7438, test_acc: 0.7073, f1: 0.6505
loss: 0.3359, acc: 0.7614, test_acc: 0.7453, f1: 0.6988
>> saved: ./state_dict/text-tg_laptop_acc_0.7516_f1_0.7035
loss: 0.7564, acc: 0.7500, test_acc: 0.7516, f1: 0.7035
loss: 0.6622, acc: 0.7500, test_acc: 0.7184, f1: 0.6612
loss: 0.6361, acc: 0.7455, test_acc: 0.7073, f1: 0.6453
loss: 0.4352, acc: 0.7500, test_acc: 0.7247, f1: 0.6771
loss: 0.6614, acc: 0.7461, test_acc: 0.7152, f1: 0.6684
loss: 0.7388, acc: 0.7353, test_acc: 0.7120, f1: 0.6539
loss: 0.6372, acc: 0.7292, test_acc: 0.7104, f1: 0.6461
loss: 0.9407, acc: 0.7237, test_acc: 0.7057, f1: 0.6367
loss: 0.6036, acc: 0.7250, test_acc: 0.7057, f1: 0.6531
loss: 0.5134, acc: 0.7262, test_acc: 0.7152, f1: 0.6712
loss: 0.6245, acc: 0.7216, test_acc: 0.7136, f1: 0.6659
loss: 0.8009, acc: 0.7147, test_acc: 0.6930, f1: 0.6331
loss: 0.4248, acc: 0.7214, test_acc: 0.6867, f1: 0.6109
loss: 1.0205, acc: 0.7150, test_acc: 0.7009, f1: 0.6355
loss: 0.6158, acc: 0.7139, test_acc: 0.7342, f1: 0.6941
loss: 0.4621, acc: 0.7199, test_acc: 0.7358, f1: 0.6958
loss: 0.7743, acc: 0.7143, test_acc: 0.7152, f1: 0.6591
>>>>>>>>>>>>>>>>>>>>>>>>>>>>>>>>>>>>>>>>>>>>>>>>>>>>>>>>>>>>
epoch: 18
loss: 0.5916, acc: 0.8750, test_acc: 0.7009, f1: 0.6447
loss: 0.4725, acc: 0.8125, test_acc: 0.6994, f1: 0.6444
loss: 0.3347, acc: 0.8333, test_acc: 0.6962, f1: 0.6457
loss: 0.6801, acc: 0.7969, test_acc: 0.6978, f1: 0.6520
loss: 0.9214, acc: 0.7500, test_acc: 0.6994, f1: 0.6493
loss: 0.4523, acc: 0.7604, test_acc: 0.7294, f1: 0.6838
loss: 0.3499, acc: 0.7768, test_acc: 0.7231, f1: 0.6628
loss: 0.8286, acc: 0.7422, test_acc: 0.7136, f1: 0.6501
loss: 0.5572, acc: 0.7431, test_acc: 0.7199, f1: 0.6758
loss: 0.6427, acc: 0.7438, test_acc: 0.7231, f1: 0.6778
loss: 0.4148, acc: 0.7500, test_acc: 0.7073, f1: 0.6491
loss: 0.3632, acc: 0.7604, test_acc: 0.7057, f1: 0.6397
loss: 0.4384, acc: 0.7596, test_acc: 0.7231, f1: 0.6702
loss: 0.4642, acc: 0.7723, test_acc: 0.7199, f1: 0.6653
loss: 0.9558, acc: 0.7708, test_acc: 0.7215, f1: 0.6659
loss: 0.9589, acc: 0.7539, test_acc: 0.6820, f1: 0.6443
loss: 0.6179, acc: 0.7537, test_acc: 0.6772, f1: 0.6439
loss: 0.6756, acc: 0.7535, test_acc: 0.7057, f1: 0.6618
loss: 0.4446, acc: 0.7566, test_acc: 0.7215, f1: 0.6700
loss: 0.3322, acc: 0.7656, test_acc: 0.7199, f1: 0.6658
loss: 0.4788, acc: 0.7679, test_acc: 0.7073, f1: 0.6536
loss: 0.6476, acc: 0.7699, test_acc: 0.7073, f1: 0.6535
loss: 0.6113, acc: 0.7690, test_acc: 0.7168, f1: 0.6751
loss: 0.7980, acc: 0.7630, test_acc: 0.7263, f1: 0.6843
loss: 0.7401, acc: 0.7625, test_acc: 0.7136, f1: 0.6618
loss: 0.8517, acc: 0.7524, test_acc: 0.7009, f1: 0.6419
loss: 0.3613, acc: 0.7569, test_acc: 0.7041, f1: 0.6459
loss: 0.6296, acc: 0.7589, test_acc: 0.7168, f1: 0.6661
loss: 0.6454, acc: 0.7586, test_acc: 0.7168, f1: 0.6684
>>>>>>>>>>>>>>>>>>>>>>>>>>>>>>>>>>>>>>>>>>>>>>>>>>>>>>>>>>>>
epoch: 19
loss: 0.8260, acc: 0.6875, test_acc: 0.7389, f1: 0.6903
loss: 0.4489, acc: 0.7188, test_acc: 0.7247, f1: 0.6708
loss: 0.4837, acc: 0.7708, test_acc: 0.7120, f1: 0.6536
loss: 0.6479, acc: 0.7500, test_acc: 0.7136, f1: 0.6526
loss: 1.0183, acc: 0.7000, test_acc: 0.7184, f1: 0.6595
loss: 1.1788, acc: 0.6875, test_acc: 0.7073, f1: 0.6629
loss: 0.6168, acc: 0.6964, test_acc: 0.7025, f1: 0.6658
loss: 0.4248, acc: 0.7188, test_acc: 0.7152, f1: 0.6719
loss: 0.6983, acc: 0.7153, test_acc: 0.7215, f1: 0.6676
loss: 0.7324, acc: 0.7188, test_acc: 0.7009, f1: 0.6342
loss: 0.8069, acc: 0.6989, test_acc: 0.7184, f1: 0.6643
loss: 0.3138, acc: 0.7083, test_acc: 0.7168, f1: 0.6640
loss: 0.2343, acc: 0.7212, test_acc: 0.7184, f1: 0.6730
loss: 0.6028, acc: 0.7232, test_acc: 0.7231, f1: 0.6708
loss: 0.7390, acc: 0.7167, test_acc: 0.7184, f1: 0.6596
loss: 0.4889, acc: 0.7188, test_acc: 0.7215, f1: 0.6769
loss: 0.6475, acc: 0.7206, test_acc: 0.7215, f1: 0.6908
loss: 0.4910, acc: 0.7257, test_acc: 0.7136, f1: 0.6709
loss: 0.5395, acc: 0.7237, test_acc: 0.7231, f1: 0.6720
loss: 0.5033, acc: 0.7312, test_acc: 0.7215, f1: 0.6660
loss: 0.4480, acc: 0.7321, test_acc: 0.7247, f1: 0.6789
loss: 0.8127, acc: 0.7244, test_acc: 0.7278, f1: 0.6863
loss: 0.4191, acc: 0.7283, test_acc: 0.7247, f1: 0.6808
loss: 0.7842, acc: 0.7266, test_acc: 0.7025, f1: 0.6437
loss: 0.4561, acc: 0.7300, test_acc: 0.7057, f1: 0.6470
loss: 0.5879, acc: 0.7308, test_acc: 0.7231, f1: 0.6667
loss: 0.8836, acc: 0.7245, test_acc: 0.7358, f1: 0.6927
loss: 0.7376, acc: 0.7188, test_acc: 0.7373, f1: 0.7010
loss: 0.7773, acc: 0.7183, test_acc: 0.7199, f1: 0.6818
>>>>>>>>>>>>>>>>>>>>>>>>>>>>>>>>>>>>>>>>>>>>>>>>>>>>>>>>>>>>
epoch: 20
loss: 0.5555, acc: 0.7500, test_acc: 0.6883, f1: 0.6227
loss: 0.3629, acc: 0.8125, test_acc: 0.6867, f1: 0.6155
loss: 0.8732, acc: 0.7500, test_acc: 0.6994, f1: 0.6301
loss: 0.5091, acc: 0.7812, test_acc: 0.7152, f1: 0.6630
loss: 0.6071, acc: 0.7750, test_acc: 0.7184, f1: 0.6715
loss: 0.6648, acc: 0.7708, test_acc: 0.7231, f1: 0.6690
loss: 0.3571, acc: 0.7768, test_acc: 0.7231, f1: 0.6690
loss: 0.6370, acc: 0.7656, test_acc: 0.7294, f1: 0.6823
loss: 0.9258, acc: 0.7500, test_acc: 0.7041, f1: 0.6713
loss: 0.6990, acc: 0.7438, test_acc: 0.6962, f1: 0.6677
loss: 0.6724, acc: 0.7330, test_acc: 0.7057, f1: 0.6700
loss: 0.9815, acc: 0.7188, test_acc: 0.7136, f1: 0.6756
loss: 0.4893, acc: 0.7212, test_acc: 0.7057, f1: 0.6552
loss: 0.5928, acc: 0.7232, test_acc: 0.7152, f1: 0.6588
loss: 0.6035, acc: 0.7167, test_acc: 0.7215, f1: 0.6810
loss: 0.7355, acc: 0.7188, test_acc: 0.7263, f1: 0.6876
loss: 0.5520, acc: 0.7206, test_acc: 0.7231, f1: 0.6865
loss: 0.7247, acc: 0.7153, test_acc: 0.7152, f1: 0.6683
loss: 0.4466, acc: 0.7204, test_acc: 0.7089, f1: 0.6615
loss: 0.4426, acc: 0.7281, test_acc: 0.7041, f1: 0.6612
loss: 0.6942, acc: 0.7292, test_acc: 0.7168, f1: 0.6747
loss: 0.5250, acc: 0.7301, test_acc: 0.7089, f1: 0.6466
loss: 0.9152, acc: 0.7283, test_acc: 0.6994, f1: 0.6395
loss: 0.4201, acc: 0.7344, test_acc: 0.7294, f1: 0.6773
loss: 0.4504, acc: 0.7375, test_acc: 0.7373, f1: 0.6832
loss: 0.5868, acc: 0.7404, test_acc: 0.7278, f1: 0.6727
loss: 0.6128, acc: 0.7384, test_acc: 0.7294, f1: 0.6779
loss: 0.7527, acc: 0.7388, test_acc: 0.7373, f1: 0.6878
>>>>>>>>>>>>>>>>>>>>>>>>>>>>>>>>>>>>>>>>>>>>>>>>>>>>>>>>>>>>
epoch: 21
loss: 0.8700, acc: 0.7500, test_acc: 0.7136, f1: 0.6588
loss: 0.7181, acc: 0.7188, test_acc: 0.7184, f1: 0.6595
loss: 0.5813, acc: 0.7500, test_acc: 0.7120, f1: 0.6587
loss: 0.3350, acc: 0.7969, test_acc: 0.7199, f1: 0.6699
loss: 0.4746, acc: 0.8125, test_acc: 0.6867, f1: 0.6263
loss: 0.6378, acc: 0.8021, test_acc: 0.7215, f1: 0.6792
loss: 0.4770, acc: 0.8036, test_acc: 0.7373, f1: 0.6952
loss: 0.5844, acc: 0.7891, test_acc: 0.7247, f1: 0.6884
loss: 0.4973, acc: 0.7986, test_acc: 0.6772, f1: 0.6181
loss: 0.5147, acc: 0.8000, test_acc: 0.7009, f1: 0.6388
loss: 0.6471, acc: 0.7955, test_acc: 0.6835, f1: 0.6014
loss: 0.6392, acc: 0.7917, test_acc: 0.6772, f1: 0.5829
loss: 0.6377, acc: 0.7885, test_acc: 0.6962, f1: 0.6157
loss: 0.9260, acc: 0.7812, test_acc: 0.7009, f1: 0.6517
loss: 0.6447, acc: 0.7708, test_acc: 0.7358, f1: 0.6960
loss: 0.6476, acc: 0.7617, test_acc: 0.7278, f1: 0.6762
loss: 0.6267, acc: 0.7574, test_acc: 0.7263, f1: 0.6778
loss: 0.5790, acc: 0.7604, test_acc: 0.7278, f1: 0.6892
loss: 0.4674, acc: 0.7566, test_acc: 0.7278, f1: 0.6929
loss: 0.6923, acc: 0.7531, test_acc: 0.7294, f1: 0.6878
loss: 0.6700, acc: 0.7530, test_acc: 0.7215, f1: 0.6647
loss: 0.9279, acc: 0.7472, test_acc: 0.7215, f1: 0.6740
loss: 0.7085, acc: 0.7446, test_acc: 0.7247, f1: 0.6812
loss: 0.4733, acc: 0.7474, test_acc: 0.7199, f1: 0.6782
loss: 0.5858, acc: 0.7450, test_acc: 0.7263, f1: 0.6872
loss: 0.6143, acc: 0.7428, test_acc: 0.7373, f1: 0.6993
loss: 0.4970, acc: 0.7431, test_acc: 0.7358, f1: 0.6842
loss: 1.1454, acc: 0.7366, test_acc: 0.7516, f1: 0.7112
loss: 0.4892, acc: 0.7392, test_acc: 0.7516, f1: 0.7107
>>>>>>>>>>>>>>>>>>>>>>>>>>>>>>>>>>>>>>>>>>>>>>>>>>>>>>>>>>>>
epoch: 22
loss: 0.6092, acc: 0.8125, test_acc: 0.7278, f1: 0.6784
loss: 0.4228, acc: 0.8438, test_acc: 0.7168, f1: 0.6579
loss: 0.6258, acc: 0.8125, test_acc: 0.7199, f1: 0.6707
loss: 0.4002, acc: 0.8281, test_acc: 0.7199, f1: 0.6758
loss: 0.7271, acc: 0.8250, test_acc: 0.7310, f1: 0.6886
loss: 0.3028, acc: 0.8438, test_acc: 0.7263, f1: 0.6735
loss: 1.0047, acc: 0.8125, test_acc: 0.6630, f1: 0.5765
loss: 0.5560, acc: 0.8047, test_acc: 0.6883, f1: 0.6052
loss: 0.6578, acc: 0.7917, test_acc: 0.7168, f1: 0.6541
loss: 0.8325, acc: 0.7812, test_acc: 0.7342, f1: 0.6881
loss: 0.4152, acc: 0.7784, test_acc: 0.7373, f1: 0.6919
loss: 0.7143, acc: 0.7812, test_acc: 0.7263, f1: 0.6757
loss: 0.5831, acc: 0.7837, test_acc: 0.7215, f1: 0.6651
loss: 0.4673, acc: 0.7902, test_acc: 0.7057, f1: 0.6564
loss: 0.6054, acc: 0.7875, test_acc: 0.7342, f1: 0.6946
loss: 0.6910, acc: 0.7812, test_acc: 0.7310, f1: 0.6844
loss: 0.6629, acc: 0.7868, test_acc: 0.7231, f1: 0.6729
loss: 0.4414, acc: 0.7882, test_acc: 0.7215, f1: 0.6692
loss: 0.5770, acc: 0.7895, test_acc: 0.7073, f1: 0.6538
loss: 0.6312, acc: 0.7875, test_acc: 0.7215, f1: 0.6822
loss: 1.0069, acc: 0.7768, test_acc: 0.7310, f1: 0.6909
loss: 0.9046, acc: 0.7727, test_acc: 0.7104, f1: 0.6602
loss: 0.5573, acc: 0.7717, test_acc: 0.7073, f1: 0.6493
loss: 0.7811, acc: 0.7682, test_acc: 0.7041, f1: 0.6445
loss: 0.6648, acc: 0.7600, test_acc: 0.7152, f1: 0.6612
loss: 0.7348, acc: 0.7572, test_acc: 0.7184, f1: 0.6605
loss: 0.6099, acc: 0.7616, test_acc: 0.7009, f1: 0.6460
loss: 0.6411, acc: 0.7612, test_acc: 0.7215, f1: 0.6761
>>>>>>>>>>>>>>>>>>>>>>>>>>>>>>>>>>>>>>>>>>>>>>>>>>>>>>>>>>>>
epoch: 23
loss: 0.5146, acc: 0.8125, test_acc: 0.7310, f1: 0.6824
loss: 0.5361, acc: 0.7812, test_acc: 0.7199, f1: 0.6603
loss: 0.3290, acc: 0.8125, test_acc: 0.6978, f1: 0.6208
loss: 0.3096, acc: 0.8281, test_acc: 0.7199, f1: 0.6602
loss: 0.5113, acc: 0.8125, test_acc: 0.7310, f1: 0.6866
loss: 0.5398, acc: 0.8021, test_acc: 0.7373, f1: 0.6955
loss: 0.4576, acc: 0.7946, test_acc: 0.7342, f1: 0.6790
loss: 0.4332, acc: 0.8047, test_acc: 0.7009, f1: 0.6250
loss: 0.4772, acc: 0.7986, test_acc: 0.6978, f1: 0.6165
loss: 0.6891, acc: 0.7875, test_acc: 0.7152, f1: 0.6623
loss: 0.8731, acc: 0.7670, test_acc: 0.7184, f1: 0.6914
loss: 0.5916, acc: 0.7656, test_acc: 0.7294, f1: 0.6951
loss: 0.6091, acc: 0.7692, test_acc: 0.7389, f1: 0.6956
loss: 0.6235, acc: 0.7634, test_acc: 0.7484, f1: 0.7044
loss: 0.9432, acc: 0.7625, test_acc: 0.7168, f1: 0.6695
loss: 0.5593, acc: 0.7656, test_acc: 0.7263, f1: 0.6774
loss: 0.7922, acc: 0.7574, test_acc: 0.7468, f1: 0.7067
loss: 0.4968, acc: 0.7639, test_acc: 0.7516, f1: 0.7115
loss: 0.6912, acc: 0.7632, test_acc: 0.7184, f1: 0.6773
loss: 0.5126, acc: 0.7656, test_acc: 0.7215, f1: 0.6737
loss: 0.4591, acc: 0.7679, test_acc: 0.7231, f1: 0.6684
loss: 0.7340, acc: 0.7699, test_acc: 0.7326, f1: 0.6938
loss: 0.3376, acc: 0.7745, test_acc: 0.7215, f1: 0.6797
loss: 0.9819, acc: 0.7604, test_acc: 0.6899, f1: 0.6264
loss: 0.5971, acc: 0.7550, test_acc: 0.7041, f1: 0.6388
loss: 0.7351, acc: 0.7548, test_acc: 0.7073, f1: 0.6488
loss: 0.9192, acc: 0.7454, test_acc: 0.7199, f1: 0.6667
loss: 0.6588, acc: 0.7455, test_acc: 0.7278, f1: 0.6861
loss: 0.6905, acc: 0.7414, test_acc: 0.7120, f1: 0.6687
>>>>>>>>>>>>>>>>>>>>>>>>>>>>>>>>>>>>>>>>>>>>>>>>>>>>>>>>>>>>
epoch: 24
loss: 0.7988, acc: 0.6250, test_acc: 0.7073, f1: 0.6412
loss: 0.5648, acc: 0.7188, test_acc: 0.7073, f1: 0.6397
loss: 0.8659, acc: 0.7083, test_acc: 0.7199, f1: 0.6603
loss: 0.5109, acc: 0.7188, test_acc: 0.6946, f1: 0.6517
loss: 0.5638, acc: 0.7125, test_acc: 0.7089, f1: 0.6662
loss: 0.5561, acc: 0.7188, test_acc: 0.7215, f1: 0.6713
loss: 1.2085, acc: 0.6875, test_acc: 0.7199, f1: 0.6633
loss: 0.6198, acc: 0.6875, test_acc: 0.7168, f1: 0.6652
loss: 0.9654, acc: 0.6736, test_acc: 0.7294, f1: 0.6880
loss: 0.5331, acc: 0.6813, test_acc: 0.7089, f1: 0.6572
loss: 0.9533, acc: 0.6761, test_acc: 0.6725, f1: 0.5966
loss: 0.6246, acc: 0.6823, test_acc: 0.6883, f1: 0.6124
loss: 0.4652, acc: 0.6971, test_acc: 0.7025, f1: 0.6416
loss: 0.4727, acc: 0.7098, test_acc: 0.7247, f1: 0.6803
loss: 0.8188, acc: 0.7042, test_acc: 0.7152, f1: 0.6670
loss: 0.3665, acc: 0.7109, test_acc: 0.6930, f1: 0.6353
loss: 0.4323, acc: 0.7206, test_acc: 0.7089, f1: 0.6496
loss: 0.5596, acc: 0.7222, test_acc: 0.7231, f1: 0.6754
loss: 0.3120, acc: 0.7270, test_acc: 0.7231, f1: 0.6791
loss: 0.5654, acc: 0.7250, test_acc: 0.7089, f1: 0.6643
loss: 0.7034, acc: 0.7232, test_acc: 0.7136, f1: 0.6719
loss: 0.5429, acc: 0.7273, test_acc: 0.7168, f1: 0.6728
loss: 0.6804, acc: 0.7283, test_acc: 0.7168, f1: 0.6703
loss: 0.5422, acc: 0.7292, test_acc: 0.7152, f1: 0.6677
loss: 0.2849, acc: 0.7400, test_acc: 0.7184, f1: 0.6676
loss: 0.4906, acc: 0.7404, test_acc: 0.7136, f1: 0.6644
loss: 0.9994, acc: 0.7338, test_acc: 0.7152, f1: 0.6642
loss: 0.8134, acc: 0.7344, test_acc: 0.7073, f1: 0.6543
loss: 0.7572, acc: 0.7293, test_acc: 0.7089, f1: 0.6680
>>>>>>>>>>>>>>>>>>>>>>>>>>>>>>>>>>>>>>>>>>>>>>>>>>>>>>>>>>>>
epoch: 25
loss: 0.6330, acc: 0.7500, test_acc: 0.7089, f1: 0.6661
loss: 0.5051, acc: 0.8125, test_acc: 0.7104, f1: 0.6595
loss: 0.2966, acc: 0.8542, test_acc: 0.6946, f1: 0.6340
loss: 0.7673, acc: 0.8125, test_acc: 0.6978, f1: 0.6416
loss: 0.5369, acc: 0.8000, test_acc: 0.7184, f1: 0.6685
loss: 0.7916, acc: 0.7604, test_acc: 0.7152, f1: 0.6659
loss: 0.7121, acc: 0.7589, test_acc: 0.6899, f1: 0.6491
loss: 0.4928, acc: 0.7656, test_acc: 0.7184, f1: 0.6788
loss: 0.8734, acc: 0.7431, test_acc: 0.7057, f1: 0.6504
loss: 0.6672, acc: 0.7312, test_acc: 0.7136, f1: 0.6689
loss: 0.5613, acc: 0.7330, test_acc: 0.6835, f1: 0.6345
loss: 0.4457, acc: 0.7396, test_acc: 0.6915, f1: 0.6384
loss: 0.3959, acc: 0.7500, test_acc: 0.7184, f1: 0.6700
loss: 0.5686, acc: 0.7545, test_acc: 0.7215, f1: 0.6775
loss: 0.5624, acc: 0.7458, test_acc: 0.6994, f1: 0.6657
loss: 0.4555, acc: 0.7422, test_acc: 0.7104, f1: 0.6827
loss: 0.6266, acc: 0.7390, test_acc: 0.7184, f1: 0.6847
loss: 0.9520, acc: 0.7326, test_acc: 0.7104, f1: 0.6601
loss: 0.7838, acc: 0.7368, test_acc: 0.7184, f1: 0.6724
loss: 0.8116, acc: 0.7312, test_acc: 0.6820, f1: 0.6348
loss: 0.5616, acc: 0.7292, test_acc: 0.7104, f1: 0.6637
loss: 0.2688, acc: 0.7386, test_acc: 0.7104, f1: 0.6561
loss: 0.7415, acc: 0.7310, test_acc: 0.7199, f1: 0.6700
loss: 0.6783, acc: 0.7344, test_acc: 0.7104, f1: 0.6699
loss: 0.9981, acc: 0.7350, test_acc: 0.7199, f1: 0.6824
loss: 0.6438, acc: 0.7356, test_acc: 0.7231, f1: 0.6781
loss: 0.9138, acc: 0.7269, test_acc: 0.7263, f1: 0.6674
loss: 0.6049, acc: 0.7299, test_acc: 0.7199, f1: 0.6591
>>>>>>>>>>>>>>>>>>>>>>>>>>>>>>>>>>>>>>>>>>>>>>>>>>>>>>>>>>>>
epoch: 26
loss: 0.4608, acc: 0.8125, test_acc: 0.6946, f1: 0.6420
loss: 0.4605, acc: 0.8125, test_acc: 0.7152, f1: 0.6714
loss: 0.5564, acc: 0.8125, test_acc: 0.7057, f1: 0.6583
loss: 0.5285, acc: 0.7969, test_acc: 0.7104, f1: 0.6625
loss: 0.5010, acc: 0.8000, test_acc: 0.7120, f1: 0.6651
loss: 0.4902, acc: 0.7812, test_acc: 0.7168, f1: 0.6791
loss: 1.1899, acc: 0.7411, test_acc: 0.7199, f1: 0.6719
loss: 0.7005, acc: 0.7266, test_acc: 0.7089, f1: 0.6607
loss: 0.4759, acc: 0.7431, test_acc: 0.6772, f1: 0.6263
loss: 0.8313, acc: 0.7312, test_acc: 0.6709, f1: 0.6165
loss: 0.8266, acc: 0.7216, test_acc: 0.7009, f1: 0.6575
loss: 0.6284, acc: 0.7240, test_acc: 0.7104, f1: 0.6540
loss: 0.2467, acc: 0.7404, test_acc: 0.6930, f1: 0.6235
loss: 0.3516, acc: 0.7500, test_acc: 0.7041, f1: 0.6364
loss: 0.4018, acc: 0.7583, test_acc: 0.6978, f1: 0.6532
loss: 0.3996, acc: 0.7617, test_acc: 0.7231, f1: 0.6765
loss: 0.5486, acc: 0.7684, test_acc: 0.7136, f1: 0.6626
loss: 0.4503, acc: 0.7674, test_acc: 0.7184, f1: 0.6726
loss: 0.6001, acc: 0.7632, test_acc: 0.7231, f1: 0.6822
loss: 0.6084, acc: 0.7562, test_acc: 0.7199, f1: 0.6788
loss: 0.6745, acc: 0.7589, test_acc: 0.7168, f1: 0.6758
loss: 0.4001, acc: 0.7642, test_acc: 0.7168, f1: 0.6623
loss: 0.4083, acc: 0.7663, test_acc: 0.7104, f1: 0.6485
loss: 0.5192, acc: 0.7708, test_acc: 0.6978, f1: 0.6276
loss: 0.6504, acc: 0.7700, test_acc: 0.7009, f1: 0.6343
loss: 0.3174, acc: 0.7740, test_acc: 0.7231, f1: 0.6708
loss: 0.4017, acc: 0.7755, test_acc: 0.7231, f1: 0.6759
loss: 1.0107, acc: 0.7723, test_acc: 0.7326, f1: 0.6866
loss: 0.6768, acc: 0.7737, test_acc: 0.7342, f1: 0.6906
>>>>>>>>>>>>>>>>>>>>>>>>>>>>>>>>>>>>>>>>>>>>>>>>>>>>>>>>>>>>
epoch: 27
loss: 0.5498, acc: 0.7500, test_acc: 0.6994, f1: 0.6495
loss: 0.4871, acc: 0.7812, test_acc: 0.7136, f1: 0.6549
loss: 0.7197, acc: 0.7500, test_acc: 0.7199, f1: 0.6614
loss: 0.5343, acc: 0.7500, test_acc: 0.7231, f1: 0.6719
loss: 0.5646, acc: 0.7500, test_acc: 0.7073, f1: 0.6636
loss: 0.3207, acc: 0.7812, test_acc: 0.7294, f1: 0.6900
loss: 0.2719, acc: 0.8036, test_acc: 0.7358, f1: 0.6873
loss: 0.3304, acc: 0.8125, test_acc: 0.7278, f1: 0.6805
loss: 0.6823, acc: 0.8056, test_acc: 0.7294, f1: 0.6805
loss: 0.5597, acc: 0.8063, test_acc: 0.7215, f1: 0.6698
loss: 0.6076, acc: 0.8011, test_acc: 0.7089, f1: 0.6476
loss: 0.4547, acc: 0.8021, test_acc: 0.7025, f1: 0.6358
loss: 0.4013, acc: 0.8077, test_acc: 0.7136, f1: 0.6532
loss: 0.9700, acc: 0.7857, test_acc: 0.7342, f1: 0.6867
loss: 0.4168, acc: 0.7917, test_acc: 0.7326, f1: 0.6876
loss: 0.3340, acc: 0.8008, test_acc: 0.7342, f1: 0.6836
loss: 0.7002, acc: 0.7978, test_acc: 0.7294, f1: 0.6742
loss: 0.4188, acc: 0.8021, test_acc: 0.7231, f1: 0.6745
loss: 0.5980, acc: 0.7961, test_acc: 0.7437, f1: 0.7034
loss: 0.7375, acc: 0.7937, test_acc: 0.7373, f1: 0.6877
loss: 0.5340, acc: 0.7887, test_acc: 0.7373, f1: 0.6892
loss: 0.4086, acc: 0.7955, test_acc: 0.7326, f1: 0.6839
loss: 0.2149, acc: 0.8016, test_acc: 0.7263, f1: 0.6748
loss: 0.6349, acc: 0.7995, test_acc: 0.7136, f1: 0.6597
loss: 0.4944, acc: 0.8000, test_acc: 0.7120, f1: 0.6711
loss: 0.5730, acc: 0.7957, test_acc: 0.7215, f1: 0.6702
loss: 0.6452, acc: 0.7940, test_acc: 0.6962, f1: 0.6197
loss: 0.4223, acc: 0.7946, test_acc: 0.7025, f1: 0.6337
>>>>>>>>>>>>>>>>>>>>>>>>>>>>>>>>>>>>>>>>>>>>>>>>>>>>>>>>>>>>
epoch: 28
loss: 0.4796, acc: 0.8125, test_acc: 0.7184, f1: 0.6604
loss: 0.4856, acc: 0.8125, test_acc: 0.7184, f1: 0.6610
loss: 0.4422, acc: 0.8125, test_acc: 0.7310, f1: 0.6783
loss: 0.4727, acc: 0.8281, test_acc: 0.7247, f1: 0.6759
loss: 0.6621, acc: 0.8000, test_acc: 0.6883, f1: 0.6385
loss: 0.4829, acc: 0.8125, test_acc: 0.7231, f1: 0.6692
loss: 0.1792, acc: 0.8393, test_acc: 0.7247, f1: 0.6735
loss: 0.3373, acc: 0.8516, test_acc: 0.7373, f1: 0.6961
loss: 0.6253, acc: 0.8333, test_acc: 0.7326, f1: 0.6928
loss: 0.7865, acc: 0.8187, test_acc: 0.7104, f1: 0.6660
loss: 0.3813, acc: 0.8295, test_acc: 0.7041, f1: 0.6437
loss: 0.7184, acc: 0.8177, test_acc: 0.7199, f1: 0.6634
loss: 0.4216, acc: 0.8221, test_acc: 0.7373, f1: 0.6949
loss: 0.9312, acc: 0.8125, test_acc: 0.7294, f1: 0.6886
loss: 0.4492, acc: 0.8125, test_acc: 0.7263, f1: 0.6692
loss: 0.5457, acc: 0.8086, test_acc: 0.7263, f1: 0.6705
loss: 0.8812, acc: 0.8015, test_acc: 0.7516, f1: 0.7106
loss: 0.5809, acc: 0.7986, test_acc: 0.7358, f1: 0.7033
loss: 0.4177, acc: 0.8026, test_acc: 0.7278, f1: 0.6842
loss: 0.5883, acc: 0.8031, test_acc: 0.7152, f1: 0.6565
loss: 1.1739, acc: 0.7887, test_acc: 0.7152, f1: 0.6546
loss: 0.5165, acc: 0.7869, test_acc: 0.6978, f1: 0.6419
loss: 0.5053, acc: 0.7880, test_acc: 0.7104, f1: 0.6664
loss: 0.3159, acc: 0.7917, test_acc: 0.7215, f1: 0.6779
loss: 0.9881, acc: 0.7825, test_acc: 0.7152, f1: 0.6602
loss: 0.7557, acc: 0.7788, test_acc: 0.7184, f1: 0.6678
loss: 0.6467, acc: 0.7755, test_acc: 0.7199, f1: 0.6691
loss: 0.4176, acc: 0.7790, test_acc: 0.7294, f1: 0.6755
loss: 0.6302, acc: 0.7780, test_acc: 0.7263, f1: 0.6704
>>>>>>>>>>>>>>>>>>>>>>>>>>>>>>>>>>>>>>>>>>>>>>>>>>>>>>>>>>>>
epoch: 29
loss: 0.4856, acc: 0.8125, test_acc: 0.7168, f1: 0.6691
loss: 0.4664, acc: 0.8125, test_acc: 0.7310, f1: 0.6846
loss: 0.5748, acc: 0.8125, test_acc: 0.7342, f1: 0.6817
loss: 0.8158, acc: 0.7656, test_acc: 0.7152, f1: 0.6701
loss: 0.5599, acc: 0.7500, test_acc: 0.7184, f1: 0.6674
loss: 0.5613, acc: 0.7500, test_acc: 0.7104, f1: 0.6655
loss: 0.8008, acc: 0.7411, test_acc: 0.7168, f1: 0.6700
loss: 0.3996, acc: 0.7578, test_acc: 0.7215, f1: 0.6707
loss: 0.6587, acc: 0.7639, test_acc: 0.6978, f1: 0.6234
loss: 0.3502, acc: 0.7812, test_acc: 0.7057, f1: 0.6308
loss: 0.6687, acc: 0.7784, test_acc: 0.7168, f1: 0.6500
loss: 0.8410, acc: 0.7604, test_acc: 0.7152, f1: 0.6692
loss: 0.4448, acc: 0.7644, test_acc: 0.7136, f1: 0.6704
loss: 0.4383, acc: 0.7768, test_acc: 0.7231, f1: 0.6787
loss: 0.7052, acc: 0.7708, test_acc: 0.7199, f1: 0.6665
loss: 0.3031, acc: 0.7812, test_acc: 0.7089, f1: 0.6462
loss: 0.7756, acc: 0.7794, test_acc: 0.7104, f1: 0.6488
loss: 0.6449, acc: 0.7708, test_acc: 0.7120, f1: 0.6559
loss: 0.7858, acc: 0.7632, test_acc: 0.7231, f1: 0.6709
loss: 0.4151, acc: 0.7688, test_acc: 0.7120, f1: 0.6527
loss: 0.3310, acc: 0.7738, test_acc: 0.7041, f1: 0.6415
loss: 0.6739, acc: 0.7699, test_acc: 0.7089, f1: 0.6527
loss: 0.5978, acc: 0.7663, test_acc: 0.7342, f1: 0.6885
loss: 0.6075, acc: 0.7682, test_acc: 0.7310, f1: 0.6807
loss: 0.6570, acc: 0.7600, test_acc: 0.7199, f1: 0.6619
loss: 0.8864, acc: 0.7500, test_acc: 0.7152, f1: 0.6583
loss: 0.5109, acc: 0.7546, test_acc: 0.7184, f1: 0.6656
loss: 0.8712, acc: 0.7478, test_acc: 0.7247, f1: 0.6674
loss: 0.6695, acc: 0.7489, test_acc: 0.7199, f1: 0.6605
>>>>>>>>>>>>>>>>>>>>>>>>>>>>>>>>>>>>>>>>>>>>>>>>>>>>>>>>>>>>
epoch: 30
loss: 0.9218, acc: 0.7500, test_acc: 0.7152, f1: 0.6488
loss: 0.5905, acc: 0.7500, test_acc: 0.7215, f1: 0.6630
loss: 0.4717, acc: 0.7708, test_acc: 0.7199, f1: 0.6747
loss: 0.3994, acc: 0.7812, test_acc: 0.6930, f1: 0.6289
loss: 0.7323, acc: 0.7625, test_acc: 0.7073, f1: 0.6509
loss: 0.3677, acc: 0.7812, test_acc: 0.7199, f1: 0.6669
loss: 0.8121, acc: 0.7679, test_acc: 0.7278, f1: 0.6801
loss: 0.7872, acc: 0.7500, test_acc: 0.7215, f1: 0.6660
loss: 0.6407, acc: 0.7500, test_acc: 0.7136, f1: 0.6384
loss: 0.7385, acc: 0.7438, test_acc: 0.7215, f1: 0.6519
loss: 0.5716, acc: 0.7443, test_acc: 0.7437, f1: 0.7028
loss: 0.4935, acc: 0.7500, test_acc: 0.7294, f1: 0.6967
loss: 0.6699, acc: 0.7452, test_acc: 0.7073, f1: 0.6638
loss: 0.7950, acc: 0.7321, test_acc: 0.7231, f1: 0.6714
loss: 0.5043, acc: 0.7333, test_acc: 0.7263, f1: 0.6753
loss: 0.3939, acc: 0.7383, test_acc: 0.7310, f1: 0.6901
loss: 0.8130, acc: 0.7353, test_acc: 0.7294, f1: 0.6863
loss: 0.5508, acc: 0.7396, test_acc: 0.7263, f1: 0.6674
loss: 0.4912, acc: 0.7401, test_acc: 0.7278, f1: 0.6663
loss: 0.7444, acc: 0.7375, test_acc: 0.7184, f1: 0.6686
loss: 0.6641, acc: 0.7321, test_acc: 0.7263, f1: 0.6956
loss: 0.6845, acc: 0.7330, test_acc: 0.7199, f1: 0.6902
loss: 0.3423, acc: 0.7391, test_acc: 0.7263, f1: 0.6775
loss: 0.8405, acc: 0.7318, test_acc: 0.7041, f1: 0.6391
loss: 0.9388, acc: 0.7275, test_acc: 0.7057, f1: 0.6497
loss: 0.5729, acc: 0.7260, test_acc: 0.7073, f1: 0.6555
loss: 0.5168, acc: 0.7269, test_acc: 0.7136, f1: 0.6745
loss: 0.6150, acc: 0.7299, test_acc: 0.7184, f1: 0.6678
>>>>>>>>>>>>>>>>>>>>>>>>>>>>>>>>>>>>>>>>>>>>>>>>>>>>>>>>>>>>
epoch: 31
loss: 0.6214, acc: 0.7500, test_acc: 0.7294, f1: 0.6902
loss: 0.4261, acc: 0.7500, test_acc: 0.7152, f1: 0.6787
loss: 0.6253, acc: 0.7708, test_acc: 0.7231, f1: 0.6847
loss: 0.3943, acc: 0.7969, test_acc: 0.7152, f1: 0.6712
loss: 0.4852, acc: 0.8000, test_acc: 0.7136, f1: 0.6604
loss: 0.6494, acc: 0.7812, test_acc: 0.7089, f1: 0.6483
loss: 0.4629, acc: 0.7946, test_acc: 0.7073, f1: 0.6433
loss: 0.4026, acc: 0.7969, test_acc: 0.7009, f1: 0.6352
loss: 0.5186, acc: 0.7917, test_acc: 0.7184, f1: 0.6796
loss: 0.6123, acc: 0.7875, test_acc: 0.7089, f1: 0.6614
loss: 0.6308, acc: 0.7784, test_acc: 0.7104, f1: 0.6498
loss: 0.7585, acc: 0.7656, test_acc: 0.7152, f1: 0.6618
loss: 0.5317, acc: 0.7596, test_acc: 0.7136, f1: 0.6586
loss: 0.6061, acc: 0.7589, test_acc: 0.7199, f1: 0.6630
loss: 0.5092, acc: 0.7625, test_acc: 0.7231, f1: 0.6696
loss: 0.8275, acc: 0.7500, test_acc: 0.7199, f1: 0.6734
loss: 0.5585, acc: 0.7500, test_acc: 0.7389, f1: 0.6991
loss: 0.5859, acc: 0.7569, test_acc: 0.7215, f1: 0.6681
loss: 0.7925, acc: 0.7533, test_acc: 0.7247, f1: 0.6727
loss: 0.4486, acc: 0.7562, test_acc: 0.7152, f1: 0.6589
loss: 0.5500, acc: 0.7589, test_acc: 0.6994, f1: 0.6459
loss: 0.8316, acc: 0.7528, test_acc: 0.7278, f1: 0.6843
loss: 0.6116, acc: 0.7527, test_acc: 0.7231, f1: 0.6755
loss: 0.6828, acc: 0.7552, test_acc: 0.7152, f1: 0.6529
loss: 0.8315, acc: 0.7550, test_acc: 0.7057, f1: 0.6238
loss: 0.6424, acc: 0.7548, test_acc: 0.7073, f1: 0.6473
loss: 0.9241, acc: 0.7500, test_acc: 0.7278, f1: 0.6825
loss: 0.5541, acc: 0.7522, test_acc: 0.7468, f1: 0.7061
loss: 0.5847, acc: 0.7500, test_acc: 0.7326, f1: 0.6849
>>>>>>>>>>>>>>>>>>>>>>>>>>>>>>>>>>>>>>>>>>>>>>>>>>>>>>>>>>>>
epoch: 32
loss: 0.3018, acc: 0.8750, test_acc: 0.7278, f1: 0.6796
loss: 0.3935, acc: 0.8438, test_acc: 0.7294, f1: 0.6813
loss: 0.5426, acc: 0.8333, test_acc: 0.7294, f1: 0.6842
loss: 0.6266, acc: 0.8281, test_acc: 0.7231, f1: 0.6800
loss: 0.3352, acc: 0.8125, test_acc: 0.7104, f1: 0.6648
loss: 0.5472, acc: 0.7917, test_acc: 0.7168, f1: 0.6644
loss: 0.4525, acc: 0.7946, test_acc: 0.7152, f1: 0.6549
loss: 0.7844, acc: 0.7734, test_acc: 0.7184, f1: 0.6637
loss: 0.3811, acc: 0.7847, test_acc: 0.7184, f1: 0.6786
loss: 0.6786, acc: 0.7812, test_acc: 0.6978, f1: 0.6530
loss: 0.8588, acc: 0.7614, test_acc: 0.7073, f1: 0.6628
loss: 0.6832, acc: 0.7604, test_acc: 0.7199, f1: 0.6702
loss: 0.4336, acc: 0.7644, test_acc: 0.7073, f1: 0.6457
loss: 0.3793, acc: 0.7679, test_acc: 0.6962, f1: 0.6421
loss: 0.7429, acc: 0.7667, test_acc: 0.6994, f1: 0.6455
loss: 0.6178, acc: 0.7656, test_acc: 0.7120, f1: 0.6558
loss: 0.4850, acc: 0.7684, test_acc: 0.6962, f1: 0.6349
loss: 0.6131, acc: 0.7674, test_acc: 0.6930, f1: 0.6335
loss: 0.6983, acc: 0.7664, test_acc: 0.6962, f1: 0.6401
loss: 0.3540, acc: 0.7750, test_acc: 0.7168, f1: 0.6722
loss: 0.5541, acc: 0.7708, test_acc: 0.7247, f1: 0.6827
loss: 0.8542, acc: 0.7614, test_acc: 0.7247, f1: 0.6792
loss: 0.5891, acc: 0.7554, test_acc: 0.7215, f1: 0.6735
loss: 0.7153, acc: 0.7500, test_acc: 0.7184, f1: 0.6649
loss: 0.5785, acc: 0.7500, test_acc: 0.7152, f1: 0.6697
loss: 0.6026, acc: 0.7476, test_acc: 0.7278, f1: 0.6819
loss: 0.4294, acc: 0.7523, test_acc: 0.7373, f1: 0.6865
loss: 0.3942, acc: 0.7567, test_acc: 0.7358, f1: 0.6908
>>>>>>>>>>>>>>>>>>>>>>>>>>>>>>>>>>>>>>>>>>>>>>>>>>>>>>>>>>>>
epoch: 33
loss: 0.4507, acc: 0.8125, test_acc: 0.7389, f1: 0.7005
loss: 0.9377, acc: 0.6562, test_acc: 0.7073, f1: 0.6595
loss: 0.7820, acc: 0.6667, test_acc: 0.7184, f1: 0.6650
loss: 0.3251, acc: 0.7188, test_acc: 0.7247, f1: 0.6736
loss: 0.7645, acc: 0.7125, test_acc: 0.7215, f1: 0.6723
loss: 0.4069, acc: 0.7188, test_acc: 0.7168, f1: 0.6643
loss: 0.6492, acc: 0.7411, test_acc: 0.7184, f1: 0.6646
loss: 0.5483, acc: 0.7266, test_acc: 0.7342, f1: 0.6920
loss: 0.4565, acc: 0.7361, test_acc: 0.7437, f1: 0.7018
loss: 0.9317, acc: 0.7188, test_acc: 0.7041, f1: 0.6544
loss: 0.6060, acc: 0.7102, test_acc: 0.6741, f1: 0.6033
loss: 0.4388, acc: 0.7188, test_acc: 0.6883, f1: 0.6037
loss: 0.4360, acc: 0.7260, test_acc: 0.7089, f1: 0.6442
loss: 0.4428, acc: 0.7366, test_acc: 0.7168, f1: 0.6572
loss: 0.4635, acc: 0.7375, test_acc: 0.6930, f1: 0.6342
loss: 0.7044, acc: 0.7344, test_acc: 0.7199, f1: 0.6758
loss: 0.7346, acc: 0.7243, test_acc: 0.7136, f1: 0.6727
loss: 0.6397, acc: 0.7222, test_acc: 0.7278, f1: 0.6807
loss: 1.4208, acc: 0.7171, test_acc: 0.7199, f1: 0.6701
loss: 1.0443, acc: 0.7094, test_acc: 0.7278, f1: 0.6782
loss: 0.9565, acc: 0.7083, test_acc: 0.7184, f1: 0.6669
loss: 0.5991, acc: 0.7102, test_acc: 0.7184, f1: 0.6726
loss: 0.7966, acc: 0.7092, test_acc: 0.7136, f1: 0.6663
loss: 0.6577, acc: 0.7083, test_acc: 0.7089, f1: 0.6540
loss: 0.3855, acc: 0.7150, test_acc: 0.6946, f1: 0.6315
loss: 0.9608, acc: 0.7091, test_acc: 0.6883, f1: 0.6215
loss: 0.6498, acc: 0.7106, test_acc: 0.6788, f1: 0.6120
loss: 0.6288, acc: 0.7098, test_acc: 0.6851, f1: 0.6328
loss: 0.7989, acc: 0.7091, test_acc: 0.7168, f1: 0.6749
>>>>>>>>>>>>>>>>>>>>>>>>>>>>>>>>>>>>>>>>>>>>>>>>>>>>>>>>>>>>
epoch: 34
loss: 0.9392, acc: 0.5000, test_acc: 0.6978, f1: 0.6610
loss: 0.5425, acc: 0.6250, test_acc: 0.7009, f1: 0.6677
loss: 0.5334, acc: 0.6667, test_acc: 0.7168, f1: 0.6683
loss: 0.6070, acc: 0.6875, test_acc: 0.7120, f1: 0.6443
loss: 0.4791, acc: 0.7125, test_acc: 0.7073, f1: 0.6301
loss: 0.5464, acc: 0.7188, test_acc: 0.7215, f1: 0.6626
loss: 1.1125, acc: 0.6964, test_acc: 0.7215, f1: 0.6694
loss: 0.5721, acc: 0.7109, test_acc: 0.7120, f1: 0.6686
loss: 0.4576, acc: 0.7222, test_acc: 0.7263, f1: 0.6780
loss: 0.7626, acc: 0.7125, test_acc: 0.7247, f1: 0.6732
loss: 0.4597, acc: 0.7159, test_acc: 0.7057, f1: 0.6588
loss: 0.8117, acc: 0.7031, test_acc: 0.7057, f1: 0.6604
loss: 0.2636, acc: 0.7163, test_acc: 0.7120, f1: 0.6599
loss: 0.6077, acc: 0.7232, test_acc: 0.7184, f1: 0.6611
loss: 1.0295, acc: 0.7042, test_acc: 0.7263, f1: 0.6714
loss: 0.2234, acc: 0.7188, test_acc: 0.7215, f1: 0.6743
loss: 0.8163, acc: 0.7169, test_acc: 0.7231, f1: 0.6764
loss: 0.8061, acc: 0.7188, test_acc: 0.7136, f1: 0.6661
loss: 0.1287, acc: 0.7336, test_acc: 0.7168, f1: 0.6740
loss: 0.5826, acc: 0.7344, test_acc: 0.7168, f1: 0.6705
loss: 0.2212, acc: 0.7440, test_acc: 0.7168, f1: 0.6607
loss: 0.6392, acc: 0.7472, test_acc: 0.7089, f1: 0.6389
loss: 0.7063, acc: 0.7446, test_acc: 0.7184, f1: 0.6677
loss: 0.2512, acc: 0.7526, test_acc: 0.7168, f1: 0.6791
loss: 0.3008, acc: 0.7550, test_acc: 0.7199, f1: 0.6842
loss: 0.5395, acc: 0.7524, test_acc: 0.7231, f1: 0.6790
loss: 0.4952, acc: 0.7523, test_acc: 0.7009, f1: 0.6258
loss: 0.7567, acc: 0.7500, test_acc: 0.6994, f1: 0.6368
loss: 0.3544, acc: 0.7533, test_acc: 0.7199, f1: 0.6837
>>>>>>>>>>>>>>>>>>>>>>>>>>>>>>>>>>>>>>>>>>>>>>>>>>>>>>>>>>>>
epoch: 35
loss: 0.6910, acc: 0.7500, test_acc: 0.7199, f1: 0.6861
loss: 0.5079, acc: 0.7188, test_acc: 0.7136, f1: 0.6724
loss: 0.5099, acc: 0.7500, test_acc: 0.7057, f1: 0.6554
loss: 0.9058, acc: 0.7031, test_acc: 0.7199, f1: 0.6674
loss: 0.6027, acc: 0.7250, test_acc: 0.7247, f1: 0.6664
loss: 0.4332, acc: 0.7396, test_acc: 0.7215, f1: 0.6650
loss: 0.4650, acc: 0.7500, test_acc: 0.6994, f1: 0.6371
loss: 0.3313, acc: 0.7734, test_acc: 0.7041, f1: 0.6553
loss: 0.2865, acc: 0.7917, test_acc: 0.7073, f1: 0.6646
loss: 0.4827, acc: 0.7875, test_acc: 0.7136, f1: 0.6685
loss: 0.4356, acc: 0.7955, test_acc: 0.7120, f1: 0.6647
loss: 0.5825, acc: 0.8021, test_acc: 0.7168, f1: 0.6632
loss: 0.4425, acc: 0.8029, test_acc: 0.7136, f1: 0.6562
loss: 0.5024, acc: 0.8036, test_acc: 0.7168, f1: 0.6614
loss: 0.5253, acc: 0.8042, test_acc: 0.7184, f1: 0.6661
loss: 0.5376, acc: 0.8008, test_acc: 0.7073, f1: 0.6488
loss: 0.5899, acc: 0.8015, test_acc: 0.7057, f1: 0.6424
loss: 0.3107, acc: 0.8056, test_acc: 0.7041, f1: 0.6439
loss: 0.3111, acc: 0.8125, test_acc: 0.7025, f1: 0.6395
loss: 0.3870, acc: 0.8125, test_acc: 0.7073, f1: 0.6508
loss: 0.2553, acc: 0.8185, test_acc: 0.7199, f1: 0.6697
loss: 0.4910, acc: 0.8153, test_acc: 0.7104, f1: 0.6666
loss: 0.7503, acc: 0.8125, test_acc: 0.7057, f1: 0.6581
loss: 0.6269, acc: 0.8047, test_acc: 0.7184, f1: 0.6661
loss: 0.5157, acc: 0.8025, test_acc: 0.7152, f1: 0.6589
loss: 0.5480, acc: 0.8005, test_acc: 0.7168, f1: 0.6610
loss: 0.5478, acc: 0.7986, test_acc: 0.7152, f1: 0.6737
loss: 0.6373, acc: 0.7969, test_acc: 0.7025, f1: 0.6660
>>>>>>>>>>>>>>>>>>>>>>>>>>>>>>>>>>>>>>>>>>>>>>>>>>>>>>>>>>>>
epoch: 36
loss: 0.4625, acc: 0.8750, test_acc: 0.7152, f1: 0.6683
loss: 0.8077, acc: 0.7500, test_acc: 0.7073, f1: 0.6455
loss: 0.5216, acc: 0.7500, test_acc: 0.7009, f1: 0.6354
loss: 0.4669, acc: 0.7500, test_acc: 0.6962, f1: 0.6274
loss: 0.4214, acc: 0.7625, test_acc: 0.7104, f1: 0.6567
loss: 0.8379, acc: 0.7604, test_acc: 0.6930, f1: 0.6446
loss: 0.7110, acc: 0.7500, test_acc: 0.7073, f1: 0.6572
loss: 0.1753, acc: 0.7812, test_acc: 0.7152, f1: 0.6593
loss: 0.4008, acc: 0.7847, test_acc: 0.7073, f1: 0.6440
loss: 0.4074, acc: 0.7812, test_acc: 0.7073, f1: 0.6396
loss: 0.3074, acc: 0.7955, test_acc: 0.7073, f1: 0.6458
loss: 0.6006, acc: 0.7865, test_acc: 0.7263, f1: 0.6817
loss: 0.6429, acc: 0.7788, test_acc: 0.7247, f1: 0.6793
loss: 0.5133, acc: 0.7812, test_acc: 0.6946, f1: 0.6459
loss: 0.6375, acc: 0.7833, test_acc: 0.6835, f1: 0.6247
loss: 0.4663, acc: 0.7891, test_acc: 0.6930, f1: 0.6170
loss: 0.7506, acc: 0.7904, test_acc: 0.7215, f1: 0.6597
loss: 0.5765, acc: 0.7951, test_acc: 0.7184, f1: 0.6635
loss: 0.4916, acc: 0.7993, test_acc: 0.7263, f1: 0.6775
loss: 0.8068, acc: 0.7875, test_acc: 0.7263, f1: 0.6771
loss: 0.6341, acc: 0.7857, test_acc: 0.7073, f1: 0.6377
loss: 0.5533, acc: 0.7869, test_acc: 0.6915, f1: 0.6147
loss: 0.3786, acc: 0.7908, test_acc: 0.7073, f1: 0.6510
loss: 0.4259, acc: 0.7917, test_acc: 0.7184, f1: 0.6715
loss: 0.3686, acc: 0.7950, test_acc: 0.7184, f1: 0.6777
loss: 0.4559, acc: 0.7957, test_acc: 0.7057, f1: 0.6555
loss: 0.3970, acc: 0.7986, test_acc: 0.7057, f1: 0.6560
loss: 0.5073, acc: 0.7969, test_acc: 0.7152, f1: 0.6690
loss: 0.4180, acc: 0.7974, test_acc: 0.7215, f1: 0.6649
>>>>>>>>>>>>>>>>>>>>>>>>>>>>>>>>>>>>>>>>>>>>>>>>>>>>>>>>>>>>
epoch: 37
loss: 0.1867, acc: 0.9375, test_acc: 0.7247, f1: 0.6674
loss: 0.2338, acc: 0.9688, test_acc: 0.7136, f1: 0.6698
loss: 0.1704, acc: 0.9792, test_acc: 0.6978, f1: 0.6608
loss: 0.6794, acc: 0.9062, test_acc: 0.6962, f1: 0.6599
loss: 0.6412, acc: 0.8625, test_acc: 0.7073, f1: 0.6622
loss: 0.6605, acc: 0.8438, test_acc: 0.7168, f1: 0.6601
loss: 0.4779, acc: 0.8393, test_acc: 0.7168, f1: 0.6651
loss: 0.4212, acc: 0.8438, test_acc: 0.7104, f1: 0.6650
loss: 0.4478, acc: 0.8403, test_acc: 0.7073, f1: 0.6613
loss: 0.9839, acc: 0.8250, test_acc: 0.7136, f1: 0.6709
loss: 0.3487, acc: 0.8239, test_acc: 0.7168, f1: 0.6789
loss: 0.4368, acc: 0.8281, test_acc: 0.7215, f1: 0.6705
loss: 0.3862, acc: 0.8269, test_acc: 0.7263, f1: 0.6767
loss: 0.3076, acc: 0.8304, test_acc: 0.7089, f1: 0.6592
loss: 0.5119, acc: 0.8292, test_acc: 0.6772, f1: 0.6097
loss: 0.3974, acc: 0.8281, test_acc: 0.6709, f1: 0.5996
loss: 0.3846, acc: 0.8309, test_acc: 0.6788, f1: 0.6011
loss: 0.5730, acc: 0.8229, test_acc: 0.6994, f1: 0.6297
loss: 0.5861, acc: 0.8191, test_acc: 0.6994, f1: 0.6406
loss: 0.7749, acc: 0.8094, test_acc: 0.7089, f1: 0.6610
loss: 0.5650, acc: 0.8065, test_acc: 0.7025, f1: 0.6510
loss: 0.4379, acc: 0.8068, test_acc: 0.7120, f1: 0.6442
loss: 0.4833, acc: 0.8043, test_acc: 0.7184, f1: 0.6489
loss: 0.6679, acc: 0.8021, test_acc: 0.7136, f1: 0.6630
loss: 0.2868, acc: 0.8075, test_acc: 0.7231, f1: 0.6732
loss: 0.4410, acc: 0.8101, test_acc: 0.7199, f1: 0.6651
loss: 0.8513, acc: 0.8032, test_acc: 0.7104, f1: 0.6513
loss: 1.1515, acc: 0.7946, test_acc: 0.6946, f1: 0.6381
>>>>>>>>>>>>>>>>>>>>>>>>>>>>>>>>>>>>>>>>>>>>>>>>>>>>>>>>>>>>
epoch: 38
loss: 0.7627, acc: 0.6875, test_acc: 0.7009, f1: 0.6634
loss: 0.5931, acc: 0.7188, test_acc: 0.7025, f1: 0.6631
loss: 0.6656, acc: 0.7083, test_acc: 0.7215, f1: 0.6724
loss: 0.1788, acc: 0.7812, test_acc: 0.7025, f1: 0.6435
loss: 0.6641, acc: 0.7750, test_acc: 0.7057, f1: 0.6563
loss: 0.2152, acc: 0.8125, test_acc: 0.7184, f1: 0.6864
loss: 0.6403, acc: 0.8036, test_acc: 0.7009, f1: 0.6669
loss: 0.4710, acc: 0.8047, test_acc: 0.6930, f1: 0.6455
loss: 0.6144, acc: 0.7917, test_acc: 0.6867, f1: 0.6096
loss: 0.4183, acc: 0.7937, test_acc: 0.7009, f1: 0.6254
loss: 0.2588, acc: 0.8068, test_acc: 0.7120, f1: 0.6548
loss: 0.6996, acc: 0.7969, test_acc: 0.7310, f1: 0.6921
loss: 0.9393, acc: 0.7788, test_acc: 0.7263, f1: 0.6894
loss: 0.9253, acc: 0.7679, test_acc: 0.7168, f1: 0.6775
loss: 0.3019, acc: 0.7792, test_acc: 0.6915, f1: 0.6291
loss: 0.3730, acc: 0.7773, test_acc: 0.6962, f1: 0.6305
loss: 0.7033, acc: 0.7684, test_acc: 0.6915, f1: 0.6269
loss: 0.4567, acc: 0.7674, test_acc: 0.6962, f1: 0.6441
loss: 0.6144, acc: 0.7664, test_acc: 0.7073, f1: 0.6612
loss: 0.6073, acc: 0.7625, test_acc: 0.7231, f1: 0.6715
loss: 0.4243, acc: 0.7679, test_acc: 0.7184, f1: 0.6690
loss: 0.4575, acc: 0.7699, test_acc: 0.7025, f1: 0.6565
loss: 0.4654, acc: 0.7717, test_acc: 0.7168, f1: 0.6605
loss: 1.1481, acc: 0.7656, test_acc: 0.7231, f1: 0.6686
loss: 0.8074, acc: 0.7625, test_acc: 0.7168, f1: 0.6589
loss: 0.5193, acc: 0.7620, test_acc: 0.6915, f1: 0.6290
loss: 0.2796, acc: 0.7685, test_acc: 0.7120, f1: 0.6565
loss: 0.3159, acc: 0.7701, test_acc: 0.7278, f1: 0.6816
loss: 0.5050, acc: 0.7716, test_acc: 0.7231, f1: 0.6729
>>>>>>>>>>>>>>>>>>>>>>>>>>>>>>>>>>>>>>>>>>>>>>>>>>>>>>>>>>>>
epoch: 39
loss: 0.3609, acc: 0.8750, test_acc: 0.6994, f1: 0.6472
loss: 0.5829, acc: 0.7812, test_acc: 0.6946, f1: 0.6379
loss: 0.4928, acc: 0.8125, test_acc: 0.7073, f1: 0.6576
loss: 0.4920, acc: 0.8281, test_acc: 0.7120, f1: 0.6615
loss: 0.5677, acc: 0.8250, test_acc: 0.7025, f1: 0.6384
loss: 0.4352, acc: 0.8333, test_acc: 0.7009, f1: 0.6379
loss: 0.6826, acc: 0.7857, test_acc: 0.7136, f1: 0.6595
loss: 0.5768, acc: 0.7891, test_acc: 0.7168, f1: 0.6681
loss: 0.7504, acc: 0.7778, test_acc: 0.7152, f1: 0.6669
loss: 0.4264, acc: 0.7812, test_acc: 0.7247, f1: 0.6803
loss: 0.2769, acc: 0.7955, test_acc: 0.7184, f1: 0.6770
loss: 0.7528, acc: 0.7865, test_acc: 0.7041, f1: 0.6555
loss: 0.9789, acc: 0.7692, test_acc: 0.7247, f1: 0.6797
loss: 0.6197, acc: 0.7723, test_acc: 0.7184, f1: 0.6796
loss: 0.2526, acc: 0.7792, test_acc: 0.7199, f1: 0.6823
loss: 0.8375, acc: 0.7656, test_acc: 0.7263, f1: 0.6811
loss: 0.5948, acc: 0.7647, test_acc: 0.7294, f1: 0.6855
loss: 0.4940, acc: 0.7674, test_acc: 0.7278, f1: 0.6902
loss: 0.7687, acc: 0.7599, test_acc: 0.6930, f1: 0.6565
loss: 0.3685, acc: 0.7656, test_acc: 0.6677, f1: 0.6221
loss: 0.8788, acc: 0.7530, test_acc: 0.7057, f1: 0.6559
loss: 0.9163, acc: 0.7386, test_acc: 0.7310, f1: 0.6814
loss: 0.6262, acc: 0.7337, test_acc: 0.7342, f1: 0.6895
loss: 0.8572, acc: 0.7292, test_acc: 0.7009, f1: 0.6538
loss: 0.4396, acc: 0.7300, test_acc: 0.7104, f1: 0.6632
loss: 0.5002, acc: 0.7332, test_acc: 0.7389, f1: 0.6961
loss: 0.8566, acc: 0.7315, test_acc: 0.7421, f1: 0.7030
loss: 0.4296, acc: 0.7366, test_acc: 0.7247, f1: 0.6850
loss: 0.4215, acc: 0.7380, test_acc: 0.7025, f1: 0.6535
>>>>>>>>>>>>>>>>>>>>>>>>>>>>>>>>>>>>>>>>>>>>>>>>>>>>>>>>>>>>
epoch: 40
loss: 0.4054, acc: 0.8750, test_acc: 0.6978, f1: 0.6442
loss: 0.5866, acc: 0.8125, test_acc: 0.7231, f1: 0.6821
loss: 0.6765, acc: 0.7500, test_acc: 0.7389, f1: 0.6917
loss: 0.7440, acc: 0.7344, test_acc: 0.7184, f1: 0.6591
loss: 0.5564, acc: 0.7500, test_acc: 0.7168, f1: 0.6562
loss: 0.7365, acc: 0.7292, test_acc: 0.6962, f1: 0.6429
loss: 0.5570, acc: 0.7411, test_acc: 0.6915, f1: 0.6455
loss: 0.4555, acc: 0.7422, test_acc: 0.7009, f1: 0.6502
loss: 0.5294, acc: 0.7500, test_acc: 0.7057, f1: 0.6501
loss: 0.6069, acc: 0.7562, test_acc: 0.7089, f1: 0.6589
loss: 0.6075, acc: 0.7500, test_acc: 0.7009, f1: 0.6550
loss: 0.5328, acc: 0.7500, test_acc: 0.7009, f1: 0.6513
loss: 0.5614, acc: 0.7500, test_acc: 0.7041, f1: 0.6493
loss: 0.4729, acc: 0.7589, test_acc: 0.7089, f1: 0.6501
loss: 0.6753, acc: 0.7500, test_acc: 0.7073, f1: 0.6508
loss: 0.5381, acc: 0.7500, test_acc: 0.7136, f1: 0.6616
loss: 0.5897, acc: 0.7537, test_acc: 0.7199, f1: 0.6733
loss: 0.2173, acc: 0.7674, test_acc: 0.7184, f1: 0.6762
loss: 0.5100, acc: 0.7664, test_acc: 0.7104, f1: 0.6730
loss: 0.4598, acc: 0.7719, test_acc: 0.7215, f1: 0.6804
loss: 1.2045, acc: 0.7679, test_acc: 0.7199, f1: 0.6799
loss: 0.2771, acc: 0.7756, test_acc: 0.7089, f1: 0.6468
loss: 0.7462, acc: 0.7690, test_acc: 0.7041, f1: 0.6335
loss: 0.5022, acc: 0.7682, test_acc: 0.6978, f1: 0.6382
loss: 0.4482, acc: 0.7725, test_acc: 0.7089, f1: 0.6591
loss: 0.5817, acc: 0.7716, test_acc: 0.7373, f1: 0.6913
loss: 0.7982, acc: 0.7685, test_acc: 0.7405, f1: 0.7045
loss: 0.7631, acc: 0.7634, test_acc: 0.7184, f1: 0.6845
>>>>>>>>>>>>>>>>>>>>>>>>>>>>>>>>>>>>>>>>>>>>>>>>>>>>>>>>>>>>
epoch: 41
loss: 0.5383, acc: 0.7500, test_acc: 0.7073, f1: 0.6682
loss: 0.5984, acc: 0.7500, test_acc: 0.6915, f1: 0.6214
loss: 0.4750, acc: 0.7708, test_acc: 0.6883, f1: 0.6128
loss: 0.4434, acc: 0.7812, test_acc: 0.6946, f1: 0.6262
loss: 0.6365, acc: 0.7625, test_acc: 0.6883, f1: 0.6301
loss: 0.2739, acc: 0.7917, test_acc: 0.7104, f1: 0.6581
loss: 0.4061, acc: 0.7857, test_acc: 0.7057, f1: 0.6559
loss: 1.0130, acc: 0.7656, test_acc: 0.7247, f1: 0.6730
loss: 0.7104, acc: 0.7708, test_acc: 0.7263, f1: 0.6705
loss: 0.5307, acc: 0.7688, test_acc: 0.7215, f1: 0.6634
loss: 0.1864, acc: 0.7841, test_acc: 0.7152, f1: 0.6554
loss: 0.8314, acc: 0.7708, test_acc: 0.7136, f1: 0.6550
loss: 0.6605, acc: 0.7644, test_acc: 0.7310, f1: 0.6858
loss: 0.5433, acc: 0.7679, test_acc: 0.7278, f1: 0.6851
loss: 0.4246, acc: 0.7625, test_acc: 0.7120, f1: 0.6678
loss: 0.8560, acc: 0.7578, test_acc: 0.6788, f1: 0.6208
loss: 0.2804, acc: 0.7684, test_acc: 0.6899, f1: 0.6177
loss: 0.6097, acc: 0.7639, test_acc: 0.6915, f1: 0.6169
loss: 0.8444, acc: 0.7632, test_acc: 0.7310, f1: 0.6803
loss: 0.5507, acc: 0.7625, test_acc: 0.7278, f1: 0.6850
loss: 0.4244, acc: 0.7619, test_acc: 0.7184, f1: 0.6809
loss: 0.7038, acc: 0.7585, test_acc: 0.7120, f1: 0.6708
loss: 0.6777, acc: 0.7554, test_acc: 0.7120, f1: 0.6559
loss: 0.4327, acc: 0.7552, test_acc: 0.7199, f1: 0.6603
loss: 0.4332, acc: 0.7600, test_acc: 0.7089, f1: 0.6471
loss: 0.5880, acc: 0.7644, test_acc: 0.7215, f1: 0.6812
loss: 0.3205, acc: 0.7708, test_acc: 0.7152, f1: 0.6792
loss: 0.6267, acc: 0.7701, test_acc: 0.7120, f1: 0.6650
loss: 0.7051, acc: 0.7694, test_acc: 0.7247, f1: 0.6735
>>>>>>>>>>>>>>>>>>>>>>>>>>>>>>>>>>>>>>>>>>>>>>>>>>>>>>>>>>>>
epoch: 42
loss: 0.3963, acc: 0.8125, test_acc: 0.7310, f1: 0.6898
loss: 0.9347, acc: 0.7188, test_acc: 0.7184, f1: 0.6833
loss: 0.6188, acc: 0.7500, test_acc: 0.7168, f1: 0.6690
loss: 0.4234, acc: 0.7656, test_acc: 0.7104, f1: 0.6462
loss: 0.6284, acc: 0.7500, test_acc: 0.7073, f1: 0.6467
loss: 0.4890, acc: 0.7604, test_acc: 0.7184, f1: 0.6689
loss: 0.5584, acc: 0.7589, test_acc: 0.7215, f1: 0.6823
loss: 0.4713, acc: 0.7656, test_acc: 0.7215, f1: 0.6801
loss: 0.4152, acc: 0.7708, test_acc: 0.7073, f1: 0.6558
loss: 0.4756, acc: 0.7625, test_acc: 0.6883, f1: 0.6250
loss: 0.6616, acc: 0.7443, test_acc: 0.7104, f1: 0.6622
loss: 0.4864, acc: 0.7500, test_acc: 0.7215, f1: 0.6732
loss: 0.6403, acc: 0.7500, test_acc: 0.7184, f1: 0.6752
loss: 0.4475, acc: 0.7500, test_acc: 0.6835, f1: 0.6279
loss: 0.6964, acc: 0.7458, test_acc: 0.6725, f1: 0.6006
loss: 0.4618, acc: 0.7500, test_acc: 0.6915, f1: 0.6270
loss: 0.4955, acc: 0.7537, test_acc: 0.7057, f1: 0.6435
loss: 0.4752, acc: 0.7569, test_acc: 0.7120, f1: 0.6590
loss: 0.6726, acc: 0.7500, test_acc: 0.7168, f1: 0.6704
loss: 0.6134, acc: 0.7531, test_acc: 0.7089, f1: 0.6581
loss: 0.4979, acc: 0.7530, test_acc: 0.7073, f1: 0.6649
loss: 0.2526, acc: 0.7614, test_acc: 0.7199, f1: 0.6682
loss: 0.6804, acc: 0.7582, test_acc: 0.7104, f1: 0.6610
loss: 0.7309, acc: 0.7578, test_acc: 0.7136, f1: 0.6574
loss: 0.3049, acc: 0.7675, test_acc: 0.7041, f1: 0.6404
loss: 0.5329, acc: 0.7692, test_acc: 0.7152, f1: 0.6515
loss: 0.2875, acc: 0.7708, test_acc: 0.7294, f1: 0.6854
loss: 0.7106, acc: 0.7656, test_acc: 0.7199, f1: 0.6646
>>>>>>>>>>>>>>>>>>>>>>>>>>>>>>>>>>>>>>>>>>>>>>>>>>>>>>>>>>>>
epoch: 43
loss: 0.2953, acc: 0.8750, test_acc: 0.6915, f1: 0.6110
loss: 0.4896, acc: 0.8750, test_acc: 0.6883, f1: 0.6036
loss: 0.4341, acc: 0.8750, test_acc: 0.6962, f1: 0.6220
loss: 0.5754, acc: 0.8750, test_acc: 0.7215, f1: 0.6652
loss: 0.5227, acc: 0.8250, test_acc: 0.7358, f1: 0.6954
loss: 0.5376, acc: 0.8125, test_acc: 0.7089, f1: 0.6604
loss: 0.9012, acc: 0.7679, test_acc: 0.7342, f1: 0.6902
loss: 0.6804, acc: 0.7500, test_acc: 0.7247, f1: 0.6702
loss: 0.5783, acc: 0.7500, test_acc: 0.7184, f1: 0.6722
loss: 0.4935, acc: 0.7562, test_acc: 0.7073, f1: 0.6691
loss: 0.5745, acc: 0.7500, test_acc: 0.7263, f1: 0.6803
loss: 0.4733, acc: 0.7604, test_acc: 0.7247, f1: 0.6772
loss: 0.2634, acc: 0.7740, test_acc: 0.7168, f1: 0.6630
loss: 0.4355, acc: 0.7723, test_acc: 0.6962, f1: 0.6306
loss: 0.7950, acc: 0.7667, test_acc: 0.7199, f1: 0.6704
loss: 0.4557, acc: 0.7656, test_acc: 0.7294, f1: 0.6924
loss: 0.5593, acc: 0.7647, test_acc: 0.7310, f1: 0.6888
loss: 0.4089, acc: 0.7639, test_acc: 0.7310, f1: 0.6846
loss: 0.4260, acc: 0.7664, test_acc: 0.7263, f1: 0.6807
loss: 0.5059, acc: 0.7656, test_acc: 0.7294, f1: 0.6843
loss: 0.6593, acc: 0.7619, test_acc: 0.7263, f1: 0.6829
loss: 0.6593, acc: 0.7614, test_acc: 0.7231, f1: 0.6731
loss: 0.6338, acc: 0.7609, test_acc: 0.6725, f1: 0.6035
loss: 0.6037, acc: 0.7604, test_acc: 0.6646, f1: 0.5927
loss: 0.5119, acc: 0.7575, test_acc: 0.6915, f1: 0.6305
loss: 0.4980, acc: 0.7620, test_acc: 0.7168, f1: 0.6787
loss: 0.5832, acc: 0.7662, test_acc: 0.7184, f1: 0.6706
loss: 0.3665, acc: 0.7701, test_acc: 0.7168, f1: 0.6475
loss: 0.4943, acc: 0.7694, test_acc: 0.6962, f1: 0.6165
>>>>>>>>>>>>>>>>>>>>>>>>>>>>>>>>>>>>>>>>>>>>>>>>>>>>>>>>>>>>
epoch: 44
loss: 0.4360, acc: 0.8125, test_acc: 0.7057, f1: 0.6467
loss: 0.4214, acc: 0.7812, test_acc: 0.7231, f1: 0.6800
loss: 0.6115, acc: 0.7708, test_acc: 0.7389, f1: 0.6951
loss: 0.8193, acc: 0.7500, test_acc: 0.7278, f1: 0.6799
loss: 0.4957, acc: 0.7500, test_acc: 0.7247, f1: 0.6727
loss: 0.9969, acc: 0.7083, test_acc: 0.7294, f1: 0.6813
loss: 0.3789, acc: 0.7232, test_acc: 0.7215, f1: 0.6695
loss: 0.5931, acc: 0.7266, test_acc: 0.7120, f1: 0.6492
loss: 0.3844, acc: 0.7500, test_acc: 0.7199, f1: 0.6608
loss: 0.6182, acc: 0.7438, test_acc: 0.7184, f1: 0.6662
loss: 0.5916, acc: 0.7443, test_acc: 0.7120, f1: 0.6623
loss: 0.5393, acc: 0.7396, test_acc: 0.6835, f1: 0.6388
loss: 0.3375, acc: 0.7500, test_acc: 0.7057, f1: 0.6534
loss: 0.6873, acc: 0.7545, test_acc: 0.7041, f1: 0.6442
loss: 0.7941, acc: 0.7417, test_acc: 0.6915, f1: 0.6324
loss: 0.5599, acc: 0.7461, test_acc: 0.6804, f1: 0.6141
loss: 0.6110, acc: 0.7500, test_acc: 0.6851, f1: 0.6128
loss: 0.8290, acc: 0.7465, test_acc: 0.6835, f1: 0.6308
loss: 0.2757, acc: 0.7566, test_acc: 0.6772, f1: 0.6352
loss: 0.8522, acc: 0.7500, test_acc: 0.6851, f1: 0.6338
loss: 0.3456, acc: 0.7530, test_acc: 0.6867, f1: 0.6341
loss: 0.5482, acc: 0.7472, test_acc: 0.7025, f1: 0.6466
loss: 0.5318, acc: 0.7473, test_acc: 0.7089, f1: 0.6469
loss: 0.2573, acc: 0.7526, test_acc: 0.6915, f1: 0.6231
loss: 0.9061, acc: 0.7475, test_acc: 0.6756, f1: 0.6009
loss: 0.7144, acc: 0.7452, test_acc: 0.7009, f1: 0.6437
loss: 0.7303, acc: 0.7407, test_acc: 0.7089, f1: 0.6488
loss: 0.5412, acc: 0.7366, test_acc: 0.7104, f1: 0.6476
loss: 0.7340, acc: 0.7358, test_acc: 0.7025, f1: 0.6345
>>>>>>>>>>>>>>>>>>>>>>>>>>>>>>>>>>>>>>>>>>>>>>>>>>>>>>>>>>>>
epoch: 45
loss: 0.4770, acc: 0.7500, test_acc: 0.7041, f1: 0.6377
loss: 0.5535, acc: 0.8125, test_acc: 0.7009, f1: 0.6388
loss: 0.5343, acc: 0.7708, test_acc: 0.7247, f1: 0.6757
loss: 0.5669, acc: 0.7500, test_acc: 0.7025, f1: 0.6468
loss: 0.7091, acc: 0.7375, test_acc: 0.6946, f1: 0.6382
loss: 0.5110, acc: 0.7604, test_acc: 0.7041, f1: 0.6427
loss: 0.4730, acc: 0.7589, test_acc: 0.7120, f1: 0.6597
loss: 0.7002, acc: 0.7656, test_acc: 0.7136, f1: 0.6687
loss: 0.3991, acc: 0.7778, test_acc: 0.6915, f1: 0.6449
loss: 0.3927, acc: 0.7812, test_acc: 0.6930, f1: 0.6455
loss: 0.5448, acc: 0.7727, test_acc: 0.7089, f1: 0.6636
loss: 0.7074, acc: 0.7656, test_acc: 0.7199, f1: 0.6784
loss: 0.3513, acc: 0.7740, test_acc: 0.6804, f1: 0.6201
loss: 0.5780, acc: 0.7723, test_acc: 0.6820, f1: 0.6090
loss: 0.5207, acc: 0.7792, test_acc: 0.7152, f1: 0.6612
loss: 0.5657, acc: 0.7773, test_acc: 0.7215, f1: 0.6758
loss: 0.3863, acc: 0.7794, test_acc: 0.7247, f1: 0.6755
loss: 0.5437, acc: 0.7708, test_acc: 0.7152, f1: 0.6561
loss: 0.6209, acc: 0.7730, test_acc: 0.6994, f1: 0.6273
loss: 0.9570, acc: 0.7625, test_acc: 0.7168, f1: 0.6589
loss: 0.5584, acc: 0.7619, test_acc: 0.7089, f1: 0.6713
loss: 0.6100, acc: 0.7585, test_acc: 0.6883, f1: 0.6480
loss: 0.6710, acc: 0.7582, test_acc: 0.6899, f1: 0.6403
loss: 0.6567, acc: 0.7552, test_acc: 0.7184, f1: 0.6649
loss: 0.5147, acc: 0.7550, test_acc: 0.7136, f1: 0.6496
loss: 0.4655, acc: 0.7572, test_acc: 0.7199, f1: 0.6590
loss: 0.6149, acc: 0.7569, test_acc: 0.7152, f1: 0.6627
loss: 0.4721, acc: 0.7567, test_acc: 0.7215, f1: 0.6757
>>>>>>>>>>>>>>>>>>>>>>>>>>>>>>>>>>>>>>>>>>>>>>>>>>>>>>>>>>>>
epoch: 46
loss: 0.5046, acc: 0.7500, test_acc: 0.7215, f1: 0.6766
loss: 0.3029, acc: 0.8438, test_acc: 0.7247, f1: 0.6740
loss: 0.2689, acc: 0.8750, test_acc: 0.7199, f1: 0.6626
loss: 0.2923, acc: 0.8906, test_acc: 0.7009, f1: 0.6360
loss: 0.5571, acc: 0.8625, test_acc: 0.7184, f1: 0.6713
loss: 0.7379, acc: 0.8438, test_acc: 0.7231, f1: 0.6766
loss: 0.6249, acc: 0.8214, test_acc: 0.7168, f1: 0.6625
loss: 0.5859, acc: 0.8203, test_acc: 0.7294, f1: 0.6827
loss: 0.3954, acc: 0.8333, test_acc: 0.7247, f1: 0.6786
loss: 0.3126, acc: 0.8313, test_acc: 0.7199, f1: 0.6781
loss: 0.5073, acc: 0.8239, test_acc: 0.7358, f1: 0.6981
loss: 0.4453, acc: 0.8177, test_acc: 0.7484, f1: 0.7112
loss: 0.5978, acc: 0.8125, test_acc: 0.7405, f1: 0.7004
loss: 0.6627, acc: 0.8080, test_acc: 0.7168, f1: 0.6657
loss: 0.7482, acc: 0.7917, test_acc: 0.7073, f1: 0.6542
loss: 0.4654, acc: 0.7930, test_acc: 0.7120, f1: 0.6550
loss: 0.6037, acc: 0.7868, test_acc: 0.7152, f1: 0.6574
loss: 0.5517, acc: 0.7847, test_acc: 0.7215, f1: 0.6738
loss: 0.3405, acc: 0.7895, test_acc: 0.7437, f1: 0.7007
loss: 0.9378, acc: 0.7750, test_acc: 0.7421, f1: 0.6981
loss: 0.2895, acc: 0.7798, test_acc: 0.7263, f1: 0.6896
loss: 0.7480, acc: 0.7784, test_acc: 0.7278, f1: 0.6870
loss: 0.8934, acc: 0.7717, test_acc: 0.7215, f1: 0.6637
loss: 0.4292, acc: 0.7734, test_acc: 0.7104, f1: 0.6480
loss: 0.4876, acc: 0.7725, test_acc: 0.7073, f1: 0.6418
loss: 0.4204, acc: 0.7788, test_acc: 0.7152, f1: 0.6548
loss: 0.3514, acc: 0.7801, test_acc: 0.7342, f1: 0.6823
loss: 0.9168, acc: 0.7790, test_acc: 0.7373, f1: 0.6934
loss: 0.5014, acc: 0.7802, test_acc: 0.7231, f1: 0.6730
>>>>>>>>>>>>>>>>>>>>>>>>>>>>>>>>>>>>>>>>>>>>>>>>>>>>>>>>>>>>
epoch: 47
loss: 0.4764, acc: 0.8125, test_acc: 0.7152, f1: 0.6646
loss: 0.3248, acc: 0.8438, test_acc: 0.7104, f1: 0.6545
loss: 0.4605, acc: 0.7917, test_acc: 0.7041, f1: 0.6294
loss: 0.2704, acc: 0.8281, test_acc: 0.6930, f1: 0.6069
loss: 1.0650, acc: 0.8000, test_acc: 0.7231, f1: 0.6629
loss: 0.4026, acc: 0.8125, test_acc: 0.7389, f1: 0.7026
loss: 0.5811, acc: 0.7857, test_acc: 0.7215, f1: 0.6914
loss: 0.5077, acc: 0.7891, test_acc: 0.7199, f1: 0.6759
loss: 0.4651, acc: 0.7986, test_acc: 0.7199, f1: 0.6595
loss: 0.5371, acc: 0.7937, test_acc: 0.6994, f1: 0.6158
loss: 0.5107, acc: 0.7898, test_acc: 0.7089, f1: 0.6342
loss: 0.6579, acc: 0.7865, test_acc: 0.7184, f1: 0.6530
loss: 0.6001, acc: 0.7788, test_acc: 0.7294, f1: 0.6815
loss: 0.4089, acc: 0.7857, test_acc: 0.7326, f1: 0.6933
loss: 0.7805, acc: 0.7708, test_acc: 0.7263, f1: 0.6822
loss: 0.4440, acc: 0.7734, test_acc: 0.7136, f1: 0.6670
loss: 0.2641, acc: 0.7831, test_acc: 0.6978, f1: 0.6496
loss: 0.7750, acc: 0.7708, test_acc: 0.7247, f1: 0.6701
loss: 0.4284, acc: 0.7730, test_acc: 0.7073, f1: 0.6373
loss: 0.8643, acc: 0.7656, test_acc: 0.6962, f1: 0.6179
loss: 0.4582, acc: 0.7708, test_acc: 0.6820, f1: 0.6154
loss: 0.5940, acc: 0.7727, test_acc: 0.7152, f1: 0.6618
loss: 0.5839, acc: 0.7717, test_acc: 0.7405, f1: 0.6953
loss: 0.7238, acc: 0.7734, test_acc: 0.7437, f1: 0.6994
loss: 0.5886, acc: 0.7725, test_acc: 0.7326, f1: 0.6843
loss: 0.5006, acc: 0.7740, test_acc: 0.7373, f1: 0.6900
loss: 0.4732, acc: 0.7755, test_acc: 0.7136, f1: 0.6610
loss: 0.3176, acc: 0.7790, test_acc: 0.7120, f1: 0.6643
>>>>>>>>>>>>>>>>>>>>>>>>>>>>>>>>>>>>>>>>>>>>>>>>>>>>>>>>>>>>
epoch: 48
loss: 0.4774, acc: 0.8750, test_acc: 0.7136, f1: 0.6763
loss: 0.2850, acc: 0.9375, test_acc: 0.7199, f1: 0.6838
loss: 0.6505, acc: 0.8750, test_acc: 0.7184, f1: 0.6628
loss: 0.7916, acc: 0.8281, test_acc: 0.7089, f1: 0.6374
loss: 0.5213, acc: 0.8125, test_acc: 0.7247, f1: 0.6703
loss: 0.5821, acc: 0.7917, test_acc: 0.7247, f1: 0.6939
loss: 0.3127, acc: 0.7946, test_acc: 0.7136, f1: 0.6854
loss: 0.3718, acc: 0.8047, test_acc: 0.6930, f1: 0.6508
loss: 0.3250, acc: 0.8125, test_acc: 0.7231, f1: 0.6752
loss: 0.6363, acc: 0.8063, test_acc: 0.7405, f1: 0.6937
loss: 0.7575, acc: 0.7898, test_acc: 0.7389, f1: 0.7009
loss: 0.2527, acc: 0.8073, test_acc: 0.7089, f1: 0.6659
loss: 0.2263, acc: 0.8173, test_acc: 0.6946, f1: 0.6306
loss: 0.6636, acc: 0.8170, test_acc: 0.7120, f1: 0.6474
loss: 0.2500, acc: 0.8292, test_acc: 0.7468, f1: 0.6968
loss: 0.4898, acc: 0.8320, test_acc: 0.7199, f1: 0.6557
loss: 0.6870, acc: 0.8346, test_acc: 0.7009, f1: 0.6183
loss: 0.3298, acc: 0.8333, test_acc: 0.6867, f1: 0.6203
loss: 0.6873, acc: 0.8224, test_acc: 0.7025, f1: 0.6516
loss: 0.5098, acc: 0.8187, test_acc: 0.7326, f1: 0.6966
loss: 0.4357, acc: 0.8185, test_acc: 0.7405, f1: 0.7039
loss: 0.4238, acc: 0.8182, test_acc: 0.7373, f1: 0.6856
loss: 0.6416, acc: 0.8125, test_acc: 0.7247, f1: 0.6676
loss: 0.3731, acc: 0.8125, test_acc: 0.7073, f1: 0.6475
loss: 0.9424, acc: 0.8050, test_acc: 0.7120, f1: 0.6608
loss: 0.4162, acc: 0.8077, test_acc: 0.7389, f1: 0.7005
loss: 0.7949, acc: 0.8032, test_acc: 0.7358, f1: 0.6979
loss: 0.6856, acc: 0.7991, test_acc: 0.7136, f1: 0.6699
loss: 0.5573, acc: 0.7974, test_acc: 0.7294, f1: 0.6855
>>>>>>>>>>>>>>>>>>>>>>>>>>>>>>>>>>>>>>>>>>>>>>>>>>>>>>>>>>>>
epoch: 49
loss: 0.4341, acc: 0.8125, test_acc: 0.7247, f1: 0.6810
loss: 0.3679, acc: 0.8438, test_acc: 0.7025, f1: 0.6406
loss: 0.5104, acc: 0.8333, test_acc: 0.6851, f1: 0.6170
loss: 0.5618, acc: 0.8281, test_acc: 0.6883, f1: 0.6258
loss: 0.6755, acc: 0.8000, test_acc: 0.7247, f1: 0.6647
loss: 0.6320, acc: 0.7917, test_acc: 0.7373, f1: 0.6889
loss: 0.4632, acc: 0.7946, test_acc: 0.7453, f1: 0.7098
loss: 0.5762, acc: 0.7891, test_acc: 0.7484, f1: 0.7163
loss: 0.4829, acc: 0.7917, test_acc: 0.7089, f1: 0.6570
loss: 0.5256, acc: 0.7812, test_acc: 0.6835, f1: 0.6210
loss: 0.5653, acc: 0.7841, test_acc: 0.7089, f1: 0.6507
loss: 0.8118, acc: 0.7708, test_acc: 0.7342, f1: 0.6868
loss: 0.3025, acc: 0.7837, test_acc: 0.7326, f1: 0.6851
loss: 0.7642, acc: 0.7768, test_acc: 0.7373, f1: 0.6905
loss: 0.3634, acc: 0.7792, test_acc: 0.7136, f1: 0.6626
loss: 0.6879, acc: 0.7734, test_acc: 0.7009, f1: 0.6430
loss: 0.6680, acc: 0.7721, test_acc: 0.7041, f1: 0.6551
loss: 0.7577, acc: 0.7674, test_acc: 0.7453, f1: 0.7022
loss: 0.5026, acc: 0.7697, test_acc: 0.7437, f1: 0.6984
loss: 0.5092, acc: 0.7719, test_acc: 0.7326, f1: 0.6876
loss: 0.3930, acc: 0.7738, test_acc: 0.7199, f1: 0.6827
loss: 0.9075, acc: 0.7614, test_acc: 0.7104, f1: 0.6629
loss: 0.3380, acc: 0.7663, test_acc: 0.7136, f1: 0.6524
loss: 0.8402, acc: 0.7656, test_acc: 0.7073, f1: 0.6500
loss: 0.6522, acc: 0.7650, test_acc: 0.7437, f1: 0.7033
loss: 0.3618, acc: 0.7668, test_acc: 0.7342, f1: 0.6993
loss: 0.2931, acc: 0.7708, test_acc: 0.7057, f1: 0.6602
loss: 0.6066, acc: 0.7723, test_acc: 0.6978, f1: 0.6417
loss: 0.4168, acc: 0.7707, test_acc: 0.6930, f1: 0.6349
max_test_acc: 0.7515822784810127, max_f1: 0.716319504405644
>> saved: ./state_dict/text-tg_laptop_acc_0.7516_f1_0.7035
############################################################
max_test_acc_overall:0.7515822784810127
max_f1_overall:0.716319504405644
Precision, Recall and F1-Score...
              precision    recall  f1-score   support

           0     0.8267    0.8635    0.8447       337
           1     0.6481    0.5469    0.5932       128
           2     0.6628    0.6826    0.6726       167

    accuracy                         0.7516       632
   macro avg     0.7125    0.6977    0.7035       632
weighted avg     0.7472    0.7516    0.7483       632

Confusion Matrix...
[[291  22  24]
 [ 24  70  34]
 [ 37  16 114]]
